[ 2016-09-05T15:08:45+08:00 ] ::1 /loanpi.php/Repayment/history.html
INFO: [ app_init ] --START--
INFO: Run Behavior\BuildLiteBehavior [ RunTime:0.000018s ]
INFO: [ app_init ] --END-- [ RunTime:0.000090s ]

[ 2016-09-05T15:08:46+08:00 ] ::1 /loanpi.php/Repayment/history_list?_=1473059325796
INFO: [ app_init ] --START--
INFO: Run Behavior\BuildLiteBehavior [ RunTime:0.000016s ]
INFO: [ app_init ] --END-- [ RunTime:0.000069s ]
ERR: 1146:Table 'sm_web.tp_pi' doesn't exist
 [ SQL语句 ] : SHOW COLUMNS FROM `tp_pi`

[ 2016-09-05T15:08:50+08:00 ] ::1 /loanpi.php/Register/index.html
INFO: [ app_init ] --START--
INFO: Run Behavior\BuildLiteBehavior [ RunTime:0.000017s ]
INFO: [ app_init ] --END-- [ RunTime:0.000094s ]

[ 2016-09-05T15:08:51+08:00 ] ::1 /loanpi.php/Register/reg_list?_=1473059331069
INFO: [ app_init ] --START--
INFO: Run Behavior\BuildLiteBehavior [ RunTime:0.000016s ]
INFO: [ app_init ] --END-- [ RunTime:0.000067s ]
ERR: 1146:Table 'sm_web.tp_pi' doesn't exist
 [ SQL语句 ] : SHOW COLUMNS FROM `tp_pi`

[ 2016-09-05T15:08:51+08:00 ] ::1 /loanpi.php/Public/msg_repayment
INFO: [ app_init ] --START--
INFO: Run Behavior\BuildLiteBehavior [ RunTime:0.000018s ]
INFO: [ app_init ] --END-- [ RunTime:0.000077s ]
ERR: 1146:Table 'sm_web.tp_pi' doesn't exist
 [ SQL语句 ] : SHOW COLUMNS FROM `tp_pi`

