[ 2016-09-20T13:25:50+08:00 ] ::1 /loanpi.php/Register/soaptest.html
INFO: [ app_init ] --START--
INFO: Run Behavior\BuildLiteBehavior [ RunTime:0.000016s ]
INFO: [ app_init ] --END-- [ RunTime:0.000070s ]

[ 2016-09-20T13:41:53+08:00 ] ::1 /loanpi.php/Register/soaptest.html
INFO: [ app_init ] --START--
INFO: Run Behavior\BuildLiteBehavior [ RunTime:0.000019s ]
INFO: [ app_init ] --END-- [ RunTime:0.000078s ]
ERR: Server Error

[ 2016-09-20T13:42:31+08:00 ] ::1 /loanpi.php/Register/soaptest.html
INFO: [ app_init ] --START--
INFO: Run Behavior\BuildLiteBehavior [ RunTime:0.000015s ]
INFO: [ app_init ] --END-- [ RunTime:0.000062s ]
ERR: Server Error

[ 2016-09-20T13:42:48+08:00 ] ::1 /loanpi.php/Register/soaptest.html
INFO: [ app_init ] --START--
INFO: Run Behavior\BuildLiteBehavior [ RunTime:0.000014s ]
INFO: [ app_init ] --END-- [ RunTime:0.000059s ]
ERR: Server Error

[ 2016-09-20T13:49:02+08:00 ] ::1 /loanpi.php/Register/soaptest.html
INFO: [ app_init ] --START--
INFO: Run Behavior\BuildLiteBehavior [ RunTime:0.000014s ]
INFO: [ app_init ] --END-- [ RunTime:0.000061s ]
ERR: Server Error

[ 2016-09-20T13:52:04+08:00 ] ::1 /loanpi.php/Register/soaptest.html
INFO: [ app_init ] --START--
INFO: Run Behavior\BuildLiteBehavior [ RunTime:0.000014s ]
INFO: [ app_init ] --END-- [ RunTime:0.000062s ]
ERR: Server Error

[ 2016-09-20T14:24:34+08:00 ] ::1 /loanpi.php/Register/soaptest.html
INFO: [ app_init ] --START--
INFO: Run Behavior\BuildLiteBehavior [ RunTime:0.000018s ]
INFO: [ app_init ] --END-- [ RunTime:0.000076s ]
ERR: Server Error

[ 2016-09-20T14:43:26+08:00 ] ::1 /loanpi.php/Register/soaptest.html
INFO: [ app_init ] --START--
INFO: Run Behavior\BuildLiteBehavior [ RunTime:0.000017s ]
INFO: [ app_init ] --END-- [ RunTime:0.000072s ]

[ 2016-09-20T14:47:44+08:00 ] ::1 /loanpi.php/Register/soaptest.html
INFO: [ app_init ] --START--
INFO: Run Behavior\BuildLiteBehavior [ RunTime:0.000014s ]
INFO: [ app_init ] --END-- [ RunTime:0.000062s ]

[ 2016-09-20T14:47:46+08:00 ] ::1 /loanpi.php/Register/soaptest.html
INFO: [ app_init ] --START--
INFO: Run Behavior\BuildLiteBehavior [ RunTime:0.000014s ]
INFO: [ app_init ] --END-- [ RunTime:0.000059s ]

[ 2016-09-20T14:47:46+08:00 ] ::1 /loanpi.php/Register/soaptest.html
INFO: [ app_init ] --START--
INFO: Run Behavior\BuildLiteBehavior [ RunTime:0.000021s ]
INFO: [ app_init ] --END-- [ RunTime:0.000111s ]

[ 2016-09-20T14:47:46+08:00 ] ::1 /loanpi.php/Register/soaptest.html
INFO: [ app_init ] --START--
INFO: Run Behavior\BuildLiteBehavior [ RunTime:0.000017s ]
INFO: [ app_init ] --END-- [ RunTime:0.000070s ]

[ 2016-09-20T14:48:11+08:00 ] ::1 /loanpi.php/Register/soaptest.html
INFO: [ app_init ] --START--
INFO: Run Behavior\BuildLiteBehavior [ RunTime:0.000015s ]
INFO: [ app_init ] --END-- [ RunTime:0.000070s ]

[ 2016-09-20T14:48:12+08:00 ] ::1 /loanpi.php/Register/soaptest.html
INFO: [ app_init ] --START--
INFO: Run Behavior\BuildLiteBehavior [ RunTime:0.000015s ]
INFO: [ app_init ] --END-- [ RunTime:0.000064s ]

[ 2016-09-20T14:49:07+08:00 ] ::1 /loanpi.php/Register/soaptest.html
INFO: [ app_init ] --START--
INFO: Run Behavior\BuildLiteBehavior [ RunTime:0.000016s ]
INFO: [ app_init ] --END-- [ RunTime:0.000063s ]

[ 2016-09-20T14:49:09+08:00 ] ::1 /loanpi.php/Register/soaptest.html
INFO: [ app_init ] --START--
INFO: Run Behavior\BuildLiteBehavior [ RunTime:0.000015s ]
INFO: [ app_init ] --END-- [ RunTime:0.000061s ]

[ 2016-09-20T14:49:09+08:00 ] ::1 /loanpi.php/Register/soaptest.html
INFO: [ app_init ] --START--
INFO: Run Behavior\BuildLiteBehavior [ RunTime:0.000014s ]
INFO: [ app_init ] --END-- [ RunTime:0.000061s ]

[ 2016-09-20T14:49:10+08:00 ] ::1 /loanpi.php/Register/soaptest.html
INFO: [ app_init ] --START--
INFO: Run Behavior\BuildLiteBehavior [ RunTime:0.000017s ]
INFO: [ app_init ] --END-- [ RunTime:0.000075s ]

[ 2016-09-20T14:49:38+08:00 ] ::1 /loanpi.php/Register/soaptest.html
INFO: [ app_init ] --START--
INFO: Run Behavior\BuildLiteBehavior [ RunTime:0.000015s ]
INFO: [ app_init ] --END-- [ RunTime:0.000063s ]
ERR: Unauthorized

[ 2016-09-20T14:50:02+08:00 ] ::1 /loanpi.php/Register/soaptest.html
INFO: [ app_init ] --START--
INFO: Run Behavior\BuildLiteBehavior [ RunTime:0.000014s ]
INFO: [ app_init ] --END-- [ RunTime:0.000058s ]

[ 2016-09-20T14:51:31+08:00 ] ::1 /loanpi.php/Register/soaptest.html
INFO: [ app_init ] --START--
INFO: Run Behavior\BuildLiteBehavior [ RunTime:0.000014s ]
INFO: [ app_init ] --END-- [ RunTime:0.000062s ]

[ 2016-09-20T14:53:17+08:00 ] ::1 /loanpi.php/Register/soaptest.html
INFO: [ app_init ] --START--
INFO: Run Behavior\BuildLiteBehavior [ RunTime:0.000014s ]
INFO: [ app_init ] --END-- [ RunTime:0.000062s ]

[ 2016-09-20T14:56:42+08:00 ] ::1 /loanpi.php/Register/soaptest.html
INFO: [ app_init ] --START--
INFO: Run Behavior\BuildLiteBehavior [ RunTime:0.000016s ]
INFO: [ app_init ] --END-- [ RunTime:0.000062s ]

[ 2016-09-20T14:57:44+08:00 ] ::1 /loanpi.php/Register/soaptest.html
INFO: [ app_init ] --START--
INFO: Run Behavior\BuildLiteBehavior [ RunTime:0.000014s ]
INFO: [ app_init ] --END-- [ RunTime:0.000060s ]

[ 2016-09-20T14:58:16+08:00 ] ::1 /loanpi.php/Register/soaptest.html
INFO: [ app_init ] --START--
INFO: Run Behavior\BuildLiteBehavior [ RunTime:0.000017s ]
INFO: [ app_init ] --END-- [ RunTime:0.000072s ]

[ 2016-09-20T15:00:19+08:00 ] ::1 /loanpi.php/Register/soaptest.html
INFO: [ app_init ] --START--
INFO: Run Behavior\BuildLiteBehavior [ RunTime:0.000014s ]
INFO: [ app_init ] --END-- [ RunTime:0.000067s ]

[ 2016-09-20T15:05:32+08:00 ] ::1 /loanpi.php/Register/soaptest.html
INFO: [ app_init ] --START--
INFO: Run Behavior\BuildLiteBehavior [ RunTime:0.000015s ]
INFO: [ app_init ] --END-- [ RunTime:0.000077s ]

[ 2016-09-20T15:07:30+08:00 ] ::1 /loanpi.php/Register/soaptest.html
INFO: [ app_init ] --START--
INFO: Run Behavior\BuildLiteBehavior [ RunTime:0.000016s ]
INFO: [ app_init ] --END-- [ RunTime:0.000065s ]

[ 2016-09-20T15:08:41+08:00 ] ::1 /loanpi.php/Register/soaptest.html
INFO: [ app_init ] --START--
INFO: Run Behavior\BuildLiteBehavior [ RunTime:0.000016s ]
INFO: [ app_init ] --END-- [ RunTime:0.000127s ]

[ 2016-09-20T15:09:03+08:00 ] ::1 /loanpi.php/Register/soaptest.html
INFO: [ app_init ] --START--
INFO: Run Behavior\BuildLiteBehavior [ RunTime:0.000015s ]
INFO: [ app_init ] --END-- [ RunTime:0.000064s ]

[ 2016-09-20T15:11:12+08:00 ] ::1 /loanpi.php/Register/soaptest.html
INFO: [ app_init ] --START--
INFO: Run Behavior\BuildLiteBehavior [ RunTime:0.000015s ]
INFO: [ app_init ] --END-- [ RunTime:0.000062s ]

[ 2016-09-20T15:12:14+08:00 ] ::1 /loanpi.php/Register/soaptest.html
INFO: [ app_init ] --START--
INFO: Run Behavior\BuildLiteBehavior [ RunTime:0.000016s ]
INFO: [ app_init ] --END-- [ RunTime:0.000064s ]

[ 2016-09-20T15:17:09+08:00 ] ::1 /loanpi.php/Register/soaptest.html
INFO: [ app_init ] --START--
INFO: Run Behavior\BuildLiteBehavior [ RunTime:0.000015s ]
INFO: [ app_init ] --END-- [ RunTime:0.000063s ]

[ 2016-09-20T15:17:31+08:00 ] ::1 /loanpi.php/Register/soaptest.html
INFO: [ app_init ] --START--
INFO: Run Behavior\BuildLiteBehavior [ RunTime:0.000016s ]
INFO: [ app_init ] --END-- [ RunTime:0.000066s ]

[ 2016-09-20T15:31:32+08:00 ] ::1 /loanpi.php/Register/soaptest.html
INFO: [ app_init ] --START--
INFO: Run Behavior\BuildLiteBehavior [ RunTime:0.000017s ]
INFO: [ app_init ] --END-- [ RunTime:0.000087s ]

[ 2016-09-20T15:34:02+08:00 ] ::1 /loanpi.php
INFO: [ app_init ] --START--
INFO: Run Behavior\BuildLiteBehavior [ RunTime:0.000015s ]
INFO: [ app_init ] --END-- [ RunTime:0.000065s ]

[ 2016-09-20T15:34:03+08:00 ] ::1 /loanpi.php/Register/reg_list?_=1474356842920
INFO: [ app_init ] --START--
INFO: Run Behavior\BuildLiteBehavior [ RunTime:0.000021s ]
INFO: [ app_init ] --END-- [ RunTime:0.000090s ]
ERR: 1146:Table 'sm_web.tp_pi' doesn't exist
 [ SQL语句 ] : SHOW COLUMNS FROM `tp_pi`

[ 2016-09-20T15:34:03+08:00 ] ::1 /loanpi.php/Public/msg_repayment
INFO: [ app_init ] --START--
INFO: Run Behavior\BuildLiteBehavior [ RunTime:0.000017s ]
INFO: [ app_init ] --END-- [ RunTime:0.000076s ]
ERR: 1146:Table 'sm_web.tp_pi' doesn't exist
 [ SQL语句 ] : SHOW COLUMNS FROM `tp_pi`

[ 2016-09-20T15:34:15+08:00 ] ::1 /loanpi.php
INFO: [ app_init ] --START--
INFO: Run Behavior\BuildLiteBehavior [ RunTime:0.000015s ]
INFO: [ app_init ] --END-- [ RunTime:0.000063s ]

[ 2016-09-20T15:34:16+08:00 ] ::1 /loanpi.php/Register/reg_list?_=1474356855825
INFO: [ app_init ] --START--
INFO: Run Behavior\BuildLiteBehavior [ RunTime:0.000016s ]
INFO: [ app_init ] --END-- [ RunTime:0.000068s ]
ERR: 1146:Table 'sm_web.tp_pi' doesn't exist
 [ SQL语句 ] : SHOW COLUMNS FROM `tp_pi`

[ 2016-09-20T15:34:16+08:00 ] ::1 /loanpi.php/Public/msg_repayment
INFO: [ app_init ] --START--
INFO: Run Behavior\BuildLiteBehavior [ RunTime:0.000017s ]
INFO: [ app_init ] --END-- [ RunTime:0.000113s ]
ERR: 1146:Table 'sm_web.tp_pi' doesn't exist
 [ SQL语句 ] : SHOW COLUMNS FROM `tp_pi`

[ 2016-09-20T15:34:23+08:00 ] ::1 /loanpi.php/Register/reg_add
INFO: [ app_init ] --START--
INFO: Run Behavior\BuildLiteBehavior [ RunTime:0.000016s ]
INFO: [ app_init ] --END-- [ RunTime:0.000065s ]
ERR: 1146:Table 'sm_web.tp_pi' doesn't exist
 [ SQL语句 ] : SHOW COLUMNS FROM `tp_pi`
ERR: Think\Model:get_date方法不存在！

[ 2016-09-20T15:34:43+08:00 ] ::1 /loanpi.php/Login/loginout.html
INFO: [ app_init ] --START--
INFO: Run Behavior\BuildLiteBehavior [ RunTime:0.000015s ]
INFO: [ app_init ] --END-- [ RunTime:0.000064s ]

[ 2016-09-20T15:34:44+08:00 ] ::1 /loanpi.php/
INFO: [ app_init ] --START--
INFO: Run Behavior\BuildLiteBehavior [ RunTime:0.000014s ]
INFO: [ app_init ] --END-- [ RunTime:0.000063s ]

[ 2016-09-20T15:34:44+08:00 ] ::1 /loanpi.php/Login/index.html
INFO: [ app_init ] --START--
INFO: Run Behavior\BuildLiteBehavior [ RunTime:0.000014s ]
INFO: [ app_init ] --END-- [ RunTime:0.000064s ]

[ 2016-09-20T15:34:45+08:00 ] ::1 /loanpi.php/Register/index.html
INFO: [ app_init ] --START--
INFO: Run Behavior\BuildLiteBehavior [ RunTime:0.000015s ]
INFO: [ app_init ] --END-- [ RunTime:0.000062s ]

[ 2016-09-20T15:34:45+08:00 ] ::1 /loanpi.php/Register/reg_list?_=1474356885371
INFO: [ app_init ] --START--
INFO: Run Behavior\BuildLiteBehavior [ RunTime:0.000016s ]
INFO: [ app_init ] --END-- [ RunTime:0.000074s ]
ERR: 1146:Table 'sm_web.tp_pi' doesn't exist
 [ SQL语句 ] : SHOW COLUMNS FROM `tp_pi`

[ 2016-09-20T15:34:45+08:00 ] ::1 /loanpi.php/Public/msg_repayment
INFO: [ app_init ] --START--
INFO: Run Behavior\BuildLiteBehavior [ RunTime:0.000017s ]
INFO: [ app_init ] --END-- [ RunTime:0.000108s ]
ERR: 1146:Table 'sm_web.tp_pi' doesn't exist
 [ SQL语句 ] : SHOW COLUMNS FROM `tp_pi`

[ 2016-09-20T15:42:00+08:00 ] ::1 /loanpi.php/Repayment/index.html
INFO: [ app_init ] --START--
INFO: Run Behavior\BuildLiteBehavior [ RunTime:0.000017s ]
INFO: [ app_init ] --END-- [ RunTime:0.000074s ]

[ 2016-09-20T15:42:01+08:00 ] ::1 /loanpi.php/Repayment/rep_list?_=1474357320689
INFO: [ app_init ] --START--
INFO: Run Behavior\BuildLiteBehavior [ RunTime:0.000015s ]
INFO: [ app_init ] --END-- [ RunTime:0.000098s ]
ERR: 1146:Table 'sm_web.tp_pi' doesn't exist
 [ SQL语句 ] : SHOW COLUMNS FROM `tp_pi`

[ 2016-09-20T15:42:02+08:00 ] ::1 /loanpi.php/Repayment/repay_add/reid/20
INFO: [ app_init ] --START--
INFO: Run Behavior\BuildLiteBehavior [ RunTime:0.000040s ]
INFO: [ app_init ] --END-- [ RunTime:0.000124s ]
ERR: 1146:Table 'sm_web.tp_pi' doesn't exist
 [ SQL语句 ] : SHOW COLUMNS FROM `tp_pi`

[ 2016-09-20T15:42:05+08:00 ] ::1 /loanpi.php/Repayment/repay_add/reid/17
INFO: [ app_init ] --START--
INFO: Run Behavior\BuildLiteBehavior [ RunTime:0.000015s ]
INFO: [ app_init ] --END-- [ RunTime:0.000064s ]
ERR: 1146:Table 'sm_web.tp_pi' doesn't exist
 [ SQL语句 ] : SHOW COLUMNS FROM `tp_pi`

[ 2016-09-20T15:42:14+08:00 ] ::1 /loanpi.php/Repayment/repay_add/reid/21
INFO: [ app_init ] --START--
INFO: Run Behavior\BuildLiteBehavior [ RunTime:0.000015s ]
INFO: [ app_init ] --END-- [ RunTime:0.000065s ]
ERR: 1146:Table 'sm_web.tp_pi' doesn't exist
 [ SQL语句 ] : SHOW COLUMNS FROM `tp_pi`

[ 2016-09-20T15:42:28+08:00 ] ::1 /loanpi.php/Repayment/history.html
INFO: [ app_init ] --START--
INFO: Run Behavior\BuildLiteBehavior [ RunTime:0.000016s ]
INFO: [ app_init ] --END-- [ RunTime:0.000067s ]

[ 2016-09-20T15:42:28+08:00 ] ::1 /loanpi.php/Repayment/history_list?_=1474357348638
INFO: [ app_init ] --START--
INFO: Run Behavior\BuildLiteBehavior [ RunTime:0.000016s ]
INFO: [ app_init ] --END-- [ RunTime:0.000065s ]
ERR: 1146:Table 'sm_web.tp_pi' doesn't exist
 [ SQL语句 ] : SHOW COLUMNS FROM `tp_pi`

[ 2016-09-20T15:42:30+08:00 ] ::1 /loanpi.php/Register/index.html
INFO: [ app_init ] --START--
INFO: Run Behavior\BuildLiteBehavior [ RunTime:0.000014s ]
INFO: [ app_init ] --END-- [ RunTime:0.000060s ]

[ 2016-09-20T15:42:30+08:00 ] ::1 /loanpi.php/Register/reg_list?_=1474357350400
INFO: [ app_init ] --START--
INFO: Run Behavior\BuildLiteBehavior [ RunTime:0.000016s ]
INFO: [ app_init ] --END-- [ RunTime:0.000068s ]
ERR: 1146:Table 'sm_web.tp_pi' doesn't exist
 [ SQL语句 ] : SHOW COLUMNS FROM `tp_pi`

[ 2016-09-20T15:42:30+08:00 ] ::1 /loanpi.php/Public/msg_repayment
INFO: [ app_init ] --START--
INFO: Run Behavior\BuildLiteBehavior [ RunTime:0.000016s ]
INFO: [ app_init ] --END-- [ RunTime:0.000073s ]
ERR: 1146:Table 'sm_web.tp_pi' doesn't exist
 [ SQL语句 ] : SHOW COLUMNS FROM `tp_pi`

[ 2016-09-20T15:42:32+08:00 ] ::1 /loanpi.php/Repayment/repay_add/reid/20
INFO: [ app_init ] --START--
INFO: Run Behavior\BuildLiteBehavior [ RunTime:0.000014s ]
INFO: [ app_init ] --END-- [ RunTime:0.000066s ]
ERR: 1146:Table 'sm_web.tp_pi' doesn't exist
 [ SQL语句 ] : SHOW COLUMNS FROM `tp_pi`

[ 2016-09-20T15:42:35+08:00 ] ::1 /loanpi.php/Repayment/repay_add/reid/17
INFO: [ app_init ] --START--
INFO: Run Behavior\BuildLiteBehavior [ RunTime:0.000014s ]
INFO: [ app_init ] --END-- [ RunTime:0.000061s ]
ERR: 1146:Table 'sm_web.tp_pi' doesn't exist
 [ SQL语句 ] : SHOW COLUMNS FROM `tp_pi`

[ 2016-09-20T15:51:00+08:00 ] ::1 /loanpi.php/Register/reg_add
INFO: [ app_init ] --START--
INFO: Run Behavior\BuildLiteBehavior [ RunTime:0.000017s ]
INFO: [ app_init ] --END-- [ RunTime:0.000077s ]
ERR: 1146:Table 'sm_web.tp_pi' doesn't exist
 [ SQL语句 ] : SHOW COLUMNS FROM `tp_pi`

[ 2016-09-20T15:51:43+08:00 ] ::1 /loanpi.php/Repayment/repay_add/reid/20
INFO: [ app_init ] --START--
INFO: Run Behavior\BuildLiteBehavior [ RunTime:0.000016s ]
INFO: [ app_init ] --END-- [ RunTime:0.000068s ]
ERR: 1146:Table 'sm_web.tp_pi' doesn't exist
 [ SQL语句 ] : SHOW COLUMNS FROM `tp_pi`

[ 2016-09-20T15:52:12+08:00 ] ::1 /loanpi.php/Register/reg_add
INFO: [ app_init ] --START--
INFO: Run Behavior\BuildLiteBehavior [ RunTime:0.000014s ]
INFO: [ app_init ] --END-- [ RunTime:0.000062s ]
ERR: 1146:Table 'sm_web.tp_pi' doesn't exist
 [ SQL语句 ] : SHOW COLUMNS FROM `tp_pi`

[ 2016-09-20T15:52:56+08:00 ] ::1 /loanpi.php/Register/reg_add
INFO: [ app_init ] --START--
INFO: Run Behavior\BuildLiteBehavior [ RunTime:0.000019s ]
INFO: [ app_init ] --END-- [ RunTime:0.000197s ]
ERR: 1146:Table 'sm_web.tp_pi' doesn't exist
 [ SQL语句 ] : SHOW COLUMNS FROM `tp_pi`

[ 2016-09-20T16:01:03+08:00 ] ::1 /loanpi.php/Register/reg_add
INFO: [ app_init ] --START--
INFO: Run Behavior\BuildLiteBehavior [ RunTime:0.000017s ]
INFO: [ app_init ] --END-- [ RunTime:0.000075s ]
ERR: 1146:Table 'sm_web.tp_pi' doesn't exist
 [ SQL语句 ] : SHOW COLUMNS FROM `tp_pi`

[ 2016-09-20T16:04:05+08:00 ] ::1 /loanpi.php/Register/reg_add
INFO: [ app_init ] --START--
INFO: Run Behavior\BuildLiteBehavior [ RunTime:0.000014s ]
INFO: [ app_init ] --END-- [ RunTime:0.000062s ]
ERR: 1146:Table 'sm_web.tp_pi' doesn't exist
 [ SQL语句 ] : SHOW COLUMNS FROM `tp_pi`

[ 2016-09-20T16:07:27+08:00 ] ::1 /loanpi.php/Register/reg_add
INFO: [ app_init ] --START--
INFO: Run Behavior\BuildLiteBehavior [ RunTime:0.000014s ]
INFO: [ app_init ] --END-- [ RunTime:0.000063s ]
ERR: 1146:Table 'sm_web.tp_pi' doesn't exist
 [ SQL语句 ] : SHOW COLUMNS FROM `tp_pi`

[ 2016-09-20T16:10:53+08:00 ] ::1 /loanpi.php/Register/index.html
INFO: [ app_init ] --START--
INFO: Run Behavior\BuildLiteBehavior [ RunTime:0.000016s ]
INFO: [ app_init ] --END-- [ RunTime:0.000066s ]

[ 2016-09-20T16:10:54+08:00 ] ::1 /loanpi.php/Register/reg_list?_=1474359053949
INFO: [ app_init ] --START--
INFO: Run Behavior\BuildLiteBehavior [ RunTime:0.000015s ]
INFO: [ app_init ] --END-- [ RunTime:0.000066s ]
ERR: 1146:Table 'sm_web.tp_pi' doesn't exist
 [ SQL语句 ] : SHOW COLUMNS FROM `tp_pi`

[ 2016-09-20T16:10:54+08:00 ] ::1 /loanpi.php/Public/msg_repayment
INFO: [ app_init ] --START--
INFO: Run Behavior\BuildLiteBehavior [ RunTime:0.000017s ]
INFO: [ app_init ] --END-- [ RunTime:0.000074s ]
ERR: 1146:Table 'sm_web.tp_pi' doesn't exist
 [ SQL语句 ] : SHOW COLUMNS FROM `tp_pi`

[ 2016-09-20T16:19:27+08:00 ] ::1 /loanpi.php/Register/index.html
INFO: [ app_init ] --START--
INFO: Run Behavior\BuildLiteBehavior [ RunTime:0.000015s ]
INFO: [ app_init ] --END-- [ RunTime:0.000074s ]

[ 2016-09-20T16:19:28+08:00 ] ::1 /loanpi.php/Register/reg_list?_=1474359568233
INFO: [ app_init ] --START--
INFO: Run Behavior\BuildLiteBehavior [ RunTime:0.000016s ]
INFO: [ app_init ] --END-- [ RunTime:0.000069s ]
ERR: 1146:Table 'sm_web.tp_pi' doesn't exist
 [ SQL语句 ] : SHOW COLUMNS FROM `tp_pi`

[ 2016-09-20T16:19:28+08:00 ] ::1 /loanpi.php/Public/msg_repayment
INFO: [ app_init ] --START--
INFO: Run Behavior\BuildLiteBehavior [ RunTime:0.000017s ]
INFO: [ app_init ] --END-- [ RunTime:0.000074s ]
ERR: 1146:Table 'sm_web.tp_pi' doesn't exist
 [ SQL语句 ] : SHOW COLUMNS FROM `tp_pi`

[ 2016-09-20T16:19:30+08:00 ] ::1 /loanpi.php/Repayment/repay_add/reid/20
INFO: [ app_init ] --START--
INFO: Run Behavior\BuildLiteBehavior [ RunTime:0.000015s ]
INFO: [ app_init ] --END-- [ RunTime:0.000064s ]
ERR: 1146:Table 'sm_web.tp_pi' doesn't exist
 [ SQL语句 ] : SHOW COLUMNS FROM `tp_pi`

[ 2016-09-20T16:19:34+08:00 ] ::1 /loanpi.php/Register/reg_add
INFO: [ app_init ] --START--
INFO: Run Behavior\BuildLiteBehavior [ RunTime:0.000015s ]
INFO: [ app_init ] --END-- [ RunTime:0.000284s ]
ERR: 1146:Table 'sm_web.tp_pi' doesn't exist
 [ SQL语句 ] : SHOW COLUMNS FROM `tp_pi`

[ 2016-09-20T16:22:02+08:00 ] ::1 /loanpi.php/Register/index.html
INFO: [ app_init ] --START--
INFO: Run Behavior\BuildLiteBehavior [ RunTime:0.000016s ]
INFO: [ app_init ] --END-- [ RunTime:0.000071s ]

[ 2016-09-20T16:22:03+08:00 ] ::1 /loanpi.php/Register/reg_list?_=1474359723038
INFO: [ app_init ] --START--
INFO: Run Behavior\BuildLiteBehavior [ RunTime:0.000031s ]
INFO: [ app_init ] --END-- [ RunTime:0.000114s ]
ERR: 1146:Table 'sm_web.tp_pi' doesn't exist
 [ SQL语句 ] : SHOW COLUMNS FROM `tp_pi`

[ 2016-09-20T16:22:03+08:00 ] ::1 /loanpi.php/Public/msg_repayment
INFO: [ app_init ] --START--
INFO: Run Behavior\BuildLiteBehavior [ RunTime:0.000016s ]
INFO: [ app_init ] --END-- [ RunTime:0.000068s ]
ERR: 1146:Table 'sm_web.tp_pi' doesn't exist
 [ SQL语句 ] : SHOW COLUMNS FROM `tp_pi`

[ 2016-09-20T16:22:05+08:00 ] ::1 /loanpi.php/Register/reg_add
INFO: [ app_init ] --START--
INFO: Run Behavior\BuildLiteBehavior [ RunTime:0.000038s ]
INFO: [ app_init ] --END-- [ RunTime:0.000096s ]
ERR: 1146:Table 'sm_web.tp_pi' doesn't exist
 [ SQL语句 ] : SHOW COLUMNS FROM `tp_pi`

[ 2016-09-20T16:22:07+08:00 ] ::1 /loanpi.php/Register/reg_get_limit
INFO: [ app_init ] --START--
INFO: Run Behavior\BuildLiteBehavior [ RunTime:0.000017s ]
INFO: [ app_init ] --END-- [ RunTime:0.000074s ]
ERR: 1146:Table 'sm_web.tp_pi' doesn't exist
 [ SQL语句 ] : SHOW COLUMNS FROM `tp_pi`

[ 2016-09-20T16:22:35+08:00 ] ::1 /loanpi.php/Register/reg_get_limit
INFO: [ app_init ] --START--
INFO: Run Behavior\BuildLiteBehavior [ RunTime:0.000015s ]
INFO: [ app_init ] --END-- [ RunTime:0.000068s ]
ERR: 1146:Table 'sm_web.tp_pi' doesn't exist
 [ SQL语句 ] : SHOW COLUMNS FROM `tp_pi`

[ 2016-09-20T16:22:37+08:00 ] ::1 /loanpi.php/Register/index.html
INFO: [ app_init ] --START--
INFO: Run Behavior\BuildLiteBehavior [ RunTime:0.000016s ]
INFO: [ app_init ] --END-- [ RunTime:0.000068s ]

[ 2016-09-20T16:22:38+08:00 ] ::1 /loanpi.php/Register/reg_list?_=1474359758333
INFO: [ app_init ] --START--
INFO: Run Behavior\BuildLiteBehavior [ RunTime:0.000017s ]
INFO: [ app_init ] --END-- [ RunTime:0.000107s ]
ERR: 1146:Table 'sm_web.tp_pi' doesn't exist
 [ SQL语句 ] : SHOW COLUMNS FROM `tp_pi`

[ 2016-09-20T16:22:38+08:00 ] ::1 /loanpi.php/Public/msg_repayment
INFO: [ app_init ] --START--
INFO: Run Behavior\BuildLiteBehavior [ RunTime:0.000015s ]
INFO: [ app_init ] --END-- [ RunTime:0.000064s ]
ERR: 1146:Table 'sm_web.tp_pi' doesn't exist
 [ SQL语句 ] : SHOW COLUMNS FROM `tp_pi`

[ 2016-09-20T16:22:43+08:00 ] ::1 /loanpi.php/Register/reg_add
INFO: [ app_init ] --START--
INFO: Run Behavior\BuildLiteBehavior [ RunTime:0.000015s ]
INFO: [ app_init ] --END-- [ RunTime:0.000065s ]
ERR: 1146:Table 'sm_web.tp_pi' doesn't exist
 [ SQL语句 ] : SHOW COLUMNS FROM `tp_pi`

[ 2016-09-20T16:22:45+08:00 ] ::1 /loanpi.php/Register/reg_get_limit
INFO: [ app_init ] --START--
INFO: Run Behavior\BuildLiteBehavior [ RunTime:0.000217s ]
INFO: [ app_init ] --END-- [ RunTime:0.000290s ]
ERR: 1146:Table 'sm_web.tp_pi' doesn't exist
 [ SQL语句 ] : SHOW COLUMNS FROM `tp_pi`

[ 2016-09-20T16:23:57+08:00 ] ::1 /loanpi.php/Register/reg_add
INFO: [ app_init ] --START--
INFO: Run Behavior\BuildLiteBehavior [ RunTime:0.000015s ]
INFO: [ app_init ] --END-- [ RunTime:0.000073s ]
ERR: 1146:Table 'sm_web.tp_pi' doesn't exist
 [ SQL语句 ] : SHOW COLUMNS FROM `tp_pi`

[ 2016-09-20T16:32:35+08:00 ] ::1 /loanpi.php/Register/index.html
INFO: [ app_init ] --START--
INFO: Run Behavior\BuildLiteBehavior [ RunTime:0.000019s ]
INFO: [ app_init ] --END-- [ RunTime:0.000078s ]

[ 2016-09-20T16:32:36+08:00 ] ::1 /loanpi.php/Register/reg_list?_=1474360356507
INFO: [ app_init ] --START--
INFO: Run Behavior\BuildLiteBehavior [ RunTime:0.000016s ]
INFO: [ app_init ] --END-- [ RunTime:0.000069s ]
ERR: 1146:Table 'sm_web.tp_pi' doesn't exist
 [ SQL语句 ] : SHOW COLUMNS FROM `tp_pi`

[ 2016-09-20T16:32:37+08:00 ] ::1 /loanpi.php/Public/msg_repayment
INFO: [ app_init ] --START--
INFO: Run Behavior\BuildLiteBehavior [ RunTime:0.000017s ]
INFO: [ app_init ] --END-- [ RunTime:0.000073s ]
ERR: 1146:Table 'sm_web.tp_pi' doesn't exist
 [ SQL语句 ] : SHOW COLUMNS FROM `tp_pi`

[ 2016-09-20T16:32:38+08:00 ] ::1 /loanpi.php/Register/reg_add
INFO: [ app_init ] --START--
INFO: Run Behavior\BuildLiteBehavior [ RunTime:0.000016s ]
INFO: [ app_init ] --END-- [ RunTime:0.000065s ]
ERR: 1146:Table 'sm_web.tp_pi' doesn't exist
 [ SQL语句 ] : SHOW COLUMNS FROM `tp_pi`

[ 2016-09-20T16:32:58+08:00 ] ::1 /loanpi.php/Register/reg_get_limit
INFO: [ app_init ] --START--
INFO: Run Behavior\BuildLiteBehavior [ RunTime:0.000015s ]
INFO: [ app_init ] --END-- [ RunTime:0.000070s ]
ERR: 1146:Table 'sm_web.tp_pi' doesn't exist
 [ SQL语句 ] : SHOW COLUMNS FROM `tp_pi`

[ 2016-09-20T16:47:10+08:00 ] ::1 /loanpi.php/Register/soaptest.html
INFO: [ app_init ] --START--
INFO: Run Behavior\BuildLiteBehavior [ RunTime:0.000016s ]
INFO: [ app_init ] --END-- [ RunTime:0.000073s ]

[ 2016-09-20T16:47:12+08:00 ] ::1 /loanpi.php/Register/soaptest.html
INFO: [ app_init ] --START--
INFO: Run Behavior\BuildLiteBehavior [ RunTime:0.000015s ]
INFO: [ app_init ] --END-- [ RunTime:0.000065s ]

[ 2016-09-20T16:47:13+08:00 ] ::1 /loanpi.php/Register/soaptest.html
INFO: [ app_init ] --START--
INFO: Run Behavior\BuildLiteBehavior [ RunTime:0.000016s ]
INFO: [ app_init ] --END-- [ RunTime:0.000080s ]

[ 2016-09-20T16:47:13+08:00 ] ::1 /loanpi.php/Register/soaptest.html
INFO: [ app_init ] --START--
INFO: Run Behavior\BuildLiteBehavior [ RunTime:0.000015s ]
INFO: [ app_init ] --END-- [ RunTime:0.000061s ]

[ 2016-09-20T16:47:23+08:00 ] ::1 /loanpi.php/Register/soaptest.html
INFO: [ app_init ] --START--
INFO: Run Behavior\BuildLiteBehavior [ RunTime:0.000015s ]
INFO: [ app_init ] --END-- [ RunTime:0.000063s ]

[ 2016-09-20T16:53:43+08:00 ] ::1 /loanpi.php/Register/index.html
INFO: [ app_init ] --START--
INFO: Run Behavior\BuildLiteBehavior [ RunTime:0.000015s ]
INFO: [ app_init ] --END-- [ RunTime:0.000079s ]

[ 2016-09-20T16:53:44+08:00 ] ::1 /loanpi.php/Register/reg_list?_=1474361624356
INFO: [ app_init ] --START--
INFO: Run Behavior\BuildLiteBehavior [ RunTime:0.000021s ]
INFO: [ app_init ] --END-- [ RunTime:0.000084s ]
ERR: 1146:Table 'sm_web.tp_pi' doesn't exist
 [ SQL语句 ] : SHOW COLUMNS FROM `tp_pi`

[ 2016-09-20T16:53:44+08:00 ] ::1 /loanpi.php/Public/msg_repayment
INFO: [ app_init ] --START--
INFO: Run Behavior\BuildLiteBehavior [ RunTime:0.000017s ]
INFO: [ app_init ] --END-- [ RunTime:0.000076s ]
ERR: 1146:Table 'sm_web.tp_pi' doesn't exist
 [ SQL语句 ] : SHOW COLUMNS FROM `tp_pi`

[ 2016-09-20T16:53:46+08:00 ] ::1 /loanpi.php/Register/reg_add
INFO: [ app_init ] --START--
INFO: Run Behavior\BuildLiteBehavior [ RunTime:0.000016s ]
INFO: [ app_init ] --END-- [ RunTime:0.000068s ]
ERR: 1146:Table 'sm_web.tp_pi' doesn't exist
 [ SQL语句 ] : SHOW COLUMNS FROM `tp_pi`

[ 2016-09-20T16:53:50+08:00 ] ::1 /loanpi.php/Register/reg_get_limit
INFO: [ app_init ] --START--
INFO: Run Behavior\BuildLiteBehavior [ RunTime:0.000015s ]
INFO: [ app_init ] --END-- [ RunTime:0.000066s ]
ERR: 1146:Table 'sm_web.tp_pi' doesn't exist
 [ SQL语句 ] : SHOW COLUMNS FROM `tp_pi`

[ 2016-09-20T16:54:33+08:00 ] ::1 /loanpi.php/Register/reg_add
INFO: [ app_init ] --START--
INFO: Run Behavior\BuildLiteBehavior [ RunTime:0.000020s ]
INFO: [ app_init ] --END-- [ RunTime:0.000086s ]
ERR: 1146:Table 'sm_web.tp_pi' doesn't exist
 [ SQL语句 ] : SHOW COLUMNS FROM `tp_pi`

[ 2016-09-20T16:54:41+08:00 ] ::1 /loanpi.php/Register/reg_get_limit
INFO: [ app_init ] --START--
INFO: Run Behavior\BuildLiteBehavior [ RunTime:0.000015s ]
INFO: [ app_init ] --END-- [ RunTime:0.000065s ]
ERR: 1146:Table 'sm_web.tp_pi' doesn't exist
 [ SQL语句 ] : SHOW COLUMNS FROM `tp_pi`

[ 2016-09-20T16:54:45+08:00 ] ::1 /loanpi.php/Register/soaptest.html
INFO: [ app_init ] --START--
INFO: Run Behavior\BuildLiteBehavior [ RunTime:0.000027s ]
INFO: [ app_init ] --END-- [ RunTime:0.000108s ]

[ 2016-09-20T16:54:47+08:00 ] ::1 /loanpi.php/Register/soaptest.html
INFO: [ app_init ] --START--
INFO: Run Behavior\BuildLiteBehavior [ RunTime:0.000015s ]
INFO: [ app_init ] --END-- [ RunTime:0.000062s ]

[ 2016-09-20T16:54:48+08:00 ] ::1 /loanpi.php/Register/soaptest.html
INFO: [ app_init ] --START--
INFO: Run Behavior\BuildLiteBehavior [ RunTime:0.000015s ]
INFO: [ app_init ] --END-- [ RunTime:0.000067s ]

[ 2016-09-20T16:54:48+08:00 ] ::1 /loanpi.php/Register/soaptest.html
INFO: [ app_init ] --START--
INFO: Run Behavior\BuildLiteBehavior [ RunTime:0.000018s ]
INFO: [ app_init ] --END-- [ RunTime:0.000077s ]

[ 2016-09-20T16:54:48+08:00 ] ::1 /loanpi.php/Register/soaptest.html
INFO: [ app_init ] --START--
INFO: Run Behavior\BuildLiteBehavior [ RunTime:0.000016s ]
INFO: [ app_init ] --END-- [ RunTime:0.000066s ]

[ 2016-09-20T16:54:49+08:00 ] ::1 /loanpi.php/Register/soaptest.html
INFO: [ app_init ] --START--
INFO: Run Behavior\BuildLiteBehavior [ RunTime:0.000017s ]
INFO: [ app_init ] --END-- [ RunTime:0.000072s ]

[ 2016-09-20T16:54:57+08:00 ] ::1 /loanpi.php/Register/soaptest.html
INFO: [ app_init ] --START--
INFO: Run Behavior\BuildLiteBehavior [ RunTime:0.000014s ]
INFO: [ app_init ] --END-- [ RunTime:0.000063s ]

[ 2016-09-20T16:54:58+08:00 ] ::1 /loanpi.php/Register/index.html
INFO: [ app_init ] --START--
INFO: Run Behavior\BuildLiteBehavior [ RunTime:0.000015s ]
INFO: [ app_init ] --END-- [ RunTime:0.000063s ]

[ 2016-09-20T16:54:59+08:00 ] ::1 /loanpi.php/Register/reg_list?_=1474361699362
INFO: [ app_init ] --START--
INFO: Run Behavior\BuildLiteBehavior [ RunTime:0.000015s ]
INFO: [ app_init ] --END-- [ RunTime:0.000067s ]
ERR: 1146:Table 'sm_web.tp_pi' doesn't exist
 [ SQL语句 ] : SHOW COLUMNS FROM `tp_pi`

[ 2016-09-20T16:54:59+08:00 ] ::1 /loanpi.php/Public/msg_repayment
INFO: [ app_init ] --START--
INFO: Run Behavior\BuildLiteBehavior [ RunTime:0.000016s ]
INFO: [ app_init ] --END-- [ RunTime:0.000067s ]
ERR: 1146:Table 'sm_web.tp_pi' doesn't exist
 [ SQL语句 ] : SHOW COLUMNS FROM `tp_pi`

[ 2016-09-20T16:55:01+08:00 ] ::1 /loanpi.php/Register/reg_add
INFO: [ app_init ] --START--
INFO: Run Behavior\BuildLiteBehavior [ RunTime:0.000015s ]
INFO: [ app_init ] --END-- [ RunTime:0.000064s ]
ERR: 1146:Table 'sm_web.tp_pi' doesn't exist
 [ SQL语句 ] : SHOW COLUMNS FROM `tp_pi`

[ 2016-09-20T16:55:04+08:00 ] ::1 /loanpi.php/Register/reg_get_limit
INFO: [ app_init ] --START--
INFO: Run Behavior\BuildLiteBehavior [ RunTime:0.000015s ]
INFO: [ app_init ] --END-- [ RunTime:0.000067s ]
ERR: 1146:Table 'sm_web.tp_pi' doesn't exist
 [ SQL语句 ] : SHOW COLUMNS FROM `tp_pi`

[ 2016-09-20T16:55:46+08:00 ] ::1 /loanpi.php/Register/index.html
INFO: [ app_init ] --START--
INFO: Run Behavior\BuildLiteBehavior [ RunTime:0.000016s ]
INFO: [ app_init ] --END-- [ RunTime:0.000066s ]

[ 2016-09-20T16:55:47+08:00 ] ::1 /loanpi.php/Register/reg_list?_=1474361746697
INFO: [ app_init ] --START--
INFO: Run Behavior\BuildLiteBehavior [ RunTime:0.000016s ]
INFO: [ app_init ] --END-- [ RunTime:0.000066s ]
ERR: 1146:Table 'sm_web.tp_pi' doesn't exist
 [ SQL语句 ] : SHOW COLUMNS FROM `tp_pi`

[ 2016-09-20T16:55:47+08:00 ] ::1 /loanpi.php/Public/msg_repayment
INFO: [ app_init ] --START--
INFO: Run Behavior\BuildLiteBehavior [ RunTime:0.000016s ]
INFO: [ app_init ] --END-- [ RunTime:0.000070s ]
ERR: 1146:Table 'sm_web.tp_pi' doesn't exist
 [ SQL语句 ] : SHOW COLUMNS FROM `tp_pi`

[ 2016-09-20T16:55:48+08:00 ] ::1 /loanpi.php/Register/reg_add
INFO: [ app_init ] --START--
INFO: Run Behavior\BuildLiteBehavior [ RunTime:0.000015s ]
INFO: [ app_init ] --END-- [ RunTime:0.000065s ]
ERR: 1146:Table 'sm_web.tp_pi' doesn't exist
 [ SQL语句 ] : SHOW COLUMNS FROM `tp_pi`

[ 2016-09-20T16:55:51+08:00 ] ::1 /loanpi.php/Register/reg_get_limit
INFO: [ app_init ] --START--
INFO: Run Behavior\BuildLiteBehavior [ RunTime:0.000016s ]
INFO: [ app_init ] --END-- [ RunTime:0.000069s ]
ERR: 1146:Table 'sm_web.tp_pi' doesn't exist
 [ SQL语句 ] : SHOW COLUMNS FROM `tp_pi`

[ 2016-09-20T17:03:46+08:00 ] ::1 /loanpi.php/Register/index.html
INFO: [ app_init ] --START--
INFO: Run Behavior\BuildLiteBehavior [ RunTime:0.000018s ]
INFO: [ app_init ] --END-- [ RunTime:0.000075s ]

[ 2016-09-20T17:03:47+08:00 ] ::1 /loanpi.php/Register/reg_list?_=1474362226768
INFO: [ app_init ] --START--
INFO: Run Behavior\BuildLiteBehavior [ RunTime:0.000017s ]
INFO: [ app_init ] --END-- [ RunTime:0.000071s ]
ERR: 1146:Table 'sm_web.tp_pi' doesn't exist
 [ SQL语句 ] : SHOW COLUMNS FROM `tp_pi`

[ 2016-09-20T17:03:47+08:00 ] ::1 /loanpi.php/Public/msg_repayment
INFO: [ app_init ] --START--
INFO: Run Behavior\BuildLiteBehavior [ RunTime:0.000018s ]
INFO: [ app_init ] --END-- [ RunTime:0.000077s ]
ERR: 1146:Table 'sm_web.tp_pi' doesn't exist
 [ SQL语句 ] : SHOW COLUMNS FROM `tp_pi`

[ 2016-09-20T17:03:48+08:00 ] ::1 /loanpi.php/Register/reg_add
INFO: [ app_init ] --START--
INFO: Run Behavior\BuildLiteBehavior [ RunTime:0.000015s ]
INFO: [ app_init ] --END-- [ RunTime:0.000074s ]
ERR: 1146:Table 'sm_web.tp_pi' doesn't exist
 [ SQL语句 ] : SHOW COLUMNS FROM `tp_pi`

[ 2016-09-20T17:03:52+08:00 ] ::1 /loanpi.php/Register/reg_get_limit
INFO: [ app_init ] --START--
INFO: Run Behavior\BuildLiteBehavior [ RunTime:0.000016s ]
INFO: [ app_init ] --END-- [ RunTime:0.000075s ]
ERR: 1146:Table 'sm_web.tp_pi' doesn't exist
 [ SQL语句 ] : SHOW COLUMNS FROM `tp_pi`

[ 2016-09-20T17:04:18+08:00 ] ::1 /loanpi.php/Register/index.html
INFO: [ app_init ] --START--
INFO: Run Behavior\BuildLiteBehavior [ RunTime:0.000018s ]
INFO: [ app_init ] --END-- [ RunTime:0.000116s ]

[ 2016-09-20T17:04:19+08:00 ] ::1 /loanpi.php/Register/reg_list?_=1474362259358
INFO: [ app_init ] --START--
INFO: Run Behavior\BuildLiteBehavior [ RunTime:0.000017s ]
INFO: [ app_init ] --END-- [ RunTime:0.000067s ]
ERR: 1146:Table 'sm_web.tp_pi' doesn't exist
 [ SQL语句 ] : SHOW COLUMNS FROM `tp_pi`

[ 2016-09-20T17:04:19+08:00 ] ::1 /loanpi.php/Public/msg_repayment
INFO: [ app_init ] --START--
INFO: Run Behavior\BuildLiteBehavior [ RunTime:0.000014s ]
INFO: [ app_init ] --END-- [ RunTime:0.000064s ]
ERR: 1146:Table 'sm_web.tp_pi' doesn't exist
 [ SQL语句 ] : SHOW COLUMNS FROM `tp_pi`

[ 2016-09-20T17:04:21+08:00 ] ::1 /loanpi.php/Register/reg_add
INFO: [ app_init ] --START--
INFO: Run Behavior\BuildLiteBehavior [ RunTime:0.000016s ]
INFO: [ app_init ] --END-- [ RunTime:0.000073s ]
ERR: 1146:Table 'sm_web.tp_pi' doesn't exist
 [ SQL语句 ] : SHOW COLUMNS FROM `tp_pi`

[ 2016-09-20T17:04:23+08:00 ] ::1 /loanpi.php/Register/reg_get_limit
INFO: [ app_init ] --START--
INFO: Run Behavior\BuildLiteBehavior [ RunTime:0.000015s ]
INFO: [ app_init ] --END-- [ RunTime:0.000068s ]
ERR: 1146:Table 'sm_web.tp_pi' doesn't exist
 [ SQL语句 ] : SHOW COLUMNS FROM `tp_pi`

[ 2016-09-20T17:04:39+08:00 ] ::1 /loanpi.php/Register/reg_get_limit
INFO: [ app_init ] --START--
INFO: Run Behavior\BuildLiteBehavior [ RunTime:0.000014s ]
INFO: [ app_init ] --END-- [ RunTime:0.000062s ]
ERR: 1146:Table 'sm_web.tp_pi' doesn't exist
 [ SQL语句 ] : SHOW COLUMNS FROM `tp_pi`

[ 2016-09-20T17:04:45+08:00 ] ::1 /loanpi.php/Register/reg_add
INFO: [ app_init ] --START--
INFO: Run Behavior\BuildLiteBehavior [ RunTime:0.000015s ]
INFO: [ app_init ] --END-- [ RunTime:0.000065s ]
ERR: 1146:Table 'sm_web.tp_pi' doesn't exist
 [ SQL语句 ] : SHOW COLUMNS FROM `tp_pi`

[ 2016-09-20T17:04:49+08:00 ] ::1 /loanpi.php/Register/reg_get_limit
INFO: [ app_init ] --START--
INFO: Run Behavior\BuildLiteBehavior [ RunTime:0.000015s ]
INFO: [ app_init ] --END-- [ RunTime:0.000064s ]
ERR: 1146:Table 'sm_web.tp_pi' doesn't exist
 [ SQL语句 ] : SHOW COLUMNS FROM `tp_pi`

[ 2016-09-20T17:04:55+08:00 ] ::1 /loanpi.php/Register/reg_get_limit
INFO: [ app_init ] --START--
INFO: Run Behavior\BuildLiteBehavior [ RunTime:0.000014s ]
INFO: [ app_init ] --END-- [ RunTime:0.000062s ]
ERR: 1146:Table 'sm_web.tp_pi' doesn't exist
 [ SQL语句 ] : SHOW COLUMNS FROM `tp_pi`

[ 2016-09-20T17:06:18+08:00 ] ::1 /loanpi.php/Register/index.html
INFO: [ app_init ] --START--
INFO: Run Behavior\BuildLiteBehavior [ RunTime:0.000015s ]
INFO: [ app_init ] --END-- [ RunTime:0.000067s ]

[ 2016-09-20T17:06:19+08:00 ] ::1 /loanpi.php/Register/reg_list?_=1474362378752
INFO: [ app_init ] --START--
INFO: Run Behavior\BuildLiteBehavior [ RunTime:0.000017s ]
INFO: [ app_init ] --END-- [ RunTime:0.000075s ]
ERR: 1146:Table 'sm_web.tp_pi' doesn't exist
 [ SQL语句 ] : SHOW COLUMNS FROM `tp_pi`

[ 2016-09-20T17:06:19+08:00 ] ::1 /loanpi.php/Public/msg_repayment
INFO: [ app_init ] --START--
INFO: Run Behavior\BuildLiteBehavior [ RunTime:0.000015s ]
INFO: [ app_init ] --END-- [ RunTime:0.000068s ]
ERR: 1146:Table 'sm_web.tp_pi' doesn't exist
 [ SQL语句 ] : SHOW COLUMNS FROM `tp_pi`

[ 2016-09-20T17:07:09+08:00 ] ::1 /loanpi.php/Register/index.html
INFO: [ app_init ] --START--
INFO: Run Behavior\BuildLiteBehavior [ RunTime:0.000014s ]
INFO: [ app_init ] --END-- [ RunTime:0.000062s ]

[ 2016-09-20T17:07:10+08:00 ] ::1 /loanpi.php/Register/reg_list?_=1474362429859
INFO: [ app_init ] --START--
INFO: Run Behavior\BuildLiteBehavior [ RunTime:0.000015s ]
INFO: [ app_init ] --END-- [ RunTime:0.000066s ]
ERR: 1146:Table 'sm_web.tp_pi' doesn't exist
 [ SQL语句 ] : SHOW COLUMNS FROM `tp_pi`

[ 2016-09-20T17:07:10+08:00 ] ::1 /loanpi.php/Public/msg_repayment
INFO: [ app_init ] --START--
INFO: Run Behavior\BuildLiteBehavior [ RunTime:0.000014s ]
INFO: [ app_init ] --END-- [ RunTime:0.000062s ]
ERR: 1146:Table 'sm_web.tp_pi' doesn't exist
 [ SQL语句 ] : SHOW COLUMNS FROM `tp_pi`

[ 2016-09-20T17:07:10+08:00 ] ::1 /loanpi.php/Register/reg_add
INFO: [ app_init ] --START--
INFO: Run Behavior\BuildLiteBehavior [ RunTime:0.000016s ]
INFO: [ app_init ] --END-- [ RunTime:0.000064s ]
ERR: 1146:Table 'sm_web.tp_pi' doesn't exist
 [ SQL语句 ] : SHOW COLUMNS FROM `tp_pi`

[ 2016-09-20T17:09:21+08:00 ] ::1 /loanpi.php/Register/reg_add
INFO: [ app_init ] --START--
INFO: Run Behavior\BuildLiteBehavior [ RunTime:0.000018s ]
INFO: [ app_init ] --END-- [ RunTime:0.000072s ]
ERR: 1146:Table 'sm_web.tp_pi' doesn't exist
 [ SQL语句 ] : SHOW COLUMNS FROM `tp_pi`

[ 2016-09-20T17:09:29+08:00 ] ::1 /loanpi.php/Register/reg_get_limit
INFO: [ app_init ] --START--
INFO: Run Behavior\BuildLiteBehavior [ RunTime:0.000015s ]
INFO: [ app_init ] --END-- [ RunTime:0.000064s ]
ERR: 1146:Table 'sm_web.tp_pi' doesn't exist
 [ SQL语句 ] : SHOW COLUMNS FROM `tp_pi`

[ 2016-09-20T17:09:43+08:00 ] ::1 /loanpi.php/Register/reg_add
INFO: [ app_init ] --START--
INFO: Run Behavior\BuildLiteBehavior [ RunTime:0.000015s ]
INFO: [ app_init ] --END-- [ RunTime:0.000070s ]
ERR: 1146:Table 'sm_web.tp_pi' doesn't exist
 [ SQL语句 ] : SHOW COLUMNS FROM `tp_pi`

[ 2016-09-20T17:09:46+08:00 ] ::1 /loanpi.php/Register/reg_get_limit
INFO: [ app_init ] --START--
INFO: Run Behavior\BuildLiteBehavior [ RunTime:0.000015s ]
INFO: [ app_init ] --END-- [ RunTime:0.000063s ]
ERR: 1146:Table 'sm_web.tp_pi' doesn't exist
 [ SQL语句 ] : SHOW COLUMNS FROM `tp_pi`

[ 2016-09-20T17:11:09+08:00 ] ::1 /loanpi.php/Register/soaptest.html
INFO: [ app_init ] --START--
INFO: Run Behavior\BuildLiteBehavior [ RunTime:0.000013s ]
INFO: [ app_init ] --END-- [ RunTime:0.000059s ]

[ 2016-09-20T17:11:17+08:00 ] ::1 /loanpi.php/Register/soaptest.html
INFO: [ app_init ] --START--
INFO: Run Behavior\BuildLiteBehavior [ RunTime:0.000015s ]
INFO: [ app_init ] --END-- [ RunTime:0.000064s ]

[ 2016-09-20T17:11:18+08:00 ] ::1 /loanpi.php/Register/soaptest.html
INFO: [ app_init ] --START--
INFO: Run Behavior\BuildLiteBehavior [ RunTime:0.000018s ]
INFO: [ app_init ] --END-- [ RunTime:0.000087s ]

[ 2016-09-20T17:11:19+08:00 ] ::1 /loanpi.php/Register/soaptest.html
INFO: [ app_init ] --START--
INFO: Run Behavior\BuildLiteBehavior [ RunTime:0.000015s ]
INFO: [ app_init ] --END-- [ RunTime:0.000067s ]

[ 2016-09-20T17:11:19+08:00 ] ::1 /loanpi.php/Register/soaptest.html
INFO: [ app_init ] --START--
INFO: Run Behavior\BuildLiteBehavior [ RunTime:0.000018s ]
INFO: [ app_init ] --END-- [ RunTime:0.000077s ]

[ 2016-09-20T17:11:20+08:00 ] ::1 /loanpi.php/Register/soaptest.html
INFO: [ app_init ] --START--
INFO: Run Behavior\BuildLiteBehavior [ RunTime:0.000015s ]
INFO: [ app_init ] --END-- [ RunTime:0.000063s ]

[ 2016-09-20T17:12:13+08:00 ] ::1 /loanpi.php/Register/soaptest.html
INFO: [ app_init ] --START--
INFO: Run Behavior\BuildLiteBehavior [ RunTime:0.000014s ]
INFO: [ app_init ] --END-- [ RunTime:0.000063s ]

[ 2016-09-20T17:12:14+08:00 ] ::1 /loanpi.php/Register/soaptest.html
INFO: [ app_init ] --START--
INFO: Run Behavior\BuildLiteBehavior [ RunTime:0.000014s ]
INFO: [ app_init ] --END-- [ RunTime:0.000061s ]

[ 2016-09-20T17:12:14+08:00 ] ::1 /loanpi.php/Register/soaptest.html
INFO: [ app_init ] --START--
INFO: Run Behavior\BuildLiteBehavior [ RunTime:0.000016s ]
INFO: [ app_init ] --END-- [ RunTime:0.000065s ]

[ 2016-09-20T17:12:15+08:00 ] ::1 /loanpi.php/Register/soaptest.html
INFO: [ app_init ] --START--
INFO: Run Behavior\BuildLiteBehavior [ RunTime:0.000016s ]
INFO: [ app_init ] --END-- [ RunTime:0.000064s ]

[ 2016-09-20T17:12:15+08:00 ] ::1 /loanpi.php/Register/soaptest.html
INFO: [ app_init ] --START--
INFO: Run Behavior\BuildLiteBehavior [ RunTime:0.000017s ]
INFO: [ app_init ] --END-- [ RunTime:0.000068s ]

[ 2016-09-20T17:12:15+08:00 ] ::1 /loanpi.php/Register/soaptest.html
INFO: [ app_init ] --START--
INFO: Run Behavior\BuildLiteBehavior [ RunTime:0.000016s ]
INFO: [ app_init ] --END-- [ RunTime:0.000071s ]

[ 2016-09-20T17:12:16+08:00 ] ::1 /loanpi.php/Register/soaptest.html
INFO: [ app_init ] --START--
INFO: Run Behavior\BuildLiteBehavior [ RunTime:0.000013s ]
INFO: [ app_init ] --END-- [ RunTime:0.000059s ]

[ 2016-09-20T17:12:16+08:00 ] ::1 /loanpi.php/Register/soaptest.html
INFO: [ app_init ] --START--
INFO: Run Behavior\BuildLiteBehavior [ RunTime:0.000016s ]
INFO: [ app_init ] --END-- [ RunTime:0.000071s ]

[ 2016-09-20T17:12:17+08:00 ] ::1 /loanpi.php/Register/soaptest.html
INFO: [ app_init ] --START--
INFO: Run Behavior\BuildLiteBehavior [ RunTime:0.000014s ]
INFO: [ app_init ] --END-- [ RunTime:0.000063s ]

[ 2016-09-20T17:12:17+08:00 ] ::1 /loanpi.php/Register/soaptest.html
INFO: [ app_init ] --START--
INFO: Run Behavior\BuildLiteBehavior [ RunTime:0.000017s ]
INFO: [ app_init ] --END-- [ RunTime:0.000071s ]

[ 2016-09-20T17:12:17+08:00 ] ::1 /loanpi.php/Register/soaptest.html
INFO: [ app_init ] --START--
INFO: Run Behavior\BuildLiteBehavior [ RunTime:0.000015s ]
INFO: [ app_init ] --END-- [ RunTime:0.000066s ]

[ 2016-09-20T17:12:18+08:00 ] ::1 /loanpi.php/Register/soaptest.html
INFO: [ app_init ] --START--
INFO: Run Behavior\BuildLiteBehavior [ RunTime:0.000014s ]
INFO: [ app_init ] --END-- [ RunTime:0.000063s ]

[ 2016-09-20T17:12:18+08:00 ] ::1 /loanpi.php/Register/soaptest.html
INFO: [ app_init ] --START--
INFO: Run Behavior\BuildLiteBehavior [ RunTime:0.000017s ]
INFO: [ app_init ] --END-- [ RunTime:0.000072s ]

[ 2016-09-20T17:12:19+08:00 ] ::1 /loanpi.php/Register/soaptest.html
INFO: [ app_init ] --START--
INFO: Run Behavior\BuildLiteBehavior [ RunTime:0.000013s ]
INFO: [ app_init ] --END-- [ RunTime:0.000059s ]

[ 2016-09-20T17:12:19+08:00 ] ::1 /loanpi.php/Register/soaptest.html
INFO: [ app_init ] --START--
INFO: Run Behavior\BuildLiteBehavior [ RunTime:0.000015s ]
INFO: [ app_init ] --END-- [ RunTime:0.000060s ]

[ 2016-09-20T17:12:57+08:00 ] ::1 /loanpi.php/Register/soaptest.html
INFO: [ app_init ] --START--
INFO: Run Behavior\BuildLiteBehavior [ RunTime:0.000015s ]
INFO: [ app_init ] --END-- [ RunTime:0.000074s ]

[ 2016-09-20T17:14:04+08:00 ] ::1 /loanpi.php/Register/soaptest.html
INFO: [ app_init ] --START--
INFO: Run Behavior\BuildLiteBehavior [ RunTime:0.000014s ]
INFO: [ app_init ] --END-- [ RunTime:0.000062s ]

[ 2016-09-20T17:14:33+08:00 ] ::1 /loanpi.php/Register/reg_get_limit
INFO: [ app_init ] --START--
INFO: Run Behavior\BuildLiteBehavior [ RunTime:0.000015s ]
INFO: [ app_init ] --END-- [ RunTime:0.000068s ]
ERR: 1146:Table 'sm_web.tp_pi' doesn't exist
 [ SQL语句 ] : SHOW COLUMNS FROM `tp_pi`

[ 2016-09-20T17:14:46+08:00 ] ::1 /loanpi.php/Register/reg_add
INFO: [ app_init ] --START--
INFO: Run Behavior\BuildLiteBehavior [ RunTime:0.000015s ]
INFO: [ app_init ] --END-- [ RunTime:0.000065s ]
ERR: 1146:Table 'sm_web.tp_pi' doesn't exist
 [ SQL语句 ] : SHOW COLUMNS FROM `tp_pi`

[ 2016-09-20T17:14:49+08:00 ] ::1 /loanpi.php/Register/reg_get_limit
INFO: [ app_init ] --START--
INFO: Run Behavior\BuildLiteBehavior [ RunTime:0.000021s ]
INFO: [ app_init ] --END-- [ RunTime:0.000078s ]
ERR: 1146:Table 'sm_web.tp_pi' doesn't exist
 [ SQL语句 ] : SHOW COLUMNS FROM `tp_pi`

[ 2016-09-20T17:15:00+08:00 ] ::1 /loanpi.php/Register/reg_get_limit
INFO: [ app_init ] --START--
INFO: Run Behavior\BuildLiteBehavior [ RunTime:0.000014s ]
INFO: [ app_init ] --END-- [ RunTime:0.000064s ]
ERR: 1146:Table 'sm_web.tp_pi' doesn't exist
 [ SQL语句 ] : SHOW COLUMNS FROM `tp_pi`

[ 2016-09-20T17:16:24+08:00 ] ::1 /loanpi.php/Register/soaptest.html
INFO: [ app_init ] --START--
INFO: Run Behavior\BuildLiteBehavior [ RunTime:0.000016s ]
INFO: [ app_init ] --END-- [ RunTime:0.000064s ]

[ 2016-09-20T17:17:20+08:00 ] ::1 /loanpi.php/Register/reg_get_limit
INFO: [ app_init ] --START--
INFO: Run Behavior\BuildLiteBehavior [ RunTime:0.000015s ]
INFO: [ app_init ] --END-- [ RunTime:0.000066s ]
ERR: 1146:Table 'sm_web.tp_pi' doesn't exist
 [ SQL语句 ] : SHOW COLUMNS FROM `tp_pi`

[ 2016-09-20T17:17:22+08:00 ] ::1 /loanpi.php/Register/index.html
INFO: [ app_init ] --START--
INFO: Run Behavior\BuildLiteBehavior [ RunTime:0.000016s ]
INFO: [ app_init ] --END-- [ RunTime:0.000078s ]

[ 2016-09-20T17:17:23+08:00 ] ::1 /loanpi.php/Register/reg_list?_=1474363043025
INFO: [ app_init ] --START--
INFO: Run Behavior\BuildLiteBehavior [ RunTime:0.000018s ]
INFO: [ app_init ] --END-- [ RunTime:0.000075s ]
ERR: 1146:Table 'sm_web.tp_pi' doesn't exist
 [ SQL语句 ] : SHOW COLUMNS FROM `tp_pi`

[ 2016-09-20T17:17:23+08:00 ] ::1 /loanpi.php/Public/msg_repayment
INFO: [ app_init ] --START--
INFO: Run Behavior\BuildLiteBehavior [ RunTime:0.000015s ]
INFO: [ app_init ] --END-- [ RunTime:0.000066s ]
ERR: 1146:Table 'sm_web.tp_pi' doesn't exist
 [ SQL语句 ] : SHOW COLUMNS FROM `tp_pi`

[ 2016-09-20T17:17:24+08:00 ] ::1 /loanpi.php/Register/reg_add
INFO: [ app_init ] --START--
INFO: Run Behavior\BuildLiteBehavior [ RunTime:0.000016s ]
INFO: [ app_init ] --END-- [ RunTime:0.000065s ]
ERR: 1146:Table 'sm_web.tp_pi' doesn't exist
 [ SQL语句 ] : SHOW COLUMNS FROM `tp_pi`

[ 2016-09-20T17:17:28+08:00 ] ::1 /loanpi.php/Register/reg_get_limit
INFO: [ app_init ] --START--
INFO: Run Behavior\BuildLiteBehavior [ RunTime:0.000016s ]
INFO: [ app_init ] --END-- [ RunTime:0.000067s ]
ERR: 1146:Table 'sm_web.tp_pi' doesn't exist
 [ SQL语句 ] : SHOW COLUMNS FROM `tp_pi`

[ 2016-09-20T17:17:31+08:00 ] ::1 /loanpi.php/Register/reg_get_limit
INFO: [ app_init ] --START--
INFO: Run Behavior\BuildLiteBehavior [ RunTime:0.000015s ]
INFO: [ app_init ] --END-- [ RunTime:0.000063s ]
ERR: 1146:Table 'sm_web.tp_pi' doesn't exist
 [ SQL语句 ] : SHOW COLUMNS FROM `tp_pi`

[ 2016-09-20T17:17:37+08:00 ] ::1 /loanpi.php/Register/reg_get_limit
INFO: [ app_init ] --START--
INFO: Run Behavior\BuildLiteBehavior [ RunTime:0.000015s ]
INFO: [ app_init ] --END-- [ RunTime:0.000064s ]
ERR: 1146:Table 'sm_web.tp_pi' doesn't exist
 [ SQL语句 ] : SHOW COLUMNS FROM `tp_pi`

[ 2016-09-20T17:17:48+08:00 ] ::1 /loanpi.php/Register/index.html
INFO: [ app_init ] --START--
INFO: Run Behavior\BuildLiteBehavior [ RunTime:0.000015s ]
INFO: [ app_init ] --END-- [ RunTime:0.000063s ]

[ 2016-09-20T17:17:49+08:00 ] ::1 /loanpi.php/Register/reg_list?_=1474363069313
INFO: [ app_init ] --START--
INFO: Run Behavior\BuildLiteBehavior [ RunTime:0.000026s ]
INFO: [ app_init ] --END-- [ RunTime:0.000611s ]
ERR: 1146:Table 'sm_web.tp_pi' doesn't exist
 [ SQL语句 ] : SHOW COLUMNS FROM `tp_pi`

[ 2016-09-20T17:17:49+08:00 ] ::1 /loanpi.php/Public/msg_repayment
INFO: [ app_init ] --START--
INFO: Run Behavior\BuildLiteBehavior [ RunTime:0.000016s ]
INFO: [ app_init ] --END-- [ RunTime:0.000069s ]
ERR: 1146:Table 'sm_web.tp_pi' doesn't exist
 [ SQL语句 ] : SHOW COLUMNS FROM `tp_pi`

[ 2016-09-20T17:17:50+08:00 ] ::1 /loanpi.php/Register/reg_add
INFO: [ app_init ] --START--
INFO: Run Behavior\BuildLiteBehavior [ RunTime:0.000015s ]
INFO: [ app_init ] --END-- [ RunTime:0.000063s ]
ERR: 1146:Table 'sm_web.tp_pi' doesn't exist
 [ SQL语句 ] : SHOW COLUMNS FROM `tp_pi`

[ 2016-09-20T17:17:55+08:00 ] ::1 /loanpi.php/Register/reg_get_limit
INFO: [ app_init ] --START--
INFO: Run Behavior\BuildLiteBehavior [ RunTime:0.000015s ]
INFO: [ app_init ] --END-- [ RunTime:0.000069s ]
ERR: 1146:Table 'sm_web.tp_pi' doesn't exist
 [ SQL语句 ] : SHOW COLUMNS FROM `tp_pi`

[ 2016-09-20T17:18:45+08:00 ] ::1 /loanpi.php/Register/soaptest.html
INFO: [ app_init ] --START--
INFO: Run Behavior\BuildLiteBehavior [ RunTime:0.000014s ]
INFO: [ app_init ] --END-- [ RunTime:0.000061s ]

[ 2016-09-20T17:19:44+08:00 ] ::1 /loanpi.php/Register/soaptest.html
INFO: [ app_init ] --START--
INFO: Run Behavior\BuildLiteBehavior [ RunTime:0.000016s ]
INFO: [ app_init ] --END-- [ RunTime:0.000066s ]

[ 2016-09-20T17:21:52+08:00 ] ::1 /loanpi.php/Register/index.html
INFO: [ app_init ] --START--
INFO: Run Behavior\BuildLiteBehavior [ RunTime:0.000016s ]
INFO: [ app_init ] --END-- [ RunTime:0.000068s ]

[ 2016-09-20T17:21:53+08:00 ] ::1 /loanpi.php/Register/reg_list?_=1474363313347
INFO: [ app_init ] --START--
INFO: Run Behavior\BuildLiteBehavior [ RunTime:0.000017s ]
INFO: [ app_init ] --END-- [ RunTime:0.000072s ]
ERR: 1146:Table 'sm_web.tp_pi' doesn't exist
 [ SQL语句 ] : SHOW COLUMNS FROM `tp_pi`

[ 2016-09-20T17:21:53+08:00 ] ::1 /loanpi.php/Public/msg_repayment
INFO: [ app_init ] --START--
INFO: Run Behavior\BuildLiteBehavior [ RunTime:0.000015s ]
INFO: [ app_init ] --END-- [ RunTime:0.000065s ]
ERR: 1146:Table 'sm_web.tp_pi' doesn't exist
 [ SQL语句 ] : SHOW COLUMNS FROM `tp_pi`

[ 2016-09-20T17:21:54+08:00 ] ::1 /loanpi.php/Register/reg_add
INFO: [ app_init ] --START--
INFO: Run Behavior\BuildLiteBehavior [ RunTime:0.000016s ]
INFO: [ app_init ] --END-- [ RunTime:0.000068s ]
ERR: 1146:Table 'sm_web.tp_pi' doesn't exist
 [ SQL语句 ] : SHOW COLUMNS FROM `tp_pi`

[ 2016-09-20T17:22:01+08:00 ] ::1 /loanpi.php/Register/reg_get_limit
INFO: [ app_init ] --START--
INFO: Run Behavior\BuildLiteBehavior [ RunTime:0.000014s ]
INFO: [ app_init ] --END-- [ RunTime:0.000064s ]
ERR: 1146:Table 'sm_web.tp_pi' doesn't exist
 [ SQL语句 ] : SHOW COLUMNS FROM `tp_pi`

[ 2016-09-20T17:22:50+08:00 ] ::1 /loanpi.php/Repayment/repay_add/reid/17
INFO: [ app_init ] --START--
INFO: Run Behavior\BuildLiteBehavior [ RunTime:0.000017s ]
INFO: [ app_init ] --END-- [ RunTime:0.000070s ]
ERR: 1146:Table 'sm_web.tp_pi' doesn't exist
 [ SQL语句 ] : SHOW COLUMNS FROM `tp_pi`

[ 2016-09-20T17:29:49+08:00 ] ::1 /loanpi.php/Register/reg_add
INFO: [ app_init ] --START--
INFO: Run Behavior\BuildLiteBehavior [ RunTime:0.000016s ]
INFO: [ app_init ] --END-- [ RunTime:0.000073s ]
ERR: 1146:Table 'sm_web.tp_pi' doesn't exist
 [ SQL语句 ] : SHOW COLUMNS FROM `tp_pi`

[ 2016-09-20T17:30:14+08:00 ] ::1 /loanpi.php/Register/reg_add
INFO: [ app_init ] --START--
INFO: Run Behavior\BuildLiteBehavior [ RunTime:0.000015s ]
INFO: [ app_init ] --END-- [ RunTime:0.000063s ]
ERR: 1146:Table 'sm_web.tp_pi' doesn't exist
 [ SQL语句 ] : SHOW COLUMNS FROM `tp_pi`

[ 2016-09-20T17:33:30+08:00 ] ::1 /loanpi.php/Register/reg_get_limit
INFO: [ app_init ] --START--
INFO: Run Behavior\BuildLiteBehavior [ RunTime:0.000016s ]
INFO: [ app_init ] --END-- [ RunTime:0.000072s ]
ERR: 1146:Table 'sm_web.tp_pi' doesn't exist
 [ SQL语句 ] : SHOW COLUMNS FROM `tp_pi`

[ 2016-09-20T17:33:44+08:00 ] ::1 /loanpi.php/Register/reg_add_do
INFO: [ app_init ] --START--
INFO: Run Behavior\BuildLiteBehavior [ RunTime:0.000015s ]
INFO: [ app_init ] --END-- [ RunTime:0.000064s ]
ERR: 1146:Table 'sm_web.tp_pi' doesn't exist
 [ SQL语句 ] : SHOW COLUMNS FROM `tp_pi`

[ 2016-09-20T17:35:38+08:00 ] ::1 /loanpi.php/Register/reg_add_do
INFO: [ app_init ] --START--
INFO: Run Behavior\BuildLiteBehavior [ RunTime:0.000014s ]
INFO: [ app_init ] --END-- [ RunTime:0.000061s ]
ERR: 1146:Table 'sm_web.tp_pi' doesn't exist
 [ SQL语句 ] : SHOW COLUMNS FROM `tp_pi`

[ 2016-09-20T17:43:15+08:00 ] ::1 /loanpi.php/Register/index.html
INFO: [ app_init ] --START--
INFO: Run Behavior\BuildLiteBehavior [ RunTime:0.000022s ]
INFO: [ app_init ] --END-- [ RunTime:0.000125s ]

[ 2016-09-20T17:43:16+08:00 ] ::1 /loanpi.php/Register/reg_list?_=1474364595642
INFO: [ app_init ] --START--
INFO: Run Behavior\BuildLiteBehavior [ RunTime:0.000017s ]
INFO: [ app_init ] --END-- [ RunTime:0.000076s ]
ERR: 1146:Table 'sm_web.tp_pi' doesn't exist
 [ SQL语句 ] : SHOW COLUMNS FROM `tp_pi`

[ 2016-09-20T17:43:16+08:00 ] ::1 /loanpi.php/Public/msg_repayment
INFO: [ app_init ] --START--
INFO: Run Behavior\BuildLiteBehavior [ RunTime:0.000017s ]
INFO: [ app_init ] --END-- [ RunTime:0.000074s ]
ERR: 1146:Table 'sm_web.tp_pi' doesn't exist
 [ SQL语句 ] : SHOW COLUMNS FROM `tp_pi`

[ 2016-09-20T17:43:17+08:00 ] ::1 /loanpi.php/Register/reg_add
INFO: [ app_init ] --START--
INFO: Run Behavior\BuildLiteBehavior [ RunTime:0.000015s ]
INFO: [ app_init ] --END-- [ RunTime:0.000064s ]
ERR: 1146:Table 'sm_web.tp_pi' doesn't exist
 [ SQL语句 ] : SHOW COLUMNS FROM `tp_pi`

[ 2016-09-20T17:43:22+08:00 ] ::1 /loanpi.php/Register/reg_get_limit
INFO: [ app_init ] --START--
INFO: Run Behavior\BuildLiteBehavior [ RunTime:0.000015s ]
INFO: [ app_init ] --END-- [ RunTime:0.000063s ]
ERR: 1146:Table 'sm_web.tp_pi' doesn't exist
 [ SQL语句 ] : SHOW COLUMNS FROM `tp_pi`

[ 2016-09-20T17:43:37+08:00 ] ::1 /loanpi.php/Register/reg_add_do
INFO: [ app_init ] --START--
INFO: Run Behavior\BuildLiteBehavior [ RunTime:0.000016s ]
INFO: [ app_init ] --END-- [ RunTime:0.000065s ]
ERR: 1146:Table 'sm_web.tp_pi' doesn't exist
 [ SQL语句 ] : SHOW COLUMNS FROM `tp_pi`

[ 2016-09-20T23:28:45+08:00 ] ::1 /loanpi.php/Repayment/repay_add/reid/20
INFO: [ app_init ] --START--
INFO: Run Behavior\BuildLiteBehavior [ RunTime:0.000018s ]
INFO: [ app_init ] --END-- [ RunTime:0.000079s ]
ERR: 1146:Table 'sm_web.tp_pi' doesn't exist
 [ SQL语句 ] : SHOW COLUMNS FROM `tp_pi`

