[ 2016-10-09T10:25:21+08:00 ] 180.173.105.255 /loanpi.php/Service/soaptest.html
INFO: [ app_init ] --START--
INFO: Run Behavior\BuildLiteBehavior [ RunTime:0.000000s ]
INFO: [ app_init ] --END-- [ RunTime:0.000000s ]
ERR: SOAP-ERROR: Parsing WSDL: Couldn't load from 'http://localhost:8082/UpStatusFromPi.wsdl' : failed to load external entity "http://localhost:8082/UpStatusFromPi.wsdl"


[ 2016-10-09T10:28:45+08:00 ] 118.178.15.72 /loanpi.php/Service/UpStatusToLocal
INFO: [ app_init ] --START--
INFO: Run Behavior\BuildLiteBehavior [ RunTime:0.000000s ]
INFO: [ app_init ] --END-- [ RunTime:0.000977s ]

[ 2016-10-09T10:28:45+08:00 ] 121.43.18.24 /loanpi.php/Service/upstatusdo.html
INFO: [ app_init ] --START--
INFO: Run Behavior\BuildLiteBehavior [ RunTime:0.000000s ]
INFO: [ app_init ] --END-- [ RunTime:0.000000s ]

[ 2016-10-09T10:28:45+08:00 ] 180.173.104.43 /loanpi.php/Service/soaptest.html
INFO: [ app_init ] --START--
INFO: Run Behavior\BuildLiteBehavior [ RunTime:0.000976s ]
INFO: [ app_init ] --END-- [ RunTime:0.000976s ]

[ 2016-10-09T10:30:52+08:00 ] 120.27.173.8 /loanpi.php/Service/UpStatusToLocal
INFO: [ app_init ] --START--
INFO: Run Behavior\BuildLiteBehavior [ RunTime:0.000000s ]
INFO: [ app_init ] --END-- [ RunTime:0.000977s ]

[ 2016-10-09T10:30:52+08:00 ] 121.43.18.17 /loanpi.php/Service/upstatusdo.html
INFO: [ app_init ] --START--
INFO: Run Behavior\BuildLiteBehavior [ RunTime:0.000000s ]
INFO: [ app_init ] --END-- [ RunTime:0.000000s ]

[ 2016-10-09T10:30:52+08:00 ] 180.173.104.42 /loanpi.php/Service/soaptest.html
INFO: [ app_init ] --START--
INFO: Run Behavior\BuildLiteBehavior [ RunTime:0.000000s ]
INFO: [ app_init ] --END-- [ RunTime:0.000000s ]

[ 2016-10-09T11:51:04+08:00 ] 180.173.105.255 /loanpi.php/register/reg_start/t/n.html
INFO: [ app_init ] --START--
INFO: Run Behavior\BuildLiteBehavior [ RunTime:0.000000s ]
INFO: [ app_init ] --END-- [ RunTime:0.000000s ]

[ 2016-10-09T11:51:04+08:00 ] 180.173.105.255 /loanpi.php/Login/index.html
INFO: [ app_init ] --START--
INFO: Run Behavior\BuildLiteBehavior [ RunTime:0.000000s ]
INFO: [ app_init ] --END-- [ RunTime:0.000000s ]

[ 2016-10-09T11:51:04+08:00 ] 180.173.105.255 /loanpi.php/Register/index.html
INFO: [ app_init ] --START--
INFO: Run Behavior\BuildLiteBehavior [ RunTime:0.000000s ]
INFO: [ app_init ] --END-- [ RunTime:0.000000s ]

[ 2016-10-09T11:51:05+08:00 ] 180.173.105.255 /loanpi.php/Register/reg_list?_=1475984997772
INFO: [ app_init ] --START--
INFO: Run Behavior\BuildLiteBehavior [ RunTime:0.000000s ]
INFO: [ app_init ] --END-- [ RunTime:0.000976s ]
ERR: 1146:Table 'sm_web.tp_pi' doesn't exist
 [ SQL语句 ] : SHOW COLUMNS FROM `tp_pi`

[ 2016-10-09T11:51:05+08:00 ] 180.173.104.42 /loanpi.php/Public/msg_repayment
INFO: [ app_init ] --START--
INFO: Run Behavior\BuildLiteBehavior [ RunTime:0.000000s ]
INFO: [ app_init ] --END-- [ RunTime:0.000000s ]
ERR: 1146:Table 'sm_web.tp_pi' doesn't exist
 [ SQL语句 ] : SHOW COLUMNS FROM `tp_pi`

[ 2016-10-09T11:51:07+08:00 ] 180.173.105.255 /loanpi.php/Repayment/repay_add/reid/68
INFO: [ app_init ] --START--
INFO: Run Behavior\BuildLiteBehavior [ RunTime:0.000000s ]
INFO: [ app_init ] --END-- [ RunTime:0.000000s ]
ERR: 1146:Table 'sm_web.tp_pi' doesn't exist
 [ SQL语句 ] : SHOW COLUMNS FROM `tp_pi`

[ 2016-10-09T11:51:16+08:00 ] 180.173.104.43 /loanpi.php/Register/reg_start/t/N.html
INFO: [ app_init ] --START--
INFO: Run Behavior\BuildLiteBehavior [ RunTime:0.000000s ]
INFO: [ app_init ] --END-- [ RunTime:0.000000s ]

[ 2016-10-09T11:51:20+08:00 ] 180.173.104.43 /loanpi.php/Register/reg_get_limit
INFO: [ app_init ] --START--
INFO: Run Behavior\BuildLiteBehavior [ RunTime:0.000000s ]
INFO: [ app_init ] --END-- [ RunTime:0.000000s ]
ERR: 1146:Table 'sm_web.tp_pi' doesn't exist
 [ SQL语句 ] : SHOW COLUMNS FROM `tp_pi`

[ 2016-10-09T11:51:31+08:00 ] 180.173.104.43 /loanpi.php/Register/special.html
INFO: [ app_init ] --START--
INFO: Run Behavior\BuildLiteBehavior [ RunTime:0.000000s ]
INFO: [ app_init ] --END-- [ RunTime:0.000000s ]

[ 2016-10-09T11:51:32+08:00 ] 180.173.104.43 /loanpi.php/Register/special_list?_=1475985024495
INFO: [ app_init ] --START--
INFO: Run Behavior\BuildLiteBehavior [ RunTime:0.000000s ]
INFO: [ app_init ] --END-- [ RunTime:0.000977s ]
ERR: 1146:Table 'sm_web.tp_pi' doesn't exist
 [ SQL语句 ] : SHOW COLUMNS FROM `tp_pi`

[ 2016-10-09T11:51:32+08:00 ] 180.173.104.43 /loanpi.php/Public/msg_repayment
INFO: [ app_init ] --START--
INFO: Run Behavior\BuildLiteBehavior [ RunTime:0.000000s ]
INFO: [ app_init ] --END-- [ RunTime:0.000000s ]
ERR: 1146:Table 'sm_web.tp_pi' doesn't exist
 [ SQL语句 ] : SHOW COLUMNS FROM `tp_pi`

[ 2016-10-09T11:51:33+08:00 ] 180.173.104.43 /loanpi.php/Register/reg_special_start/t/S.html
INFO: [ app_init ] --START--
INFO: Run Behavior\BuildLiteBehavior [ RunTime:0.000000s ]
INFO: [ app_init ] --END-- [ RunTime:0.000000s ]

[ 2016-10-09T11:51:36+08:00 ] 180.173.104.43 /loanpi.php/Register/reg_get_limit
INFO: [ app_init ] --START--
INFO: Run Behavior\BuildLiteBehavior [ RunTime:0.000000s ]
INFO: [ app_init ] --END-- [ RunTime:0.000000s ]
ERR: 1146:Table 'sm_web.tp_pi' doesn't exist
 [ SQL语句 ] : SHOW COLUMNS FROM `tp_pi`

[ 2016-10-09T11:51:53+08:00 ] 180.173.104.42 /loanpi.php/Public/msg_repayment
INFO: [ app_init ] --START--
INFO: Run Behavior\BuildLiteBehavior [ RunTime:0.000000s ]
INFO: [ app_init ] --END-- [ RunTime:0.000976s ]
ERR: 1146:Table 'sm_web.tp_pi' doesn't exist
 [ SQL语句 ] : SHOW COLUMNS FROM `tp_pi`

[ 2016-10-09T11:51:53+08:00 ] 180.173.104.42 /loanpi.php/Register/special_list?_=1475985045908
INFO: [ app_init ] --START--
INFO: Run Behavior\BuildLiteBehavior [ RunTime:0.000000s ]
INFO: [ app_init ] --END-- [ RunTime:0.000000s ]
ERR: 1146:Table 'sm_web.tp_pi' doesn't exist
 [ SQL语句 ] : SHOW COLUMNS FROM `tp_pi`

[ 2016-10-09T16:09:48+08:00 ] 180.173.105.255 /loanpi.php/Register/index.html
INFO: [ app_init ] --START--
INFO: Run Behavior\BuildLiteBehavior [ RunTime:0.000000s ]
INFO: [ app_init ] --END-- [ RunTime:0.000000s ]

[ 2016-10-09T16:09:48+08:00 ] 180.173.105.255 /loanpi.php/Login/index.html
INFO: [ app_init ] --START--
INFO: Run Behavior\BuildLiteBehavior [ RunTime:0.000000s ]
INFO: [ app_init ] --END-- [ RunTime:0.000000s ]

[ 2016-10-09T16:09:48+08:00 ] 180.173.105.255 /loanpi.php/Register/index.html
INFO: [ app_init ] --START--
INFO: Run Behavior\BuildLiteBehavior [ RunTime:0.000000s ]
INFO: [ app_init ] --END-- [ RunTime:0.000000s ]

[ 2016-10-09T16:09:51+08:00 ] 180.173.105.255 /loanpi.php/Register/reg_list?_=1476000587975
INFO: [ app_init ] --START--
INFO: Run Behavior\BuildLiteBehavior [ RunTime:0.000000s ]
INFO: [ app_init ] --END-- [ RunTime:0.000000s ]
ERR: 1146:Table 'sm_web.tp_pi' doesn't exist
 [ SQL语句 ] : SHOW COLUMNS FROM `tp_pi`

[ 2016-10-09T16:09:52+08:00 ] 180.173.105.255 /loanpi.php/Public/msg_repayment
INFO: [ app_init ] --START--
INFO: Run Behavior\BuildLiteBehavior [ RunTime:0.000000s ]
INFO: [ app_init ] --END-- [ RunTime:0.000000s ]
ERR: 1146:Table 'sm_web.tp_pi' doesn't exist
 [ SQL语句 ] : SHOW COLUMNS FROM `tp_pi`

[ 2016-10-09T16:09:53+08:00 ] 180.173.105.255 /loanpi.php/Register/reg_start/t/N.html
INFO: [ app_init ] --START--
INFO: Run Behavior\BuildLiteBehavior [ RunTime:0.000000s ]
INFO: [ app_init ] --END-- [ RunTime:0.000000s ]

[ 2016-10-09T16:09:57+08:00 ] 180.173.105.255 /loanpi.php/Register/reg_get_limit
INFO: [ app_init ] --START--
INFO: Run Behavior\BuildLiteBehavior [ RunTime:0.000000s ]
INFO: [ app_init ] --END-- [ RunTime:0.001953s ]
ERR: 1146:Table 'sm_web.tp_pi' doesn't exist
 [ SQL语句 ] : SHOW COLUMNS FROM `tp_pi`

[ 2016-10-09T16:10:39+08:00 ] 180.173.104.42 /loanpi.php/Register/reg_add_do/t/N.html
INFO: [ app_init ] --START--
INFO: Run Behavior\BuildLiteBehavior [ RunTime:0.000000s ]
INFO: [ app_init ] --END-- [ RunTime:0.000000s ]

[ 2016-10-09T16:13:02+08:00 ] 180.173.105.255 /loanpi.php/Register/index.html
INFO: [ app_init ] --START--
INFO: Run Behavior\BuildLiteBehavior [ RunTime:0.000000s ]
INFO: [ app_init ] --END-- [ RunTime:0.000000s ]

[ 2016-10-09T16:13:02+08:00 ] 180.173.105.255 /loanpi.php/Register/reg_list?_=1476000780589
INFO: [ app_init ] --START--
INFO: Run Behavior\BuildLiteBehavior [ RunTime:0.000000s ]
INFO: [ app_init ] --END-- [ RunTime:0.000000s ]
ERR: 1146:Table 'sm_web.tp_pi' doesn't exist
 [ SQL语句 ] : SHOW COLUMNS FROM `tp_pi`

[ 2016-10-09T16:13:02+08:00 ] 180.173.105.255 /loanpi.php/Public/msg_repayment
INFO: [ app_init ] --START--
INFO: Run Behavior\BuildLiteBehavior [ RunTime:0.000000s ]
INFO: [ app_init ] --END-- [ RunTime:0.000000s ]
ERR: 1146:Table 'sm_web.tp_pi' doesn't exist
 [ SQL语句 ] : SHOW COLUMNS FROM `tp_pi`

[ 2016-10-09T16:13:30+08:00 ] 180.173.104.42 /loanpi.php/Register/reg_start/t/N.html
INFO: [ app_init ] --START--
INFO: Run Behavior\BuildLiteBehavior [ RunTime:0.000976s ]
INFO: [ app_init ] --END-- [ RunTime:0.000976s ]

[ 2016-10-09T16:13:33+08:00 ] 180.173.104.42 /loanpi.php/Register/index.html
INFO: [ app_init ] --START--
INFO: Run Behavior\BuildLiteBehavior [ RunTime:0.000000s ]
INFO: [ app_init ] --END-- [ RunTime:0.000977s ]

[ 2016-10-09T16:13:33+08:00 ] 180.173.104.42 /loanpi.php/Register/reg_list?_=1476000811810
INFO: [ app_init ] --START--
INFO: Run Behavior\BuildLiteBehavior [ RunTime:0.000976s ]
INFO: [ app_init ] --END-- [ RunTime:0.000976s ]
ERR: 1146:Table 'sm_web.tp_pi' doesn't exist
 [ SQL语句 ] : SHOW COLUMNS FROM `tp_pi`

[ 2016-10-09T16:13:33+08:00 ] 180.173.105.255 /loanpi.php/Public/msg_repayment
INFO: [ app_init ] --START--
INFO: Run Behavior\BuildLiteBehavior [ RunTime:0.000000s ]
INFO: [ app_init ] --END-- [ RunTime:0.000000s ]
ERR: 1146:Table 'sm_web.tp_pi' doesn't exist
 [ SQL语句 ] : SHOW COLUMNS FROM `tp_pi`

[ 2016-10-09T16:17:08+08:00 ] 180.173.104.42 /loanpi.php/Register/reg_start/t/N.html
INFO: [ app_init ] --START--
INFO: Run Behavior\BuildLiteBehavior [ RunTime:0.000000s ]
INFO: [ app_init ] --END-- [ RunTime:0.000000s ]

[ 2016-10-09T16:17:17+08:00 ] 180.173.104.42 /loanpi.php/Register/reg_get_limit
INFO: [ app_init ] --START--
INFO: Run Behavior\BuildLiteBehavior [ RunTime:0.000000s ]
INFO: [ app_init ] --END-- [ RunTime:0.000000s ]
ERR: 1146:Table 'sm_web.tp_pi' doesn't exist
 [ SQL语句 ] : SHOW COLUMNS FROM `tp_pi`

[ 2016-10-09T16:17:29+08:00 ] 180.173.104.42 /loanpi.php/Register/reg_add_do/t/N.html
INFO: [ app_init ] --START--
INFO: Run Behavior\BuildLiteBehavior [ RunTime:0.000000s ]
INFO: [ app_init ] --END-- [ RunTime:0.000000s ]

[ 2016-10-09T16:18:09+08:00 ] 180.173.104.42 /loanpi.php/Register/index.html
INFO: [ app_init ] --START--
INFO: Run Behavior\BuildLiteBehavior [ RunTime:0.000000s ]
INFO: [ app_init ] --END-- [ RunTime:0.000000s ]

[ 2016-10-09T16:18:09+08:00 ] 180.173.104.42 /loanpi.php/Register/reg_list?_=1476001087929
INFO: [ app_init ] --START--
INFO: Run Behavior\BuildLiteBehavior [ RunTime:0.000000s ]
INFO: [ app_init ] --END-- [ RunTime:0.000976s ]
ERR: 1146:Table 'sm_web.tp_pi' doesn't exist
 [ SQL语句 ] : SHOW COLUMNS FROM `tp_pi`

[ 2016-10-09T16:18:09+08:00 ] 180.173.104.43 /loanpi.php/Public/msg_repayment
INFO: [ app_init ] --START--
INFO: Run Behavior\BuildLiteBehavior [ RunTime:0.000000s ]
INFO: [ app_init ] --END-- [ RunTime:0.000000s ]
ERR: 1146:Table 'sm_web.tp_pi' doesn't exist
 [ SQL语句 ] : SHOW COLUMNS FROM `tp_pi`

[ 2016-10-09T16:19:46+08:00 ] 180.173.104.42 /loanpi.php/Register/index.html
INFO: [ app_init ] --START--
INFO: Run Behavior\BuildLiteBehavior [ RunTime:0.000000s ]
INFO: [ app_init ] --END-- [ RunTime:0.000000s ]

[ 2016-10-09T16:19:47+08:00 ] 180.173.104.42 /loanpi.php/Register/reg_list?_=1476001185473
INFO: [ app_init ] --START--
INFO: Run Behavior\BuildLiteBehavior [ RunTime:0.000000s ]
INFO: [ app_init ] --END-- [ RunTime:0.000000s ]
ERR: 1146:Table 'sm_web.tp_pi' doesn't exist
 [ SQL语句 ] : SHOW COLUMNS FROM `tp_pi`

[ 2016-10-09T16:19:47+08:00 ] 180.173.104.42 /loanpi.php/Public/msg_repayment
INFO: [ app_init ] --START--
INFO: Run Behavior\BuildLiteBehavior [ RunTime:0.000000s ]
INFO: [ app_init ] --END-- [ RunTime:0.000000s ]
ERR: 1146:Table 'sm_web.tp_pi' doesn't exist
 [ SQL语句 ] : SHOW COLUMNS FROM `tp_pi`

[ 2016-10-09T16:19:53+08:00 ] 180.173.104.43 /loanpi.php/Register/index.html
INFO: [ app_init ] --START--
INFO: Run Behavior\BuildLiteBehavior [ RunTime:0.000000s ]
INFO: [ app_init ] --END-- [ RunTime:0.000976s ]

[ 2016-10-09T16:19:53+08:00 ] 180.173.104.43 /loanpi.php/Register/reg_list?_=1476001192139
INFO: [ app_init ] --START--
INFO: Run Behavior\BuildLiteBehavior [ RunTime:0.000000s ]
INFO: [ app_init ] --END-- [ RunTime:0.000000s ]
ERR: 1146:Table 'sm_web.tp_pi' doesn't exist
 [ SQL语句 ] : SHOW COLUMNS FROM `tp_pi`

[ 2016-10-09T16:19:54+08:00 ] 180.173.104.43 /loanpi.php/Public/msg_repayment
INFO: [ app_init ] --START--
INFO: Run Behavior\BuildLiteBehavior [ RunTime:0.000000s ]
INFO: [ app_init ] --END-- [ RunTime:0.000000s ]
ERR: 1146:Table 'sm_web.tp_pi' doesn't exist
 [ SQL语句 ] : SHOW COLUMNS FROM `tp_pi`

[ 2016-10-09T16:19:57+08:00 ] 180.173.104.43 /loanpi.php/Register/index.html
INFO: [ app_init ] --START--
INFO: Run Behavior\BuildLiteBehavior [ RunTime:0.000000s ]
INFO: [ app_init ] --END-- [ RunTime:0.000000s ]

[ 2016-10-09T16:19:57+08:00 ] 180.173.104.43 /loanpi.php/Public/msg_repayment
INFO: [ app_init ] --START--
INFO: Run Behavior\BuildLiteBehavior [ RunTime:0.000000s ]
INFO: [ app_init ] --END-- [ RunTime:0.000000s ]
ERR: 1146:Table 'sm_web.tp_pi' doesn't exist
 [ SQL语句 ] : SHOW COLUMNS FROM `tp_pi`

[ 2016-10-09T16:19:57+08:00 ] 180.173.104.43 /loanpi.php/Register/reg_list?_=1476001195987
INFO: [ app_init ] --START--
INFO: Run Behavior\BuildLiteBehavior [ RunTime:0.000000s ]
INFO: [ app_init ] --END-- [ RunTime:0.000977s ]
ERR: 1146:Table 'sm_web.tp_pi' doesn't exist
 [ SQL语句 ] : SHOW COLUMNS FROM `tp_pi`

[ 2016-10-09T16:20:02+08:00 ] 180.173.104.43 /loanpi.php/Register/index.html
INFO: [ app_init ] --START--
INFO: Run Behavior\BuildLiteBehavior [ RunTime:0.000000s ]
INFO: [ app_init ] --END-- [ RunTime:0.000000s ]

[ 2016-10-09T16:20:02+08:00 ] 180.173.104.43 /loanpi.php/Register/reg_list?_=1476001201143
INFO: [ app_init ] --START--
INFO: Run Behavior\BuildLiteBehavior [ RunTime:0.000000s ]
INFO: [ app_init ] --END-- [ RunTime:0.000977s ]
ERR: 1146:Table 'sm_web.tp_pi' doesn't exist
 [ SQL语句 ] : SHOW COLUMNS FROM `tp_pi`

[ 2016-10-09T16:20:03+08:00 ] 180.173.104.43 /loanpi.php/Public/msg_repayment
INFO: [ app_init ] --START--
INFO: Run Behavior\BuildLiteBehavior [ RunTime:0.000000s ]
INFO: [ app_init ] --END-- [ RunTime:0.000000s ]
ERR: 1146:Table 'sm_web.tp_pi' doesn't exist
 [ SQL语句 ] : SHOW COLUMNS FROM `tp_pi`

[ 2016-10-09T16:21:50+08:00 ] 180.173.104.42 /loanpi.php/Register/index.html
INFO: [ app_init ] --START--
INFO: Run Behavior\BuildLiteBehavior [ RunTime:0.000000s ]
INFO: [ app_init ] --END-- [ RunTime:0.000000s ]

[ 2016-10-09T16:21:50+08:00 ] 180.173.104.42 /loanpi.php/Register/reg_list?_=1476001308911
INFO: [ app_init ] --START--
INFO: Run Behavior\BuildLiteBehavior [ RunTime:0.000000s ]
INFO: [ app_init ] --END-- [ RunTime:0.000000s ]
ERR: 1146:Table 'sm_web.tp_pi' doesn't exist
 [ SQL语句 ] : SHOW COLUMNS FROM `tp_pi`

[ 2016-10-09T16:21:50+08:00 ] 180.173.104.42 /loanpi.php/Public/msg_repayment
INFO: [ app_init ] --START--
INFO: Run Behavior\BuildLiteBehavior [ RunTime:0.000000s ]
INFO: [ app_init ] --END-- [ RunTime:0.000977s ]
ERR: 1146:Table 'sm_web.tp_pi' doesn't exist
 [ SQL语句 ] : SHOW COLUMNS FROM `tp_pi`

[ 2016-10-09T16:41:17+08:00 ] 180.173.104.42 /loanpi.php
INFO: [ app_init ] --START--
INFO: Run Behavior\BuildLiteBehavior [ RunTime:0.000000s ]
INFO: [ app_init ] --END-- [ RunTime:0.000000s ]

[ 2016-10-09T16:41:17+08:00 ] 180.173.104.42 /loanpi.php/Login/index.html
INFO: [ app_init ] --START--
INFO: Run Behavior\BuildLiteBehavior [ RunTime:0.000000s ]
INFO: [ app_init ] --END-- [ RunTime:0.000977s ]

[ 2016-10-09T16:41:17+08:00 ] 180.173.104.42 /loanpi.php/Register/index.html
INFO: [ app_init ] --START--
INFO: Run Behavior\BuildLiteBehavior [ RunTime:0.000000s ]
INFO: [ app_init ] --END-- [ RunTime:0.000000s ]

[ 2016-10-09T16:41:23+08:00 ] 180.173.105.255 /loanpi.php/Public/msg_repayment
INFO: [ app_init ] --START--
INFO: Run Behavior\BuildLiteBehavior [ RunTime:0.000000s ]
INFO: [ app_init ] --END-- [ RunTime:0.000000s ]
ERR: 1146:Table 'sm_web.tp_pi' doesn't exist
 [ SQL语句 ] : SHOW COLUMNS FROM `tp_pi`

[ 2016-10-09T16:41:24+08:00 ] 180.173.105.255 /loanpi.php/Register/reg_list?_=1476002476599
INFO: [ app_init ] --START--
INFO: Run Behavior\BuildLiteBehavior [ RunTime:0.000000s ]
INFO: [ app_init ] --END-- [ RunTime:0.000000s ]
ERR: 1146:Table 'sm_web.tp_pi' doesn't exist
 [ SQL语句 ] : SHOW COLUMNS FROM `tp_pi`

