[ 2016-10-14T09:38:57+08:00 ] 180.173.104.42 /loanpi.php
INFO: [ app_init ] --START--
INFO: Run Behavior\BuildLiteBehavior [ RunTime:0.000000s ]
INFO: [ app_init ] --END-- [ RunTime:0.000977s ]

[ 2016-10-14T09:38:58+08:00 ] 180.173.104.42 /loanpi.php/Login/index.html
INFO: [ app_init ] --START--
INFO: Run Behavior\BuildLiteBehavior [ RunTime:0.000000s ]
INFO: [ app_init ] --END-- [ RunTime:0.000000s ]

[ 2016-10-14T09:39:27+08:00 ] 180.173.105.255 /loanpi.php
INFO: [ app_init ] --START--
INFO: Run Behavior\BuildLiteBehavior [ RunTime:0.000000s ]
INFO: [ app_init ] --END-- [ RunTime:0.000000s ]
ERR: 1146:Table 'sm_web.tp_pi' doesn't exist
 [ SQL语句 ] : SHOW COLUMNS FROM `tp_pi`

[ 2016-10-14T09:39:27+08:00 ] 180.173.105.255 /loanpi.php/Register/reg_list?_=1476409089957
INFO: [ app_init ] --START--
INFO: Run Behavior\BuildLiteBehavior [ RunTime:0.000000s ]
INFO: [ app_init ] --END-- [ RunTime:0.000976s ]
ERR: 1146:Table 'sm_web.tp_pi' doesn't exist
 [ SQL语句 ] : SHOW COLUMNS FROM `tp_pi`

[ 2016-10-14T09:39:27+08:00 ] 180.173.105.255 /loanpi.php/Public/msg_repayment
INFO: [ app_init ] --START--
INFO: Run Behavior\BuildLiteBehavior [ RunTime:0.000000s ]
INFO: [ app_init ] --END-- [ RunTime:0.000000s ]
ERR: 1146:Table 'sm_web.tp_pi' doesn't exist
 [ SQL语句 ] : SHOW COLUMNS FROM `tp_pi`

