[ 2016-11-11T10:55:07+08:00 ] 10.90.19.36 /loanpi.php/Service/upstatementdo?wsdl
INFO: [ app_init ] --START--
INFO: Run Behavior\BuildLiteBehavior [ RunTime:0.000000s ]
INFO: [ app_init ] --END-- [ RunTime:0.000000s ]
ERR: 非法操作:upstatementdo

[ 2016-11-11T11:00:07+08:00 ] 10.90.19.36 /loanpi.php/Service/upstatementdo?wsdl
INFO: [ app_init ] --START--
INFO: Run Behavior\BuildLiteBehavior [ RunTime:0.000000s ]
INFO: [ app_init ] --END-- [ RunTime:0.000000s ]
ERR: 非法操作:upstatementdo

[ 2016-11-11T11:05:07+08:00 ] 10.90.19.36 /loanpi.php/Service/upstatementdo?wsdl
INFO: [ app_init ] --START--
INFO: Run Behavior\BuildLiteBehavior [ RunTime:0.000000s ]
INFO: [ app_init ] --END-- [ RunTime:0.000000s ]
ERR: 非法操作:upstatementdo

[ 2016-11-11T11:10:07+08:00 ] 10.90.19.36 /loanpi.php/Service/upstatementdo?wsdl
INFO: [ app_init ] --START--
INFO: Run Behavior\BuildLiteBehavior [ RunTime:0.000000s ]
INFO: [ app_init ] --END-- [ RunTime:0.000000s ]
ERR: 非法操作:upstatementdo

