[ 2016-09-23T11:42:35+08:00 ] 180.173.104.42 /loanpiadmin.php
INFO: [ app_init ] --START--
INFO: Run Behavior\BuildLiteBehavior [ RunTime:0.000000s ]
INFO: [ app_init ] --END-- [ RunTime:0.000000s ]

[ 2016-09-23T11:42:35+08:00 ] 180.173.104.42 /loanpiadmin.php/Login/index.html
INFO: [ app_init ] --START--
INFO: Run Behavior\BuildLiteBehavior [ RunTime:0.000000s ]
INFO: [ app_init ] --END-- [ RunTime:0.000000s ]

[ 2016-09-23T11:42:42+08:00 ] 180.173.104.43 /loanpiadmin.php/Login/checklogin.html
INFO: [ app_init ] --START--
INFO: Run Behavior\BuildLiteBehavior [ RunTime:0.000000s ]
INFO: [ app_init ] --END-- [ RunTime:0.000000s ]
INFO: [ app_begin ] --START--
INFO: Run Behavior\ReadHtmlCacheBehavior [ RunTime:0.000977s ]
INFO: [ app_begin ] --END-- [ RunTime:0.000977s ]
NOTIC: [8] Undefined index: HTTP_CDN_SRC_IP D:\wwwroot\httpdocs20160331\httpdocs\Application\Loanpi\Admin\Controller\LoginController.class.php 第 27 行.
NOTIC: [8192] mysql_connect(): The mysql extension is deprecated and will be removed in the future: use mysqli or PDO instead D:\wwwroot\httpdocs20160331\httpdocs\ThinkPHP\Library\Think\Db\Driver\Mysql.class.php 第 52 行.
SQL: SHOW COLUMNS FROM `tp_loan_admin` [ RunTime:0.005860s ]
SQL: SELECT * FROM `tp_loan_admin` WHERE `user_name` = 'admin' LIMIT 1   [ RunTime:0.006837s ]
SQL: SHOW COLUMNS FROM `tp_loan_dmin_loginlogs` [ RunTime:0.005860s ]
ERR: 1146:Table 'sm_web.tp_loan_dmin_loginlogs' doesn't exist
 [ SQL语句 ] : SHOW COLUMNS FROM `tp_loan_dmin_loginlogs`
SQL: INSERT INTO `tp_loan_dmin_loginlogs` (`user_id`,`time`,`ip`,`contents`) VALUES ('admin',1474602162,null,'账号admin登录成功！') [ RunTime:0.004883s ]
ERR: 1146:Table 'sm_web.tp_loan_dmin_loginlogs' doesn't exist
 [ SQL语句 ] : INSERT INTO `tp_loan_dmin_loginlogs` (`user_id`,`time`,`ip`,`contents`) VALUES ('admin',1474602162,null,'账号admin登录成功！')
SQL: SHOW COLUMNS FROM `tp_admin` [ RunTime:0.007812s ]
SQL: UPDATE `tp_admin` SET `last_time`=1474602162 WHERE `user_id` = 'admin' [ RunTime:0.009766s ]

[ 2016-09-23T11:42:42+08:00 ] 180.173.104.43 /loanpiadmin.php/Index/index.html
INFO: [ app_init ] --START--
INFO: Run Behavior\BuildLiteBehavior [ RunTime:0.000000s ]
INFO: [ app_init ] --END-- [ RunTime:0.000000s ]

[ 2016-09-23T11:42:42+08:00 ] 180.173.104.43 /loanpiadmin.php/Index/register.html
INFO: [ app_init ] --START--
INFO: Run Behavior\BuildLiteBehavior [ RunTime:0.000000s ]
INFO: [ app_init ] --END-- [ RunTime:0.000000s ]

[ 2016-09-23T11:42:43+08:00 ] 180.173.104.43 /loanpiadmin.php/Index/register_list?_=1474602154832
INFO: [ app_init ] --START--
INFO: Run Behavior\BuildLiteBehavior [ RunTime:0.000000s ]
INFO: [ app_init ] --END-- [ RunTime:0.000000s ]
INFO: [ app_begin ] --START--
INFO: Run Behavior\ReadHtmlCacheBehavior [ RunTime:0.000000s ]
INFO: [ app_begin ] --END-- [ RunTime:0.000976s ]
NOTIC: [8192] mysql_connect(): The mysql extension is deprecated and will be removed in the future: use mysqli or PDO instead D:\wwwroot\httpdocs20160331\httpdocs\ThinkPHP\Library\Think\Db\Driver\Mysql.class.php 第 52 行.
SQL: SHOW COLUMNS FROM `tp_loan_admin` [ RunTime:0.006837s ]
SQL: SELECT * FROM `tp_loan_admin` WHERE `id` = 1 LIMIT 1   [ RunTime:0.212899s ]
SQL: SHOW COLUMNS FROM `tp_loan_register` [ RunTime:0.006836s ]
SQL: SHOW COLUMNS FROM `tp_loan_register` [ RunTime:0.006836s ]
SQL: SELECT * FROM `tp_loan_register`  [ RunTime:0.007813s ]
SQL: SHOW COLUMNS FROM `tp_loan_repayment` [ RunTime:0.006836s ]
SQL: SHOW COLUMNS FROM `tp_loan_repayment` [ RunTime:0.008789s ]
SQL: SELECT SUM(rep_amount) AS tp_sum FROM `tp_loan_repayment` WHERE ( sap_code = '0000000046' and rep_status = 1 ) LIMIT 1   [ RunTime:0.006836s ]
SQL: SELECT SUM(rep_amount) AS tp_sum FROM `tp_loan_repayment` WHERE ( sap_code = '0000000047' and rep_status = 1 ) LIMIT 1   [ RunTime:0.005859s ]
SQL: SELECT SUM(rep_amount) AS tp_sum FROM `tp_loan_repayment` WHERE ( sap_code = '0000000048' and rep_status = 1 ) LIMIT 1   [ RunTime:0.004883s ]
SQL: SELECT SUM(rep_amount) AS tp_sum FROM `tp_loan_repayment` WHERE ( sap_code = '0000000053' and rep_status = 1 ) LIMIT 1   [ RunTime:0.005859s ]
SQL: SELECT SUM(rep_amount) AS tp_sum FROM `tp_loan_repayment` WHERE ( sap_code = '0000000054' and rep_status = 1 ) LIMIT 1   [ RunTime:0.004883s ]
SQL: SELECT SUM(rep_amount) AS tp_sum FROM `tp_loan_repayment` WHERE ( sap_code = '0000000056' and rep_status = 1 ) LIMIT 1   [ RunTime:0.011720s ]

[ 2016-09-23T11:42:57+08:00 ] 180.173.104.42 /loanpiadmin.php/Index/view_repay/id/6
INFO: [ app_init ] --START--
INFO: Run Behavior\BuildLiteBehavior [ RunTime:0.000000s ]
INFO: [ app_init ] --END-- [ RunTime:0.000000s ]
INFO: [ app_begin ] --START--
INFO: Run Behavior\ReadHtmlCacheBehavior [ RunTime:0.000977s ]
INFO: [ app_begin ] --END-- [ RunTime:0.000977s ]
NOTIC: [8192] mysql_connect(): The mysql extension is deprecated and will be removed in the future: use mysqli or PDO instead D:\wwwroot\httpdocs20160331\httpdocs\ThinkPHP\Library\Think\Db\Driver\Mysql.class.php 第 52 行.
SQL: SHOW COLUMNS FROM `tp_loan_admin` [ RunTime:0.007813s ]
SQL: SELECT * FROM `tp_loan_admin` WHERE `id` = 1 LIMIT 1   [ RunTime:0.005860s ]
SQL: SHOW COLUMNS FROM `tp_loan_register` [ RunTime:0.006836s ]
SQL: SHOW COLUMNS FROM `tp_loan_register` [ RunTime:0.006836s ]
SQL: SELECT * FROM `tp_loan_register` WHERE ( id =6 ) LIMIT 1   [ RunTime:0.006836s ]
SQL: SHOW COLUMNS FROM `tp_loan_repayment` [ RunTime:0.006836s ]
SQL: SHOW COLUMNS FROM `tp_loan_repayment` [ RunTime:0.006837s ]
SQL: SELECT * FROM `tp_loan_repayment` WHERE ( sap_code = '0000000056' )  [ RunTime:0.006836s ]
INFO: [ view_parse ] --START--
INFO: [ template_filter ] --START--
INFO: Run Behavior\ContentReplaceBehavior [ RunTime:0.000000s ]
INFO: [ template_filter ] --END-- [ RunTime:0.000000s ]
INFO: Run Behavior\ParseTemplateBehavior [ RunTime:0.011719s ]
INFO: [ view_parse ] --END-- [ RunTime:0.012696s ]
INFO: [ view_filter ] --START--
INFO: Run Behavior\WriteHtmlCacheBehavior [ RunTime:0.000000s ]
INFO: Run Behavior\TokenBuildBehavior [ RunTime:0.000976s ]
INFO: [ view_filter ] --END-- [ RunTime:0.001953s ]
INFO: [ app_end ] --START--
INFO: Run Behavior\ShowPageTraceBehavior [ RunTime:0.000976s ]
INFO: [ app_end ] --END-- [ RunTime:0.000976s ]

