[ 2016-09-22T13:49:47+08:00 ] 180.173.104.42 /loanpiadmin.php
INFO: [ app_init ] --START--
INFO: Run Behavior\BuildLiteBehavior [ RunTime:0.000000s ]
INFO: [ app_init ] --END-- [ RunTime:0.000000s ]

[ 2016-09-22T13:49:47+08:00 ] 180.173.104.42 /loanpiadmin.php/Login/index.html
INFO: [ app_init ] --START--
INFO: Run Behavior\BuildLiteBehavior [ RunTime:0.000000s ]
INFO: [ app_init ] --END-- [ RunTime:0.000000s ]

[ 2016-09-22T13:50:04+08:00 ] 180.173.104.43 /loanpiadmin.php/Login/checklogin.html
INFO: [ app_init ] --START--
INFO: Run Behavior\BuildLiteBehavior [ RunTime:0.000000s ]
INFO: [ app_init ] --END-- [ RunTime:0.000976s ]
INFO: [ app_begin ] --START--
INFO: Run Behavior\ReadHtmlCacheBehavior [ RunTime:0.000976s ]
INFO: [ app_begin ] --END-- [ RunTime:0.000976s ]
NOTIC: [8] Undefined index: HTTP_CDN_SRC_IP D:\wwwroot\httpdocs20160331\httpdocs\Application\Loanpi\Admin\Controller\LoginController.class.php 第 27 行.
NOTIC: [8192] mysql_connect(): The mysql extension is deprecated and will be removed in the future: use mysqli or PDO instead D:\wwwroot\httpdocs20160331\httpdocs\ThinkPHP\Library\Think\Db\Driver\Mysql.class.php 第 52 行.
SQL: SHOW COLUMNS FROM `tp_loan_admin` [ RunTime:0.007812s ]
SQL: SELECT * FROM `tp_loan_admin` WHERE `user_name` = 'admin' LIMIT 1   [ RunTime:0.005859s ]
SQL: SHOW COLUMNS FROM `tp_loan_dmin_loginlogs` [ RunTime:0.004882s ]
ERR: 1146:Table 'sm_web.tp_loan_dmin_loginlogs' doesn't exist
 [ SQL语句 ] : SHOW COLUMNS FROM `tp_loan_dmin_loginlogs`
SQL: INSERT INTO `tp_loan_dmin_loginlogs` (`user_id`,`time`,`ip`,`contents`) VALUES (null,1474523404,null,'账号admin不存在！') [ RunTime:0.005859s ]
ERR: 1146:Table 'sm_web.tp_loan_dmin_loginlogs' doesn't exist
 [ SQL语句 ] : INSERT INTO `tp_loan_dmin_loginlogs` (`user_id`,`time`,`ip`,`contents`) VALUES (null,1474523404,null,'账号admin不存在！')

[ 2016-09-22T13:50:15+08:00 ] 180.173.104.42 /loanpiadmin.php/Login/checklogin.html
INFO: [ app_init ] --START--
INFO: Run Behavior\BuildLiteBehavior [ RunTime:0.000000s ]
INFO: [ app_init ] --END-- [ RunTime:0.000000s ]
INFO: [ app_begin ] --START--
INFO: Run Behavior\ReadHtmlCacheBehavior [ RunTime:0.000976s ]
INFO: [ app_begin ] --END-- [ RunTime:0.000976s ]
NOTIC: [8] Undefined index: HTTP_CDN_SRC_IP D:\wwwroot\httpdocs20160331\httpdocs\Application\Loanpi\Admin\Controller\LoginController.class.php 第 27 行.
NOTIC: [8192] mysql_connect(): The mysql extension is deprecated and will be removed in the future: use mysqli or PDO instead D:\wwwroot\httpdocs20160331\httpdocs\ThinkPHP\Library\Think\Db\Driver\Mysql.class.php 第 52 行.
SQL: SHOW COLUMNS FROM `tp_loan_admin` [ RunTime:0.006836s ]
SQL: SELECT * FROM `tp_loan_admin` WHERE `user_name` = 'admin' LIMIT 1   [ RunTime:0.005859s ]
SQL: SHOW COLUMNS FROM `tp_loan_dmin_loginlogs` [ RunTime:0.005859s ]
ERR: 1146:Table 'sm_web.tp_loan_dmin_loginlogs' doesn't exist
 [ SQL语句 ] : SHOW COLUMNS FROM `tp_loan_dmin_loginlogs`
SQL: INSERT INTO `tp_loan_dmin_loginlogs` (`user_id`,`time`,`ip`,`contents`) VALUES (null,1474523415,null,'账号admin不存在！') [ RunTime:0.005859s ]
ERR: 1146:Table 'sm_web.tp_loan_dmin_loginlogs' doesn't exist
 [ SQL语句 ] : INSERT INTO `tp_loan_dmin_loginlogs` (`user_id`,`time`,`ip`,`contents`) VALUES (null,1474523415,null,'账号admin不存在！')

[ 2016-09-22T13:50:22+08:00 ] 180.173.104.43 /loanpiadmin.php/Login/checklogin.html
INFO: [ app_init ] --START--
INFO: Run Behavior\BuildLiteBehavior [ RunTime:0.000000s ]
INFO: [ app_init ] --END-- [ RunTime:0.000000s ]
INFO: [ app_begin ] --START--
INFO: Run Behavior\ReadHtmlCacheBehavior [ RunTime:0.000977s ]
INFO: [ app_begin ] --END-- [ RunTime:0.000977s ]
NOTIC: [8] Undefined index: HTTP_CDN_SRC_IP D:\wwwroot\httpdocs20160331\httpdocs\Application\Loanpi\Admin\Controller\LoginController.class.php 第 27 行.
NOTIC: [8192] mysql_connect(): The mysql extension is deprecated and will be removed in the future: use mysqli or PDO instead D:\wwwroot\httpdocs20160331\httpdocs\ThinkPHP\Library\Think\Db\Driver\Mysql.class.php 第 52 行.
SQL: SHOW COLUMNS FROM `tp_loan_admin` [ RunTime:0.006835s ]
SQL: SELECT * FROM `tp_loan_admin` WHERE `user_name` = 'admin' LIMIT 1   [ RunTime:0.006835s ]
SQL: SHOW COLUMNS FROM `tp_loan_dmin_loginlogs` [ RunTime:0.005859s ]
ERR: 1146:Table 'sm_web.tp_loan_dmin_loginlogs' doesn't exist
 [ SQL语句 ] : SHOW COLUMNS FROM `tp_loan_dmin_loginlogs`
SQL: INSERT INTO `tp_loan_dmin_loginlogs` (`user_id`,`time`,`ip`,`contents`) VALUES (null,1474523422,null,'账号admin不存在！') [ RunTime:0.005859s ]
ERR: 1146:Table 'sm_web.tp_loan_dmin_loginlogs' doesn't exist
 [ SQL语句 ] : INSERT INTO `tp_loan_dmin_loginlogs` (`user_id`,`time`,`ip`,`contents`) VALUES (null,1474523422,null,'账号admin不存在！')

[ 2016-09-22T13:50:32+08:00 ] 180.173.104.42 /loanpiadmin.php/Login/checklogin.html
INFO: [ app_init ] --START--
INFO: Run Behavior\BuildLiteBehavior [ RunTime:0.000000s ]
INFO: [ app_init ] --END-- [ RunTime:0.000000s ]
INFO: [ app_begin ] --START--
INFO: Run Behavior\ReadHtmlCacheBehavior [ RunTime:0.000977s ]
INFO: [ app_begin ] --END-- [ RunTime:0.000977s ]
NOTIC: [8] Undefined index: HTTP_CDN_SRC_IP D:\wwwroot\httpdocs20160331\httpdocs\Application\Loanpi\Admin\Controller\LoginController.class.php 第 27 行.
NOTIC: [8192] mysql_connect(): The mysql extension is deprecated and will be removed in the future: use mysqli or PDO instead D:\wwwroot\httpdocs20160331\httpdocs\ThinkPHP\Library\Think\Db\Driver\Mysql.class.php 第 52 行.
SQL: SHOW COLUMNS FROM `tp_loan_admin` [ RunTime:0.005859s ]
SQL: SELECT * FROM `tp_loan_admin` WHERE `user_name` = 'admin' LIMIT 1   [ RunTime:0.006835s ]
SQL: SHOW COLUMNS FROM `tp_loan_dmin_loginlogs` [ RunTime:0.005859s ]
ERR: 1146:Table 'sm_web.tp_loan_dmin_loginlogs' doesn't exist
 [ SQL语句 ] : SHOW COLUMNS FROM `tp_loan_dmin_loginlogs`
SQL: INSERT INTO `tp_loan_dmin_loginlogs` (`user_id`,`time`,`ip`,`contents`) VALUES (null,1474523432,null,'账号admin不存在！') [ RunTime:0.005859s ]
ERR: 1146:Table 'sm_web.tp_loan_dmin_loginlogs' doesn't exist
 [ SQL语句 ] : INSERT INTO `tp_loan_dmin_loginlogs` (`user_id`,`time`,`ip`,`contents`) VALUES (null,1474523432,null,'账号admin不存在！')

[ 2016-09-22T15:25:41+08:00 ] 180.173.104.42 /loanpiadmin.php
INFO: [ app_init ] --START--
INFO: Run Behavior\BuildLiteBehavior [ RunTime:0.000000s ]
INFO: [ app_init ] --END-- [ RunTime:0.000000s ]

[ 2016-09-22T15:25:41+08:00 ] 180.173.104.42 /loanpiadmin.php/Login/index.html
INFO: [ app_init ] --START--
INFO: Run Behavior\BuildLiteBehavior [ RunTime:0.000000s ]
INFO: [ app_init ] --END-- [ RunTime:0.000000s ]

[ 2016-09-22T15:25:49+08:00 ] 180.173.104.42 /loanpiadmin.php/Login/checklogin.html
INFO: [ app_init ] --START--
INFO: Run Behavior\BuildLiteBehavior [ RunTime:0.000977s ]
INFO: [ app_init ] --END-- [ RunTime:0.000977s ]
INFO: [ app_begin ] --START--
INFO: Run Behavior\ReadHtmlCacheBehavior [ RunTime:0.000977s ]
INFO: [ app_begin ] --END-- [ RunTime:0.000977s ]
NOTIC: [8] Undefined index: HTTP_CDN_SRC_IP D:\wwwroot\httpdocs20160331\httpdocs\Application\Loanpi\Admin\Controller\LoginController.class.php 第 27 行.
NOTIC: [8192] mysql_connect(): The mysql extension is deprecated and will be removed in the future: use mysqli or PDO instead D:\wwwroot\httpdocs20160331\httpdocs\ThinkPHP\Library\Think\Db\Driver\Mysql.class.php 第 52 行.
SQL: SHOW COLUMNS FROM `tp_loan_admin` [ RunTime:0.006837s ]
SQL: SELECT * FROM `tp_loan_admin` WHERE `user_name` = 'admin' LIMIT 1   [ RunTime:0.006836s ]
SQL: SHOW COLUMNS FROM `tp_loan_dmin_loginlogs` [ RunTime:0.006836s ]
ERR: 1146:Table 'sm_web.tp_loan_dmin_loginlogs' doesn't exist
 [ SQL语句 ] : SHOW COLUMNS FROM `tp_loan_dmin_loginlogs`
SQL: INSERT INTO `tp_loan_dmin_loginlogs` (`user_id`,`time`,`ip`,`contents`) VALUES ('admin',1474529149,null,'账号admin登录成功！') [ RunTime:0.005859s ]
ERR: 1146:Table 'sm_web.tp_loan_dmin_loginlogs' doesn't exist
 [ SQL语句 ] : INSERT INTO `tp_loan_dmin_loginlogs` (`user_id`,`time`,`ip`,`contents`) VALUES ('admin',1474529149,null,'账号admin登录成功！')
SQL: SHOW COLUMNS FROM `tp_admin` [ RunTime:0.006836s ]
SQL: UPDATE `tp_admin` SET `last_time`=1474529149 WHERE `user_id` = 'admin' [ RunTime:0.009766s ]

[ 2016-09-22T15:25:49+08:00 ] 180.173.104.42 /loanpiadmin.php/Index/index.html
INFO: [ app_init ] --START--
INFO: Run Behavior\BuildLiteBehavior [ RunTime:0.000000s ]
INFO: [ app_init ] --END-- [ RunTime:0.000000s ]

[ 2016-09-22T15:25:49+08:00 ] 180.173.104.42 /loanpiadmin.php/Index/register.html
INFO: [ app_init ] --START--
INFO: Run Behavior\BuildLiteBehavior [ RunTime:0.000000s ]
INFO: [ app_init ] --END-- [ RunTime:0.000000s ]

[ 2016-09-22T15:25:50+08:00 ] 180.173.104.42 /loanpiadmin.php/Index/register_list?_=1474529142598
INFO: [ app_init ] --START--
INFO: Run Behavior\BuildLiteBehavior [ RunTime:0.000000s ]
INFO: [ app_init ] --END-- [ RunTime:0.000976s ]
INFO: [ app_begin ] --START--
INFO: Run Behavior\ReadHtmlCacheBehavior [ RunTime:0.000976s ]
INFO: [ app_begin ] --END-- [ RunTime:0.001953s ]
NOTIC: [8192] mysql_connect(): The mysql extension is deprecated and will be removed in the future: use mysqli or PDO instead D:\wwwroot\httpdocs20160331\httpdocs\ThinkPHP\Library\Think\Db\Driver\Mysql.class.php 第 52 行.
SQL: SHOW COLUMNS FROM `tp_loan_admin` [ RunTime:0.006836s ]
SQL: SELECT * FROM `tp_loan_admin` WHERE `id` = 1 LIMIT 1   [ RunTime:0.005860s ]
SQL: SHOW COLUMNS FROM `tp_loan_register` [ RunTime:0.006836s ]
SQL: SHOW COLUMNS FROM `tp_loan_register` [ RunTime:0.006836s ]
SQL: SELECT * FROM `tp_loan_register`  [ RunTime:0.006836s ]
NOTIC: [8] Undefined variable: row D:\wwwroot\httpdocs20160331\httpdocs\Application\Loanpi\Admin\Controller\IndexController.class.php 第 161 行.
NOTIC: [8] Trying to get property of non-object D:\wwwroot\httpdocs20160331\httpdocs\Application\Loanpi\Admin\Controller\IndexController.class.php 第 161 行.
SQL: SHOW COLUMNS FROM `tp_loan_repayment` [ RunTime:0.006836s ]
SQL: SHOW COLUMNS FROM `tp_loan_repayment` [ RunTime:0.005860s ]
SQL: SELECT SUM(rep_amount) AS tp_sum FROM `tp_loan_repayment` WHERE ( sap_code = '0000000046' and rep_status = 1 ) LIMIT 1   [ RunTime:0.004883s ]
SQL: SELECT SUM(rep_amount) AS tp_sum FROM `tp_loan_repayment` WHERE ( sap_code = '0000000047' and rep_status = 1 ) LIMIT 1   [ RunTime:0.006837s ]
SQL: SELECT SUM(rep_amount) AS tp_sum FROM `tp_loan_repayment` WHERE ( sap_code = '0000000048' and rep_status = 1 ) LIMIT 1   [ RunTime:0.004883s ]
NOTIC: [8] Undefined variable: row D:\wwwroot\httpdocs20160331\httpdocs\Application\Loanpi\Admin\Controller\IndexController.class.php 第 161 行.
NOTIC: [8] Trying to get property of non-object D:\wwwroot\httpdocs20160331\httpdocs\Application\Loanpi\Admin\Controller\IndexController.class.php 第 161 行.
SQL: SELECT SUM(rep_amount) AS tp_sum FROM `tp_loan_repayment` WHERE ( sap_code = '0000000053' and rep_status = 1 ) LIMIT 1   [ RunTime:0.004883s ]
SQL: SELECT SUM(rep_amount) AS tp_sum FROM `tp_loan_repayment` WHERE ( sap_code = '0000000054' and rep_status = 1 ) LIMIT 1   [ RunTime:0.005860s ]
SQL: SELECT SUM(rep_amount) AS tp_sum FROM `tp_loan_repayment` WHERE ( sap_code = '0000000056' and rep_status = 1 ) LIMIT 1   [ RunTime:0.005860s ]

[ 2016-09-22T15:25:58+08:00 ] 180.173.105.255 /loanpiadmin.php/Index/view_repay/id/2
INFO: [ app_init ] --START--
INFO: Run Behavior\BuildLiteBehavior [ RunTime:0.000000s ]
INFO: [ app_init ] --END-- [ RunTime:0.000977s ]
INFO: [ app_begin ] --START--
INFO: Run Behavior\ReadHtmlCacheBehavior [ RunTime:0.000976s ]
INFO: [ app_begin ] --END-- [ RunTime:0.000976s ]
NOTIC: [8192] mysql_connect(): The mysql extension is deprecated and will be removed in the future: use mysqli or PDO instead D:\wwwroot\httpdocs20160331\httpdocs\ThinkPHP\Library\Think\Db\Driver\Mysql.class.php 第 52 行.
SQL: SHOW COLUMNS FROM `tp_loan_admin` [ RunTime:0.006837s ]
SQL: SELECT * FROM `tp_loan_admin` WHERE `id` = 1 LIMIT 1   [ RunTime:0.005859s ]
SQL: SHOW COLUMNS FROM `tp_loan_register` [ RunTime:0.006836s ]
SQL: SHOW COLUMNS FROM `tp_loan_register` [ RunTime:0.007813s ]
SQL: SELECT * FROM `tp_loan_register` WHERE ( id =2 ) LIMIT 1   [ RunTime:0.006836s ]
SQL: SHOW COLUMNS FROM `tp_loan_repayment` [ RunTime:0.006836s ]
SQL: SHOW COLUMNS FROM `tp_loan_repayment` [ RunTime:0.006836s ]
SQL: SELECT * FROM `tp_loan_repayment` WHERE ( sap_code = '0000000047' )  [ RunTime:0.005859s ]
INFO: [ view_parse ] --START--
INFO: [ template_filter ] --START--
INFO: Run Behavior\ContentReplaceBehavior [ RunTime:0.000000s ]
INFO: [ template_filter ] --END-- [ RunTime:0.000000s ]
INFO: Run Behavior\ParseTemplateBehavior [ RunTime:0.013672s ]
INFO: [ view_parse ] --END-- [ RunTime:0.013672s ]
INFO: [ view_filter ] --START--
INFO: Run Behavior\WriteHtmlCacheBehavior [ RunTime:0.000977s ]
INFO: Run Behavior\TokenBuildBehavior [ RunTime:0.000976s ]
INFO: [ view_filter ] --END-- [ RunTime:0.001953s ]
INFO: [ app_end ] --START--
INFO: Run Behavior\ShowPageTraceBehavior [ RunTime:0.000977s ]
INFO: [ app_end ] --END-- [ RunTime:0.001954s ]

[ 2016-09-22T15:26:14+08:00 ] 180.173.105.255 /loanpiadmin.php/Index/repayment.html
INFO: [ app_init ] --START--
INFO: Run Behavior\BuildLiteBehavior [ RunTime:0.000000s ]
INFO: [ app_init ] --END-- [ RunTime:0.000000s ]

[ 2016-09-22T15:26:14+08:00 ] 180.173.105.255 /loanpiadmin.php/Index/repayment_list?_=1474529167047
INFO: [ app_init ] --START--
INFO: Run Behavior\BuildLiteBehavior [ RunTime:0.000000s ]
INFO: [ app_init ] --END-- [ RunTime:0.000000s ]
INFO: [ app_begin ] --START--
INFO: Run Behavior\ReadHtmlCacheBehavior [ RunTime:0.001953s ]
INFO: [ app_begin ] --END-- [ RunTime:0.001953s ]
NOTIC: [8192] mysql_connect(): The mysql extension is deprecated and will be removed in the future: use mysqli or PDO instead D:\wwwroot\httpdocs20160331\httpdocs\ThinkPHP\Library\Think\Db\Driver\Mysql.class.php 第 52 行.
SQL: SHOW COLUMNS FROM `tp_loan_admin` [ RunTime:0.005860s ]
SQL: SELECT * FROM `tp_loan_admin` WHERE `id` = 1 LIMIT 1   [ RunTime:0.005860s ]
SQL: SHOW COLUMNS FROM `tp_loan_repayment` [ RunTime:0.005860s ]
SQL: SHOW COLUMNS FROM `tp_loan_repayment` [ RunTime:0.005860s ]
SQL: SELECT * FROM `tp_loan_repayment`  [ RunTime:0.005860s ]

[ 2016-09-22T15:26:19+08:00 ] 180.173.105.255 /loanpiadmin.php/Index/register.html
INFO: [ app_init ] --START--
INFO: Run Behavior\BuildLiteBehavior [ RunTime:0.000000s ]
INFO: [ app_init ] --END-- [ RunTime:0.000000s ]

[ 2016-09-22T15:26:20+08:00 ] 180.173.105.255 /loanpiadmin.php/Index/register_list?_=1474529172246
INFO: [ app_init ] --START--
INFO: Run Behavior\BuildLiteBehavior [ RunTime:0.000000s ]
INFO: [ app_init ] --END-- [ RunTime:0.000000s ]
INFO: [ app_begin ] --START--
INFO: Run Behavior\ReadHtmlCacheBehavior [ RunTime:0.000977s ]
INFO: [ app_begin ] --END-- [ RunTime:0.000977s ]
NOTIC: [8192] mysql_connect(): The mysql extension is deprecated and will be removed in the future: use mysqli or PDO instead D:\wwwroot\httpdocs20160331\httpdocs\ThinkPHP\Library\Think\Db\Driver\Mysql.class.php 第 52 行.
SQL: SHOW COLUMNS FROM `tp_loan_admin` [ RunTime:0.006836s ]
SQL: SELECT * FROM `tp_loan_admin` WHERE `id` = 1 LIMIT 1   [ RunTime:0.005859s ]
SQL: SHOW COLUMNS FROM `tp_loan_register` [ RunTime:0.006836s ]
SQL: SHOW COLUMNS FROM `tp_loan_register` [ RunTime:0.013673s ]
SQL: SELECT * FROM `tp_loan_register`  [ RunTime:0.007813s ]
NOTIC: [8] Undefined variable: row D:\wwwroot\httpdocs20160331\httpdocs\Application\Loanpi\Admin\Controller\IndexController.class.php 第 161 行.
NOTIC: [8] Trying to get property of non-object D:\wwwroot\httpdocs20160331\httpdocs\Application\Loanpi\Admin\Controller\IndexController.class.php 第 161 行.
SQL: SHOW COLUMNS FROM `tp_loan_repayment` [ RunTime:0.007813s ]
SQL: SHOW COLUMNS FROM `tp_loan_repayment` [ RunTime:0.006836s ]
SQL: SELECT SUM(rep_amount) AS tp_sum FROM `tp_loan_repayment` WHERE ( sap_code = '0000000046' and rep_status = 1 ) LIMIT 1   [ RunTime:0.005860s ]
SQL: SELECT SUM(rep_amount) AS tp_sum FROM `tp_loan_repayment` WHERE ( sap_code = '0000000047' and rep_status = 1 ) LIMIT 1   [ RunTime:0.005860s ]
SQL: SELECT SUM(rep_amount) AS tp_sum FROM `tp_loan_repayment` WHERE ( sap_code = '0000000048' and rep_status = 1 ) LIMIT 1   [ RunTime:0.006837s ]
NOTIC: [8] Undefined variable: row D:\wwwroot\httpdocs20160331\httpdocs\Application\Loanpi\Admin\Controller\IndexController.class.php 第 161 行.
NOTIC: [8] Trying to get property of non-object D:\wwwroot\httpdocs20160331\httpdocs\Application\Loanpi\Admin\Controller\IndexController.class.php 第 161 行.
SQL: SELECT SUM(rep_amount) AS tp_sum FROM `tp_loan_repayment` WHERE ( sap_code = '0000000053' and rep_status = 1 ) LIMIT 1   [ RunTime:0.004883s ]
SQL: SELECT SUM(rep_amount) AS tp_sum FROM `tp_loan_repayment` WHERE ( sap_code = '0000000054' and rep_status = 1 ) LIMIT 1   [ RunTime:0.211923s ]
SQL: SELECT SUM(rep_amount) AS tp_sum FROM `tp_loan_repayment` WHERE ( sap_code = '0000000056' and rep_status = 1 ) LIMIT 1   [ RunTime:0.005860s ]

[ 2016-09-22T15:26:23+08:00 ] 180.173.105.255 /loanpiadmin.php/Index/repayment.html
INFO: [ app_init ] --START--
INFO: Run Behavior\BuildLiteBehavior [ RunTime:0.000000s ]
INFO: [ app_init ] --END-- [ RunTime:0.000000s ]

[ 2016-09-22T15:26:23+08:00 ] 180.173.105.255 /loanpiadmin.php/Index/repayment_list?_=1474529176402
INFO: [ app_init ] --START--
INFO: Run Behavior\BuildLiteBehavior [ RunTime:0.000000s ]
INFO: [ app_init ] --END-- [ RunTime:0.000000s ]
INFO: [ app_begin ] --START--
INFO: Run Behavior\ReadHtmlCacheBehavior [ RunTime:0.001953s ]
INFO: [ app_begin ] --END-- [ RunTime:0.001953s ]
NOTIC: [8192] mysql_connect(): The mysql extension is deprecated and will be removed in the future: use mysqli or PDO instead D:\wwwroot\httpdocs20160331\httpdocs\ThinkPHP\Library\Think\Db\Driver\Mysql.class.php 第 52 行.
SQL: SHOW COLUMNS FROM `tp_loan_admin` [ RunTime:0.006837s ]
SQL: SELECT * FROM `tp_loan_admin` WHERE `id` = 1 LIMIT 1   [ RunTime:0.005860s ]
SQL: SHOW COLUMNS FROM `tp_loan_repayment` [ RunTime:0.007812s ]
SQL: SHOW COLUMNS FROM `tp_loan_repayment` [ RunTime:0.006837s ]
SQL: SELECT * FROM `tp_loan_repayment`  [ RunTime:0.005860s ]

[ 2016-09-22T15:26:32+08:00 ] 180.173.105.255 /loanpiadmin.php/Index/log.html
INFO: [ app_init ] --START--
INFO: Run Behavior\BuildLiteBehavior [ RunTime:0.000000s ]
INFO: [ app_init ] --END-- [ RunTime:0.000000s ]
ERR: 非法操作:log

[ 2016-09-22T15:26:33+08:00 ] 180.173.105.255 /loanpiadmin.php/Index/log.html
INFO: [ app_init ] --START--
INFO: Run Behavior\BuildLiteBehavior [ RunTime:0.000000s ]
INFO: [ app_init ] --END-- [ RunTime:0.000000s ]
ERR: 非法操作:log

[ 2016-09-22T15:26:35+08:00 ] 180.173.105.255 /loanpiadmin.php/Index/repayment_list?_=1474529188089
INFO: [ app_init ] --START--
INFO: Run Behavior\BuildLiteBehavior [ RunTime:0.000000s ]
INFO: [ app_init ] --END-- [ RunTime:0.000000s ]
INFO: [ app_begin ] --START--
INFO: Run Behavior\ReadHtmlCacheBehavior [ RunTime:0.000977s ]
INFO: [ app_begin ] --END-- [ RunTime:0.001953s ]
NOTIC: [8192] mysql_connect(): The mysql extension is deprecated and will be removed in the future: use mysqli or PDO instead D:\wwwroot\httpdocs20160331\httpdocs\ThinkPHP\Library\Think\Db\Driver\Mysql.class.php 第 52 行.
SQL: SHOW COLUMNS FROM `tp_loan_admin` [ RunTime:0.006836s ]
SQL: SELECT * FROM `tp_loan_admin` WHERE `id` = 1 LIMIT 1   [ RunTime:0.006836s ]
SQL: SHOW COLUMNS FROM `tp_loan_repayment` [ RunTime:0.006836s ]
SQL: SHOW COLUMNS FROM `tp_loan_repayment` [ RunTime:0.005860s ]
SQL: SELECT * FROM `tp_loan_repayment`  [ RunTime:0.005859s ]

[ 2016-09-22T15:26:39+08:00 ] 180.173.105.255 /loanpiadmin.php/User/index.html
INFO: [ app_init ] --START--
INFO: Run Behavior\BuildLiteBehavior [ RunTime:0.000976s ]
INFO: [ app_init ] --END-- [ RunTime:0.000976s ]

[ 2016-09-22T15:26:40+08:00 ] 180.173.105.255 /loanpiadmin.php/User/user_list?_=1474529192770
INFO: [ app_init ] --START--
INFO: Run Behavior\BuildLiteBehavior [ RunTime:0.000000s ]
INFO: [ app_init ] --END-- [ RunTime:0.000000s ]
INFO: [ app_begin ] --START--
INFO: Run Behavior\ReadHtmlCacheBehavior [ RunTime:0.000977s ]
INFO: [ app_begin ] --END-- [ RunTime:0.000977s ]
NOTIC: [8192] mysql_connect(): The mysql extension is deprecated and will be removed in the future: use mysqli or PDO instead D:\wwwroot\httpdocs20160331\httpdocs\ThinkPHP\Library\Think\Db\Driver\Mysql.class.php 第 52 行.
SQL: SHOW COLUMNS FROM `tp_loan_admin` [ RunTime:0.006837s ]
SQL: SELECT * FROM `tp_loan_admin` WHERE `id` = 1 LIMIT 1   [ RunTime:0.006836s ]
NOTIC: [2048] Declaration of Admin\Model\UserModel::add() should be compatible with Think\Model::add($data = '', $options = Array, $replace = false) D:\wwwroot\httpdocs20160331\httpdocs\Application\Loanpi\Admin\Model\UserModel.class.php 第 90 行.
SQL: SHOW COLUMNS FROM `tp_loan_admin` [ RunTime:0.005859s ]
SQL: SHOW COLUMNS FROM `tp_loan_admin` [ RunTime:0.006836s ]
SQL: SELECT * FROM `tp_loan_admin` WHERE ( user_name <> 'admin' )  [ RunTime:0.006836s ]

[ 2016-09-22T15:26:43+08:00 ] 180.173.105.255 /loanpiadmin.php/Index/repayment_list?_=1474529195783
INFO: [ app_init ] --START--
INFO: Run Behavior\BuildLiteBehavior [ RunTime:0.000000s ]
INFO: [ app_init ] --END-- [ RunTime:0.000000s ]
INFO: [ app_begin ] --START--
INFO: Run Behavior\ReadHtmlCacheBehavior [ RunTime:0.000977s ]
INFO: [ app_begin ] --END-- [ RunTime:0.000977s ]
NOTIC: [8192] mysql_connect(): The mysql extension is deprecated and will be removed in the future: use mysqli or PDO instead D:\wwwroot\httpdocs20160331\httpdocs\ThinkPHP\Library\Think\Db\Driver\Mysql.class.php 第 52 行.
SQL: SHOW COLUMNS FROM `tp_loan_admin` [ RunTime:0.006836s ]
SQL: SELECT * FROM `tp_loan_admin` WHERE `id` = 1 LIMIT 1   [ RunTime:0.005859s ]
SQL: SHOW COLUMNS FROM `tp_loan_repayment` [ RunTime:0.011720s ]
SQL: SHOW COLUMNS FROM `tp_loan_repayment` [ RunTime:0.006836s ]
SQL: SELECT * FROM `tp_loan_repayment`  [ RunTime:0.006836s ]

[ 2016-09-22T15:26:50+08:00 ] 180.173.105.255 /loanpiadmin.php/Index/register.html
INFO: [ app_init ] --START--
INFO: Run Behavior\BuildLiteBehavior [ RunTime:0.000000s ]
INFO: [ app_init ] --END-- [ RunTime:0.000977s ]

[ 2016-09-22T15:26:51+08:00 ] 180.173.105.255 /loanpiadmin.php/Index/register_list?_=1474529203554
INFO: [ app_init ] --START--
INFO: Run Behavior\BuildLiteBehavior [ RunTime:0.000000s ]
INFO: [ app_init ] --END-- [ RunTime:0.000000s ]
INFO: [ app_begin ] --START--
INFO: Run Behavior\ReadHtmlCacheBehavior [ RunTime:0.000977s ]
INFO: [ app_begin ] --END-- [ RunTime:0.000977s ]
NOTIC: [8192] mysql_connect(): The mysql extension is deprecated and will be removed in the future: use mysqli or PDO instead D:\wwwroot\httpdocs20160331\httpdocs\ThinkPHP\Library\Think\Db\Driver\Mysql.class.php 第 52 行.
SQL: SHOW COLUMNS FROM `tp_loan_admin` [ RunTime:0.008789s ]
SQL: SELECT * FROM `tp_loan_admin` WHERE `id` = 1 LIMIT 1   [ RunTime:0.006836s ]
SQL: SHOW COLUMNS FROM `tp_loan_register` [ RunTime:0.006836s ]
SQL: SHOW COLUMNS FROM `tp_loan_register` [ RunTime:0.006836s ]
SQL: SELECT * FROM `tp_loan_register`  [ RunTime:0.007813s ]
NOTIC: [8] Undefined variable: row D:\wwwroot\httpdocs20160331\httpdocs\Application\Loanpi\Admin\Controller\IndexController.class.php 第 161 行.
NOTIC: [8] Trying to get property of non-object D:\wwwroot\httpdocs20160331\httpdocs\Application\Loanpi\Admin\Controller\IndexController.class.php 第 161 行.
SQL: SHOW COLUMNS FROM `tp_loan_repayment` [ RunTime:0.006837s ]
SQL: SHOW COLUMNS FROM `tp_loan_repayment` [ RunTime:0.006836s ]
SQL: SELECT SUM(rep_amount) AS tp_sum FROM `tp_loan_repayment` WHERE ( sap_code = '0000000046' and rep_status = 1 ) LIMIT 1   [ RunTime:0.005860s ]
SQL: SELECT SUM(rep_amount) AS tp_sum FROM `tp_loan_repayment` WHERE ( sap_code = '0000000047' and rep_status = 1 ) LIMIT 1   [ RunTime:0.005860s ]
SQL: SELECT SUM(rep_amount) AS tp_sum FROM `tp_loan_repayment` WHERE ( sap_code = '0000000048' and rep_status = 1 ) LIMIT 1   [ RunTime:0.005859s ]
NOTIC: [8] Undefined variable: row D:\wwwroot\httpdocs20160331\httpdocs\Application\Loanpi\Admin\Controller\IndexController.class.php 第 161 行.
NOTIC: [8] Trying to get property of non-object D:\wwwroot\httpdocs20160331\httpdocs\Application\Loanpi\Admin\Controller\IndexController.class.php 第 161 行.
SQL: SELECT SUM(rep_amount) AS tp_sum FROM `tp_loan_repayment` WHERE ( sap_code = '0000000053' and rep_status = 1 ) LIMIT 1   [ RunTime:0.005859s ]
SQL: SELECT SUM(rep_amount) AS tp_sum FROM `tp_loan_repayment` WHERE ( sap_code = '0000000054' and rep_status = 1 ) LIMIT 1   [ RunTime:0.005860s ]
SQL: SELECT SUM(rep_amount) AS tp_sum FROM `tp_loan_repayment` WHERE ( sap_code = '0000000056' and rep_status = 1 ) LIMIT 1   [ RunTime:0.005859s ]

