[ 2016-09-09T09:01:17+08:00 ] ::1 /loanpiadmin.php/User/index.html
INFO: [ app_init ] --START--
INFO: Run Behavior\BuildLiteBehavior [ RunTime:0.000017s ]
INFO: [ app_init ] --END-- [ RunTime:0.000077s ]

[ 2016-09-09T09:01:18+08:00 ] ::1 /loanpiadmin.php/User/user_list?_=1473382878264
INFO: [ app_init ] --START--
INFO: Run Behavior\BuildLiteBehavior [ RunTime:0.000020s ]
INFO: [ app_init ] --END-- [ RunTime:0.000075s ]
INFO: [ app_begin ] --START--
INFO: Run Behavior\ReadHtmlCacheBehavior [ RunTime:0.000458s ]
INFO: [ app_begin ] --END-- [ RunTime:0.000505s ]
SQL: SHOW COLUMNS FROM `tp_loan_admin` [ RunTime:0.003112s ]
SQL: SELECT * FROM `tp_loan_admin` WHERE `id` = 2 LIMIT 1   [ RunTime:0.000334s ]
NOTIC: [2048] Declaration of Admin\Model\UserModel::add() should be compatible with Think\Model::add($data = '', $options = Array, $replace = false) E:\project\dalishangweb\qingfei\httpdocs\Application\Loanpi\Admin\Model\UserModel.class.php 第 90 行.
SQL: SHOW COLUMNS FROM `tp_loan_admin` [ RunTime:0.003880s ]
SQL: SHOW COLUMNS FROM `tp_loan_admin` [ RunTime:0.002852s ]
SQL: SELECT * FROM `tp_loan_admin` WHERE ( user_name <> 'admin' )  [ RunTime:0.000325s ]

[ 2016-09-09T09:01:28+08:00 ] ::1 /loanpiadmin.php/User/user_edit/id/2
INFO: [ app_init ] --START--
INFO: Run Behavior\BuildLiteBehavior [ RunTime:0.000015s ]
INFO: [ app_init ] --END-- [ RunTime:0.000065s ]
INFO: [ app_begin ] --START--
INFO: Run Behavior\ReadHtmlCacheBehavior [ RunTime:0.000692s ]
INFO: [ app_begin ] --END-- [ RunTime:0.000753s ]
SQL: SHOW COLUMNS FROM `tp_loan_admin` [ RunTime:0.004148s ]
SQL: SELECT * FROM `tp_loan_admin` WHERE `id` = 2 LIMIT 1   [ RunTime:0.000316s ]
NOTIC: [2048] Declaration of Admin\Model\UserModel::add() should be compatible with Think\Model::add($data = '', $options = Array, $replace = false) E:\project\dalishangweb\qingfei\httpdocs\Application\Loanpi\Admin\Model\UserModel.class.php 第 90 行.
SQL: SHOW COLUMNS FROM `tp_loan_admin` [ RunTime:0.003464s ]
SQL: SHOW COLUMNS FROM `tp_loan_admin` [ RunTime:0.003360s ]
SQL: SELECT * FROM `tp_loan_admin` WHERE ( id = 2 ) LIMIT 1   [ RunTime:0.000256s ]
INFO: [ view_parse ] --START--
INFO: [ template_filter ] --START--
INFO: Run Behavior\ContentReplaceBehavior [ RunTime:0.000047s ]
INFO: [ template_filter ] --END-- [ RunTime:0.000097s ]
INFO: Run Behavior\ParseTemplateBehavior [ RunTime:0.005581s ]
INFO: [ view_parse ] --END-- [ RunTime:0.005629s ]
INFO: [ view_filter ] --START--
INFO: Run Behavior\WriteHtmlCacheBehavior [ RunTime:0.000208s ]
INFO: Run Behavior\TokenBuildBehavior [ RunTime:0.000513s ]
INFO: [ view_filter ] --END-- [ RunTime:0.000778s ]
INFO: [ app_end ] --START--
INFO: Run Behavior\ShowPageTraceBehavior [ RunTime:0.000424s ]
INFO: [ app_end ] --END-- [ RunTime:0.000463s ]

[ 2016-09-09T09:01:39+08:00 ] ::1 /loanpiadmin.php/User/user_pass/id/2
INFO: [ app_init ] --START--
INFO: Run Behavior\BuildLiteBehavior [ RunTime:0.000015s ]
INFO: [ app_init ] --END-- [ RunTime:0.000064s ]
INFO: [ app_begin ] --START--
INFO: Run Behavior\ReadHtmlCacheBehavior [ RunTime:0.000408s ]
INFO: [ app_begin ] --END-- [ RunTime:0.000452s ]
SQL: SHOW COLUMNS FROM `tp_loan_admin` [ RunTime:0.003238s ]
SQL: SELECT * FROM `tp_loan_admin` WHERE `id` = 2 LIMIT 1   [ RunTime:0.000316s ]
NOTIC: [2048] Declaration of Admin\Model\UserModel::add() should be compatible with Think\Model::add($data = '', $options = Array, $replace = false) E:\project\dalishangweb\qingfei\httpdocs\Application\Loanpi\Admin\Model\UserModel.class.php 第 90 行.
SQL: SHOW COLUMNS FROM `tp_loan_admin` [ RunTime:0.002880s ]
SQL: SHOW COLUMNS FROM `tp_loan_admin` [ RunTime:0.002431s ]
SQL: SELECT * FROM `tp_loan_admin` WHERE ( id = 2 ) LIMIT 1   [ RunTime:0.000181s ]
INFO: [ view_parse ] --START--
INFO: [ template_filter ] --START--
INFO: Run Behavior\ContentReplaceBehavior [ RunTime:0.000042s ]
INFO: [ template_filter ] --END-- [ RunTime:0.000090s ]
INFO: Run Behavior\ParseTemplateBehavior [ RunTime:0.005247s ]
INFO: [ view_parse ] --END-- [ RunTime:0.005293s ]
INFO: [ view_filter ] --START--
INFO: Run Behavior\WriteHtmlCacheBehavior [ RunTime:0.000188s ]
INFO: Run Behavior\TokenBuildBehavior [ RunTime:0.000471s ]
INFO: [ view_filter ] --END-- [ RunTime:0.000716s ]
INFO: [ app_end ] --START--
INFO: Run Behavior\ShowPageTraceBehavior [ RunTime:0.000444s ]
INFO: [ app_end ] --END-- [ RunTime:0.000491s ]

[ 2016-09-09T09:01:42+08:00 ] ::1 /loanpiadmin.php/User/user_edit/id/2
INFO: [ app_init ] --START--
INFO: Run Behavior\BuildLiteBehavior [ RunTime:0.000016s ]
INFO: [ app_init ] --END-- [ RunTime:0.000118s ]
INFO: [ app_begin ] --START--
INFO: Run Behavior\ReadHtmlCacheBehavior [ RunTime:0.000558s ]
INFO: [ app_begin ] --END-- [ RunTime:0.000624s ]
SQL: SHOW COLUMNS FROM `tp_loan_admin` [ RunTime:0.003485s ]
SQL: SELECT * FROM `tp_loan_admin` WHERE `id` = 2 LIMIT 1   [ RunTime:0.000293s ]
NOTIC: [2048] Declaration of Admin\Model\UserModel::add() should be compatible with Think\Model::add($data = '', $options = Array, $replace = false) E:\project\dalishangweb\qingfei\httpdocs\Application\Loanpi\Admin\Model\UserModel.class.php 第 90 行.
SQL: SHOW COLUMNS FROM `tp_loan_admin` [ RunTime:0.002902s ]
SQL: SHOW COLUMNS FROM `tp_loan_admin` [ RunTime:0.003268s ]
SQL: SELECT * FROM `tp_loan_admin` WHERE ( id = 2 ) LIMIT 1   [ RunTime:0.000193s ]
INFO: [ view_parse ] --START--
INFO: [ template_filter ] --START--
INFO: Run Behavior\ContentReplaceBehavior [ RunTime:0.000049s ]
INFO: [ template_filter ] --END-- [ RunTime:0.000100s ]
INFO: Run Behavior\ParseTemplateBehavior [ RunTime:0.005218s ]
INFO: [ view_parse ] --END-- [ RunTime:0.005270s ]
INFO: [ view_filter ] --START--
INFO: Run Behavior\WriteHtmlCacheBehavior [ RunTime:0.000201s ]
INFO: Run Behavior\TokenBuildBehavior [ RunTime:0.000504s ]
INFO: [ view_filter ] --END-- [ RunTime:0.000760s ]
INFO: [ app_end ] --START--
INFO: Run Behavior\ShowPageTraceBehavior [ RunTime:0.000422s ]
INFO: [ app_end ] --END-- [ RunTime:0.000458s ]

[ 2016-09-09T09:01:47+08:00 ] ::1 /loanpiadmin.php/User/user_pass/id/2
INFO: [ app_init ] --START--
INFO: Run Behavior\BuildLiteBehavior [ RunTime:0.000015s ]
INFO: [ app_init ] --END-- [ RunTime:0.000066s ]
INFO: [ app_begin ] --START--
INFO: Run Behavior\ReadHtmlCacheBehavior [ RunTime:0.000405s ]
INFO: [ app_begin ] --END-- [ RunTime:0.000449s ]
SQL: SHOW COLUMNS FROM `tp_loan_admin` [ RunTime:0.003308s ]
SQL: SELECT * FROM `tp_loan_admin` WHERE `id` = 2 LIMIT 1   [ RunTime:0.000243s ]
NOTIC: [2048] Declaration of Admin\Model\UserModel::add() should be compatible with Think\Model::add($data = '', $options = Array, $replace = false) E:\project\dalishangweb\qingfei\httpdocs\Application\Loanpi\Admin\Model\UserModel.class.php 第 90 行.
SQL: SHOW COLUMNS FROM `tp_loan_admin` [ RunTime:0.002909s ]
SQL: SHOW COLUMNS FROM `tp_loan_admin` [ RunTime:0.002563s ]
SQL: SELECT * FROM `tp_loan_admin` WHERE ( id = 2 ) LIMIT 1   [ RunTime:0.000298s ]
INFO: [ view_parse ] --START--
INFO: [ template_filter ] --START--
INFO: Run Behavior\ContentReplaceBehavior [ RunTime:0.000042s ]
INFO: [ template_filter ] --END-- [ RunTime:0.000088s ]
INFO: Run Behavior\ParseTemplateBehavior [ RunTime:0.005153s ]
INFO: [ view_parse ] --END-- [ RunTime:0.005211s ]
INFO: [ view_filter ] --START--
INFO: Run Behavior\WriteHtmlCacheBehavior [ RunTime:0.000305s ]
INFO: Run Behavior\TokenBuildBehavior [ RunTime:0.000467s ]
INFO: [ view_filter ] --END-- [ RunTime:0.000837s ]
INFO: [ app_end ] --START--
INFO: Run Behavior\ShowPageTraceBehavior [ RunTime:0.000443s ]
INFO: [ app_end ] --END-- [ RunTime:0.000486s ]

[ 2016-09-09T09:06:13+08:00 ] ::1 /loanpiadmin.php/User/user_edit/id/2
INFO: [ app_init ] --START--
INFO: Run Behavior\BuildLiteBehavior [ RunTime:0.000016s ]
INFO: [ app_init ] --END-- [ RunTime:0.000069s ]
INFO: [ app_begin ] --START--
INFO: Run Behavior\ReadHtmlCacheBehavior [ RunTime:0.000449s ]
INFO: [ app_begin ] --END-- [ RunTime:0.000492s ]
SQL: SHOW COLUMNS FROM `tp_loan_admin` [ RunTime:0.002761s ]
SQL: SELECT * FROM `tp_loan_admin` WHERE `id` = 2 LIMIT 1   [ RunTime:0.000232s ]
NOTIC: [2048] Declaration of Admin\Model\UserModel::add() should be compatible with Think\Model::add($data = '', $options = Array, $replace = false) E:\project\dalishangweb\qingfei\httpdocs\Application\Loanpi\Admin\Model\UserModel.class.php 第 90 行.
SQL: SHOW COLUMNS FROM `tp_loan_admin` [ RunTime:0.003330s ]
SQL: SHOW COLUMNS FROM `tp_loan_admin` [ RunTime:0.002812s ]
SQL: SELECT * FROM `tp_loan_admin` WHERE ( id = 2 ) LIMIT 1   [ RunTime:0.000234s ]
INFO: [ view_parse ] --START--
INFO: [ template_filter ] --START--
INFO: Run Behavior\ContentReplaceBehavior [ RunTime:0.000046s ]
INFO: [ template_filter ] --END-- [ RunTime:0.000104s ]
INFO: Run Behavior\ParseTemplateBehavior [ RunTime:0.005610s ]
INFO: [ view_parse ] --END-- [ RunTime:0.005662s ]
INFO: [ view_filter ] --START--
INFO: Run Behavior\WriteHtmlCacheBehavior [ RunTime:0.000213s ]
INFO: Run Behavior\TokenBuildBehavior [ RunTime:0.000497s ]
INFO: [ view_filter ] --END-- [ RunTime:0.000765s ]
INFO: [ app_end ] --START--
INFO: Run Behavior\ShowPageTraceBehavior [ RunTime:0.000474s ]
INFO: [ app_end ] --END-- [ RunTime:0.000508s ]

[ 2016-09-09T09:06:16+08:00 ] ::1 /loanpiadmin.php/User/user_pass/id/2
INFO: [ app_init ] --START--
INFO: Run Behavior\BuildLiteBehavior [ RunTime:0.000014s ]
INFO: [ app_init ] --END-- [ RunTime:0.000062s ]
INFO: [ app_begin ] --START--
INFO: Run Behavior\ReadHtmlCacheBehavior [ RunTime:0.000574s ]
INFO: [ app_begin ] --END-- [ RunTime:0.000625s ]
SQL: SHOW COLUMNS FROM `tp_loan_admin` [ RunTime:0.003080s ]
SQL: SELECT * FROM `tp_loan_admin` WHERE `id` = 2 LIMIT 1   [ RunTime:0.000295s ]
NOTIC: [2048] Declaration of Admin\Model\UserModel::add() should be compatible with Think\Model::add($data = '', $options = Array, $replace = false) E:\project\dalishangweb\qingfei\httpdocs\Application\Loanpi\Admin\Model\UserModel.class.php 第 90 行.
SQL: SHOW COLUMNS FROM `tp_loan_admin` [ RunTime:0.002798s ]
SQL: SHOW COLUMNS FROM `tp_loan_admin` [ RunTime:0.002882s ]
SQL: SELECT * FROM `tp_loan_admin` WHERE ( id = 2 ) LIMIT 1   [ RunTime:0.000185s ]
INFO: [ view_parse ] --START--
INFO: [ template_filter ] --START--
INFO: Run Behavior\ContentReplaceBehavior [ RunTime:0.000040s ]
INFO: [ template_filter ] --END-- [ RunTime:0.000078s ]
INFO: Run Behavior\ParseTemplateBehavior [ RunTime:0.005108s ]
INFO: [ view_parse ] --END-- [ RunTime:0.005152s ]
INFO: [ view_filter ] --START--
INFO: Run Behavior\WriteHtmlCacheBehavior [ RunTime:0.000167s ]
INFO: Run Behavior\TokenBuildBehavior [ RunTime:0.000435s ]
INFO: [ view_filter ] --END-- [ RunTime:0.000672s ]
INFO: [ app_end ] --START--
INFO: Run Behavior\ShowPageTraceBehavior [ RunTime:0.000584s ]
INFO: [ app_end ] --END-- [ RunTime:0.000626s ]

[ 2016-09-09T09:19:58+08:00 ] ::1 /loanpiadmin.php/User/user_add
INFO: [ app_init ] --START--
INFO: Run Behavior\BuildLiteBehavior [ RunTime:0.000016s ]
INFO: [ app_init ] --END-- [ RunTime:0.000066s ]
INFO: [ app_begin ] --START--
INFO: Run Behavior\ReadHtmlCacheBehavior [ RunTime:0.000449s ]
INFO: [ app_begin ] --END-- [ RunTime:0.000497s ]
SQL: SHOW COLUMNS FROM `tp_loan_admin` [ RunTime:0.002959s ]
SQL: SELECT * FROM `tp_loan_admin` WHERE `id` = 2 LIMIT 1   [ RunTime:0.000246s ]
INFO: [ view_parse ] --START--
INFO: [ template_filter ] --START--
INFO: Run Behavior\ContentReplaceBehavior [ RunTime:0.000043s ]
INFO: [ template_filter ] --END-- [ RunTime:0.000084s ]
INFO: Run Behavior\ParseTemplateBehavior [ RunTime:0.005025s ]
INFO: [ view_parse ] --END-- [ RunTime:0.005068s ]
INFO: [ view_filter ] --START--
INFO: Run Behavior\WriteHtmlCacheBehavior [ RunTime:0.000173s ]
INFO: Run Behavior\TokenBuildBehavior [ RunTime:0.000492s ]
INFO: [ view_filter ] --END-- [ RunTime:0.000720s ]
INFO: [ app_end ] --START--
INFO: Run Behavior\ShowPageTraceBehavior [ RunTime:0.000480s ]
INFO: [ app_end ] --END-- [ RunTime:0.000515s ]

[ 2016-09-09T09:20:04+08:00 ] ::1 /loanpiadmin.php/User/user_edit/id/2
INFO: [ app_init ] --START--
INFO: Run Behavior\BuildLiteBehavior [ RunTime:0.000016s ]
INFO: [ app_init ] --END-- [ RunTime:0.000066s ]
INFO: [ app_begin ] --START--
INFO: Run Behavior\ReadHtmlCacheBehavior [ RunTime:0.000424s ]
INFO: [ app_begin ] --END-- [ RunTime:0.000472s ]
SQL: SHOW COLUMNS FROM `tp_loan_admin` [ RunTime:0.003326s ]
SQL: SELECT * FROM `tp_loan_admin` WHERE `id` = 2 LIMIT 1   [ RunTime:0.000241s ]
NOTIC: [2048] Declaration of Admin\Model\UserModel::add() should be compatible with Think\Model::add($data = '', $options = Array, $replace = false) E:\project\dalishangweb\qingfei\httpdocs\Application\Loanpi\Admin\Model\UserModel.class.php 第 90 行.
SQL: SHOW COLUMNS FROM `tp_loan_admin` [ RunTime:0.002481s ]
SQL: SHOW COLUMNS FROM `tp_loan_admin` [ RunTime:0.002804s ]
SQL: SELECT * FROM `tp_loan_admin` WHERE ( id = 2 ) LIMIT 1   [ RunTime:0.000180s ]
INFO: [ view_parse ] --START--
INFO: [ template_filter ] --START--
INFO: Run Behavior\ContentReplaceBehavior [ RunTime:0.000049s ]
INFO: [ template_filter ] --END-- [ RunTime:0.000100s ]
INFO: Run Behavior\ParseTemplateBehavior [ RunTime:0.006166s ]
INFO: [ view_parse ] --END-- [ RunTime:0.006216s ]
INFO: [ view_filter ] --START--
INFO: Run Behavior\WriteHtmlCacheBehavior [ RunTime:0.000194s ]
INFO: Run Behavior\TokenBuildBehavior [ RunTime:0.000482s ]
INFO: [ view_filter ] --END-- [ RunTime:0.000734s ]
INFO: [ app_end ] --START--
INFO: Run Behavior\ShowPageTraceBehavior [ RunTime:0.000516s ]
INFO: [ app_end ] --END-- [ RunTime:0.000555s ]

[ 2016-09-09T09:20:08+08:00 ] ::1 /loanpiadmin.php/User/user_pass/id/2
INFO: [ app_init ] --START--
INFO: Run Behavior\BuildLiteBehavior [ RunTime:0.000016s ]
INFO: [ app_init ] --END-- [ RunTime:0.000068s ]
INFO: [ app_begin ] --START--
INFO: Run Behavior\ReadHtmlCacheBehavior [ RunTime:0.000459s ]
INFO: [ app_begin ] --END-- [ RunTime:0.000508s ]
SQL: SHOW COLUMNS FROM `tp_loan_admin` [ RunTime:0.002631s ]
SQL: SELECT * FROM `tp_loan_admin` WHERE `id` = 2 LIMIT 1   [ RunTime:0.000235s ]
NOTIC: [2048] Declaration of Admin\Model\UserModel::add() should be compatible with Think\Model::add($data = '', $options = Array, $replace = false) E:\project\dalishangweb\qingfei\httpdocs\Application\Loanpi\Admin\Model\UserModel.class.php 第 90 行.
SQL: SHOW COLUMNS FROM `tp_loan_admin` [ RunTime:0.003470s ]
SQL: SHOW COLUMNS FROM `tp_loan_admin` [ RunTime:0.003087s ]
SQL: SELECT * FROM `tp_loan_admin` WHERE ( id = 2 ) LIMIT 1   [ RunTime:0.000183s ]
INFO: [ view_parse ] --START--
INFO: [ template_filter ] --START--
INFO: Run Behavior\ContentReplaceBehavior [ RunTime:0.000049s ]
INFO: [ template_filter ] --END-- [ RunTime:0.000096s ]
INFO: Run Behavior\ParseTemplateBehavior [ RunTime:0.005012s ]
INFO: [ view_parse ] --END-- [ RunTime:0.005055s ]
INFO: [ view_filter ] --START--
INFO: Run Behavior\WriteHtmlCacheBehavior [ RunTime:0.000195s ]
INFO: Run Behavior\TokenBuildBehavior [ RunTime:0.000470s ]
INFO: [ view_filter ] --END-- [ RunTime:0.000724s ]
INFO: [ app_end ] --START--
INFO: Run Behavior\ShowPageTraceBehavior [ RunTime:0.000583s ]
INFO: [ app_end ] --END-- [ RunTime:0.000620s ]

[ 2016-09-09T09:20:18+08:00 ] ::1 /loanpiadmin.php/User/user_pass/id/2
INFO: [ app_init ] --START--
INFO: Run Behavior\BuildLiteBehavior [ RunTime:0.000015s ]
INFO: [ app_init ] --END-- [ RunTime:0.000074s ]
INFO: [ app_begin ] --START--
INFO: Run Behavior\ReadHtmlCacheBehavior [ RunTime:0.000432s ]
INFO: [ app_begin ] --END-- [ RunTime:0.000479s ]
SQL: SHOW COLUMNS FROM `tp_loan_admin` [ RunTime:0.002895s ]
SQL: SELECT * FROM `tp_loan_admin` WHERE `id` = 2 LIMIT 1   [ RunTime:0.000266s ]
NOTIC: [2048] Declaration of Admin\Model\UserModel::add() should be compatible with Think\Model::add($data = '', $options = Array, $replace = false) E:\project\dalishangweb\qingfei\httpdocs\Application\Loanpi\Admin\Model\UserModel.class.php 第 90 行.
SQL: SHOW COLUMNS FROM `tp_loan_admin` [ RunTime:0.002861s ]
SQL: SHOW COLUMNS FROM `tp_loan_admin` [ RunTime:0.002633s ]
SQL: SELECT * FROM `tp_loan_admin` WHERE ( id = 2 ) LIMIT 1   [ RunTime:0.000216s ]
INFO: [ view_parse ] --START--
INFO: [ template_filter ] --START--
INFO: Run Behavior\ContentReplaceBehavior [ RunTime:0.000042s ]
INFO: [ template_filter ] --END-- [ RunTime:0.000090s ]
INFO: Run Behavior\ParseTemplateBehavior [ RunTime:0.005586s ]
INFO: [ view_parse ] --END-- [ RunTime:0.005635s ]
INFO: [ view_filter ] --START--
INFO: Run Behavior\WriteHtmlCacheBehavior [ RunTime:0.000183s ]
INFO: Run Behavior\TokenBuildBehavior [ RunTime:0.000453s ]
INFO: [ view_filter ] --END-- [ RunTime:0.000695s ]
INFO: [ app_end ] --START--
INFO: Run Behavior\ShowPageTraceBehavior [ RunTime:0.000481s ]
INFO: [ app_end ] --END-- [ RunTime:0.000517s ]

[ 2016-09-09T09:20:26+08:00 ] ::1 /loanpiadmin.php/User/user_edit/id/2
INFO: [ app_init ] --START--
INFO: Run Behavior\BuildLiteBehavior [ RunTime:0.000016s ]
INFO: [ app_init ] --END-- [ RunTime:0.000067s ]
INFO: [ app_begin ] --START--
INFO: Run Behavior\ReadHtmlCacheBehavior [ RunTime:0.000419s ]
INFO: [ app_begin ] --END-- [ RunTime:0.000468s ]
SQL: SHOW COLUMNS FROM `tp_loan_admin` [ RunTime:0.002785s ]
SQL: SELECT * FROM `tp_loan_admin` WHERE `id` = 2 LIMIT 1   [ RunTime:0.000229s ]
NOTIC: [2048] Declaration of Admin\Model\UserModel::add() should be compatible with Think\Model::add($data = '', $options = Array, $replace = false) E:\project\dalishangweb\qingfei\httpdocs\Application\Loanpi\Admin\Model\UserModel.class.php 第 90 行.
SQL: SHOW COLUMNS FROM `tp_loan_admin` [ RunTime:0.003160s ]
SQL: SHOW COLUMNS FROM `tp_loan_admin` [ RunTime:0.003905s ]
SQL: SELECT * FROM `tp_loan_admin` WHERE ( id = 2 ) LIMIT 1   [ RunTime:0.000220s ]
INFO: [ view_parse ] --START--
INFO: [ template_filter ] --START--
INFO: Run Behavior\ContentReplaceBehavior [ RunTime:0.000042s ]
INFO: [ template_filter ] --END-- [ RunTime:0.000079s ]
INFO: Run Behavior\ParseTemplateBehavior [ RunTime:0.005055s ]
INFO: [ view_parse ] --END-- [ RunTime:0.005098s ]
INFO: [ view_filter ] --START--
INFO: Run Behavior\WriteHtmlCacheBehavior [ RunTime:0.000166s ]
INFO: Run Behavior\TokenBuildBehavior [ RunTime:0.000463s ]
INFO: [ view_filter ] --END-- [ RunTime:0.000683s ]
INFO: [ app_end ] --START--
INFO: Run Behavior\ShowPageTraceBehavior [ RunTime:0.000470s ]
INFO: [ app_end ] --END-- [ RunTime:0.000506s ]

[ 2016-09-09T09:21:10+08:00 ] ::1 /loanpiadmin.php/Index/log.html
INFO: [ app_init ] --START--
INFO: Run Behavior\BuildLiteBehavior [ RunTime:0.000015s ]
INFO: [ app_init ] --END-- [ RunTime:0.000065s ]
ERR: 非法操作:log

[ 2016-09-09T09:21:14+08:00 ] ::1 /loanpiadmin.php/User/user_list?_=1473384074200
INFO: [ app_init ] --START--
INFO: Run Behavior\BuildLiteBehavior [ RunTime:0.000029s ]
INFO: [ app_init ] --END-- [ RunTime:0.000106s ]
INFO: [ app_begin ] --START--
INFO: Run Behavior\ReadHtmlCacheBehavior [ RunTime:0.000508s ]
INFO: [ app_begin ] --END-- [ RunTime:0.000567s ]
SQL: SHOW COLUMNS FROM `tp_loan_admin` [ RunTime:0.003027s ]
SQL: SELECT * FROM `tp_loan_admin` WHERE `id` = 2 LIMIT 1   [ RunTime:0.000282s ]
NOTIC: [2048] Declaration of Admin\Model\UserModel::add() should be compatible with Think\Model::add($data = '', $options = Array, $replace = false) E:\project\dalishangweb\qingfei\httpdocs\Application\Loanpi\Admin\Model\UserModel.class.php 第 90 行.
SQL: SHOW COLUMNS FROM `tp_loan_admin` [ RunTime:0.004050s ]
SQL: SHOW COLUMNS FROM `tp_loan_admin` [ RunTime:0.003577s ]
SQL: SELECT * FROM `tp_loan_admin` WHERE ( user_name <> 'admin' )  [ RunTime:0.000283s ]

[ 2016-09-09T10:51:51+08:00 ] ::1 /loanpiadmin.php/Index/register.html
INFO: [ app_init ] --START--
INFO: Run Behavior\BuildLiteBehavior [ RunTime:0.000017s ]
INFO: [ app_init ] --END-- [ RunTime:0.000074s ]

[ 2016-09-09T10:51:51+08:00 ] ::1 /loanpiadmin.php/Index/register_list?_=1473389511653
INFO: [ app_init ] --START--
INFO: Run Behavior\BuildLiteBehavior [ RunTime:0.000021s ]
INFO: [ app_init ] --END-- [ RunTime:0.000093s ]
INFO: [ app_begin ] --START--
INFO: Run Behavior\ReadHtmlCacheBehavior [ RunTime:0.000472s ]
INFO: [ app_begin ] --END-- [ RunTime:0.000530s ]
SQL: SHOW COLUMNS FROM `tp_loan_admin` [ RunTime:0.004004s ]
SQL: SELECT * FROM `tp_loan_admin` WHERE `id` = 2 LIMIT 1   [ RunTime:0.001326s ]
SQL: SHOW COLUMNS FROM `tp_loan_register` [ RunTime:0.003592s ]
SQL: SHOW COLUMNS FROM `tp_loan_register` [ RunTime:0.003658s ]
SQL: SELECT * FROM `tp_loan_register`  [ RunTime:0.000437s ]
SQL: SHOW COLUMNS FROM `tp_loan_repayment` [ RunTime:0.002708s ]
SQL: SHOW COLUMNS FROM `tp_loan_repayment` [ RunTime:0.002954s ]
SQL: SELECT SUM(rep_amount) AS tp_sum FROM `tp_loan_repayment` WHERE ( sap_code = 'SAP2015645802' and rep_status = 1 ) LIMIT 1   [ RunTime:0.000298s ]
SQL: SELECT SUM(rep_amount) AS tp_sum FROM `tp_loan_repayment` WHERE ( sap_code = 'SAP20160221212' and rep_status = 1 ) LIMIT 1   [ RunTime:0.000161s ]
SQL: SELECT SUM(rep_amount) AS tp_sum FROM `tp_loan_repayment` WHERE ( sap_code = 'SAP201612454' and rep_status = 1 ) LIMIT 1   [ RunTime:0.000162s ]
SQL: SELECT SUM(rep_amount) AS tp_sum FROM `tp_loan_repayment` WHERE ( sap_code = 'SAP201603265' and rep_status = 1 ) LIMIT 1   [ RunTime:0.000152s ]
SQL: SELECT SUM(rep_amount) AS tp_sum FROM `tp_loan_repayment` WHERE ( sap_code = 'SAP201603265' and rep_status = 1 ) LIMIT 1   [ RunTime:0.000146s ]
SQL: SELECT SUM(rep_amount) AS tp_sum FROM `tp_loan_repayment` WHERE ( sap_code = 'SAP-1472706770' and rep_status = 1 ) LIMIT 1   [ RunTime:0.000123s ]
SQL: SELECT SUM(rep_amount) AS tp_sum FROM `tp_loan_repayment` WHERE ( sap_code = 'SAP-1472707229' and rep_status = 1 ) LIMIT 1   [ RunTime:0.000119s ]
SQL: SELECT SUM(rep_amount) AS tp_sum FROM `tp_loan_repayment` WHERE ( sap_code = 'SAP-1472707613' and rep_status = 1 ) LIMIT 1   [ RunTime:0.000143s ]
SQL: SELECT SUM(rep_amount) AS tp_sum FROM `tp_loan_repayment` WHERE ( sap_code = 'SAP-1472707777' and rep_status = 1 ) LIMIT 1   [ RunTime:0.000117s ]

