[ 2016-09-05T15:08:47+08:00 ] ::1 /loanpiadmin.php/Index/register.html
INFO: [ app_init ] --START--
INFO: Run Behavior\BuildLiteBehavior [ RunTime:0.000017s ]
INFO: [ app_init ] --END-- [ RunTime:0.000068s ]

[ 2016-09-05T15:08:48+08:00 ] ::1 /loanpiadmin.php/Index/register_list?_=1473059327574
INFO: [ app_init ] --START--
INFO: Run Behavior\BuildLiteBehavior [ RunTime:0.000015s ]
INFO: [ app_init ] --END-- [ RunTime:0.000065s ]
INFO: [ app_begin ] --START--
INFO: Run Behavior\ReadHtmlCacheBehavior [ RunTime:0.000445s ]
INFO: [ app_begin ] --END-- [ RunTime:0.000497s ]
SQL: SHOW COLUMNS FROM `tp_loan_admin` [ RunTime:0.004430s ]
SQL: SELECT * FROM `tp_loan_admin` WHERE `id` = 1 LIMIT 1   [ RunTime:0.000573s ]
SQL: SHOW COLUMNS FROM `tp_loan_register` [ RunTime:0.003609s ]
SQL: SHOW COLUMNS FROM `tp_loan_register` [ RunTime:0.002858s ]
SQL: SELECT * FROM `tp_loan_register`  [ RunTime:0.000287s ]
SQL: SHOW COLUMNS FROM `tp_loan_repayment` [ RunTime:0.003745s ]
SQL: SHOW COLUMNS FROM `tp_loan_repayment` [ RunTime:0.004111s ]
SQL: SELECT SUM(rep_amount) AS tp_sum FROM `tp_loan_repayment` WHERE ( sap_code = 'SAP2015645802' and rep_status = 1 ) LIMIT 1   [ RunTime:0.000246s ]
SQL: SELECT SUM(rep_amount) AS tp_sum FROM `tp_loan_repayment` WHERE ( sap_code = 'SAP20160221212' and rep_status = 1 ) LIMIT 1   [ RunTime:0.000130s ]
SQL: SELECT SUM(rep_amount) AS tp_sum FROM `tp_loan_repayment` WHERE ( sap_code = 'SAP201612454' and rep_status = 1 ) LIMIT 1   [ RunTime:0.000153s ]
SQL: SELECT SUM(rep_amount) AS tp_sum FROM `tp_loan_repayment` WHERE ( sap_code = 'SAP201603265' and rep_status = 1 ) LIMIT 1   [ RunTime:0.000155s ]
SQL: SELECT SUM(rep_amount) AS tp_sum FROM `tp_loan_repayment` WHERE ( sap_code = 'SAP201603265' and rep_status = 1 ) LIMIT 1   [ RunTime:0.000178s ]
SQL: SELECT SUM(rep_amount) AS tp_sum FROM `tp_loan_repayment` WHERE ( sap_code = 'SAP-1472706770' and rep_status = 1 ) LIMIT 1   [ RunTime:0.000137s ]
SQL: SELECT SUM(rep_amount) AS tp_sum FROM `tp_loan_repayment` WHERE ( sap_code = 'SAP-1472707229' and rep_status = 1 ) LIMIT 1   [ RunTime:0.000128s ]
SQL: SELECT SUM(rep_amount) AS tp_sum FROM `tp_loan_repayment` WHERE ( sap_code = 'SAP-1472707613' and rep_status = 1 ) LIMIT 1   [ RunTime:0.000125s ]
SQL: SELECT SUM(rep_amount) AS tp_sum FROM `tp_loan_repayment` WHERE ( sap_code = 'SAP-1472707777' and rep_status = 1 ) LIMIT 1   [ RunTime:0.000120s ]

[ 2016-09-05T16:26:35+08:00 ] ::1 /loanpiadmin.php/Index/repayment.html
INFO: [ app_init ] --START--
INFO: Run Behavior\BuildLiteBehavior [ RunTime:0.000015s ]
INFO: [ app_init ] --END-- [ RunTime:0.000080s ]

[ 2016-09-05T16:26:35+08:00 ] ::1 /loanpiadmin.php/Index/repayment_list?_=1473063995515
INFO: [ app_init ] --START--
INFO: Run Behavior\BuildLiteBehavior [ RunTime:0.000016s ]
INFO: [ app_init ] --END-- [ RunTime:0.000070s ]
INFO: [ app_begin ] --START--
INFO: Run Behavior\ReadHtmlCacheBehavior [ RunTime:0.000487s ]
INFO: [ app_begin ] --END-- [ RunTime:0.000537s ]
SQL: SHOW COLUMNS FROM `tp_loan_admin` [ RunTime:0.003706s ]
SQL: SELECT * FROM `tp_loan_admin` WHERE `id` = 1 LIMIT 1   [ RunTime:0.000266s ]
SQL: SHOW COLUMNS FROM `tp_loan_repayment` [ RunTime:0.003765s ]
SQL: SHOW COLUMNS FROM `tp_loan_repayment` [ RunTime:0.003275s ]
SQL: SELECT * FROM `tp_loan_repayment`  [ RunTime:0.000345s ]

[ 2016-09-05T16:26:37+08:00 ] ::1 /loanpiadmin.php/Index/register.html
INFO: [ app_init ] --START--
INFO: Run Behavior\BuildLiteBehavior [ RunTime:0.000017s ]
INFO: [ app_init ] --END-- [ RunTime:0.000079s ]

[ 2016-09-05T16:26:38+08:00 ] ::1 /loanpiadmin.php/Index/register_list?_=1473063998184
INFO: [ app_init ] --START--
INFO: Run Behavior\BuildLiteBehavior [ RunTime:0.000018s ]
INFO: [ app_init ] --END-- [ RunTime:0.000260s ]
INFO: [ app_begin ] --START--
INFO: Run Behavior\ReadHtmlCacheBehavior [ RunTime:0.000472s ]
INFO: [ app_begin ] --END-- [ RunTime:0.000525s ]
SQL: SHOW COLUMNS FROM `tp_loan_admin` [ RunTime:0.003451s ]
SQL: SELECT * FROM `tp_loan_admin` WHERE `id` = 1 LIMIT 1   [ RunTime:0.000273s ]
SQL: SHOW COLUMNS FROM `tp_loan_register` [ RunTime:0.003961s ]
SQL: SHOW COLUMNS FROM `tp_loan_register` [ RunTime:0.002720s ]
SQL: SELECT * FROM `tp_loan_register`  [ RunTime:0.000384s ]
SQL: SHOW COLUMNS FROM `tp_loan_repayment` [ RunTime:0.004113s ]
SQL: SHOW COLUMNS FROM `tp_loan_repayment` [ RunTime:0.003552s ]
SQL: SELECT SUM(rep_amount) AS tp_sum FROM `tp_loan_repayment` WHERE ( sap_code = 'SAP2015645802' and rep_status = 1 ) LIMIT 1   [ RunTime:0.000253s ]
SQL: SELECT SUM(rep_amount) AS tp_sum FROM `tp_loan_repayment` WHERE ( sap_code = 'SAP20160221212' and rep_status = 1 ) LIMIT 1   [ RunTime:0.000139s ]
SQL: SELECT SUM(rep_amount) AS tp_sum FROM `tp_loan_repayment` WHERE ( sap_code = 'SAP201612454' and rep_status = 1 ) LIMIT 1   [ RunTime:0.000135s ]
SQL: SELECT SUM(rep_amount) AS tp_sum FROM `tp_loan_repayment` WHERE ( sap_code = 'SAP201603265' and rep_status = 1 ) LIMIT 1   [ RunTime:0.000134s ]
SQL: SELECT SUM(rep_amount) AS tp_sum FROM `tp_loan_repayment` WHERE ( sap_code = 'SAP201603265' and rep_status = 1 ) LIMIT 1   [ RunTime:0.000779s ]
SQL: SELECT SUM(rep_amount) AS tp_sum FROM `tp_loan_repayment` WHERE ( sap_code = 'SAP-1472706770' and rep_status = 1 ) LIMIT 1   [ RunTime:0.000201s ]
SQL: SELECT SUM(rep_amount) AS tp_sum FROM `tp_loan_repayment` WHERE ( sap_code = 'SAP-1472707229' and rep_status = 1 ) LIMIT 1   [ RunTime:0.000185s ]
SQL: SELECT SUM(rep_amount) AS tp_sum FROM `tp_loan_repayment` WHERE ( sap_code = 'SAP-1472707613' and rep_status = 1 ) LIMIT 1   [ RunTime:0.000141s ]
SQL: SELECT SUM(rep_amount) AS tp_sum FROM `tp_loan_repayment` WHERE ( sap_code = 'SAP-1472707777' and rep_status = 1 ) LIMIT 1   [ RunTime:0.000150s ]

[ 2016-09-05T16:26:40+08:00 ] ::1 /loanpiadmin.php/Index/repayment.html
INFO: [ app_init ] --START--
INFO: Run Behavior\BuildLiteBehavior [ RunTime:0.000015s ]
INFO: [ app_init ] --END-- [ RunTime:0.000063s ]

[ 2016-09-05T16:26:43+08:00 ] ::1 /loanpiadmin.php/Index/repayment_list?_=1473064002714
INFO: [ app_init ] --START--
INFO: Run Behavior\BuildLiteBehavior [ RunTime:0.000015s ]
INFO: [ app_init ] --END-- [ RunTime:0.000062s ]
INFO: [ app_begin ] --START--
INFO: Run Behavior\ReadHtmlCacheBehavior [ RunTime:0.000473s ]
INFO: [ app_begin ] --END-- [ RunTime:0.000525s ]
SQL: SHOW COLUMNS FROM `tp_loan_admin` [ RunTime:0.004612s ]
SQL: SELECT * FROM `tp_loan_admin` WHERE `id` = 1 LIMIT 1   [ RunTime:0.000283s ]
SQL: SHOW COLUMNS FROM `tp_loan_repayment` [ RunTime:0.002998s ]
SQL: SHOW COLUMNS FROM `tp_loan_repayment` [ RunTime:0.003335s ]
SQL: SELECT * FROM `tp_loan_repayment`  [ RunTime:0.000241s ]

[ 2016-09-05T16:28:04+08:00 ] ::1 /loanpiadmin.php/Index/register.html
INFO: [ app_init ] --START--
INFO: Run Behavior\BuildLiteBehavior [ RunTime:0.000016s ]
INFO: [ app_init ] --END-- [ RunTime:0.000064s ]

[ 2016-09-05T16:28:05+08:00 ] ::1 /loanpiadmin.php/Index/register_list?_=1473064085272
INFO: [ app_init ] --START--
INFO: Run Behavior\BuildLiteBehavior [ RunTime:0.000015s ]
INFO: [ app_init ] --END-- [ RunTime:0.000064s ]
INFO: [ app_begin ] --START--
INFO: Run Behavior\ReadHtmlCacheBehavior [ RunTime:0.000416s ]
INFO: [ app_begin ] --END-- [ RunTime:0.000462s ]
SQL: SHOW COLUMNS FROM `tp_loan_admin` [ RunTime:0.003771s ]
SQL: SELECT * FROM `tp_loan_admin` WHERE `id` = 1 LIMIT 1   [ RunTime:0.000238s ]
SQL: SHOW COLUMNS FROM `tp_loan_register` [ RunTime:0.003406s ]
SQL: SHOW COLUMNS FROM `tp_loan_register` [ RunTime:0.003677s ]
SQL: SELECT * FROM `tp_loan_register`  [ RunTime:0.000373s ]
SQL: SHOW COLUMNS FROM `tp_loan_repayment` [ RunTime:0.004461s ]
SQL: SHOW COLUMNS FROM `tp_loan_repayment` [ RunTime:0.004472s ]
SQL: SELECT SUM(rep_amount) AS tp_sum FROM `tp_loan_repayment` WHERE ( sap_code = 'SAP2015645802' and rep_status = 1 ) LIMIT 1   [ RunTime:0.000394s ]
SQL: SELECT SUM(rep_amount) AS tp_sum FROM `tp_loan_repayment` WHERE ( sap_code = 'SAP20160221212' and rep_status = 1 ) LIMIT 1   [ RunTime:0.000168s ]
SQL: SELECT SUM(rep_amount) AS tp_sum FROM `tp_loan_repayment` WHERE ( sap_code = 'SAP201612454' and rep_status = 1 ) LIMIT 1   [ RunTime:0.000155s ]
SQL: SELECT SUM(rep_amount) AS tp_sum FROM `tp_loan_repayment` WHERE ( sap_code = 'SAP201603265' and rep_status = 1 ) LIMIT 1   [ RunTime:0.000163s ]
SQL: SELECT SUM(rep_amount) AS tp_sum FROM `tp_loan_repayment` WHERE ( sap_code = 'SAP201603265' and rep_status = 1 ) LIMIT 1   [ RunTime:0.000190s ]
SQL: SELECT SUM(rep_amount) AS tp_sum FROM `tp_loan_repayment` WHERE ( sap_code = 'SAP-1472706770' and rep_status = 1 ) LIMIT 1   [ RunTime:0.000176s ]
SQL: SELECT SUM(rep_amount) AS tp_sum FROM `tp_loan_repayment` WHERE ( sap_code = 'SAP-1472707229' and rep_status = 1 ) LIMIT 1   [ RunTime:0.000210s ]
SQL: SELECT SUM(rep_amount) AS tp_sum FROM `tp_loan_repayment` WHERE ( sap_code = 'SAP-1472707613' and rep_status = 1 ) LIMIT 1   [ RunTime:0.000314s ]
SQL: SELECT SUM(rep_amount) AS tp_sum FROM `tp_loan_repayment` WHERE ( sap_code = 'SAP-1472707777' and rep_status = 1 ) LIMIT 1   [ RunTime:0.000320s ]

[ 2016-09-05T16:30:29+08:00 ] ::1 /loanpiadmin.php/Index/repayment.html
INFO: [ app_init ] --START--
INFO: Run Behavior\BuildLiteBehavior [ RunTime:0.000014s ]
INFO: [ app_init ] --END-- [ RunTime:0.000071s ]

[ 2016-09-05T16:30:31+08:00 ] ::1 /loanpiadmin.php/Index/repayment_list?_=1473064230985
INFO: [ app_init ] --START--
INFO: Run Behavior\BuildLiteBehavior [ RunTime:0.000017s ]
INFO: [ app_init ] --END-- [ RunTime:0.000074s ]
INFO: [ app_begin ] --START--
INFO: Run Behavior\ReadHtmlCacheBehavior [ RunTime:0.000603s ]
INFO: [ app_begin ] --END-- [ RunTime:0.000660s ]
SQL: SHOW COLUMNS FROM `tp_loan_admin` [ RunTime:0.003603s ]
SQL: SELECT * FROM `tp_loan_admin` WHERE `id` = 1 LIMIT 1   [ RunTime:0.000287s ]
SQL: SHOW COLUMNS FROM `tp_loan_repayment` [ RunTime:0.003141s ]
SQL: SHOW COLUMNS FROM `tp_loan_repayment` [ RunTime:0.003218s ]
SQL: SELECT * FROM `tp_loan_repayment`  [ RunTime:0.000234s ]

[ 2016-09-05T16:30:45+08:00 ] ::1 /loanpiadmin.php/Index/register.html
INFO: [ app_init ] --START--
INFO: Run Behavior\BuildLiteBehavior [ RunTime:0.000016s ]
INFO: [ app_init ] --END-- [ RunTime:0.000071s ]

[ 2016-09-05T16:30:45+08:00 ] ::1 /loanpiadmin.php/Index/register_list?_=1473064245595
INFO: [ app_init ] --START--
INFO: Run Behavior\BuildLiteBehavior [ RunTime:0.000017s ]
INFO: [ app_init ] --END-- [ RunTime:0.000085s ]
INFO: [ app_begin ] --START--
INFO: Run Behavior\ReadHtmlCacheBehavior [ RunTime:0.000470s ]
INFO: [ app_begin ] --END-- [ RunTime:0.000629s ]
SQL: SHOW COLUMNS FROM `tp_loan_admin` [ RunTime:0.003471s ]
SQL: SELECT * FROM `tp_loan_admin` WHERE `id` = 1 LIMIT 1   [ RunTime:0.000250s ]
SQL: SHOW COLUMNS FROM `tp_loan_register` [ RunTime:0.002751s ]
SQL: SHOW COLUMNS FROM `tp_loan_register` [ RunTime:0.002919s ]
SQL: SELECT * FROM `tp_loan_register`  [ RunTime:0.000313s ]
SQL: SHOW COLUMNS FROM `tp_loan_repayment` [ RunTime:0.003649s ]
SQL: SHOW COLUMNS FROM `tp_loan_repayment` [ RunTime:0.003025s ]
SQL: SELECT SUM(rep_amount) AS tp_sum FROM `tp_loan_repayment` WHERE ( sap_code = 'SAP2015645802' and rep_status = 1 ) LIMIT 1   [ RunTime:0.000300s ]
SQL: SELECT SUM(rep_amount) AS tp_sum FROM `tp_loan_repayment` WHERE ( sap_code = 'SAP20160221212' and rep_status = 1 ) LIMIT 1   [ RunTime:0.000165s ]
SQL: SELECT SUM(rep_amount) AS tp_sum FROM `tp_loan_repayment` WHERE ( sap_code = 'SAP201612454' and rep_status = 1 ) LIMIT 1   [ RunTime:0.000141s ]
SQL: SELECT SUM(rep_amount) AS tp_sum FROM `tp_loan_repayment` WHERE ( sap_code = 'SAP201603265' and rep_status = 1 ) LIMIT 1   [ RunTime:0.000126s ]
SQL: SELECT SUM(rep_amount) AS tp_sum FROM `tp_loan_repayment` WHERE ( sap_code = 'SAP201603265' and rep_status = 1 ) LIMIT 1   [ RunTime:0.000142s ]
SQL: SELECT SUM(rep_amount) AS tp_sum FROM `tp_loan_repayment` WHERE ( sap_code = 'SAP-1472706770' and rep_status = 1 ) LIMIT 1   [ RunTime:0.000137s ]
SQL: SELECT SUM(rep_amount) AS tp_sum FROM `tp_loan_repayment` WHERE ( sap_code = 'SAP-1472707229' and rep_status = 1 ) LIMIT 1   [ RunTime:0.000147s ]
SQL: SELECT SUM(rep_amount) AS tp_sum FROM `tp_loan_repayment` WHERE ( sap_code = 'SAP-1472707613' and rep_status = 1 ) LIMIT 1   [ RunTime:0.000128s ]
SQL: SELECT SUM(rep_amount) AS tp_sum FROM `tp_loan_repayment` WHERE ( sap_code = 'SAP-1472707777' and rep_status = 1 ) LIMIT 1   [ RunTime:0.000146s ]

[ 2016-09-05T16:30:49+08:00 ] ::1 /loanpiadmin.php/Index/repayment.html
INFO: [ app_init ] --START--
INFO: Run Behavior\BuildLiteBehavior [ RunTime:0.000026s ]
INFO: [ app_init ] --END-- [ RunTime:0.000085s ]

[ 2016-09-05T16:30:50+08:00 ] ::1 /loanpiadmin.php/Index/repayment_list?_=1473064250014
INFO: [ app_init ] --START--
INFO: Run Behavior\BuildLiteBehavior [ RunTime:0.000015s ]
INFO: [ app_init ] --END-- [ RunTime:0.000065s ]
INFO: [ app_begin ] --START--
INFO: Run Behavior\ReadHtmlCacheBehavior [ RunTime:0.000421s ]
INFO: [ app_begin ] --END-- [ RunTime:0.000469s ]
SQL: SHOW COLUMNS FROM `tp_loan_admin` [ RunTime:0.003296s ]
SQL: SELECT * FROM `tp_loan_admin` WHERE `id` = 1 LIMIT 1   [ RunTime:0.000234s ]
SQL: SHOW COLUMNS FROM `tp_loan_repayment` [ RunTime:0.004229s ]
SQL: SHOW COLUMNS FROM `tp_loan_repayment` [ RunTime:0.004799s ]
SQL: SELECT * FROM `tp_loan_repayment`  [ RunTime:0.000225s ]

[ 2016-09-05T16:30:52+08:00 ] ::1 /loanpiadmin.php/Index/register.html
INFO: [ app_init ] --START--
INFO: Run Behavior\BuildLiteBehavior [ RunTime:0.000014s ]
INFO: [ app_init ] --END-- [ RunTime:0.000064s ]

[ 2016-09-05T16:30:52+08:00 ] ::1 /loanpiadmin.php/Index/register_list?_=1473064252578
INFO: [ app_init ] --START--
INFO: Run Behavior\BuildLiteBehavior [ RunTime:0.000016s ]
INFO: [ app_init ] --END-- [ RunTime:0.000073s ]
INFO: [ app_begin ] --START--
INFO: Run Behavior\ReadHtmlCacheBehavior [ RunTime:0.000433s ]
INFO: [ app_begin ] --END-- [ RunTime:0.000480s ]
SQL: SHOW COLUMNS FROM `tp_loan_admin` [ RunTime:0.002726s ]
SQL: SELECT * FROM `tp_loan_admin` WHERE `id` = 1 LIMIT 1   [ RunTime:0.000215s ]
SQL: SHOW COLUMNS FROM `tp_loan_register` [ RunTime:0.003173s ]
SQL: SHOW COLUMNS FROM `tp_loan_register` [ RunTime:0.003925s ]
SQL: SELECT * FROM `tp_loan_register`  [ RunTime:0.000289s ]
SQL: SHOW COLUMNS FROM `tp_loan_repayment` [ RunTime:0.003367s ]
SQL: SHOW COLUMNS FROM `tp_loan_repayment` [ RunTime:0.003274s ]
SQL: SELECT SUM(rep_amount) AS tp_sum FROM `tp_loan_repayment` WHERE ( sap_code = 'SAP2015645802' and rep_status = 1 ) LIMIT 1   [ RunTime:0.000240s ]
SQL: SELECT SUM(rep_amount) AS tp_sum FROM `tp_loan_repayment` WHERE ( sap_code = 'SAP20160221212' and rep_status = 1 ) LIMIT 1   [ RunTime:0.000168s ]
SQL: SELECT SUM(rep_amount) AS tp_sum FROM `tp_loan_repayment` WHERE ( sap_code = 'SAP201612454' and rep_status = 1 ) LIMIT 1   [ RunTime:0.000165s ]
SQL: SELECT SUM(rep_amount) AS tp_sum FROM `tp_loan_repayment` WHERE ( sap_code = 'SAP201603265' and rep_status = 1 ) LIMIT 1   [ RunTime:0.000149s ]
SQL: SELECT SUM(rep_amount) AS tp_sum FROM `tp_loan_repayment` WHERE ( sap_code = 'SAP201603265' and rep_status = 1 ) LIMIT 1   [ RunTime:0.000130s ]
SQL: SELECT SUM(rep_amount) AS tp_sum FROM `tp_loan_repayment` WHERE ( sap_code = 'SAP-1472706770' and rep_status = 1 ) LIMIT 1   [ RunTime:0.000122s ]
SQL: SELECT SUM(rep_amount) AS tp_sum FROM `tp_loan_repayment` WHERE ( sap_code = 'SAP-1472707229' and rep_status = 1 ) LIMIT 1   [ RunTime:0.000119s ]
SQL: SELECT SUM(rep_amount) AS tp_sum FROM `tp_loan_repayment` WHERE ( sap_code = 'SAP-1472707613' and rep_status = 1 ) LIMIT 1   [ RunTime:0.000125s ]
SQL: SELECT SUM(rep_amount) AS tp_sum FROM `tp_loan_repayment` WHERE ( sap_code = 'SAP-1472707777' and rep_status = 1 ) LIMIT 1   [ RunTime:0.000119s ]

[ 2016-09-05T16:31:52+08:00 ] ::1 /loanpiadmin.php/Index/register.html
INFO: [ app_init ] --START--
INFO: Run Behavior\BuildLiteBehavior [ RunTime:0.000016s ]
INFO: [ app_init ] --END-- [ RunTime:0.000068s ]

[ 2016-09-05T16:31:53+08:00 ] ::1 /loanpiadmin.php/Index/register_list?_=1473064312873
INFO: [ app_init ] --START--
INFO: Run Behavior\BuildLiteBehavior [ RunTime:0.000015s ]
INFO: [ app_init ] --END-- [ RunTime:0.000068s ]
INFO: [ app_begin ] --START--
INFO: Run Behavior\ReadHtmlCacheBehavior [ RunTime:0.001602s ]
INFO: [ app_begin ] --END-- [ RunTime:0.001673s ]
SQL: SHOW COLUMNS FROM `tp_loan_admin` [ RunTime:0.003053s ]
SQL: SELECT * FROM `tp_loan_admin` WHERE `id` = 1 LIMIT 1   [ RunTime:0.000623s ]
SQL: SHOW COLUMNS FROM `tp_loan_register` [ RunTime:0.003704s ]
SQL: SHOW COLUMNS FROM `tp_loan_register` [ RunTime:0.003331s ]
SQL: SELECT * FROM `tp_loan_register`  [ RunTime:0.000336s ]
SQL: SHOW COLUMNS FROM `tp_loan_repayment` [ RunTime:0.003270s ]
SQL: SHOW COLUMNS FROM `tp_loan_repayment` [ RunTime:0.003486s ]
SQL: SELECT SUM(rep_amount) AS tp_sum FROM `tp_loan_repayment` WHERE ( sap_code = 'SAP2015645802' and rep_status = 1 ) LIMIT 1   [ RunTime:0.000296s ]
SQL: SELECT SUM(rep_amount) AS tp_sum FROM `tp_loan_repayment` WHERE ( sap_code = 'SAP20160221212' and rep_status = 1 ) LIMIT 1   [ RunTime:0.000197s ]
SQL: SELECT SUM(rep_amount) AS tp_sum FROM `tp_loan_repayment` WHERE ( sap_code = 'SAP201612454' and rep_status = 1 ) LIMIT 1   [ RunTime:0.000164s ]
SQL: SELECT SUM(rep_amount) AS tp_sum FROM `tp_loan_repayment` WHERE ( sap_code = 'SAP201603265' and rep_status = 1 ) LIMIT 1   [ RunTime:0.000188s ]
SQL: SELECT SUM(rep_amount) AS tp_sum FROM `tp_loan_repayment` WHERE ( sap_code = 'SAP201603265' and rep_status = 1 ) LIMIT 1   [ RunTime:0.000156s ]
SQL: SELECT SUM(rep_amount) AS tp_sum FROM `tp_loan_repayment` WHERE ( sap_code = 'SAP-1472706770' and rep_status = 1 ) LIMIT 1   [ RunTime:0.000136s ]
SQL: SELECT SUM(rep_amount) AS tp_sum FROM `tp_loan_repayment` WHERE ( sap_code = 'SAP-1472707229' and rep_status = 1 ) LIMIT 1   [ RunTime:0.000163s ]
SQL: SELECT SUM(rep_amount) AS tp_sum FROM `tp_loan_repayment` WHERE ( sap_code = 'SAP-1472707613' and rep_status = 1 ) LIMIT 1   [ RunTime:0.000181s ]
SQL: SELECT SUM(rep_amount) AS tp_sum FROM `tp_loan_repayment` WHERE ( sap_code = 'SAP-1472707777' and rep_status = 1 ) LIMIT 1   [ RunTime:0.000179s ]

[ 2016-09-05T16:32:35+08:00 ] ::1 /loanpiadmin.php/Index/register.html
INFO: [ app_init ] --START--
INFO: Run Behavior\BuildLiteBehavior [ RunTime:0.000016s ]
INFO: [ app_init ] --END-- [ RunTime:0.000072s ]

[ 2016-09-05T16:32:36+08:00 ] ::1 /loanpiadmin.php/Index/register_list?_=1473064356062
INFO: [ app_init ] --START--
INFO: Run Behavior\BuildLiteBehavior [ RunTime:0.000017s ]
INFO: [ app_init ] --END-- [ RunTime:0.000068s ]
INFO: [ app_begin ] --START--
INFO: Run Behavior\ReadHtmlCacheBehavior [ RunTime:0.000454s ]
INFO: [ app_begin ] --END-- [ RunTime:0.000505s ]
SQL: SHOW COLUMNS FROM `tp_loan_admin` [ RunTime:0.002690s ]
SQL: SELECT * FROM `tp_loan_admin` WHERE `id` = 1 LIMIT 1   [ RunTime:0.000224s ]
SQL: SHOW COLUMNS FROM `tp_loan_register` [ RunTime:0.004046s ]
SQL: SHOW COLUMNS FROM `tp_loan_register` [ RunTime:0.002943s ]
SQL: SELECT * FROM `tp_loan_register`  [ RunTime:0.000313s ]
SQL: SHOW COLUMNS FROM `tp_loan_repayment` [ RunTime:0.003152s ]
SQL: SHOW COLUMNS FROM `tp_loan_repayment` [ RunTime:0.002676s ]
SQL: SELECT SUM(rep_amount) AS tp_sum FROM `tp_loan_repayment` WHERE ( sap_code = 'SAP2015645802' and rep_status = 1 ) LIMIT 1   [ RunTime:0.000236s ]
SQL: SELECT SUM(rep_amount) AS tp_sum FROM `tp_loan_repayment` WHERE ( sap_code = 'SAP20160221212' and rep_status = 1 ) LIMIT 1   [ RunTime:0.000139s ]
SQL: SELECT SUM(rep_amount) AS tp_sum FROM `tp_loan_repayment` WHERE ( sap_code = 'SAP201612454' and rep_status = 1 ) LIMIT 1   [ RunTime:0.000151s ]
SQL: SELECT SUM(rep_amount) AS tp_sum FROM `tp_loan_repayment` WHERE ( sap_code = 'SAP201603265' and rep_status = 1 ) LIMIT 1   [ RunTime:0.000148s ]
SQL: SELECT SUM(rep_amount) AS tp_sum FROM `tp_loan_repayment` WHERE ( sap_code = 'SAP201603265' and rep_status = 1 ) LIMIT 1   [ RunTime:0.000147s ]
SQL: SELECT SUM(rep_amount) AS tp_sum FROM `tp_loan_repayment` WHERE ( sap_code = 'SAP-1472706770' and rep_status = 1 ) LIMIT 1   [ RunTime:0.000176s ]
SQL: SELECT SUM(rep_amount) AS tp_sum FROM `tp_loan_repayment` WHERE ( sap_code = 'SAP-1472707229' and rep_status = 1 ) LIMIT 1   [ RunTime:0.000146s ]
SQL: SELECT SUM(rep_amount) AS tp_sum FROM `tp_loan_repayment` WHERE ( sap_code = 'SAP-1472707613' and rep_status = 1 ) LIMIT 1   [ RunTime:0.000127s ]
SQL: SELECT SUM(rep_amount) AS tp_sum FROM `tp_loan_repayment` WHERE ( sap_code = 'SAP-1472707777' and rep_status = 1 ) LIMIT 1   [ RunTime:0.000128s ]

[ 2016-09-05T16:33:36+08:00 ] ::1 /loanpiadmin.php/User/user.html
INFO: [ app_init ] --START--
INFO: Run Behavior\BuildLiteBehavior [ RunTime:0.000015s ]
INFO: [ app_init ] --END-- [ RunTime:0.000062s ]
ERR: 无法加载控制器:User

[ 2016-09-05T16:34:37+08:00 ] ::1 /loanpiadmin.php/User/user.html
INFO: [ app_init ] --START--
INFO: Run Behavior\BuildLiteBehavior [ RunTime:0.000014s ]
INFO: [ app_init ] --END-- [ RunTime:0.000065s ]
ERR: 非法操作:user

[ 2016-09-05T16:35:03+08:00 ] ::1 /loanpiadmin.php/User/
INFO: [ app_init ] --START--
INFO: Run Behavior\BuildLiteBehavior [ RunTime:0.000016s ]
INFO: [ app_init ] --END-- [ RunTime:0.000066s ]
ERR: 模板不存在:./Tpl/Loanpi/admin/User_index.html

[ 2016-09-05T16:35:15+08:00 ] ::1 /loanpiadmin.php/User/index.html
INFO: [ app_init ] --START--
INFO: Run Behavior\BuildLiteBehavior [ RunTime:0.000016s ]
INFO: [ app_init ] --END-- [ RunTime:0.000069s ]
ERR: 模板不存在:./Tpl/Loanpi/admin/User_index.html

[ 2016-09-05T16:35:30+08:00 ] ::1 /loanpiadmin.php/Index/register_list?_=1473064530439
INFO: [ app_init ] --START--
INFO: Run Behavior\BuildLiteBehavior [ RunTime:0.000017s ]
INFO: [ app_init ] --END-- [ RunTime:0.000069s ]
INFO: [ app_begin ] --START--
INFO: Run Behavior\ReadHtmlCacheBehavior [ RunTime:0.000497s ]
INFO: [ app_begin ] --END-- [ RunTime:0.000553s ]
SQL: SHOW COLUMNS FROM `tp_loan_admin` [ RunTime:0.003136s ]
SQL: SELECT * FROM `tp_loan_admin` WHERE `id` = 1 LIMIT 1   [ RunTime:0.000288s ]
SQL: SHOW COLUMNS FROM `tp_loan_register` [ RunTime:0.003436s ]
SQL: SHOW COLUMNS FROM `tp_loan_register` [ RunTime:0.003098s ]
SQL: SELECT * FROM `tp_loan_register`  [ RunTime:0.000282s ]
SQL: SHOW COLUMNS FROM `tp_loan_repayment` [ RunTime:0.002811s ]
SQL: SHOW COLUMNS FROM `tp_loan_repayment` [ RunTime:0.002648s ]
SQL: SELECT SUM(rep_amount) AS tp_sum FROM `tp_loan_repayment` WHERE ( sap_code = 'SAP2015645802' and rep_status = 1 ) LIMIT 1   [ RunTime:0.000214s ]
SQL: SELECT SUM(rep_amount) AS tp_sum FROM `tp_loan_repayment` WHERE ( sap_code = 'SAP20160221212' and rep_status = 1 ) LIMIT 1   [ RunTime:0.000125s ]
SQL: SELECT SUM(rep_amount) AS tp_sum FROM `tp_loan_repayment` WHERE ( sap_code = 'SAP201612454' and rep_status = 1 ) LIMIT 1   [ RunTime:0.000129s ]
SQL: SELECT SUM(rep_amount) AS tp_sum FROM `tp_loan_repayment` WHERE ( sap_code = 'SAP201603265' and rep_status = 1 ) LIMIT 1   [ RunTime:0.000119s ]
SQL: SELECT SUM(rep_amount) AS tp_sum FROM `tp_loan_repayment` WHERE ( sap_code = 'SAP201603265' and rep_status = 1 ) LIMIT 1   [ RunTime:0.000121s ]
SQL: SELECT SUM(rep_amount) AS tp_sum FROM `tp_loan_repayment` WHERE ( sap_code = 'SAP-1472706770' and rep_status = 1 ) LIMIT 1   [ RunTime:0.000113s ]
SQL: SELECT SUM(rep_amount) AS tp_sum FROM `tp_loan_repayment` WHERE ( sap_code = 'SAP-1472707229' and rep_status = 1 ) LIMIT 1   [ RunTime:0.000112s ]
SQL: SELECT SUM(rep_amount) AS tp_sum FROM `tp_loan_repayment` WHERE ( sap_code = 'SAP-1472707613' and rep_status = 1 ) LIMIT 1   [ RunTime:0.000116s ]
SQL: SELECT SUM(rep_amount) AS tp_sum FROM `tp_loan_repayment` WHERE ( sap_code = 'SAP-1472707777' and rep_status = 1 ) LIMIT 1   [ RunTime:0.000112s ]

[ 2016-09-05T16:35:42+08:00 ] ::1 /loanpiadmin.php/Index/register.html
INFO: [ app_init ] --START--
INFO: Run Behavior\BuildLiteBehavior [ RunTime:0.000016s ]
INFO: [ app_init ] --END-- [ RunTime:0.000070s ]

[ 2016-09-05T16:35:43+08:00 ] ::1 /loanpiadmin.php/Index/register_list?_=1473064543526
INFO: [ app_init ] --START--
INFO: Run Behavior\BuildLiteBehavior [ RunTime:0.000017s ]
INFO: [ app_init ] --END-- [ RunTime:0.000076s ]
INFO: [ app_begin ] --START--
INFO: Run Behavior\ReadHtmlCacheBehavior [ RunTime:0.000448s ]
INFO: [ app_begin ] --END-- [ RunTime:0.000500s ]
SQL: SHOW COLUMNS FROM `tp_loan_admin` [ RunTime:0.003137s ]
SQL: SELECT * FROM `tp_loan_admin` WHERE `id` = 1 LIMIT 1   [ RunTime:0.000318s ]
SQL: SHOW COLUMNS FROM `tp_loan_register` [ RunTime:0.003391s ]
SQL: SHOW COLUMNS FROM `tp_loan_register` [ RunTime:0.003085s ]
SQL: SELECT * FROM `tp_loan_register`  [ RunTime:0.000267s ]
SQL: SHOW COLUMNS FROM `tp_loan_repayment` [ RunTime:0.003037s ]
SQL: SHOW COLUMNS FROM `tp_loan_repayment` [ RunTime:0.003582s ]
SQL: SELECT SUM(rep_amount) AS tp_sum FROM `tp_loan_repayment` WHERE ( sap_code = 'SAP2015645802' and rep_status = 1 ) LIMIT 1   [ RunTime:0.000316s ]
SQL: SELECT SUM(rep_amount) AS tp_sum FROM `tp_loan_repayment` WHERE ( sap_code = 'SAP20160221212' and rep_status = 1 ) LIMIT 1   [ RunTime:0.000159s ]
SQL: SELECT SUM(rep_amount) AS tp_sum FROM `tp_loan_repayment` WHERE ( sap_code = 'SAP201612454' and rep_status = 1 ) LIMIT 1   [ RunTime:0.000151s ]
SQL: SELECT SUM(rep_amount) AS tp_sum FROM `tp_loan_repayment` WHERE ( sap_code = 'SAP201603265' and rep_status = 1 ) LIMIT 1   [ RunTime:0.000166s ]
SQL: SELECT SUM(rep_amount) AS tp_sum FROM `tp_loan_repayment` WHERE ( sap_code = 'SAP201603265' and rep_status = 1 ) LIMIT 1   [ RunTime:0.000164s ]
SQL: SELECT SUM(rep_amount) AS tp_sum FROM `tp_loan_repayment` WHERE ( sap_code = 'SAP-1472706770' and rep_status = 1 ) LIMIT 1   [ RunTime:0.000161s ]
SQL: SELECT SUM(rep_amount) AS tp_sum FROM `tp_loan_repayment` WHERE ( sap_code = 'SAP-1472707229' and rep_status = 1 ) LIMIT 1   [ RunTime:0.000180s ]
SQL: SELECT SUM(rep_amount) AS tp_sum FROM `tp_loan_repayment` WHERE ( sap_code = 'SAP-1472707613' and rep_status = 1 ) LIMIT 1   [ RunTime:0.000164s ]
SQL: SELECT SUM(rep_amount) AS tp_sum FROM `tp_loan_repayment` WHERE ( sap_code = 'SAP-1472707777' and rep_status = 1 ) LIMIT 1   [ RunTime:0.000155s ]

[ 2016-09-05T16:35:45+08:00 ] ::1 /loanpiadmin.php/Index/repayment.html
INFO: [ app_init ] --START--
INFO: Run Behavior\BuildLiteBehavior [ RunTime:0.000018s ]
INFO: [ app_init ] --END-- [ RunTime:0.000079s ]

[ 2016-09-05T16:35:48+08:00 ] ::1 /loanpiadmin.php/Index/repayment_list?_=1473064547839
INFO: [ app_init ] --START--
INFO: Run Behavior\BuildLiteBehavior [ RunTime:0.000020s ]
INFO: [ app_init ] --END-- [ RunTime:0.000081s ]
INFO: [ app_begin ] --START--
INFO: Run Behavior\ReadHtmlCacheBehavior [ RunTime:0.000456s ]
INFO: [ app_begin ] --END-- [ RunTime:0.000509s ]
SQL: SHOW COLUMNS FROM `tp_loan_admin` [ RunTime:0.003717s ]
SQL: SELECT * FROM `tp_loan_admin` WHERE `id` = 1 LIMIT 1   [ RunTime:0.000766s ]
SQL: SHOW COLUMNS FROM `tp_loan_repayment` [ RunTime:0.002952s ]
SQL: SHOW COLUMNS FROM `tp_loan_repayment` [ RunTime:0.002973s ]
SQL: SELECT * FROM `tp_loan_repayment`  [ RunTime:0.000237s ]

[ 2016-09-05T17:01:11+08:00 ] ::1 /loanpiadmin.php/User/index.html
INFO: [ app_init ] --START--
INFO: Run Behavior\BuildLiteBehavior [ RunTime:0.000020s ]
INFO: [ app_init ] --END-- [ RunTime:0.000089s ]
ERR: 模板不存在:./Tpl/Loanpi/admin/User_index.html

[ 2016-09-05T17:01:25+08:00 ] ::1 /loanpiadmin.php/User/index.html
INFO: [ app_init ] --START--
INFO: Run Behavior\BuildLiteBehavior [ RunTime:0.000015s ]
INFO: [ app_init ] --END-- [ RunTime:0.000065s ]

[ 2016-09-05T17:01:26+08:00 ] ::1 /loanpiadmin.php/Index/repayment_list?_=1473066086373
INFO: [ app_init ] --START--
INFO: Run Behavior\BuildLiteBehavior [ RunTime:0.000016s ]
INFO: [ app_init ] --END-- [ RunTime:0.000066s ]
INFO: [ app_begin ] --START--
INFO: Run Behavior\ReadHtmlCacheBehavior [ RunTime:0.000438s ]
INFO: [ app_begin ] --END-- [ RunTime:0.000488s ]
SQL: SHOW COLUMNS FROM `tp_loan_admin` [ RunTime:0.003320s ]
SQL: SELECT * FROM `tp_loan_admin` WHERE `id` = 1 LIMIT 1   [ RunTime:0.000300s ]
SQL: SHOW COLUMNS FROM `tp_loan_repayment` [ RunTime:0.003041s ]
SQL: SHOW COLUMNS FROM `tp_loan_repayment` [ RunTime:0.003063s ]
SQL: SELECT * FROM `tp_loan_repayment`  [ RunTime:0.000256s ]

[ 2016-09-05T17:01:54+08:00 ] ::1 /loanpiadmin.php/User/index.html
INFO: [ app_init ] --START--
INFO: Run Behavior\BuildLiteBehavior [ RunTime:0.000016s ]
INFO: [ app_init ] --END-- [ RunTime:0.000065s ]

[ 2016-09-05T17:01:55+08:00 ] ::1 /loanpiadmin.php/Index/repayment_list?_=1473066114873
INFO: [ app_init ] --START--
INFO: Run Behavior\BuildLiteBehavior [ RunTime:0.000016s ]
INFO: [ app_init ] --END-- [ RunTime:0.000068s ]
INFO: [ app_begin ] --START--
INFO: Run Behavior\ReadHtmlCacheBehavior [ RunTime:0.000454s ]
INFO: [ app_begin ] --END-- [ RunTime:0.000501s ]
SQL: SHOW COLUMNS FROM `tp_loan_admin` [ RunTime:0.003450s ]
SQL: SELECT * FROM `tp_loan_admin` WHERE `id` = 1 LIMIT 1   [ RunTime:0.001761s ]
SQL: SHOW COLUMNS FROM `tp_loan_repayment` [ RunTime:0.003403s ]
SQL: SHOW COLUMNS FROM `tp_loan_repayment` [ RunTime:0.003588s ]
SQL: SELECT * FROM `tp_loan_repayment`  [ RunTime:0.000356s ]

[ 2016-09-05T17:02:39+08:00 ] ::1 /loanpiadmin.php/User/index.html
INFO: [ app_init ] --START--
INFO: Run Behavior\BuildLiteBehavior [ RunTime:0.000016s ]
INFO: [ app_init ] --END-- [ RunTime:0.000068s ]
ERR: Think\Controller:_initialize方法不存在！

[ 2016-09-05T17:02:53+08:00 ] ::1 /loanpiadmin.php/User/index.html
INFO: [ app_init ] --START--
INFO: Run Behavior\BuildLiteBehavior [ RunTime:0.000013s ]
INFO: [ app_init ] --END-- [ RunTime:0.000064s ]

[ 2016-09-05T17:02:54+08:00 ] ::1 /loanpiadmin.php/Index/repayment_list?_=1473066174122
INFO: [ app_init ] --START--
INFO: Run Behavior\BuildLiteBehavior [ RunTime:0.000017s ]
INFO: [ app_init ] --END-- [ RunTime:0.000067s ]
INFO: [ app_begin ] --START--
INFO: Run Behavior\ReadHtmlCacheBehavior [ RunTime:0.000450s ]
INFO: [ app_begin ] --END-- [ RunTime:0.000498s ]
SQL: SHOW COLUMNS FROM `tp_loan_admin` [ RunTime:0.003225s ]
SQL: SELECT * FROM `tp_loan_admin` WHERE `id` = 1 LIMIT 1   [ RunTime:0.000218s ]
SQL: SHOW COLUMNS FROM `tp_loan_repayment` [ RunTime:0.002936s ]
SQL: SHOW COLUMNS FROM `tp_loan_repayment` [ RunTime:0.003793s ]
SQL: SELECT * FROM `tp_loan_repayment`  [ RunTime:0.000270s ]

[ 2016-09-05T17:02:58+08:00 ] ::1 /loanpiadmin.php/User/index.html
INFO: [ app_init ] --START--
INFO: Run Behavior\BuildLiteBehavior [ RunTime:0.000015s ]
INFO: [ app_init ] --END-- [ RunTime:0.000064s ]

[ 2016-09-05T17:02:59+08:00 ] ::1 /loanpiadmin.php/Index/repayment_list?_=1473066179528
INFO: [ app_init ] --START--
INFO: Run Behavior\BuildLiteBehavior [ RunTime:0.000017s ]
INFO: [ app_init ] --END-- [ RunTime:0.000075s ]
INFO: [ app_begin ] --START--
INFO: Run Behavior\ReadHtmlCacheBehavior [ RunTime:0.000493s ]
INFO: [ app_begin ] --END-- [ RunTime:0.000546s ]
SQL: SHOW COLUMNS FROM `tp_loan_admin` [ RunTime:0.003069s ]
SQL: SELECT * FROM `tp_loan_admin` WHERE `id` = 1 LIMIT 1   [ RunTime:0.000284s ]
SQL: SHOW COLUMNS FROM `tp_loan_repayment` [ RunTime:0.002733s ]
SQL: SHOW COLUMNS FROM `tp_loan_repayment` [ RunTime:0.003105s ]
SQL: SELECT * FROM `tp_loan_repayment`  [ RunTime:0.000227s ]

[ 2016-09-05T17:03:10+08:00 ] ::1 /loanpiadmin.php/User/index.html
INFO: [ app_init ] --START--
INFO: Run Behavior\BuildLiteBehavior [ RunTime:0.000019s ]
INFO: [ app_init ] --END-- [ RunTime:0.000074s ]

[ 2016-09-05T17:03:11+08:00 ] ::1 /loanpiadmin.php/Index/repayment_list?_=1473066190911
INFO: [ app_init ] --START--
INFO: Run Behavior\BuildLiteBehavior [ RunTime:0.000017s ]
INFO: [ app_init ] --END-- [ RunTime:0.000083s ]
INFO: [ app_begin ] --START--
INFO: Run Behavior\ReadHtmlCacheBehavior [ RunTime:0.000485s ]
INFO: [ app_begin ] --END-- [ RunTime:0.000544s ]
SQL: SHOW COLUMNS FROM `tp_loan_admin` [ RunTime:0.002851s ]
SQL: SELECT * FROM `tp_loan_admin` WHERE `id` = 1 LIMIT 1   [ RunTime:0.000210s ]
SQL: SHOW COLUMNS FROM `tp_loan_repayment` [ RunTime:0.003246s ]
SQL: SHOW COLUMNS FROM `tp_loan_repayment` [ RunTime:0.002889s ]
SQL: SELECT * FROM `tp_loan_repayment`  [ RunTime:0.000224s ]

[ 2016-09-05T17:03:13+08:00 ] ::1 /loanpiadmin.php/Index/repayment.html
INFO: [ app_init ] --START--
INFO: Run Behavior\BuildLiteBehavior [ RunTime:0.000014s ]
INFO: [ app_init ] --END-- [ RunTime:0.000063s ]

[ 2016-09-05T17:03:14+08:00 ] ::1 /loanpiadmin.php/Index/repayment_list?_=1473066193865
INFO: [ app_init ] --START--
INFO: Run Behavior\BuildLiteBehavior [ RunTime:0.000016s ]
INFO: [ app_init ] --END-- [ RunTime:0.000071s ]
INFO: [ app_begin ] --START--
INFO: Run Behavior\ReadHtmlCacheBehavior [ RunTime:0.000509s ]
INFO: [ app_begin ] --END-- [ RunTime:0.000565s ]
SQL: SHOW COLUMNS FROM `tp_loan_admin` [ RunTime:0.003366s ]
SQL: SELECT * FROM `tp_loan_admin` WHERE `id` = 1 LIMIT 1   [ RunTime:0.000300s ]
SQL: SHOW COLUMNS FROM `tp_loan_repayment` [ RunTime:0.004475s ]
SQL: SHOW COLUMNS FROM `tp_loan_repayment` [ RunTime:0.002841s ]
SQL: SELECT * FROM `tp_loan_repayment`  [ RunTime:0.000208s ]

[ 2016-09-05T17:03:26+08:00 ] ::1 /loanpiadmin.php/User/index.html
INFO: [ app_init ] --START--
INFO: Run Behavior\BuildLiteBehavior [ RunTime:0.000014s ]
INFO: [ app_init ] --END-- [ RunTime:0.000063s ]

[ 2016-09-05T17:03:27+08:00 ] ::1 /loanpiadmin.php/Index/repayment_list?_=1473066206916
INFO: [ app_init ] --START--
INFO: Run Behavior\BuildLiteBehavior [ RunTime:0.000016s ]
INFO: [ app_init ] --END-- [ RunTime:0.000068s ]
INFO: [ app_begin ] --START--
INFO: Run Behavior\ReadHtmlCacheBehavior [ RunTime:0.000436s ]
INFO: [ app_begin ] --END-- [ RunTime:0.000488s ]
SQL: SHOW COLUMNS FROM `tp_loan_admin` [ RunTime:0.003270s ]
SQL: SELECT * FROM `tp_loan_admin` WHERE `id` = 1 LIMIT 1   [ RunTime:0.000236s ]
SQL: SHOW COLUMNS FROM `tp_loan_repayment` [ RunTime:0.002665s ]
SQL: SHOW COLUMNS FROM `tp_loan_repayment` [ RunTime:0.002957s ]
SQL: SELECT * FROM `tp_loan_repayment`  [ RunTime:0.000249s ]

[ 2016-09-05T17:04:26+08:00 ] ::1 /loanpiadmin.php/User/index.html
INFO: [ app_init ] --START--
INFO: Run Behavior\BuildLiteBehavior [ RunTime:0.000015s ]
INFO: [ app_init ] --END-- [ RunTime:0.000064s ]

[ 2016-09-05T17:04:27+08:00 ] ::1 /loanpiadmin.php/Index/repayment_list?_=1473066267088
INFO: [ app_init ] --START--
INFO: Run Behavior\BuildLiteBehavior [ RunTime:0.000017s ]
INFO: [ app_init ] --END-- [ RunTime:0.000070s ]
INFO: [ app_begin ] --START--
INFO: Run Behavior\ReadHtmlCacheBehavior [ RunTime:0.000505s ]
INFO: [ app_begin ] --END-- [ RunTime:0.000569s ]
SQL: SHOW COLUMNS FROM `tp_loan_admin` [ RunTime:0.002971s ]
SQL: SELECT * FROM `tp_loan_admin` WHERE `id` = 1 LIMIT 1   [ RunTime:0.000222s ]
SQL: SHOW COLUMNS FROM `tp_loan_repayment` [ RunTime:0.002727s ]
SQL: SHOW COLUMNS FROM `tp_loan_repayment` [ RunTime:0.003192s ]
SQL: SELECT * FROM `tp_loan_repayment`  [ RunTime:0.000223s ]

[ 2016-09-05T17:04:52+08:00 ] ::1 /loanpiadmin.php/User/index.html
INFO: [ app_init ] --START--
INFO: Run Behavior\BuildLiteBehavior [ RunTime:0.000015s ]
INFO: [ app_init ] --END-- [ RunTime:0.000065s ]

[ 2016-09-05T17:04:53+08:00 ] ::1 /loanpiadmin.php/Index/repayment_list?_=1473066293233
INFO: [ app_init ] --START--
INFO: Run Behavior\BuildLiteBehavior [ RunTime:0.000016s ]
INFO: [ app_init ] --END-- [ RunTime:0.000068s ]
INFO: [ app_begin ] --START--
INFO: Run Behavior\ReadHtmlCacheBehavior [ RunTime:0.000415s ]
INFO: [ app_begin ] --END-- [ RunTime:0.000464s ]
SQL: SHOW COLUMNS FROM `tp_loan_admin` [ RunTime:0.003108s ]
SQL: SELECT * FROM `tp_loan_admin` WHERE `id` = 1 LIMIT 1   [ RunTime:0.000216s ]
SQL: SHOW COLUMNS FROM `tp_loan_repayment` [ RunTime:0.002957s ]
SQL: SHOW COLUMNS FROM `tp_loan_repayment` [ RunTime:0.003645s ]
SQL: SELECT * FROM `tp_loan_repayment`  [ RunTime:0.000247s ]

[ 2016-09-05T17:06:00+08:00 ] ::1 /loanpiadmin.php/User/index.html
INFO: [ app_init ] --START--
INFO: Run Behavior\BuildLiteBehavior [ RunTime:0.000015s ]
INFO: [ app_init ] --END-- [ RunTime:0.000067s ]

[ 2016-09-05T17:06:00+08:00 ] ::1 /loanpiadmin.php/Index/repayment_list?_=1473066360535
INFO: [ app_init ] --START--
INFO: Run Behavior\BuildLiteBehavior [ RunTime:0.000015s ]
INFO: [ app_init ] --END-- [ RunTime:0.000067s ]
INFO: [ app_begin ] --START--
INFO: Run Behavior\ReadHtmlCacheBehavior [ RunTime:0.000885s ]
INFO: [ app_begin ] --END-- [ RunTime:0.000942s ]
SQL: SHOW COLUMNS FROM `tp_loan_admin` [ RunTime:0.003224s ]
SQL: SELECT * FROM `tp_loan_admin` WHERE `id` = 1 LIMIT 1   [ RunTime:0.000224s ]
SQL: SHOW COLUMNS FROM `tp_loan_repayment` [ RunTime:0.003165s ]
SQL: SHOW COLUMNS FROM `tp_loan_repayment` [ RunTime:0.003262s ]
SQL: SELECT * FROM `tp_loan_repayment`  [ RunTime:0.000242s ]

[ 2016-09-05T17:07:30+08:00 ] ::1 /loanpiadmin.php/User/index.html
INFO: [ app_init ] --START--
INFO: Run Behavior\BuildLiteBehavior [ RunTime:0.000016s ]
INFO: [ app_init ] --END-- [ RunTime:0.000071s ]

[ 2016-09-05T17:07:31+08:00 ] ::1 /loanpiadmin.php/Index/repayment_list?_=1473066451561
INFO: [ app_init ] --START--
INFO: Run Behavior\BuildLiteBehavior [ RunTime:0.000016s ]
INFO: [ app_init ] --END-- [ RunTime:0.000068s ]
INFO: [ app_begin ] --START--
INFO: Run Behavior\ReadHtmlCacheBehavior [ RunTime:0.000443s ]
INFO: [ app_begin ] --END-- [ RunTime:0.000492s ]
SQL: SHOW COLUMNS FROM `tp_loan_admin` [ RunTime:0.002651s ]
SQL: SELECT * FROM `tp_loan_admin` WHERE `id` = 1 LIMIT 1   [ RunTime:0.000232s ]
SQL: SHOW COLUMNS FROM `tp_loan_repayment` [ RunTime:0.003284s ]
SQL: SHOW COLUMNS FROM `tp_loan_repayment` [ RunTime:0.002497s ]
SQL: SELECT * FROM `tp_loan_repayment`  [ RunTime:0.000229s ]

