[ 2016-10-10T10:05:36+08:00 ] 180.173.104.42 /loanpiadmin.php/Index/repayment.html
INFO: [ app_init ] --START--
INFO: Run Behavior\BuildLiteBehavior [ RunTime:0.000000s ]
INFO: [ app_init ] --END-- [ RunTime:0.000000s ]

[ 2016-10-10T10:05:36+08:00 ] 180.173.104.42 /loanpiadmin.php/Login/index.html
INFO: [ app_init ] --START--
INFO: Run Behavior\BuildLiteBehavior [ RunTime:0.000000s ]
INFO: [ app_init ] --END-- [ RunTime:0.000000s ]

[ 2016-10-10T10:52:39+08:00 ] 180.173.104.43 /loanpiadmin.php
INFO: [ app_init ] --START--
INFO: Run Behavior\BuildLiteBehavior [ RunTime:0.000000s ]
INFO: [ app_init ] --END-- [ RunTime:0.000000s ]

[ 2016-10-10T10:52:39+08:00 ] 180.173.104.43 /loanpiadmin.php/Login/index.html
INFO: [ app_init ] --START--
INFO: Run Behavior\BuildLiteBehavior [ RunTime:0.000000s ]
INFO: [ app_init ] --END-- [ RunTime:0.000000s ]

[ 2016-10-10T10:52:44+08:00 ] 180.173.104.42 /loanpiadmin.php/Login/checklogin.html
INFO: [ app_init ] --START--
INFO: Run Behavior\BuildLiteBehavior [ RunTime:0.000000s ]
INFO: [ app_init ] --END-- [ RunTime:0.000000s ]
INFO: [ app_begin ] --START--
INFO: Run Behavior\ReadHtmlCacheBehavior [ RunTime:0.000977s ]
INFO: [ app_begin ] --END-- [ RunTime:0.000977s ]
NOTIC: [8] Undefined index: HTTP_CDN_SRC_IP D:\wwwroot\httpdocs20160331\httpdocs\Application\Loanpi\Admin\Controller\LoginController.class.php 第 27 行.
NOTIC: [8192] mysql_connect(): The mysql extension is deprecated and will be removed in the future: use mysqli or PDO instead D:\wwwroot\httpdocs20160331\httpdocs\ThinkPHP\Library\Think\Db\Driver\Mysql.class.php 第 52 行.
SQL: SHOW COLUMNS FROM `tp_loan_admin` [ RunTime:0.005859s ]
SQL: SELECT * FROM `tp_loan_admin` WHERE `user_name` = 'admin' LIMIT 1   [ RunTime:0.006836s ]
SQL: SHOW COLUMNS FROM `tp_loan_dmin_loginlogs` [ RunTime:0.005859s ]
ERR: 1146:Table 'sm_web.tp_loan_dmin_loginlogs' doesn't exist
 [ SQL语句 ] : SHOW COLUMNS FROM `tp_loan_dmin_loginlogs`
SQL: INSERT INTO `tp_loan_dmin_loginlogs` (`user_id`,`time`,`ip`,`contents`) VALUES ('admin',1476067964,null,'账号admin登录成功！') [ RunTime:0.004882s ]
ERR: 1146:Table 'sm_web.tp_loan_dmin_loginlogs' doesn't exist
 [ SQL语句 ] : INSERT INTO `tp_loan_dmin_loginlogs` (`user_id`,`time`,`ip`,`contents`) VALUES ('admin',1476067964,null,'账号admin登录成功！')
SQL: SHOW COLUMNS FROM `tp_admin` [ RunTime:0.005859s ]
SQL: UPDATE `tp_admin` SET `last_time`=1476067964 WHERE `user_id` = 'admin' [ RunTime:0.010742s ]

[ 2016-10-10T10:52:45+08:00 ] 180.173.104.42 /loanpiadmin.php/Index/index.html
INFO: [ app_init ] --START--
INFO: Run Behavior\BuildLiteBehavior [ RunTime:0.000000s ]
INFO: [ app_init ] --END-- [ RunTime:0.000000s ]

[ 2016-10-10T10:52:45+08:00 ] 180.173.104.42 /loanpiadmin.php/Index/register.html
INFO: [ app_init ] --START--
INFO: Run Behavior\BuildLiteBehavior [ RunTime:0.000000s ]
INFO: [ app_init ] --END-- [ RunTime:0.000977s ]

[ 2016-10-10T10:52:45+08:00 ] 180.173.104.42 /loanpiadmin.php/Index/register_list?_=1476067964159
INFO: [ app_init ] --START--
INFO: Run Behavior\BuildLiteBehavior [ RunTime:0.000000s ]
INFO: [ app_init ] --END-- [ RunTime:0.000000s ]
INFO: [ app_begin ] --START--
INFO: Run Behavior\ReadHtmlCacheBehavior [ RunTime:0.000000s ]
INFO: [ app_begin ] --END-- [ RunTime:0.000977s ]
NOTIC: [8192] mysql_connect(): The mysql extension is deprecated and will be removed in the future: use mysqli or PDO instead D:\wwwroot\httpdocs20160331\httpdocs\ThinkPHP\Library\Think\Db\Driver\Mysql.class.php 第 52 行.
SQL: SHOW COLUMNS FROM `tp_loan_admin` [ RunTime:0.006835s ]
SQL: SELECT * FROM `tp_loan_admin` WHERE `id` = 1 LIMIT 1   [ RunTime:0.005859s ]
SQL: SHOW COLUMNS FROM `tp_loan_register` [ RunTime:0.007812s ]
SQL: SHOW COLUMNS FROM `tp_loan_register` [ RunTime:0.006835s ]
SQL: SELECT * FROM `tp_loan_register`  [ RunTime:0.010742s ]
SQL: SHOW COLUMNS FROM `tp_loan_repayment` [ RunTime:0.006835s ]
SQL: SHOW COLUMNS FROM `tp_loan_repayment` [ RunTime:0.006836s ]
SQL: SELECT SUM(rep_amount) AS tp_sum FROM `tp_loan_repayment` WHERE ( sap_code = '0000000133' and rep_status = 1 ) LIMIT 1   [ RunTime:0.005859s ]
SQL: SELECT SUM(rep_amount) AS tp_sum FROM `tp_loan_repayment` WHERE ( sap_code = '0000000140' and rep_status = 1 ) LIMIT 1   [ RunTime:0.004882s ]
SQL: SELECT SUM(rep_amount) AS tp_sum FROM `tp_loan_repayment` WHERE ( sap_code = '0000000142' and rep_status = 1 ) LIMIT 1   [ RunTime:0.005859s ]
SQL: SELECT SUM(rep_amount) AS tp_sum FROM `tp_loan_repayment` WHERE ( sap_code = '0000000143' and rep_status = 1 ) LIMIT 1   [ RunTime:0.005859s ]
SQL: SELECT SUM(rep_amount) AS tp_sum FROM `tp_loan_repayment` WHERE ( sap_code = '0000000144' and rep_status = 1 ) LIMIT 1   [ RunTime:0.006836s ]
SQL: SELECT SUM(rep_amount) AS tp_sum FROM `tp_loan_repayment` WHERE ( sap_code = '0000000145' and rep_status = 1 ) LIMIT 1   [ RunTime:0.004883s ]
SQL: SELECT SUM(rep_amount) AS tp_sum FROM `tp_loan_repayment` WHERE ( sap_code = '0000000146' and rep_status = 1 ) LIMIT 1   [ RunTime:0.004883s ]
SQL: SELECT SUM(rep_amount) AS tp_sum FROM `tp_loan_repayment` WHERE ( sap_code = '0000000147' and rep_status = 1 ) LIMIT 1   [ RunTime:0.004883s ]
SQL: SELECT SUM(rep_amount) AS tp_sum FROM `tp_loan_repayment` WHERE ( sap_code = '0000000151' and rep_status = 1 ) LIMIT 1   [ RunTime:0.005859s ]
SQL: SELECT SUM(rep_amount) AS tp_sum FROM `tp_loan_repayment` WHERE ( sap_code = '0000000152' and rep_status = 1 ) LIMIT 1   [ RunTime:0.005859s ]
SQL: SELECT SUM(rep_amount) AS tp_sum FROM `tp_loan_repayment` WHERE ( sap_code = '0000000153' and rep_status = 1 ) LIMIT 1   [ RunTime:0.005859s ]
SQL: SELECT SUM(rep_amount) AS tp_sum FROM `tp_loan_repayment` WHERE ( sap_code = '0000000154' and rep_status = 1 ) LIMIT 1   [ RunTime:0.006835s ]
SQL: SELECT SUM(rep_amount) AS tp_sum FROM `tp_loan_repayment` WHERE ( sap_code = '0000000155' and rep_status = 1 ) LIMIT 1   [ RunTime:0.005859s ]
SQL: SELECT SUM(rep_amount) AS tp_sum FROM `tp_loan_repayment` WHERE ( sap_code = '0000000156' and rep_status = 1 ) LIMIT 1   [ RunTime:0.005859s ]
SQL: SELECT SUM(rep_amount) AS tp_sum FROM `tp_loan_repayment` WHERE ( sap_code = '0000000157' and rep_status = 1 ) LIMIT 1   [ RunTime:0.004882s ]
SQL: SELECT SUM(rep_amount) AS tp_sum FROM `tp_loan_repayment` WHERE ( sap_code = '0000000158' and rep_status = 1 ) LIMIT 1   [ RunTime:0.005859s ]
SQL: SELECT SUM(rep_amount) AS tp_sum FROM `tp_loan_repayment` WHERE ( sap_code = '0000000159' and rep_status = 1 ) LIMIT 1   [ RunTime:0.005859s ]
SQL: SELECT SUM(rep_amount) AS tp_sum FROM `tp_loan_repayment` WHERE ( sap_code = '0000000160' and rep_status = 1 ) LIMIT 1   [ RunTime:0.005859s ]
SQL: SELECT SUM(rep_amount) AS tp_sum FROM `tp_loan_repayment` WHERE ( sap_code = '0000000161' and rep_status = 1 ) LIMIT 1   [ RunTime:0.005859s ]
SQL: SELECT SUM(rep_amount) AS tp_sum FROM `tp_loan_repayment` WHERE ( sap_code = '0000000162' and rep_status = 1 ) LIMIT 1   [ RunTime:0.005859s ]
SQL: SELECT SUM(rep_amount) AS tp_sum FROM `tp_loan_repayment` WHERE ( sap_code = '0000000163' and rep_status = 1 ) LIMIT 1   [ RunTime:0.005859s ]
SQL: SELECT SUM(rep_amount) AS tp_sum FROM `tp_loan_repayment` WHERE ( sap_code = '0000000164' and rep_status = 1 ) LIMIT 1   [ RunTime:0.005859s ]
SQL: SELECT SUM(rep_amount) AS tp_sum FROM `tp_loan_repayment` WHERE ( sap_code = '0000000165' and rep_status = 1 ) LIMIT 1   [ RunTime:0.005859s ]
SQL: SELECT SUM(rep_amount) AS tp_sum FROM `tp_loan_repayment` WHERE ( sap_code = '0000000166' and rep_status = 1 ) LIMIT 1   [ RunTime:0.005859s ]
SQL: SELECT SUM(rep_amount) AS tp_sum FROM `tp_loan_repayment` WHERE ( sap_code = '0000000167' and rep_status = 1 ) LIMIT 1   [ RunTime:0.005859s ]
SQL: SELECT SUM(rep_amount) AS tp_sum FROM `tp_loan_repayment` WHERE ( sap_code = '0000000168' and rep_status = 1 ) LIMIT 1   [ RunTime:0.005859s ]
SQL: SELECT SUM(rep_amount) AS tp_sum FROM `tp_loan_repayment` WHERE ( sap_code = '0000000169' and rep_status = 1 ) LIMIT 1   [ RunTime:0.005859s ]
SQL: SELECT SUM(rep_amount) AS tp_sum FROM `tp_loan_repayment` WHERE ( sap_code = '0000000170' and rep_status = 1 ) LIMIT 1   [ RunTime:0.004882s ]
SQL: SELECT SUM(rep_amount) AS tp_sum FROM `tp_loan_repayment` WHERE ( sap_code = '0000000171' and rep_status = 1 ) LIMIT 1   [ RunTime:0.004882s ]
SQL: SELECT SUM(rep_amount) AS tp_sum FROM `tp_loan_repayment` WHERE ( sap_code = '0000000172' and rep_status = 1 ) LIMIT 1   [ RunTime:0.004882s ]
SQL: SELECT SUM(rep_amount) AS tp_sum FROM `tp_loan_repayment` WHERE ( sap_code = '0000000173' and rep_status = 1 ) LIMIT 1   [ RunTime:0.004882s ]
SQL: SELECT SUM(rep_amount) AS tp_sum FROM `tp_loan_repayment` WHERE ( sap_code = '0000000174' and rep_status = 1 ) LIMIT 1   [ RunTime:0.004882s ]

[ 2016-10-10T10:52:48+08:00 ] 180.173.104.42 /loanpiadmin.php/Weblog/index.html
INFO: [ app_init ] --START--
INFO: Run Behavior\BuildLiteBehavior [ RunTime:0.000976s ]
INFO: [ app_init ] --END-- [ RunTime:0.000976s ]

[ 2016-10-10T10:52:49+08:00 ] 180.173.104.42 /loanpiadmin.php/Weblog/weblog_list?_=1476067967765
INFO: [ app_init ] --START--
INFO: Run Behavior\BuildLiteBehavior [ RunTime:0.000000s ]
INFO: [ app_init ] --END-- [ RunTime:0.000976s ]
INFO: [ app_begin ] --START--
INFO: Run Behavior\ReadHtmlCacheBehavior [ RunTime:0.000977s ]
INFO: [ app_begin ] --END-- [ RunTime:0.000977s ]
NOTIC: [8192] mysql_connect(): The mysql extension is deprecated and will be removed in the future: use mysqli or PDO instead D:\wwwroot\httpdocs20160331\httpdocs\ThinkPHP\Library\Think\Db\Driver\Mysql.class.php 第 52 行.
SQL: SHOW COLUMNS FROM `tp_loan_admin` [ RunTime:0.006835s ]
SQL: SELECT * FROM `tp_loan_admin` WHERE `id` = 1 LIMIT 1   [ RunTime:0.005859s ]
SQL: SHOW COLUMNS FROM `tp_loan_weblog` [ RunTime:0.006836s ]
SQL: SHOW COLUMNS FROM `tp_loan_weblog` [ RunTime:0.006835s ]
SQL: SELECT * FROM `tp_loan_weblog`  [ RunTime:0.313456s ]

[ 2016-10-10T10:52:58+08:00 ] 180.173.104.42 /loanpiadmin.php/Index/register.html
INFO: [ app_init ] --START--
INFO: Run Behavior\BuildLiteBehavior [ RunTime:0.000000s ]
INFO: [ app_init ] --END-- [ RunTime:0.000000s ]

[ 2016-10-10T10:52:58+08:00 ] 180.173.104.42 /loanpiadmin.php/Index/register_list?_=1476067977052
INFO: [ app_init ] --START--
INFO: Run Behavior\BuildLiteBehavior [ RunTime:0.000000s ]
INFO: [ app_init ] --END-- [ RunTime:0.000000s ]
INFO: [ app_begin ] --START--
INFO: Run Behavior\ReadHtmlCacheBehavior [ RunTime:0.000977s ]
INFO: [ app_begin ] --END-- [ RunTime:0.000977s ]
NOTIC: [8192] mysql_connect(): The mysql extension is deprecated and will be removed in the future: use mysqli or PDO instead D:\wwwroot\httpdocs20160331\httpdocs\ThinkPHP\Library\Think\Db\Driver\Mysql.class.php 第 52 行.
SQL: SHOW COLUMNS FROM `tp_loan_admin` [ RunTime:0.006835s ]
SQL: SELECT * FROM `tp_loan_admin` WHERE `id` = 1 LIMIT 1   [ RunTime:0.006835s ]
SQL: SHOW COLUMNS FROM `tp_loan_register` [ RunTime:0.007812s ]
SQL: SHOW COLUMNS FROM `tp_loan_register` [ RunTime:0.006835s ]
SQL: SELECT * FROM `tp_loan_register`  [ RunTime:0.009765s ]
SQL: SHOW COLUMNS FROM `tp_loan_repayment` [ RunTime:0.006836s ]
SQL: SHOW COLUMNS FROM `tp_loan_repayment` [ RunTime:0.006836s ]
SQL: SELECT SUM(rep_amount) AS tp_sum FROM `tp_loan_repayment` WHERE ( sap_code = '0000000133' and rep_status = 1 ) LIMIT 1   [ RunTime:0.004883s ]
SQL: SELECT SUM(rep_amount) AS tp_sum FROM `tp_loan_repayment` WHERE ( sap_code = '0000000140' and rep_status = 1 ) LIMIT 1   [ RunTime:0.005859s ]
SQL: SELECT SUM(rep_amount) AS tp_sum FROM `tp_loan_repayment` WHERE ( sap_code = '0000000142' and rep_status = 1 ) LIMIT 1   [ RunTime:0.005859s ]
SQL: SELECT SUM(rep_amount) AS tp_sum FROM `tp_loan_repayment` WHERE ( sap_code = '0000000143' and rep_status = 1 ) LIMIT 1   [ RunTime:0.005859s ]
SQL: SELECT SUM(rep_amount) AS tp_sum FROM `tp_loan_repayment` WHERE ( sap_code = '0000000144' and rep_status = 1 ) LIMIT 1   [ RunTime:0.005859s ]
SQL: SELECT SUM(rep_amount) AS tp_sum FROM `tp_loan_repayment` WHERE ( sap_code = '0000000145' and rep_status = 1 ) LIMIT 1   [ RunTime:0.005859s ]
SQL: SELECT SUM(rep_amount) AS tp_sum FROM `tp_loan_repayment` WHERE ( sap_code = '0000000146' and rep_status = 1 ) LIMIT 1   [ RunTime:0.005859s ]
SQL: SELECT SUM(rep_amount) AS tp_sum FROM `tp_loan_repayment` WHERE ( sap_code = '0000000147' and rep_status = 1 ) LIMIT 1   [ RunTime:0.005859s ]
SQL: SELECT SUM(rep_amount) AS tp_sum FROM `tp_loan_repayment` WHERE ( sap_code = '0000000151' and rep_status = 1 ) LIMIT 1   [ RunTime:0.005859s ]
SQL: SELECT SUM(rep_amount) AS tp_sum FROM `tp_loan_repayment` WHERE ( sap_code = '0000000152' and rep_status = 1 ) LIMIT 1   [ RunTime:0.004882s ]
SQL: SELECT SUM(rep_amount) AS tp_sum FROM `tp_loan_repayment` WHERE ( sap_code = '0000000153' and rep_status = 1 ) LIMIT 1   [ RunTime:0.004882s ]
SQL: SELECT SUM(rep_amount) AS tp_sum FROM `tp_loan_repayment` WHERE ( sap_code = '0000000154' and rep_status = 1 ) LIMIT 1   [ RunTime:0.004882s ]
SQL: SELECT SUM(rep_amount) AS tp_sum FROM `tp_loan_repayment` WHERE ( sap_code = '0000000155' and rep_status = 1 ) LIMIT 1   [ RunTime:0.005859s ]
SQL: SELECT SUM(rep_amount) AS tp_sum FROM `tp_loan_repayment` WHERE ( sap_code = '0000000156' and rep_status = 1 ) LIMIT 1   [ RunTime:0.005859s ]
SQL: SELECT SUM(rep_amount) AS tp_sum FROM `tp_loan_repayment` WHERE ( sap_code = '0000000157' and rep_status = 1 ) LIMIT 1   [ RunTime:0.005859s ]
SQL: SELECT SUM(rep_amount) AS tp_sum FROM `tp_loan_repayment` WHERE ( sap_code = '0000000158' and rep_status = 1 ) LIMIT 1   [ RunTime:0.005859s ]
SQL: SELECT SUM(rep_amount) AS tp_sum FROM `tp_loan_repayment` WHERE ( sap_code = '0000000159' and rep_status = 1 ) LIMIT 1   [ RunTime:0.005859s ]
SQL: SELECT SUM(rep_amount) AS tp_sum FROM `tp_loan_repayment` WHERE ( sap_code = '0000000160' and rep_status = 1 ) LIMIT 1   [ RunTime:0.005859s ]
SQL: SELECT SUM(rep_amount) AS tp_sum FROM `tp_loan_repayment` WHERE ( sap_code = '0000000161' and rep_status = 1 ) LIMIT 1   [ RunTime:0.005859s ]
SQL: SELECT SUM(rep_amount) AS tp_sum FROM `tp_loan_repayment` WHERE ( sap_code = '0000000162' and rep_status = 1 ) LIMIT 1   [ RunTime:0.004883s ]
SQL: SELECT SUM(rep_amount) AS tp_sum FROM `tp_loan_repayment` WHERE ( sap_code = '0000000163' and rep_status = 1 ) LIMIT 1   [ RunTime:0.005859s ]
SQL: SELECT SUM(rep_amount) AS tp_sum FROM `tp_loan_repayment` WHERE ( sap_code = '0000000164' and rep_status = 1 ) LIMIT 1   [ RunTime:0.005859s ]
SQL: SELECT SUM(rep_amount) AS tp_sum FROM `tp_loan_repayment` WHERE ( sap_code = '0000000165' and rep_status = 1 ) LIMIT 1   [ RunTime:0.005859s ]
SQL: SELECT SUM(rep_amount) AS tp_sum FROM `tp_loan_repayment` WHERE ( sap_code = '0000000166' and rep_status = 1 ) LIMIT 1   [ RunTime:0.005859s ]
SQL: SELECT SUM(rep_amount) AS tp_sum FROM `tp_loan_repayment` WHERE ( sap_code = '0000000167' and rep_status = 1 ) LIMIT 1   [ RunTime:0.005859s ]
SQL: SELECT SUM(rep_amount) AS tp_sum FROM `tp_loan_repayment` WHERE ( sap_code = '0000000168' and rep_status = 1 ) LIMIT 1   [ RunTime:0.005859s ]
SQL: SELECT SUM(rep_amount) AS tp_sum FROM `tp_loan_repayment` WHERE ( sap_code = '0000000169' and rep_status = 1 ) LIMIT 1   [ RunTime:0.005859s ]
SQL: SELECT SUM(rep_amount) AS tp_sum FROM `tp_loan_repayment` WHERE ( sap_code = '0000000170' and rep_status = 1 ) LIMIT 1   [ RunTime:0.004882s ]
SQL: SELECT SUM(rep_amount) AS tp_sum FROM `tp_loan_repayment` WHERE ( sap_code = '0000000171' and rep_status = 1 ) LIMIT 1   [ RunTime:0.005859s ]
SQL: SELECT SUM(rep_amount) AS tp_sum FROM `tp_loan_repayment` WHERE ( sap_code = '0000000172' and rep_status = 1 ) LIMIT 1   [ RunTime:0.005859s ]
SQL: SELECT SUM(rep_amount) AS tp_sum FROM `tp_loan_repayment` WHERE ( sap_code = '0000000173' and rep_status = 1 ) LIMIT 1   [ RunTime:0.004883s ]
SQL: SELECT SUM(rep_amount) AS tp_sum FROM `tp_loan_repayment` WHERE ( sap_code = '0000000174' and rep_status = 1 ) LIMIT 1   [ RunTime:0.004883s ]

[ 2016-10-10T10:53:03+08:00 ] 180.173.104.42 /loanpiadmin.php/Weblog/index.html
INFO: [ app_init ] --START--
INFO: Run Behavior\BuildLiteBehavior [ RunTime:0.000000s ]
INFO: [ app_init ] --END-- [ RunTime:0.000000s ]

[ 2016-10-10T10:53:03+08:00 ] 180.173.104.42 /loanpiadmin.php/Weblog/weblog_list?_=1476067982275
INFO: [ app_init ] --START--
INFO: Run Behavior\BuildLiteBehavior [ RunTime:0.000000s ]
INFO: [ app_init ] --END-- [ RunTime:0.000000s ]
INFO: [ app_begin ] --START--
INFO: Run Behavior\ReadHtmlCacheBehavior [ RunTime:0.000000s ]
INFO: [ app_begin ] --END-- [ RunTime:0.000977s ]
NOTIC: [8192] mysql_connect(): The mysql extension is deprecated and will be removed in the future: use mysqli or PDO instead D:\wwwroot\httpdocs20160331\httpdocs\ThinkPHP\Library\Think\Db\Driver\Mysql.class.php 第 52 行.
SQL: SHOW COLUMNS FROM `tp_loan_admin` [ RunTime:0.006836s ]
SQL: SELECT * FROM `tp_loan_admin` WHERE `id` = 1 LIMIT 1   [ RunTime:0.006836s ]
SQL: SHOW COLUMNS FROM `tp_loan_weblog` [ RunTime:0.006836s ]
SQL: SHOW COLUMNS FROM `tp_loan_weblog` [ RunTime:0.007812s ]
SQL: SELECT * FROM `tp_loan_weblog`  [ RunTime:0.313456s ]

[ 2016-10-10T10:53:10+08:00 ] 180.173.104.43 /loanpiadmin.php/Weblog/view_log/id/141
INFO: [ app_init ] --START--
INFO: Run Behavior\BuildLiteBehavior [ RunTime:0.000000s ]
INFO: [ app_init ] --END-- [ RunTime:0.000000s ]
INFO: [ app_begin ] --START--
INFO: Run Behavior\ReadHtmlCacheBehavior [ RunTime:0.000977s ]
INFO: [ app_begin ] --END-- [ RunTime:0.000977s ]
NOTIC: [8192] mysql_connect(): The mysql extension is deprecated and will be removed in the future: use mysqli or PDO instead D:\wwwroot\httpdocs20160331\httpdocs\ThinkPHP\Library\Think\Db\Driver\Mysql.class.php 第 52 行.
SQL: SHOW COLUMNS FROM `tp_loan_admin` [ RunTime:0.006836s ]
SQL: SELECT * FROM `tp_loan_admin` WHERE `id` = 1 LIMIT 1   [ RunTime:0.005859s ]
SQL: SHOW COLUMNS FROM `tp_loan_weblog` [ RunTime:0.005859s ]
SQL: SHOW COLUMNS FROM `tp_loan_weblog` [ RunTime:0.006835s ]
SQL: SELECT * FROM `tp_loan_weblog` WHERE ( id = 141 ) LIMIT 1   [ RunTime:0.006836s ]
INFO: [ view_parse ] --START--
INFO: [ template_filter ] --START--
INFO: Run Behavior\ContentReplaceBehavior [ RunTime:0.000000s ]
INFO: [ template_filter ] --END-- [ RunTime:0.000000s ]
INFO: Run Behavior\ParseTemplateBehavior [ RunTime:0.009765s ]
INFO: [ view_parse ] --END-- [ RunTime:0.009765s ]
INFO: [ view_filter ] --START--
INFO: Run Behavior\WriteHtmlCacheBehavior [ RunTime:0.000000s ]
INFO: Run Behavior\TokenBuildBehavior [ RunTime:0.000976s ]
INFO: [ view_filter ] --END-- [ RunTime:0.000976s ]
INFO: [ app_end ] --START--
INFO: Run Behavior\ShowPageTraceBehavior [ RunTime:0.000977s ]
INFO: [ app_end ] --END-- [ RunTime:0.000977s ]

[ 2016-10-10T10:53:18+08:00 ] 180.173.105.255 /loanpiadmin.php/Index/register.html
INFO: [ app_init ] --START--
INFO: Run Behavior\BuildLiteBehavior [ RunTime:0.000000s ]
INFO: [ app_init ] --END-- [ RunTime:0.000000s ]

[ 2016-10-10T10:53:19+08:00 ] 180.173.105.255 /loanpiadmin.php/Index/register_list?_=1476067997889
INFO: [ app_init ] --START--
INFO: Run Behavior\BuildLiteBehavior [ RunTime:0.000000s ]
INFO: [ app_init ] --END-- [ RunTime:0.000000s ]
INFO: [ app_begin ] --START--
INFO: Run Behavior\ReadHtmlCacheBehavior [ RunTime:0.000000s ]
INFO: [ app_begin ] --END-- [ RunTime:0.000977s ]
NOTIC: [8192] mysql_connect(): The mysql extension is deprecated and will be removed in the future: use mysqli or PDO instead D:\wwwroot\httpdocs20160331\httpdocs\ThinkPHP\Library\Think\Db\Driver\Mysql.class.php 第 52 行.
SQL: SHOW COLUMNS FROM `tp_loan_admin` [ RunTime:0.006835s ]
SQL: SELECT * FROM `tp_loan_admin` WHERE `id` = 1 LIMIT 1   [ RunTime:0.005859s ]
SQL: SHOW COLUMNS FROM `tp_loan_register` [ RunTime:0.006835s ]
SQL: SHOW COLUMNS FROM `tp_loan_register` [ RunTime:0.006835s ]
SQL: SELECT * FROM `tp_loan_register`  [ RunTime:0.009765s ]
SQL: SHOW COLUMNS FROM `tp_loan_repayment` [ RunTime:0.006835s ]
SQL: SHOW COLUMNS FROM `tp_loan_repayment` [ RunTime:0.006835s ]
SQL: SELECT SUM(rep_amount) AS tp_sum FROM `tp_loan_repayment` WHERE ( sap_code = '0000000133' and rep_status = 1 ) LIMIT 1   [ RunTime:0.004882s ]
SQL: SELECT SUM(rep_amount) AS tp_sum FROM `tp_loan_repayment` WHERE ( sap_code = '0000000140' and rep_status = 1 ) LIMIT 1   [ RunTime:0.005859s ]
SQL: SELECT SUM(rep_amount) AS tp_sum FROM `tp_loan_repayment` WHERE ( sap_code = '0000000142' and rep_status = 1 ) LIMIT 1   [ RunTime:0.005859s ]
SQL: SELECT SUM(rep_amount) AS tp_sum FROM `tp_loan_repayment` WHERE ( sap_code = '0000000143' and rep_status = 1 ) LIMIT 1   [ RunTime:0.009765s ]
SQL: SELECT SUM(rep_amount) AS tp_sum FROM `tp_loan_repayment` WHERE ( sap_code = '0000000144' and rep_status = 1 ) LIMIT 1   [ RunTime:0.005859s ]
SQL: SELECT SUM(rep_amount) AS tp_sum FROM `tp_loan_repayment` WHERE ( sap_code = '0000000145' and rep_status = 1 ) LIMIT 1   [ RunTime:0.008788s ]
SQL: SELECT SUM(rep_amount) AS tp_sum FROM `tp_loan_repayment` WHERE ( sap_code = '0000000146' and rep_status = 1 ) LIMIT 1   [ RunTime:0.004882s ]
SQL: SELECT SUM(rep_amount) AS tp_sum FROM `tp_loan_repayment` WHERE ( sap_code = '0000000147' and rep_status = 1 ) LIMIT 1   [ RunTime:0.005859s ]
SQL: SELECT SUM(rep_amount) AS tp_sum FROM `tp_loan_repayment` WHERE ( sap_code = '0000000151' and rep_status = 1 ) LIMIT 1   [ RunTime:0.005859s ]
SQL: SELECT SUM(rep_amount) AS tp_sum FROM `tp_loan_repayment` WHERE ( sap_code = '0000000152' and rep_status = 1 ) LIMIT 1   [ RunTime:0.005859s ]
SQL: SELECT SUM(rep_amount) AS tp_sum FROM `tp_loan_repayment` WHERE ( sap_code = '0000000153' and rep_status = 1 ) LIMIT 1   [ RunTime:0.005859s ]
SQL: SELECT SUM(rep_amount) AS tp_sum FROM `tp_loan_repayment` WHERE ( sap_code = '0000000154' and rep_status = 1 ) LIMIT 1   [ RunTime:0.004882s ]
SQL: SELECT SUM(rep_amount) AS tp_sum FROM `tp_loan_repayment` WHERE ( sap_code = '0000000155' and rep_status = 1 ) LIMIT 1   [ RunTime:0.004883s ]
SQL: SELECT SUM(rep_amount) AS tp_sum FROM `tp_loan_repayment` WHERE ( sap_code = '0000000156' and rep_status = 1 ) LIMIT 1   [ RunTime:0.004883s ]
SQL: SELECT SUM(rep_amount) AS tp_sum FROM `tp_loan_repayment` WHERE ( sap_code = '0000000157' and rep_status = 1 ) LIMIT 1   [ RunTime:0.004883s ]
SQL: SELECT SUM(rep_amount) AS tp_sum FROM `tp_loan_repayment` WHERE ( sap_code = '0000000158' and rep_status = 1 ) LIMIT 1   [ RunTime:0.005859s ]
SQL: SELECT SUM(rep_amount) AS tp_sum FROM `tp_loan_repayment` WHERE ( sap_code = '0000000159' and rep_status = 1 ) LIMIT 1   [ RunTime:0.005859s ]
SQL: SELECT SUM(rep_amount) AS tp_sum FROM `tp_loan_repayment` WHERE ( sap_code = '0000000160' and rep_status = 1 ) LIMIT 1   [ RunTime:0.005859s ]
SQL: SELECT SUM(rep_amount) AS tp_sum FROM `tp_loan_repayment` WHERE ( sap_code = '0000000161' and rep_status = 1 ) LIMIT 1   [ RunTime:0.005859s ]
SQL: SELECT SUM(rep_amount) AS tp_sum FROM `tp_loan_repayment` WHERE ( sap_code = '0000000162' and rep_status = 1 ) LIMIT 1   [ RunTime:0.004882s ]
SQL: SELECT SUM(rep_amount) AS tp_sum FROM `tp_loan_repayment` WHERE ( sap_code = '0000000163' and rep_status = 1 ) LIMIT 1   [ RunTime:0.005859s ]
SQL: SELECT SUM(rep_amount) AS tp_sum FROM `tp_loan_repayment` WHERE ( sap_code = '0000000164' and rep_status = 1 ) LIMIT 1   [ RunTime:0.004883s ]
SQL: SELECT SUM(rep_amount) AS tp_sum FROM `tp_loan_repayment` WHERE ( sap_code = '0000000165' and rep_status = 1 ) LIMIT 1   [ RunTime:0.005859s ]
SQL: SELECT SUM(rep_amount) AS tp_sum FROM `tp_loan_repayment` WHERE ( sap_code = '0000000166' and rep_status = 1 ) LIMIT 1   [ RunTime:0.004882s ]
SQL: SELECT SUM(rep_amount) AS tp_sum FROM `tp_loan_repayment` WHERE ( sap_code = '0000000167' and rep_status = 1 ) LIMIT 1   [ RunTime:0.004882s ]
SQL: SELECT SUM(rep_amount) AS tp_sum FROM `tp_loan_repayment` WHERE ( sap_code = '0000000168' and rep_status = 1 ) LIMIT 1   [ RunTime:0.004882s ]
SQL: SELECT SUM(rep_amount) AS tp_sum FROM `tp_loan_repayment` WHERE ( sap_code = '0000000169' and rep_status = 1 ) LIMIT 1   [ RunTime:0.005859s ]
SQL: SELECT SUM(rep_amount) AS tp_sum FROM `tp_loan_repayment` WHERE ( sap_code = '0000000170' and rep_status = 1 ) LIMIT 1   [ RunTime:0.004883s ]
SQL: SELECT SUM(rep_amount) AS tp_sum FROM `tp_loan_repayment` WHERE ( sap_code = '0000000171' and rep_status = 1 ) LIMIT 1   [ RunTime:0.004883s ]
SQL: SELECT SUM(rep_amount) AS tp_sum FROM `tp_loan_repayment` WHERE ( sap_code = '0000000172' and rep_status = 1 ) LIMIT 1   [ RunTime:0.008789s ]
SQL: SELECT SUM(rep_amount) AS tp_sum FROM `tp_loan_repayment` WHERE ( sap_code = '0000000173' and rep_status = 1 ) LIMIT 1   [ RunTime:0.004883s ]
SQL: SELECT SUM(rep_amount) AS tp_sum FROM `tp_loan_repayment` WHERE ( sap_code = '0000000174' and rep_status = 1 ) LIMIT 1   [ RunTime:0.005859s ]

[ 2016-10-10T15:51:15+08:00 ] 180.173.104.43 /loanpiadmin.php
INFO: [ app_init ] --START--
INFO: Run Behavior\BuildLiteBehavior [ RunTime:0.000000s ]
INFO: [ app_init ] --END-- [ RunTime:0.000976s ]

[ 2016-10-10T15:51:15+08:00 ] 180.173.104.43 /loanpiadmin.php/Login/index.html
INFO: [ app_init ] --START--
INFO: Run Behavior\BuildLiteBehavior [ RunTime:0.000000s ]
INFO: [ app_init ] --END-- [ RunTime:0.000000s ]

[ 2016-10-10T15:51:21+08:00 ] 180.173.104.43 /loanpiadmin.php/Login/checklogin.html
INFO: [ app_init ] --START--
INFO: Run Behavior\BuildLiteBehavior [ RunTime:0.000000s ]
INFO: [ app_init ] --END-- [ RunTime:0.000000s ]
INFO: [ app_begin ] --START--
INFO: Run Behavior\ReadHtmlCacheBehavior [ RunTime:0.000976s ]
INFO: [ app_begin ] --END-- [ RunTime:0.000976s ]
NOTIC: [8] Undefined index: HTTP_CDN_SRC_IP D:\wwwroot\httpdocs20160331\httpdocs\Application\Loanpi\Admin\Controller\LoginController.class.php 第 27 行.
NOTIC: [8192] mysql_connect(): The mysql extension is deprecated and will be removed in the future: use mysqli or PDO instead D:\wwwroot\httpdocs20160331\httpdocs\ThinkPHP\Library\Think\Db\Driver\Mysql.class.php 第 52 行.
SQL: SHOW COLUMNS FROM `tp_loan_admin` [ RunTime:0.006836s ]
SQL: SELECT * FROM `tp_loan_admin` WHERE `user_name` = 'admin' LIMIT 1   [ RunTime:0.006836s ]
SQL: SHOW COLUMNS FROM `tp_loan_dmin_loginlogs` [ RunTime:0.005860s ]
ERR: 1146:Table 'sm_web.tp_loan_dmin_loginlogs' doesn't exist
 [ SQL语句 ] : SHOW COLUMNS FROM `tp_loan_dmin_loginlogs`
SQL: INSERT INTO `tp_loan_dmin_loginlogs` (`user_id`,`time`,`ip`,`contents`) VALUES ('admin',1476085881,null,'账号admin登录成功！') [ RunTime:0.004883s ]
ERR: 1146:Table 'sm_web.tp_loan_dmin_loginlogs' doesn't exist
 [ SQL语句 ] : INSERT INTO `tp_loan_dmin_loginlogs` (`user_id`,`time`,`ip`,`contents`) VALUES ('admin',1476085881,null,'账号admin登录成功！')
SQL: SHOW COLUMNS FROM `tp_admin` [ RunTime:0.006837s ]
SQL: UPDATE `tp_admin` SET `last_time`=1476085881 WHERE `user_id` = 'admin' [ RunTime:0.009766s ]

[ 2016-10-10T15:51:21+08:00 ] 180.173.104.43 /loanpiadmin.php/Index/index.html
INFO: [ app_init ] --START--
INFO: Run Behavior\BuildLiteBehavior [ RunTime:0.000000s ]
INFO: [ app_init ] --END-- [ RunTime:0.000000s ]

[ 2016-10-10T15:51:21+08:00 ] 180.173.104.43 /loanpiadmin.php/Index/register.html
INFO: [ app_init ] --START--
INFO: Run Behavior\BuildLiteBehavior [ RunTime:0.000000s ]
INFO: [ app_init ] --END-- [ RunTime:0.000000s ]

[ 2016-10-10T15:51:24+08:00 ] 180.173.104.43 /loanpiadmin.php/Index/register_list?_=1476085812442
INFO: [ app_init ] --START--
INFO: Run Behavior\BuildLiteBehavior [ RunTime:0.000000s ]
INFO: [ app_init ] --END-- [ RunTime:0.000000s ]
INFO: [ app_begin ] --START--
INFO: Run Behavior\ReadHtmlCacheBehavior [ RunTime:0.001953s ]
INFO: [ app_begin ] --END-- [ RunTime:0.001953s ]
NOTIC: [8192] mysql_connect(): The mysql extension is deprecated and will be removed in the future: use mysqli or PDO instead D:\wwwroot\httpdocs20160331\httpdocs\ThinkPHP\Library\Think\Db\Driver\Mysql.class.php 第 52 行.
SQL: SHOW COLUMNS FROM `tp_loan_admin` [ RunTime:0.050784s ]
SQL: SELECT * FROM `tp_loan_admin` WHERE `id` = 1 LIMIT 1   [ RunTime:0.049807s ]
SQL: SHOW COLUMNS FROM `tp_loan_register` [ RunTime:0.037111s ]
SQL: SHOW COLUMNS FROM `tp_loan_register` [ RunTime:0.038088s ]
SQL: SELECT * FROM `tp_loan_register`  [ RunTime:0.039064s ]
SQL: SHOW COLUMNS FROM `tp_loan_repayment` [ RunTime:0.035157s ]
SQL: SHOW COLUMNS FROM `tp_loan_repayment` [ RunTime:0.038087s ]
SQL: SELECT SUM(rep_amount) AS tp_sum FROM `tp_loan_repayment` WHERE ( sap_code = '0000000133' and rep_status = 1 ) LIMIT 1   [ RunTime:0.028321s ]
SQL: SELECT SUM(rep_amount) AS tp_sum FROM `tp_loan_repayment` WHERE ( sap_code = '0000000140' and rep_status = 1 ) LIMIT 1   [ RunTime:0.024415s ]
SQL: SELECT SUM(rep_amount) AS tp_sum FROM `tp_loan_repayment` WHERE ( sap_code = '0000000142' and rep_status = 1 ) LIMIT 1   [ RunTime:0.021485s ]
SQL: SELECT SUM(rep_amount) AS tp_sum FROM `tp_loan_repayment` WHERE ( sap_code = '0000000143' and rep_status = 1 ) LIMIT 1   [ RunTime:0.023439s ]
SQL: SELECT SUM(rep_amount) AS tp_sum FROM `tp_loan_repayment` WHERE ( sap_code = '0000000144' and rep_status = 1 ) LIMIT 1   [ RunTime:0.019532s ]
SQL: SELECT SUM(rep_amount) AS tp_sum FROM `tp_loan_repayment` WHERE ( sap_code = '0000000145' and rep_status = 1 ) LIMIT 1   [ RunTime:0.021485s ]
SQL: SELECT SUM(rep_amount) AS tp_sum FROM `tp_loan_repayment` WHERE ( sap_code = '0000000146' and rep_status = 1 ) LIMIT 1   [ RunTime:0.022462s ]
SQL: SELECT SUM(rep_amount) AS tp_sum FROM `tp_loan_repayment` WHERE ( sap_code = '0000000147' and rep_status = 1 ) LIMIT 1   [ RunTime:0.025391s ]
SQL: SELECT SUM(rep_amount) AS tp_sum FROM `tp_loan_repayment` WHERE ( sap_code = '0000000151' and rep_status = 1 ) LIMIT 1   [ RunTime:0.024415s ]
SQL: SELECT SUM(rep_amount) AS tp_sum FROM `tp_loan_repayment` WHERE ( sap_code = '0000000152' and rep_status = 1 ) LIMIT 1   [ RunTime:0.021485s ]
SQL: SELECT SUM(rep_amount) AS tp_sum FROM `tp_loan_repayment` WHERE ( sap_code = '0000000153' and rep_status = 1 ) LIMIT 1   [ RunTime:0.023438s ]
SQL: SELECT SUM(rep_amount) AS tp_sum FROM `tp_loan_repayment` WHERE ( sap_code = '0000000154' and rep_status = 1 ) LIMIT 1   [ RunTime:0.022462s ]
SQL: SELECT SUM(rep_amount) AS tp_sum FROM `tp_loan_repayment` WHERE ( sap_code = '0000000155' and rep_status = 1 ) LIMIT 1   [ RunTime:0.027344s ]
SQL: SELECT SUM(rep_amount) AS tp_sum FROM `tp_loan_repayment` WHERE ( sap_code = '0000000156' and rep_status = 1 ) LIMIT 1   [ RunTime:0.026369s ]
SQL: SELECT SUM(rep_amount) AS tp_sum FROM `tp_loan_repayment` WHERE ( sap_code = '0000000157' and rep_status = 1 ) LIMIT 1   [ RunTime:0.027345s ]
SQL: SELECT SUM(rep_amount) AS tp_sum FROM `tp_loan_repayment` WHERE ( sap_code = '0000000158' and rep_status = 1 ) LIMIT 1   [ RunTime:0.026368s ]
SQL: SELECT SUM(rep_amount) AS tp_sum FROM `tp_loan_repayment` WHERE ( sap_code = '0000000159' and rep_status = 1 ) LIMIT 1   [ RunTime:0.018555s ]
SQL: SELECT SUM(rep_amount) AS tp_sum FROM `tp_loan_repayment` WHERE ( sap_code = '0000000160' and rep_status = 1 ) LIMIT 1   [ RunTime:0.022462s ]
SQL: SELECT SUM(rep_amount) AS tp_sum FROM `tp_loan_repayment` WHERE ( sap_code = '0000000161' and rep_status = 1 ) LIMIT 1   [ RunTime:0.026368s ]
SQL: SELECT SUM(rep_amount) AS tp_sum FROM `tp_loan_repayment` WHERE ( sap_code = '0000000162' and rep_status = 1 ) LIMIT 1   [ RunTime:0.010743s ]
SQL: SELECT SUM(rep_amount) AS tp_sum FROM `tp_loan_repayment` WHERE ( sap_code = '0000000163' and rep_status = 1 ) LIMIT 1   [ RunTime:0.005860s ]
SQL: SELECT SUM(rep_amount) AS tp_sum FROM `tp_loan_repayment` WHERE ( sap_code = '0000000164' and rep_status = 1 ) LIMIT 1   [ RunTime:0.006836s ]
SQL: SELECT SUM(rep_amount) AS tp_sum FROM `tp_loan_repayment` WHERE ( sap_code = '0000000165' and rep_status = 1 ) LIMIT 1   [ RunTime:0.006837s ]
SQL: SELECT SUM(rep_amount) AS tp_sum FROM `tp_loan_repayment` WHERE ( sap_code = '0000000166' and rep_status = 1 ) LIMIT 1   [ RunTime:0.006836s ]
SQL: SELECT SUM(rep_amount) AS tp_sum FROM `tp_loan_repayment` WHERE ( sap_code = '0000000167' and rep_status = 1 ) LIMIT 1   [ RunTime:0.008790s ]
SQL: SELECT SUM(rep_amount) AS tp_sum FROM `tp_loan_repayment` WHERE ( sap_code = '0000000168' and rep_status = 1 ) LIMIT 1   [ RunTime:0.008789s ]
SQL: SELECT SUM(rep_amount) AS tp_sum FROM `tp_loan_repayment` WHERE ( sap_code = '0000000169' and rep_status = 1 ) LIMIT 1   [ RunTime:0.009766s ]
SQL: SELECT SUM(rep_amount) AS tp_sum FROM `tp_loan_repayment` WHERE ( sap_code = '0000000170' and rep_status = 1 ) LIMIT 1   [ RunTime:0.006836s ]
SQL: SELECT SUM(rep_amount) AS tp_sum FROM `tp_loan_repayment` WHERE ( sap_code = '0000000171' and rep_status = 1 ) LIMIT 1   [ RunTime:0.008789s ]
SQL: SELECT SUM(rep_amount) AS tp_sum FROM `tp_loan_repayment` WHERE ( sap_code = '0000000172' and rep_status = 1 ) LIMIT 1   [ RunTime:0.007813s ]
SQL: SELECT SUM(rep_amount) AS tp_sum FROM `tp_loan_repayment` WHERE ( sap_code = '0000000173' and rep_status = 1 ) LIMIT 1   [ RunTime:0.007813s ]
SQL: SELECT SUM(rep_amount) AS tp_sum FROM `tp_loan_repayment` WHERE ( sap_code = '0000000174' and rep_status = 1 ) LIMIT 1   [ RunTime:0.008789s ]
SQL: SELECT SUM(rep_amount) AS tp_sum FROM `tp_loan_repayment` WHERE ( sap_code = '0000000175' and rep_status = 1 ) LIMIT 1   [ RunTime:0.007813s ]
SQL: SELECT SUM(rep_amount) AS tp_sum FROM `tp_loan_repayment` WHERE ( sap_code = '0000000176' and rep_status = 1 ) LIMIT 1   [ RunTime:0.013673s ]
SQL: SELECT SUM(rep_amount) AS tp_sum FROM `tp_loan_repayment` WHERE ( sap_code = '0000000177' and rep_status = 1 ) LIMIT 1   [ RunTime:0.010742s ]
SQL: SELECT SUM(rep_amount) AS tp_sum FROM `tp_loan_repayment` WHERE ( sap_code = '0000000178' and rep_status = 1 ) LIMIT 1   [ RunTime:0.009766s ]
SQL: SELECT SUM(rep_amount) AS tp_sum FROM `tp_loan_repayment` WHERE ( sap_code = '0000000179' and rep_status = 1 ) LIMIT 1   [ RunTime:0.010743s ]
SQL: SELECT SUM(rep_amount) AS tp_sum FROM `tp_loan_repayment` WHERE ( sap_code = '0000000180' and rep_status = 1 ) LIMIT 1   [ RunTime:0.011719s ]
SQL: SELECT SUM(rep_amount) AS tp_sum FROM `tp_loan_repayment` WHERE ( sap_code = '0000000181' and rep_status = 1 ) LIMIT 1   [ RunTime:0.010743s ]

[ 2016-10-10T15:52:19+08:00 ] 180.173.104.43 /loanpiadmin.php/Index/register.html
INFO: [ app_init ] --START--
INFO: Run Behavior\BuildLiteBehavior [ RunTime:0.000000s ]
INFO: [ app_init ] --END-- [ RunTime:0.000000s ]

[ 2016-10-10T15:52:20+08:00 ] 180.173.104.43 /loanpiadmin.php/Index/register_list?_=1476085870184
INFO: [ app_init ] --START--
INFO: Run Behavior\BuildLiteBehavior [ RunTime:0.000000s ]
INFO: [ app_init ] --END-- [ RunTime:0.000000s ]
INFO: [ app_begin ] --START--
INFO: Run Behavior\ReadHtmlCacheBehavior [ RunTime:0.001953s ]
INFO: [ app_begin ] --END-- [ RunTime:0.001953s ]
NOTIC: [8192] mysql_connect(): The mysql extension is deprecated and will be removed in the future: use mysqli or PDO instead D:\wwwroot\httpdocs20160331\httpdocs\ThinkPHP\Library\Think\Db\Driver\Mysql.class.php 第 52 行.
SQL: SHOW COLUMNS FROM `tp_loan_admin` [ RunTime:0.008789s ]
SQL: SELECT * FROM `tp_loan_admin` WHERE `id` = 1 LIMIT 1   [ RunTime:0.005860s ]
SQL: SHOW COLUMNS FROM `tp_loan_register` [ RunTime:0.006836s ]
SQL: SHOW COLUMNS FROM `tp_loan_register` [ RunTime:0.007813s ]
SQL: SELECT * FROM `tp_loan_register`  [ RunTime:0.010743s ]
SQL: SHOW COLUMNS FROM `tp_loan_repayment` [ RunTime:0.006836s ]
SQL: SHOW COLUMNS FROM `tp_loan_repayment` [ RunTime:0.006836s ]
SQL: SELECT SUM(rep_amount) AS tp_sum FROM `tp_loan_repayment` WHERE ( sap_code = '0000000133' and rep_status = 1 ) LIMIT 1   [ RunTime:0.004883s ]
SQL: SELECT SUM(rep_amount) AS tp_sum FROM `tp_loan_repayment` WHERE ( sap_code = '0000000140' and rep_status = 1 ) LIMIT 1   [ RunTime:0.005860s ]
SQL: SELECT SUM(rep_amount) AS tp_sum FROM `tp_loan_repayment` WHERE ( sap_code = '0000000142' and rep_status = 1 ) LIMIT 1   [ RunTime:0.004883s ]
SQL: SELECT SUM(rep_amount) AS tp_sum FROM `tp_loan_repayment` WHERE ( sap_code = '0000000143' and rep_status = 1 ) LIMIT 1   [ RunTime:0.005859s ]
SQL: SELECT SUM(rep_amount) AS tp_sum FROM `tp_loan_repayment` WHERE ( sap_code = '0000000144' and rep_status = 1 ) LIMIT 1   [ RunTime:0.007813s ]
SQL: SELECT SUM(rep_amount) AS tp_sum FROM `tp_loan_repayment` WHERE ( sap_code = '0000000145' and rep_status = 1 ) LIMIT 1   [ RunTime:0.004883s ]
SQL: SELECT SUM(rep_amount) AS tp_sum FROM `tp_loan_repayment` WHERE ( sap_code = '0000000146' and rep_status = 1 ) LIMIT 1   [ RunTime:0.005860s ]
SQL: SELECT SUM(rep_amount) AS tp_sum FROM `tp_loan_repayment` WHERE ( sap_code = '0000000147' and rep_status = 1 ) LIMIT 1   [ RunTime:0.005860s ]
SQL: SELECT SUM(rep_amount) AS tp_sum FROM `tp_loan_repayment` WHERE ( sap_code = '0000000151' and rep_status = 1 ) LIMIT 1   [ RunTime:0.005859s ]
SQL: SELECT SUM(rep_amount) AS tp_sum FROM `tp_loan_repayment` WHERE ( sap_code = '0000000152' and rep_status = 1 ) LIMIT 1   [ RunTime:0.004883s ]
SQL: SELECT SUM(rep_amount) AS tp_sum FROM `tp_loan_repayment` WHERE ( sap_code = '0000000153' and rep_status = 1 ) LIMIT 1   [ RunTime:0.005860s ]
SQL: SELECT SUM(rep_amount) AS tp_sum FROM `tp_loan_repayment` WHERE ( sap_code = '0000000154' and rep_status = 1 ) LIMIT 1   [ RunTime:0.005860s ]
SQL: SELECT SUM(rep_amount) AS tp_sum FROM `tp_loan_repayment` WHERE ( sap_code = '0000000155' and rep_status = 1 ) LIMIT 1   [ RunTime:0.005859s ]
SQL: SELECT SUM(rep_amount) AS tp_sum FROM `tp_loan_repayment` WHERE ( sap_code = '0000000156' and rep_status = 1 ) LIMIT 1   [ RunTime:0.004883s ]
SQL: SELECT SUM(rep_amount) AS tp_sum FROM `tp_loan_repayment` WHERE ( sap_code = '0000000157' and rep_status = 1 ) LIMIT 1   [ RunTime:0.005860s ]
SQL: SELECT SUM(rep_amount) AS tp_sum FROM `tp_loan_repayment` WHERE ( sap_code = '0000000158' and rep_status = 1 ) LIMIT 1   [ RunTime:0.005860s ]
SQL: SELECT SUM(rep_amount) AS tp_sum FROM `tp_loan_repayment` WHERE ( sap_code = '0000000159' and rep_status = 1 ) LIMIT 1   [ RunTime:0.004883s ]
SQL: SELECT SUM(rep_amount) AS tp_sum FROM `tp_loan_repayment` WHERE ( sap_code = '0000000160' and rep_status = 1 ) LIMIT 1   [ RunTime:0.005860s ]
SQL: SELECT SUM(rep_amount) AS tp_sum FROM `tp_loan_repayment` WHERE ( sap_code = '0000000161' and rep_status = 1 ) LIMIT 1   [ RunTime:0.004883s ]
SQL: SELECT SUM(rep_amount) AS tp_sum FROM `tp_loan_repayment` WHERE ( sap_code = '0000000162' and rep_status = 1 ) LIMIT 1   [ RunTime:0.004883s ]
SQL: SELECT SUM(rep_amount) AS tp_sum FROM `tp_loan_repayment` WHERE ( sap_code = '0000000163' and rep_status = 1 ) LIMIT 1   [ RunTime:0.004883s ]
SQL: SELECT SUM(rep_amount) AS tp_sum FROM `tp_loan_repayment` WHERE ( sap_code = '0000000164' and rep_status = 1 ) LIMIT 1   [ RunTime:0.004883s ]
SQL: SELECT SUM(rep_amount) AS tp_sum FROM `tp_loan_repayment` WHERE ( sap_code = '0000000165' and rep_status = 1 ) LIMIT 1   [ RunTime:0.005859s ]
SQL: SELECT SUM(rep_amount) AS tp_sum FROM `tp_loan_repayment` WHERE ( sap_code = '0000000166' and rep_status = 1 ) LIMIT 1   [ RunTime:0.005860s ]
SQL: SELECT SUM(rep_amount) AS tp_sum FROM `tp_loan_repayment` WHERE ( sap_code = '0000000167' and rep_status = 1 ) LIMIT 1   [ RunTime:0.005860s ]
SQL: SELECT SUM(rep_amount) AS tp_sum FROM `tp_loan_repayment` WHERE ( sap_code = '0000000168' and rep_status = 1 ) LIMIT 1   [ RunTime:0.005859s ]
SQL: SELECT SUM(rep_amount) AS tp_sum FROM `tp_loan_repayment` WHERE ( sap_code = '0000000169' and rep_status = 1 ) LIMIT 1   [ RunTime:0.005860s ]
SQL: SELECT SUM(rep_amount) AS tp_sum FROM `tp_loan_repayment` WHERE ( sap_code = '0000000170' and rep_status = 1 ) LIMIT 1   [ RunTime:0.005859s ]
SQL: SELECT SUM(rep_amount) AS tp_sum FROM `tp_loan_repayment` WHERE ( sap_code = '0000000171' and rep_status = 1 ) LIMIT 1   [ RunTime:0.005860s ]
SQL: SELECT SUM(rep_amount) AS tp_sum FROM `tp_loan_repayment` WHERE ( sap_code = '0000000172' and rep_status = 1 ) LIMIT 1   [ RunTime:0.005860s ]
SQL: SELECT SUM(rep_amount) AS tp_sum FROM `tp_loan_repayment` WHERE ( sap_code = '0000000173' and rep_status = 1 ) LIMIT 1   [ RunTime:0.005859s ]
SQL: SELECT SUM(rep_amount) AS tp_sum FROM `tp_loan_repayment` WHERE ( sap_code = '0000000174' and rep_status = 1 ) LIMIT 1   [ RunTime:0.005860s ]
SQL: SELECT SUM(rep_amount) AS tp_sum FROM `tp_loan_repayment` WHERE ( sap_code = '0000000175' and rep_status = 1 ) LIMIT 1   [ RunTime:0.005859s ]
SQL: SELECT SUM(rep_amount) AS tp_sum FROM `tp_loan_repayment` WHERE ( sap_code = '0000000176' and rep_status = 1 ) LIMIT 1   [ RunTime:0.005860s ]
SQL: SELECT SUM(rep_amount) AS tp_sum FROM `tp_loan_repayment` WHERE ( sap_code = '0000000177' and rep_status = 1 ) LIMIT 1   [ RunTime:0.005860s ]
SQL: SELECT SUM(rep_amount) AS tp_sum FROM `tp_loan_repayment` WHERE ( sap_code = '0000000178' and rep_status = 1 ) LIMIT 1   [ RunTime:0.005859s ]
SQL: SELECT SUM(rep_amount) AS tp_sum FROM `tp_loan_repayment` WHERE ( sap_code = '0000000179' and rep_status = 1 ) LIMIT 1   [ RunTime:0.005860s ]
SQL: SELECT SUM(rep_amount) AS tp_sum FROM `tp_loan_repayment` WHERE ( sap_code = '0000000180' and rep_status = 1 ) LIMIT 1   [ RunTime:0.005859s ]
SQL: SELECT SUM(rep_amount) AS tp_sum FROM `tp_loan_repayment` WHERE ( sap_code = '0000000181' and rep_status = 1 ) LIMIT 1   [ RunTime:0.005860s ]

[ 2016-10-10T15:59:46+08:00 ] 180.173.104.43 /loanpiadmin.php/Weblog/index.html
INFO: [ app_init ] --START--
INFO: Run Behavior\BuildLiteBehavior [ RunTime:0.000000s ]
INFO: [ app_init ] --END-- [ RunTime:0.000976s ]

[ 2016-10-10T15:59:47+08:00 ] 180.173.104.43 /loanpiadmin.php/Weblog/weblog_list?_=1476086317674
INFO: [ app_init ] --START--
INFO: Run Behavior\BuildLiteBehavior [ RunTime:0.000000s ]
INFO: [ app_init ] --END-- [ RunTime:0.000976s ]
INFO: [ app_begin ] --START--
INFO: Run Behavior\ReadHtmlCacheBehavior [ RunTime:0.001953s ]
INFO: [ app_begin ] --END-- [ RunTime:0.001953s ]
NOTIC: [8192] mysql_connect(): The mysql extension is deprecated and will be removed in the future: use mysqli or PDO instead D:\wwwroot\httpdocs20160331\httpdocs\ThinkPHP\Library\Think\Db\Driver\Mysql.class.php 第 52 行.
SQL: SHOW COLUMNS FROM `tp_loan_admin` [ RunTime:0.006837s ]
SQL: SELECT * FROM `tp_loan_admin` WHERE `id` = 1 LIMIT 1   [ RunTime:0.005860s ]
SQL: SHOW COLUMNS FROM `tp_loan_weblog` [ RunTime:0.006836s ]
SQL: SHOW COLUMNS FROM `tp_loan_weblog` [ RunTime:0.006836s ]
SQL: SELECT * FROM `tp_loan_weblog`  [ RunTime:0.334974s ]

[ 2016-10-10T16:56:03+08:00 ] 180.173.104.43 /loanpiadmin.php/Weblog/index.html
INFO: [ app_init ] --START--
INFO: Run Behavior\BuildLiteBehavior [ RunTime:0.000000s ]
INFO: [ app_init ] --END-- [ RunTime:0.000976s ]

[ 2016-10-10T16:56:04+08:00 ] 180.173.104.43 /loanpiadmin.php/Weblog/weblog_list?_=1476089694723
INFO: [ app_init ] --START--
INFO: Run Behavior\BuildLiteBehavior [ RunTime:0.000000s ]
INFO: [ app_init ] --END-- [ RunTime:0.000000s ]
INFO: [ app_begin ] --START--
INFO: Run Behavior\ReadHtmlCacheBehavior [ RunTime:0.000977s ]
INFO: [ app_begin ] --END-- [ RunTime:0.000977s ]
NOTIC: [8192] mysql_connect(): The mysql extension is deprecated and will be removed in the future: use mysqli or PDO instead D:\wwwroot\httpdocs20160331\httpdocs\ThinkPHP\Library\Think\Db\Driver\Mysql.class.php 第 52 行.
SQL: SHOW COLUMNS FROM `tp_loan_admin` [ RunTime:0.006836s ]
SQL: SELECT * FROM `tp_loan_admin` WHERE `id` = 1 LIMIT 1   [ RunTime:0.005860s ]
SQL: SHOW COLUMNS FROM `tp_loan_weblog` [ RunTime:0.006836s ]
SQL: SHOW COLUMNS FROM `tp_loan_weblog` [ RunTime:0.006837s ]
SQL: SELECT * FROM `tp_loan_weblog`  [ RunTime:0.340834s ]

[ 2016-10-10T16:56:23+08:00 ] 180.173.105.255 /loanpiadmin.php/Weblog/view_log/id/247
INFO: [ app_init ] --START--
INFO: Run Behavior\BuildLiteBehavior [ RunTime:0.000000s ]
INFO: [ app_init ] --END-- [ RunTime:0.000000s ]
INFO: [ app_begin ] --START--
INFO: Run Behavior\ReadHtmlCacheBehavior [ RunTime:0.000000s ]
INFO: [ app_begin ] --END-- [ RunTime:0.000977s ]
NOTIC: [8192] mysql_connect(): The mysql extension is deprecated and will be removed in the future: use mysqli or PDO instead D:\wwwroot\httpdocs20160331\httpdocs\ThinkPHP\Library\Think\Db\Driver\Mysql.class.php 第 52 行.
SQL: SHOW COLUMNS FROM `tp_loan_admin` [ RunTime:0.006836s ]
SQL: SELECT * FROM `tp_loan_admin` WHERE `id` = 1 LIMIT 1   [ RunTime:0.006836s ]
SQL: SHOW COLUMNS FROM `tp_loan_weblog` [ RunTime:0.006836s ]
SQL: SHOW COLUMNS FROM `tp_loan_weblog` [ RunTime:0.006837s ]
SQL: SELECT * FROM `tp_loan_weblog` WHERE ( id = 247 ) LIMIT 1   [ RunTime:0.006836s ]
INFO: [ view_parse ] --START--
INFO: [ template_filter ] --START--
INFO: Run Behavior\ContentReplaceBehavior [ RunTime:0.000000s ]
INFO: [ template_filter ] --END-- [ RunTime:0.000977s ]
INFO: Run Behavior\ParseTemplateBehavior [ RunTime:0.008789s ]
INFO: [ view_parse ] --END-- [ RunTime:0.008789s ]
INFO: [ view_filter ] --START--
INFO: Run Behavior\WriteHtmlCacheBehavior [ RunTime:0.000000s ]
INFO: Run Behavior\TokenBuildBehavior [ RunTime:0.000976s ]
INFO: [ view_filter ] --END-- [ RunTime:0.000976s ]
INFO: [ app_end ] --START--
INFO: Run Behavior\ShowPageTraceBehavior [ RunTime:0.000977s ]
INFO: [ app_end ] --END-- [ RunTime:0.000977s ]

[ 2016-10-10T16:57:02+08:00 ] 180.173.104.42 /loanpiadmin.php/Weblog/view_log/id/241
INFO: [ app_init ] --START--
INFO: Run Behavior\BuildLiteBehavior [ RunTime:0.000000s ]
INFO: [ app_init ] --END-- [ RunTime:0.000000s ]
INFO: [ app_begin ] --START--
INFO: Run Behavior\ReadHtmlCacheBehavior [ RunTime:0.000976s ]
INFO: [ app_begin ] --END-- [ RunTime:0.000976s ]
NOTIC: [8192] mysql_connect(): The mysql extension is deprecated and will be removed in the future: use mysqli or PDO instead D:\wwwroot\httpdocs20160331\httpdocs\ThinkPHP\Library\Think\Db\Driver\Mysql.class.php 第 52 行.
SQL: SHOW COLUMNS FROM `tp_loan_admin` [ RunTime:0.311536s ]
SQL: SELECT * FROM `tp_loan_admin` WHERE `id` = 1 LIMIT 1   [ RunTime:0.310559s ]
SQL: SHOW COLUMNS FROM `tp_loan_weblog` [ RunTime:0.313489s ]
SQL: SHOW COLUMNS FROM `tp_loan_weblog` [ RunTime:0.333997s ]
SQL: SELECT * FROM `tp_loan_weblog` WHERE ( id = 241 ) LIMIT 1   [ RunTime:0.315442s ]
INFO: [ view_parse ] --START--
INFO: [ template_filter ] --START--
INFO: Run Behavior\ContentReplaceBehavior [ RunTime:0.000000s ]
INFO: [ template_filter ] --END-- [ RunTime:0.000977s ]
INFO: Run Behavior\ParseTemplateBehavior [ RunTime:0.008790s ]
INFO: [ view_parse ] --END-- [ RunTime:0.008790s ]
INFO: [ view_filter ] --START--
INFO: Run Behavior\WriteHtmlCacheBehavior [ RunTime:0.000976s ]
INFO: Run Behavior\TokenBuildBehavior [ RunTime:0.000977s ]
INFO: [ view_filter ] --END-- [ RunTime:0.001953s ]
INFO: [ app_end ] --START--
INFO: Run Behavior\ShowPageTraceBehavior [ RunTime:0.000976s ]
INFO: [ app_end ] --END-- [ RunTime:0.000976s ]

[ 2016-10-10T16:57:28+08:00 ] 180.173.104.42 /loanpiadmin.php/Weblog/view_log/id/1
INFO: [ app_init ] --START--
INFO: Run Behavior\BuildLiteBehavior [ RunTime:0.000000s ]
INFO: [ app_init ] --END-- [ RunTime:0.000000s ]
INFO: [ app_begin ] --START--
INFO: Run Behavior\ReadHtmlCacheBehavior [ RunTime:0.000977s ]
INFO: [ app_begin ] --END-- [ RunTime:0.000977s ]
NOTIC: [8192] mysql_connect(): The mysql extension is deprecated and will be removed in the future: use mysqli or PDO instead D:\wwwroot\httpdocs20160331\httpdocs\ThinkPHP\Library\Think\Db\Driver\Mysql.class.php 第 52 行.
SQL: SHOW COLUMNS FROM `tp_loan_admin` [ RunTime:0.006836s ]
SQL: SELECT * FROM `tp_loan_admin` WHERE `id` = 1 LIMIT 1   [ RunTime:0.005860s ]
SQL: SHOW COLUMNS FROM `tp_loan_weblog` [ RunTime:0.006836s ]
SQL: SHOW COLUMNS FROM `tp_loan_weblog` [ RunTime:0.005860s ]
SQL: SELECT * FROM `tp_loan_weblog` WHERE ( id = 1 ) LIMIT 1   [ RunTime:0.006836s ]
INFO: [ view_parse ] --START--
INFO: [ template_filter ] --START--
INFO: Run Behavior\ContentReplaceBehavior [ RunTime:0.000000s ]
INFO: [ template_filter ] --END-- [ RunTime:0.000000s ]
INFO: Run Behavior\ParseTemplateBehavior [ RunTime:0.009766s ]
INFO: [ view_parse ] --END-- [ RunTime:0.009766s ]
INFO: [ view_filter ] --START--
INFO: Run Behavior\WriteHtmlCacheBehavior [ RunTime:0.000976s ]
INFO: Run Behavior\TokenBuildBehavior [ RunTime:0.000977s ]
INFO: [ view_filter ] --END-- [ RunTime:0.001953s ]
INFO: [ app_end ] --START--
INFO: Run Behavior\ShowPageTraceBehavior [ RunTime:0.000976s ]
INFO: [ app_end ] --END-- [ RunTime:0.000976s ]

[ 2016-10-10T16:57:33+08:00 ] 180.173.105.255 /loanpiadmin.php/Weblog/view_log/id/84
INFO: [ app_init ] --START--
INFO: Run Behavior\BuildLiteBehavior [ RunTime:0.000000s ]
INFO: [ app_init ] --END-- [ RunTime:0.000000s ]
INFO: [ app_begin ] --START--
INFO: Run Behavior\ReadHtmlCacheBehavior [ RunTime:0.000977s ]
INFO: [ app_begin ] --END-- [ RunTime:0.000977s ]
NOTIC: [8192] mysql_connect(): The mysql extension is deprecated and will be removed in the future: use mysqli or PDO instead D:\wwwroot\httpdocs20160331\httpdocs\ThinkPHP\Library\Think\Db\Driver\Mysql.class.php 第 52 行.
SQL: SHOW COLUMNS FROM `tp_loan_admin` [ RunTime:0.006837s ]
SQL: SELECT * FROM `tp_loan_admin` WHERE `id` = 1 LIMIT 1   [ RunTime:0.006836s ]
SQL: SHOW COLUMNS FROM `tp_loan_weblog` [ RunTime:0.005860s ]
SQL: SHOW COLUMNS FROM `tp_loan_weblog` [ RunTime:0.005860s ]
SQL: SELECT * FROM `tp_loan_weblog` WHERE ( id = 84 ) LIMIT 1   [ RunTime:0.005859s ]
INFO: [ view_parse ] --START--
INFO: [ template_filter ] --START--
INFO: Run Behavior\ContentReplaceBehavior [ RunTime:0.000000s ]
INFO: [ template_filter ] --END-- [ RunTime:0.000000s ]
INFO: Run Behavior\ParseTemplateBehavior [ RunTime:0.009766s ]
INFO: [ view_parse ] --END-- [ RunTime:0.009766s ]
INFO: [ view_filter ] --START--
INFO: Run Behavior\WriteHtmlCacheBehavior [ RunTime:0.000976s ]
INFO: Run Behavior\TokenBuildBehavior [ RunTime:0.000977s ]
INFO: [ view_filter ] --END-- [ RunTime:0.001953s ]
INFO: [ app_end ] --START--
INFO: Run Behavior\ShowPageTraceBehavior [ RunTime:0.000976s ]
INFO: [ app_end ] --END-- [ RunTime:0.000976s ]

