[ 2017-10-11T15:08:57+08:00 ] 180.173.99.84 /loanpiadmin.php
INFO: [ app_init ] --START--
INFO: Run Behavior\BuildLiteBehavior [ RunTime:0.000000s ]
INFO: [ app_init ] --END-- [ RunTime:0.000000s ]

[ 2017-10-11T15:08:57+08:00 ] 180.173.99.84 /loanpiadmin.php/Login/index.html
INFO: [ app_init ] --START--
INFO: Run Behavior\BuildLiteBehavior [ RunTime:0.000000s ]
INFO: [ app_init ] --END-- [ RunTime:0.000000s ]

[ 2017-10-11T15:09:03+08:00 ] 180.173.103.179 /loanpiadmin.php/Login/checklogin.html
INFO: [ app_init ] --START--
INFO: Run Behavior\BuildLiteBehavior [ RunTime:0.000000s ]
INFO: [ app_init ] --END-- [ RunTime:0.000000s ]
INFO: [ app_begin ] --START--
INFO: Run Behavior\ReadHtmlCacheBehavior [ RunTime:0.000000s ]
INFO: [ app_begin ] --END-- [ RunTime:0.000000s ]
NOTIC: [8] Undefined index: HTTP_CDN_SRC_IP D:\wwwroot\httpdocs20160331\httpdocs\Application\Loanpi\Admin\Controller\LoginController.class.php 第 27 行.
NOTIC: [8192] mysql_connect(): The mysql extension is deprecated and will be removed in the future: use mysqli or PDO instead D:\wwwroot\httpdocs20160331\httpdocs\ThinkPHP\Library\Think\Db\Driver\Mysql.class.php 第 52 行.
SQL: SHOW COLUMNS FROM `tp_loan_admin` [ RunTime:0.000000s ]
SQL: SELECT * FROM `tp_loan_admin` WHERE `user_name` = 'admin' LIMIT 1   [ RunTime:0.015625s ]
SQL: SHOW COLUMNS FROM `tp_loan_dmin_loginlogs` [ RunTime:0.031250s ]
ERR: 1146:Table 'sm_web.tp_loan_dmin_loginlogs' doesn't exist
 [ SQL语句 ] : SHOW COLUMNS FROM `tp_loan_dmin_loginlogs`
SQL: INSERT INTO `tp_loan_dmin_loginlogs` (`user_id`,`time`,`ip`,`contents`) VALUES ('admin',1507705743,null,'账号admin登录成功！') [ RunTime:0.000000s ]
ERR: 1146:Table 'sm_web.tp_loan_dmin_loginlogs' doesn't exist
 [ SQL语句 ] : INSERT INTO `tp_loan_dmin_loginlogs` (`user_id`,`time`,`ip`,`contents`) VALUES ('admin',1507705743,null,'账号admin登录成功！')
SQL: SHOW COLUMNS FROM `tp_admin` [ RunTime:0.015625s ]
SQL: UPDATE `tp_admin` SET `last_time`=1507705743 WHERE `user_id` = 'admin' [ RunTime:0.000000s ]

[ 2017-10-11T15:09:03+08:00 ] 180.173.103.179 /loanpiadmin.php/Index/index.html
INFO: [ app_init ] --START--
INFO: Run Behavior\BuildLiteBehavior [ RunTime:0.000000s ]
INFO: [ app_init ] --END-- [ RunTime:0.000000s ]

[ 2017-10-11T15:09:03+08:00 ] 180.173.103.179 /loanpiadmin.php/Index/register.html
INFO: [ app_init ] --START--
INFO: Run Behavior\BuildLiteBehavior [ RunTime:0.000000s ]
INFO: [ app_init ] --END-- [ RunTime:0.000000s ]

[ 2017-10-11T15:09:04+08:00 ] 180.173.103.179 /loanpiadmin.php/Index/register_list?_=1507705651537
INFO: [ app_init ] --START--
INFO: Run Behavior\BuildLiteBehavior [ RunTime:0.000000s ]
INFO: [ app_init ] --END-- [ RunTime:0.000000s ]
INFO: [ app_begin ] --START--
INFO: Run Behavior\ReadHtmlCacheBehavior [ RunTime:0.000000s ]
INFO: [ app_begin ] --END-- [ RunTime:0.000000s ]
NOTIC: [8192] mysql_connect(): The mysql extension is deprecated and will be removed in the future: use mysqli or PDO instead D:\wwwroot\httpdocs20160331\httpdocs\ThinkPHP\Library\Think\Db\Driver\Mysql.class.php 第 52 行.
SQL: SHOW COLUMNS FROM `tp_loan_admin` [ RunTime:0.015625s ]
SQL: SELECT * FROM `tp_loan_admin` WHERE `id` = 1 LIMIT 1   [ RunTime:0.000000s ]
SQL: SHOW COLUMNS FROM `tp_loan_register` [ RunTime:0.015625s ]
SQL: SHOW COLUMNS FROM `tp_loan_register` [ RunTime:0.000000s ]
SQL: SELECT * FROM `tp_loan_register`  [ RunTime:0.015625s ]
SQL: SHOW COLUMNS FROM `tp_loan_repayment` [ RunTime:0.000000s ]
SQL: SHOW COLUMNS FROM `tp_loan_repayment` [ RunTime:0.015625s ]
SQL: SELECT SUM(rep_amount) AS tp_sum FROM `tp_loan_repayment` WHERE ( sap_code = '0000000133' and rep_status = 1 ) LIMIT 1   [ RunTime:0.000000s ]
SQL: SELECT SUM(rep_amount) AS tp_sum FROM `tp_loan_repayment` WHERE ( sap_code = '0000000140' and rep_status = 1 ) LIMIT 1   [ RunTime:0.000000s ]
SQL: SELECT SUM(rep_amount) AS tp_sum FROM `tp_loan_repayment` WHERE ( sap_code = '0000000142' and rep_status = 1 ) LIMIT 1   [ RunTime:0.015625s ]
SQL: SELECT SUM(rep_amount) AS tp_sum FROM `tp_loan_repayment` WHERE ( sap_code = '0000000143' and rep_status = 1 ) LIMIT 1   [ RunTime:0.000000s ]
SQL: SELECT SUM(rep_amount) AS tp_sum FROM `tp_loan_repayment` WHERE ( sap_code = '0000000144' and rep_status = 1 ) LIMIT 1   [ RunTime:0.000000s ]
SQL: SELECT SUM(rep_amount) AS tp_sum FROM `tp_loan_repayment` WHERE ( sap_code = '0000000145' and rep_status = 1 ) LIMIT 1   [ RunTime:0.015625s ]
SQL: SELECT SUM(rep_amount) AS tp_sum FROM `tp_loan_repayment` WHERE ( sap_code = '0000000146' and rep_status = 1 ) LIMIT 1   [ RunTime:0.000000s ]
SQL: SELECT SUM(rep_amount) AS tp_sum FROM `tp_loan_repayment` WHERE ( sap_code = '0000000147' and rep_status = 1 ) LIMIT 1   [ RunTime:0.000000s ]
SQL: SELECT SUM(rep_amount) AS tp_sum FROM `tp_loan_repayment` WHERE ( sap_code = '0000000151' and rep_status = 1 ) LIMIT 1   [ RunTime:0.015625s ]
SQL: SELECT SUM(rep_amount) AS tp_sum FROM `tp_loan_repayment` WHERE ( sap_code = '0000000152' and rep_status = 1 ) LIMIT 1   [ RunTime:0.000000s ]
SQL: SELECT SUM(rep_amount) AS tp_sum FROM `tp_loan_repayment` WHERE ( sap_code = '0000000153' and rep_status = 1 ) LIMIT 1   [ RunTime:0.000000s ]
SQL: SELECT SUM(rep_amount) AS tp_sum FROM `tp_loan_repayment` WHERE ( sap_code = '0000000154' and rep_status = 1 ) LIMIT 1   [ RunTime:0.015625s ]
SQL: SELECT SUM(rep_amount) AS tp_sum FROM `tp_loan_repayment` WHERE ( sap_code = '0000000155' and rep_status = 1 ) LIMIT 1   [ RunTime:0.000000s ]
SQL: SELECT SUM(rep_amount) AS tp_sum FROM `tp_loan_repayment` WHERE ( sap_code = '0000000156' and rep_status = 1 ) LIMIT 1   [ RunTime:0.000000s ]
SQL: SELECT SUM(rep_amount) AS tp_sum FROM `tp_loan_repayment` WHERE ( sap_code = '0000000157' and rep_status = 1 ) LIMIT 1   [ RunTime:0.015625s ]
SQL: SELECT SUM(rep_amount) AS tp_sum FROM `tp_loan_repayment` WHERE ( sap_code = '0000000158' and rep_status = 1 ) LIMIT 1   [ RunTime:0.000000s ]
SQL: SELECT SUM(rep_amount) AS tp_sum FROM `tp_loan_repayment` WHERE ( sap_code = '0000000159' and rep_status = 1 ) LIMIT 1   [ RunTime:0.000000s ]
SQL: SELECT SUM(rep_amount) AS tp_sum FROM `tp_loan_repayment` WHERE ( sap_code = '0000000160' and rep_status = 1 ) LIMIT 1   [ RunTime:0.015625s ]
SQL: SELECT SUM(rep_amount) AS tp_sum FROM `tp_loan_repayment` WHERE ( sap_code = '0000000161' and rep_status = 1 ) LIMIT 1   [ RunTime:0.000000s ]
SQL: SELECT SUM(rep_amount) AS tp_sum FROM `tp_loan_repayment` WHERE ( sap_code = '0000000162' and rep_status = 1 ) LIMIT 1   [ RunTime:0.000000s ]
SQL: SELECT SUM(rep_amount) AS tp_sum FROM `tp_loan_repayment` WHERE ( sap_code = '0000000163' and rep_status = 1 ) LIMIT 1   [ RunTime:0.015625s ]
SQL: SELECT SUM(rep_amount) AS tp_sum FROM `tp_loan_repayment` WHERE ( sap_code = '0000000164' and rep_status = 1 ) LIMIT 1   [ RunTime:0.000000s ]
SQL: SELECT SUM(rep_amount) AS tp_sum FROM `tp_loan_repayment` WHERE ( sap_code = '0000000165' and rep_status = 1 ) LIMIT 1   [ RunTime:0.000000s ]
SQL: SELECT SUM(rep_amount) AS tp_sum FROM `tp_loan_repayment` WHERE ( sap_code = '0000000166' and rep_status = 1 ) LIMIT 1   [ RunTime:0.015625s ]
SQL: SELECT SUM(rep_amount) AS tp_sum FROM `tp_loan_repayment` WHERE ( sap_code = '0000000167' and rep_status = 1 ) LIMIT 1   [ RunTime:0.000000s ]
SQL: SELECT SUM(rep_amount) AS tp_sum FROM `tp_loan_repayment` WHERE ( sap_code = '0000000168' and rep_status = 1 ) LIMIT 1   [ RunTime:0.000000s ]
SQL: SELECT SUM(rep_amount) AS tp_sum FROM `tp_loan_repayment` WHERE ( sap_code = '0000000169' and rep_status = 1 ) LIMIT 1   [ RunTime:0.015625s ]
SQL: SELECT SUM(rep_amount) AS tp_sum FROM `tp_loan_repayment` WHERE ( sap_code = '0000000170' and rep_status = 1 ) LIMIT 1   [ RunTime:0.000000s ]
SQL: SELECT SUM(rep_amount) AS tp_sum FROM `tp_loan_repayment` WHERE ( sap_code = '0000000171' and rep_status = 1 ) LIMIT 1   [ RunTime:0.000000s ]
SQL: SELECT SUM(rep_amount) AS tp_sum FROM `tp_loan_repayment` WHERE ( sap_code = '0000000172' and rep_status = 1 ) LIMIT 1   [ RunTime:0.000000s ]
SQL: SELECT SUM(rep_amount) AS tp_sum FROM `tp_loan_repayment` WHERE ( sap_code = '0000000173' and rep_status = 1 ) LIMIT 1   [ RunTime:0.000000s ]
SQL: SELECT SUM(rep_amount) AS tp_sum FROM `tp_loan_repayment` WHERE ( sap_code = '0000000174' and rep_status = 1 ) LIMIT 1   [ RunTime:0.015625s ]
SQL: SELECT SUM(rep_amount) AS tp_sum FROM `tp_loan_repayment` WHERE ( sap_code = '0000000175' and rep_status = 1 ) LIMIT 1   [ RunTime:0.000000s ]
SQL: SELECT SUM(rep_amount) AS tp_sum FROM `tp_loan_repayment` WHERE ( sap_code = '0000000176' and rep_status = 1 ) LIMIT 1   [ RunTime:0.000000s ]
SQL: SELECT SUM(rep_amount) AS tp_sum FROM `tp_loan_repayment` WHERE ( sap_code = '0000000177' and rep_status = 1 ) LIMIT 1   [ RunTime:0.015625s ]
SQL: SELECT SUM(rep_amount) AS tp_sum FROM `tp_loan_repayment` WHERE ( sap_code = '0000000178' and rep_status = 1 ) LIMIT 1   [ RunTime:0.000000s ]
SQL: SELECT SUM(rep_amount) AS tp_sum FROM `tp_loan_repayment` WHERE ( sap_code = '0000000179' and rep_status = 1 ) LIMIT 1   [ RunTime:0.015625s ]
SQL: SELECT SUM(rep_amount) AS tp_sum FROM `tp_loan_repayment` WHERE ( sap_code = '0000000180' and rep_status = 1 ) LIMIT 1   [ RunTime:0.015625s ]
SQL: SELECT SUM(rep_amount) AS tp_sum FROM `tp_loan_repayment` WHERE ( sap_code = '0000000181' and rep_status = 1 ) LIMIT 1   [ RunTime:0.000000s ]
SQL: SELECT SUM(rep_amount) AS tp_sum FROM `tp_loan_repayment` WHERE ( sap_code = '0000000182' and rep_status = 1 ) LIMIT 1   [ RunTime:0.000000s ]
SQL: SELECT SUM(rep_amount) AS tp_sum FROM `tp_loan_repayment` WHERE ( sap_code = '0000000183' and rep_status = 1 ) LIMIT 1   [ RunTime:0.015625s ]
SQL: SELECT SUM(rep_amount) AS tp_sum FROM `tp_loan_repayment` WHERE ( sap_code = '0000000184' and rep_status = 1 ) LIMIT 1   [ RunTime:0.000000s ]
SQL: SELECT SUM(rep_amount) AS tp_sum FROM `tp_loan_repayment` WHERE ( sap_code = '0000000185' and rep_status = 1 ) LIMIT 1   [ RunTime:0.000000s ]
SQL: SELECT SUM(rep_amount) AS tp_sum FROM `tp_loan_repayment` WHERE ( sap_code = '0000000186' and rep_status = 1 ) LIMIT 1   [ RunTime:0.015625s ]
SQL: SELECT SUM(rep_amount) AS tp_sum FROM `tp_loan_repayment` WHERE ( sap_code = '0000000187' and rep_status = 1 ) LIMIT 1   [ RunTime:0.015625s ]
SQL: SELECT SUM(rep_amount) AS tp_sum FROM `tp_loan_repayment` WHERE ( sap_code = '0000000188' and rep_status = 1 ) LIMIT 1   [ RunTime:0.015625s ]
SQL: SELECT SUM(rep_amount) AS tp_sum FROM `tp_loan_repayment` WHERE ( sap_code = '0000000189' and rep_status = 1 ) LIMIT 1   [ RunTime:0.015625s ]
SQL: SELECT SUM(rep_amount) AS tp_sum FROM `tp_loan_repayment` WHERE ( sap_code = '0000000190' and rep_status = 1 ) LIMIT 1   [ RunTime:0.015625s ]
SQL: SELECT SUM(rep_amount) AS tp_sum FROM `tp_loan_repayment` WHERE ( sap_code = '0000000191' and rep_status = 1 ) LIMIT 1   [ RunTime:0.015625s ]
SQL: SELECT SUM(rep_amount) AS tp_sum FROM `tp_loan_repayment` WHERE ( sap_code = '0000000192' and rep_status = 1 ) LIMIT 1   [ RunTime:0.015625s ]
SQL: SELECT SUM(rep_amount) AS tp_sum FROM `tp_loan_repayment` WHERE ( sap_code = '0000000193' and rep_status = 1 ) LIMIT 1   [ RunTime:0.015625s ]
SQL: SELECT SUM(rep_amount) AS tp_sum FROM `tp_loan_repayment` WHERE ( sap_code = '0000000194' and rep_status = 1 ) LIMIT 1   [ RunTime:0.000000s ]
SQL: SELECT SUM(rep_amount) AS tp_sum FROM `tp_loan_repayment` WHERE ( sap_code = '0000000009' and rep_status = 1 ) LIMIT 1   [ RunTime:0.000000s ]
SQL: SELECT SUM(rep_amount) AS tp_sum FROM `tp_loan_repayment` WHERE ( sap_code = '0000000031' and rep_status = 1 ) LIMIT 1   [ RunTime:0.015625s ]
SQL: SELECT SUM(rep_amount) AS tp_sum FROM `tp_loan_repayment` WHERE ( sap_code = '0000000036' and rep_status = 1 ) LIMIT 1   [ RunTime:0.000000s ]
SQL: SELECT SUM(rep_amount) AS tp_sum FROM `tp_loan_repayment` WHERE ( sap_code = '0000000054' and rep_status = 1 ) LIMIT 1   [ RunTime:0.000000s ]

[ 2017-10-11T15:10:02+08:00 ] 180.173.99.84 /loanpiadmin.php/Index/repayment.html
INFO: [ app_init ] --START--
INFO: Run Behavior\BuildLiteBehavior [ RunTime:0.000000s ]
INFO: [ app_init ] --END-- [ RunTime:0.000000s ]

[ 2017-10-11T15:10:03+08:00 ] 180.173.99.84 /loanpiadmin.php/Index/repayment_list?_=1507705710824
INFO: [ app_init ] --START--
INFO: Run Behavior\BuildLiteBehavior [ RunTime:0.000000s ]
INFO: [ app_init ] --END-- [ RunTime:0.000000s ]
INFO: [ app_begin ] --START--
INFO: Run Behavior\ReadHtmlCacheBehavior [ RunTime:0.000000s ]
INFO: [ app_begin ] --END-- [ RunTime:0.000000s ]
NOTIC: [8192] mysql_connect(): The mysql extension is deprecated and will be removed in the future: use mysqli or PDO instead D:\wwwroot\httpdocs20160331\httpdocs\ThinkPHP\Library\Think\Db\Driver\Mysql.class.php 第 52 行.
SQL: SHOW COLUMNS FROM `tp_loan_admin` [ RunTime:0.015625s ]
SQL: SELECT * FROM `tp_loan_admin` WHERE `id` = 1 LIMIT 1   [ RunTime:0.015625s ]
SQL: SHOW COLUMNS FROM `tp_loan_repayment` [ RunTime:0.031250s ]
SQL: SHOW COLUMNS FROM `tp_loan_repayment` [ RunTime:0.015625s ]
SQL: SELECT * FROM `tp_loan_repayment`  [ RunTime:0.250000s ]

[ 2017-10-11T15:11:18+08:00 ] 180.173.99.84 /loanpiadmin.php/Index/register.html
INFO: [ app_init ] --START--
INFO: Run Behavior\BuildLiteBehavior [ RunTime:0.000000s ]
INFO: [ app_init ] --END-- [ RunTime:0.000000s ]

[ 2017-10-11T15:11:18+08:00 ] 180.173.99.84 /loanpiadmin.php/Index/register_list?_=1507705786265
INFO: [ app_init ] --START--
INFO: Run Behavior\BuildLiteBehavior [ RunTime:0.000000s ]
INFO: [ app_init ] --END-- [ RunTime:0.000000s ]
INFO: [ app_begin ] --START--
INFO: Run Behavior\ReadHtmlCacheBehavior [ RunTime:0.000000s ]
INFO: [ app_begin ] --END-- [ RunTime:0.000000s ]
NOTIC: [8192] mysql_connect(): The mysql extension is deprecated and will be removed in the future: use mysqli or PDO instead D:\wwwroot\httpdocs20160331\httpdocs\ThinkPHP\Library\Think\Db\Driver\Mysql.class.php 第 52 行.
SQL: SHOW COLUMNS FROM `tp_loan_admin` [ RunTime:0.015625s ]
SQL: SELECT * FROM `tp_loan_admin` WHERE `id` = 1 LIMIT 1   [ RunTime:0.000000s ]
SQL: SHOW COLUMNS FROM `tp_loan_register` [ RunTime:0.000000s ]
SQL: SHOW COLUMNS FROM `tp_loan_register` [ RunTime:0.015625s ]
SQL: SELECT * FROM `tp_loan_register`  [ RunTime:0.000000s ]
SQL: SHOW COLUMNS FROM `tp_loan_repayment` [ RunTime:0.000000s ]
SQL: SHOW COLUMNS FROM `tp_loan_repayment` [ RunTime:0.015625s ]
SQL: SELECT SUM(rep_amount) AS tp_sum FROM `tp_loan_repayment` WHERE ( sap_code = '0000000133' and rep_status = 1 ) LIMIT 1   [ RunTime:0.000000s ]
SQL: SELECT SUM(rep_amount) AS tp_sum FROM `tp_loan_repayment` WHERE ( sap_code = '0000000140' and rep_status = 1 ) LIMIT 1   [ RunTime:0.000000s ]
SQL: SELECT SUM(rep_amount) AS tp_sum FROM `tp_loan_repayment` WHERE ( sap_code = '0000000142' and rep_status = 1 ) LIMIT 1   [ RunTime:0.015625s ]
SQL: SELECT SUM(rep_amount) AS tp_sum FROM `tp_loan_repayment` WHERE ( sap_code = '0000000143' and rep_status = 1 ) LIMIT 1   [ RunTime:0.000000s ]
SQL: SELECT SUM(rep_amount) AS tp_sum FROM `tp_loan_repayment` WHERE ( sap_code = '0000000144' and rep_status = 1 ) LIMIT 1   [ RunTime:0.015625s ]
SQL: SELECT SUM(rep_amount) AS tp_sum FROM `tp_loan_repayment` WHERE ( sap_code = '0000000145' and rep_status = 1 ) LIMIT 1   [ RunTime:0.000000s ]
SQL: SELECT SUM(rep_amount) AS tp_sum FROM `tp_loan_repayment` WHERE ( sap_code = '0000000146' and rep_status = 1 ) LIMIT 1   [ RunTime:0.000000s ]
SQL: SELECT SUM(rep_amount) AS tp_sum FROM `tp_loan_repayment` WHERE ( sap_code = '0000000147' and rep_status = 1 ) LIMIT 1   [ RunTime:0.000000s ]
SQL: SELECT SUM(rep_amount) AS tp_sum FROM `tp_loan_repayment` WHERE ( sap_code = '0000000151' and rep_status = 1 ) LIMIT 1   [ RunTime:0.000000s ]
SQL: SELECT SUM(rep_amount) AS tp_sum FROM `tp_loan_repayment` WHERE ( sap_code = '0000000152' and rep_status = 1 ) LIMIT 1   [ RunTime:0.015625s ]
SQL: SELECT SUM(rep_amount) AS tp_sum FROM `tp_loan_repayment` WHERE ( sap_code = '0000000153' and rep_status = 1 ) LIMIT 1   [ RunTime:0.000000s ]
SQL: SELECT SUM(rep_amount) AS tp_sum FROM `tp_loan_repayment` WHERE ( sap_code = '0000000154' and rep_status = 1 ) LIMIT 1   [ RunTime:0.015625s ]
SQL: SELECT SUM(rep_amount) AS tp_sum FROM `tp_loan_repayment` WHERE ( sap_code = '0000000155' and rep_status = 1 ) LIMIT 1   [ RunTime:0.000000s ]
SQL: SELECT SUM(rep_amount) AS tp_sum FROM `tp_loan_repayment` WHERE ( sap_code = '0000000156' and rep_status = 1 ) LIMIT 1   [ RunTime:0.000000s ]
SQL: SELECT SUM(rep_amount) AS tp_sum FROM `tp_loan_repayment` WHERE ( sap_code = '0000000157' and rep_status = 1 ) LIMIT 1   [ RunTime:0.015625s ]
SQL: SELECT SUM(rep_amount) AS tp_sum FROM `tp_loan_repayment` WHERE ( sap_code = '0000000158' and rep_status = 1 ) LIMIT 1   [ RunTime:0.000000s ]
SQL: SELECT SUM(rep_amount) AS tp_sum FROM `tp_loan_repayment` WHERE ( sap_code = '0000000159' and rep_status = 1 ) LIMIT 1   [ RunTime:0.015625s ]
SQL: SELECT SUM(rep_amount) AS tp_sum FROM `tp_loan_repayment` WHERE ( sap_code = '0000000160' and rep_status = 1 ) LIMIT 1   [ RunTime:0.000000s ]
SQL: SELECT SUM(rep_amount) AS tp_sum FROM `tp_loan_repayment` WHERE ( sap_code = '0000000161' and rep_status = 1 ) LIMIT 1   [ RunTime:0.000000s ]
SQL: SELECT SUM(rep_amount) AS tp_sum FROM `tp_loan_repayment` WHERE ( sap_code = '0000000162' and rep_status = 1 ) LIMIT 1   [ RunTime:0.015625s ]
SQL: SELECT SUM(rep_amount) AS tp_sum FROM `tp_loan_repayment` WHERE ( sap_code = '0000000163' and rep_status = 1 ) LIMIT 1   [ RunTime:0.000000s ]
SQL: SELECT SUM(rep_amount) AS tp_sum FROM `tp_loan_repayment` WHERE ( sap_code = '0000000164' and rep_status = 1 ) LIMIT 1   [ RunTime:0.015625s ]
SQL: SELECT SUM(rep_amount) AS tp_sum FROM `tp_loan_repayment` WHERE ( sap_code = '0000000165' and rep_status = 1 ) LIMIT 1   [ RunTime:0.000000s ]
SQL: SELECT SUM(rep_amount) AS tp_sum FROM `tp_loan_repayment` WHERE ( sap_code = '0000000166' and rep_status = 1 ) LIMIT 1   [ RunTime:0.000000s ]
SQL: SELECT SUM(rep_amount) AS tp_sum FROM `tp_loan_repayment` WHERE ( sap_code = '0000000167' and rep_status = 1 ) LIMIT 1   [ RunTime:0.015625s ]
SQL: SELECT SUM(rep_amount) AS tp_sum FROM `tp_loan_repayment` WHERE ( sap_code = '0000000168' and rep_status = 1 ) LIMIT 1   [ RunTime:0.000000s ]
SQL: SELECT SUM(rep_amount) AS tp_sum FROM `tp_loan_repayment` WHERE ( sap_code = '0000000169' and rep_status = 1 ) LIMIT 1   [ RunTime:0.000000s ]
SQL: SELECT SUM(rep_amount) AS tp_sum FROM `tp_loan_repayment` WHERE ( sap_code = '0000000170' and rep_status = 1 ) LIMIT 1   [ RunTime:0.015625s ]
SQL: SELECT SUM(rep_amount) AS tp_sum FROM `tp_loan_repayment` WHERE ( sap_code = '0000000171' and rep_status = 1 ) LIMIT 1   [ RunTime:0.000000s ]
SQL: SELECT SUM(rep_amount) AS tp_sum FROM `tp_loan_repayment` WHERE ( sap_code = '0000000172' and rep_status = 1 ) LIMIT 1   [ RunTime:0.015625s ]
SQL: SELECT SUM(rep_amount) AS tp_sum FROM `tp_loan_repayment` WHERE ( sap_code = '0000000173' and rep_status = 1 ) LIMIT 1   [ RunTime:0.000000s ]
SQL: SELECT SUM(rep_amount) AS tp_sum FROM `tp_loan_repayment` WHERE ( sap_code = '0000000174' and rep_status = 1 ) LIMIT 1   [ RunTime:0.000000s ]
SQL: SELECT SUM(rep_amount) AS tp_sum FROM `tp_loan_repayment` WHERE ( sap_code = '0000000175' and rep_status = 1 ) LIMIT 1   [ RunTime:0.015625s ]
SQL: SELECT SUM(rep_amount) AS tp_sum FROM `tp_loan_repayment` WHERE ( sap_code = '0000000176' and rep_status = 1 ) LIMIT 1   [ RunTime:0.000000s ]
SQL: SELECT SUM(rep_amount) AS tp_sum FROM `tp_loan_repayment` WHERE ( sap_code = '0000000177' and rep_status = 1 ) LIMIT 1   [ RunTime:0.015625s ]
SQL: SELECT SUM(rep_amount) AS tp_sum FROM `tp_loan_repayment` WHERE ( sap_code = '0000000178' and rep_status = 1 ) LIMIT 1   [ RunTime:0.000000s ]
SQL: SELECT SUM(rep_amount) AS tp_sum FROM `tp_loan_repayment` WHERE ( sap_code = '0000000179' and rep_status = 1 ) LIMIT 1   [ RunTime:0.000000s ]
SQL: SELECT SUM(rep_amount) AS tp_sum FROM `tp_loan_repayment` WHERE ( sap_code = '0000000180' and rep_status = 1 ) LIMIT 1   [ RunTime:0.000000s ]
SQL: SELECT SUM(rep_amount) AS tp_sum FROM `tp_loan_repayment` WHERE ( sap_code = '0000000181' and rep_status = 1 ) LIMIT 1   [ RunTime:0.000000s ]
SQL: SELECT SUM(rep_amount) AS tp_sum FROM `tp_loan_repayment` WHERE ( sap_code = '0000000182' and rep_status = 1 ) LIMIT 1   [ RunTime:0.015625s ]
SQL: SELECT SUM(rep_amount) AS tp_sum FROM `tp_loan_repayment` WHERE ( sap_code = '0000000183' and rep_status = 1 ) LIMIT 1   [ RunTime:0.000000s ]
SQL: SELECT SUM(rep_amount) AS tp_sum FROM `tp_loan_repayment` WHERE ( sap_code = '0000000184' and rep_status = 1 ) LIMIT 1   [ RunTime:0.015625s ]
SQL: SELECT SUM(rep_amount) AS tp_sum FROM `tp_loan_repayment` WHERE ( sap_code = '0000000185' and rep_status = 1 ) LIMIT 1   [ RunTime:0.000000s ]
SQL: SELECT SUM(rep_amount) AS tp_sum FROM `tp_loan_repayment` WHERE ( sap_code = '0000000186' and rep_status = 1 ) LIMIT 1   [ RunTime:0.015625s ]
SQL: SELECT SUM(rep_amount) AS tp_sum FROM `tp_loan_repayment` WHERE ( sap_code = '0000000187' and rep_status = 1 ) LIMIT 1   [ RunTime:0.000000s ]
SQL: SELECT SUM(rep_amount) AS tp_sum FROM `tp_loan_repayment` WHERE ( sap_code = '0000000188' and rep_status = 1 ) LIMIT 1   [ RunTime:0.015625s ]
SQL: SELECT SUM(rep_amount) AS tp_sum FROM `tp_loan_repayment` WHERE ( sap_code = '0000000189' and rep_status = 1 ) LIMIT 1   [ RunTime:0.000000s ]
SQL: SELECT SUM(rep_amount) AS tp_sum FROM `tp_loan_repayment` WHERE ( sap_code = '0000000190' and rep_status = 1 ) LIMIT 1   [ RunTime:0.015625s ]
SQL: SELECT SUM(rep_amount) AS tp_sum FROM `tp_loan_repayment` WHERE ( sap_code = '0000000191' and rep_status = 1 ) LIMIT 1   [ RunTime:0.000000s ]
SQL: SELECT SUM(rep_amount) AS tp_sum FROM `tp_loan_repayment` WHERE ( sap_code = '0000000192' and rep_status = 1 ) LIMIT 1   [ RunTime:0.015625s ]
SQL: SELECT SUM(rep_amount) AS tp_sum FROM `tp_loan_repayment` WHERE ( sap_code = '0000000193' and rep_status = 1 ) LIMIT 1   [ RunTime:0.000000s ]
SQL: SELECT SUM(rep_amount) AS tp_sum FROM `tp_loan_repayment` WHERE ( sap_code = '0000000194' and rep_status = 1 ) LIMIT 1   [ RunTime:0.000000s ]
SQL: SELECT SUM(rep_amount) AS tp_sum FROM `tp_loan_repayment` WHERE ( sap_code = '0000000009' and rep_status = 1 ) LIMIT 1   [ RunTime:0.015625s ]
SQL: SELECT SUM(rep_amount) AS tp_sum FROM `tp_loan_repayment` WHERE ( sap_code = '0000000031' and rep_status = 1 ) LIMIT 1   [ RunTime:0.000000s ]
SQL: SELECT SUM(rep_amount) AS tp_sum FROM `tp_loan_repayment` WHERE ( sap_code = '0000000036' and rep_status = 1 ) LIMIT 1   [ RunTime:0.015625s ]
SQL: SELECT SUM(rep_amount) AS tp_sum FROM `tp_loan_repayment` WHERE ( sap_code = '0000000054' and rep_status = 1 ) LIMIT 1   [ RunTime:0.000000s ]

[ 2017-10-11T15:13:27+08:00 ] 180.173.103.179 /loanpiadmin.php/Index/register.html
INFO: [ app_init ] --START--
INFO: Run Behavior\BuildLiteBehavior [ RunTime:0.000000s ]
INFO: [ app_init ] --END-- [ RunTime:0.000000s ]

[ 2017-10-11T15:13:28+08:00 ] 180.173.103.179 /loanpiadmin.php/Index/register_list?_=1507705915508
INFO: [ app_init ] --START--
INFO: Run Behavior\BuildLiteBehavior [ RunTime:0.000000s ]
INFO: [ app_init ] --END-- [ RunTime:0.000976s ]
INFO: [ app_begin ] --START--
INFO: Run Behavior\ReadHtmlCacheBehavior [ RunTime:0.000977s ]
INFO: [ app_begin ] --END-- [ RunTime:0.000977s ]
NOTIC: [8192] mysql_connect(): The mysql extension is deprecated and will be removed in the future: use mysqli or PDO instead D:\wwwroot\httpdocs20160331\httpdocs\ThinkPHP\Library\Think\Db\Driver\Mysql.class.php 第 52 行.
SQL: SHOW COLUMNS FROM `tp_loan_admin` [ RunTime:0.004883s ]
SQL: SELECT * FROM `tp_loan_admin` WHERE `id` = 1 LIMIT 1   [ RunTime:0.004883s ]
SQL: SHOW COLUMNS FROM `tp_loan_register` [ RunTime:0.004882s ]
SQL: SHOW COLUMNS FROM `tp_loan_register` [ RunTime:0.004882s ]
SQL: SELECT * FROM `tp_loan_register`  [ RunTime:0.220689s ]
SQL: SHOW COLUMNS FROM `tp_loan_repayment` [ RunTime:0.415013s ]
SQL: SHOW COLUMNS FROM `tp_loan_repayment` [ RunTime:0.005859s ]
SQL: SELECT SUM(rep_amount) AS tp_sum FROM `tp_loan_repayment` WHERE ( sap_code = '0000000133' and rep_status = 1 ) LIMIT 1   [ RunTime:0.008788s ]
SQL: SELECT SUM(rep_amount) AS tp_sum FROM `tp_loan_repayment` WHERE ( sap_code = '0000000140' and rep_status = 1 ) LIMIT 1   [ RunTime:0.009765s ]
SQL: SELECT SUM(rep_amount) AS tp_sum FROM `tp_loan_repayment` WHERE ( sap_code = '0000000142' and rep_status = 1 ) LIMIT 1   [ RunTime:0.010741s ]
SQL: SELECT SUM(rep_amount) AS tp_sum FROM `tp_loan_repayment` WHERE ( sap_code = '0000000143' and rep_status = 1 ) LIMIT 1   [ RunTime:0.008788s ]
SQL: SELECT SUM(rep_amount) AS tp_sum FROM `tp_loan_repayment` WHERE ( sap_code = '0000000144' and rep_status = 1 ) LIMIT 1   [ RunTime:0.210924s ]
SQL: SELECT SUM(rep_amount) AS tp_sum FROM `tp_loan_repayment` WHERE ( sap_code = '0000000145' and rep_status = 1 ) LIMIT 1   [ RunTime:0.003906s ]
SQL: SELECT SUM(rep_amount) AS tp_sum FROM `tp_loan_repayment` WHERE ( sap_code = '0000000146' and rep_status = 1 ) LIMIT 1   [ RunTime:0.003906s ]
SQL: SELECT SUM(rep_amount) AS tp_sum FROM `tp_loan_repayment` WHERE ( sap_code = '0000000147' and rep_status = 1 ) LIMIT 1   [ RunTime:0.003906s ]
SQL: SELECT SUM(rep_amount) AS tp_sum FROM `tp_loan_repayment` WHERE ( sap_code = '0000000151' and rep_status = 1 ) LIMIT 1   [ RunTime:0.003906s ]
SQL: SELECT SUM(rep_amount) AS tp_sum FROM `tp_loan_repayment` WHERE ( sap_code = '0000000152' and rep_status = 1 ) LIMIT 1   [ RunTime:0.003906s ]
SQL: SELECT SUM(rep_amount) AS tp_sum FROM `tp_loan_repayment` WHERE ( sap_code = '0000000153' and rep_status = 1 ) LIMIT 1   [ RunTime:0.003906s ]
SQL: SELECT SUM(rep_amount) AS tp_sum FROM `tp_loan_repayment` WHERE ( sap_code = '0000000154' and rep_status = 1 ) LIMIT 1   [ RunTime:0.004883s ]
SQL: SELECT SUM(rep_amount) AS tp_sum FROM `tp_loan_repayment` WHERE ( sap_code = '0000000155' and rep_status = 1 ) LIMIT 1   [ RunTime:0.004882s ]
SQL: SELECT SUM(rep_amount) AS tp_sum FROM `tp_loan_repayment` WHERE ( sap_code = '0000000156' and rep_status = 1 ) LIMIT 1   [ RunTime:0.004883s ]
SQL: SELECT SUM(rep_amount) AS tp_sum FROM `tp_loan_repayment` WHERE ( sap_code = '0000000157' and rep_status = 1 ) LIMIT 1   [ RunTime:0.003906s ]
SQL: SELECT SUM(rep_amount) AS tp_sum FROM `tp_loan_repayment` WHERE ( sap_code = '0000000158' and rep_status = 1 ) LIMIT 1   [ RunTime:0.004882s ]
SQL: SELECT SUM(rep_amount) AS tp_sum FROM `tp_loan_repayment` WHERE ( sap_code = '0000000159' and rep_status = 1 ) LIMIT 1   [ RunTime:0.004883s ]
SQL: SELECT SUM(rep_amount) AS tp_sum FROM `tp_loan_repayment` WHERE ( sap_code = '0000000160' and rep_status = 1 ) LIMIT 1   [ RunTime:0.004882s ]
SQL: SELECT SUM(rep_amount) AS tp_sum FROM `tp_loan_repayment` WHERE ( sap_code = '0000000161' and rep_status = 1 ) LIMIT 1   [ RunTime:0.003906s ]
SQL: SELECT SUM(rep_amount) AS tp_sum FROM `tp_loan_repayment` WHERE ( sap_code = '0000000162' and rep_status = 1 ) LIMIT 1   [ RunTime:0.003906s ]
SQL: SELECT SUM(rep_amount) AS tp_sum FROM `tp_loan_repayment` WHERE ( sap_code = '0000000163' and rep_status = 1 ) LIMIT 1   [ RunTime:0.003906s ]
SQL: SELECT SUM(rep_amount) AS tp_sum FROM `tp_loan_repayment` WHERE ( sap_code = '0000000164' and rep_status = 1 ) LIMIT 1   [ RunTime:0.003906s ]
SQL: SELECT SUM(rep_amount) AS tp_sum FROM `tp_loan_repayment` WHERE ( sap_code = '0000000165' and rep_status = 1 ) LIMIT 1   [ RunTime:0.003906s ]
SQL: SELECT SUM(rep_amount) AS tp_sum FROM `tp_loan_repayment` WHERE ( sap_code = '0000000166' and rep_status = 1 ) LIMIT 1   [ RunTime:0.003906s ]
SQL: SELECT SUM(rep_amount) AS tp_sum FROM `tp_loan_repayment` WHERE ( sap_code = '0000000167' and rep_status = 1 ) LIMIT 1   [ RunTime:0.003906s ]
SQL: SELECT SUM(rep_amount) AS tp_sum FROM `tp_loan_repayment` WHERE ( sap_code = '0000000168' and rep_status = 1 ) LIMIT 1   [ RunTime:0.003906s ]
SQL: SELECT SUM(rep_amount) AS tp_sum FROM `tp_loan_repayment` WHERE ( sap_code = '0000000169' and rep_status = 1 ) LIMIT 1   [ RunTime:0.003906s ]
SQL: SELECT SUM(rep_amount) AS tp_sum FROM `tp_loan_repayment` WHERE ( sap_code = '0000000170' and rep_status = 1 ) LIMIT 1   [ RunTime:0.003906s ]
SQL: SELECT SUM(rep_amount) AS tp_sum FROM `tp_loan_repayment` WHERE ( sap_code = '0000000171' and rep_status = 1 ) LIMIT 1   [ RunTime:0.003906s ]
SQL: SELECT SUM(rep_amount) AS tp_sum FROM `tp_loan_repayment` WHERE ( sap_code = '0000000172' and rep_status = 1 ) LIMIT 1   [ RunTime:0.003906s ]
SQL: SELECT SUM(rep_amount) AS tp_sum FROM `tp_loan_repayment` WHERE ( sap_code = '0000000173' and rep_status = 1 ) LIMIT 1   [ RunTime:0.004882s ]
SQL: SELECT SUM(rep_amount) AS tp_sum FROM `tp_loan_repayment` WHERE ( sap_code = '0000000174' and rep_status = 1 ) LIMIT 1   [ RunTime:0.004883s ]
SQL: SELECT SUM(rep_amount) AS tp_sum FROM `tp_loan_repayment` WHERE ( sap_code = '0000000175' and rep_status = 1 ) LIMIT 1   [ RunTime:0.004882s ]
SQL: SELECT SUM(rep_amount) AS tp_sum FROM `tp_loan_repayment` WHERE ( sap_code = '0000000176' and rep_status = 1 ) LIMIT 1   [ RunTime:0.004883s ]
SQL: SELECT SUM(rep_amount) AS tp_sum FROM `tp_loan_repayment` WHERE ( sap_code = '0000000177' and rep_status = 1 ) LIMIT 1   [ RunTime:0.004882s ]
SQL: SELECT SUM(rep_amount) AS tp_sum FROM `tp_loan_repayment` WHERE ( sap_code = '0000000178' and rep_status = 1 ) LIMIT 1   [ RunTime:0.004883s ]
SQL: SELECT SUM(rep_amount) AS tp_sum FROM `tp_loan_repayment` WHERE ( sap_code = '0000000179' and rep_status = 1 ) LIMIT 1   [ RunTime:0.004882s ]
SQL: SELECT SUM(rep_amount) AS tp_sum FROM `tp_loan_repayment` WHERE ( sap_code = '0000000180' and rep_status = 1 ) LIMIT 1   [ RunTime:0.004883s ]
SQL: SELECT SUM(rep_amount) AS tp_sum FROM `tp_loan_repayment` WHERE ( sap_code = '0000000181' and rep_status = 1 ) LIMIT 1   [ RunTime:0.004882s ]
SQL: SELECT SUM(rep_amount) AS tp_sum FROM `tp_loan_repayment` WHERE ( sap_code = '0000000182' and rep_status = 1 ) LIMIT 1   [ RunTime:0.003906s ]
SQL: SELECT SUM(rep_amount) AS tp_sum FROM `tp_loan_repayment` WHERE ( sap_code = '0000000183' and rep_status = 1 ) LIMIT 1   [ RunTime:0.004883s ]
SQL: SELECT SUM(rep_amount) AS tp_sum FROM `tp_loan_repayment` WHERE ( sap_code = '0000000184' and rep_status = 1 ) LIMIT 1   [ RunTime:0.004882s ]
SQL: SELECT SUM(rep_amount) AS tp_sum FROM `tp_loan_repayment` WHERE ( sap_code = '0000000185' and rep_status = 1 ) LIMIT 1   [ RunTime:0.004883s ]
SQL: SELECT SUM(rep_amount) AS tp_sum FROM `tp_loan_repayment` WHERE ( sap_code = '0000000186' and rep_status = 1 ) LIMIT 1   [ RunTime:0.004882s ]
SQL: SELECT SUM(rep_amount) AS tp_sum FROM `tp_loan_repayment` WHERE ( sap_code = '0000000187' and rep_status = 1 ) LIMIT 1   [ RunTime:0.004883s ]
SQL: SELECT SUM(rep_amount) AS tp_sum FROM `tp_loan_repayment` WHERE ( sap_code = '0000000188' and rep_status = 1 ) LIMIT 1   [ RunTime:0.004882s ]
SQL: SELECT SUM(rep_amount) AS tp_sum FROM `tp_loan_repayment` WHERE ( sap_code = '0000000189' and rep_status = 1 ) LIMIT 1   [ RunTime:0.004883s ]
SQL: SELECT SUM(rep_amount) AS tp_sum FROM `tp_loan_repayment` WHERE ( sap_code = '0000000190' and rep_status = 1 ) LIMIT 1   [ RunTime:0.003906s ]
SQL: SELECT SUM(rep_amount) AS tp_sum FROM `tp_loan_repayment` WHERE ( sap_code = '0000000191' and rep_status = 1 ) LIMIT 1   [ RunTime:0.003906s ]
SQL: SELECT SUM(rep_amount) AS tp_sum FROM `tp_loan_repayment` WHERE ( sap_code = '0000000192' and rep_status = 1 ) LIMIT 1   [ RunTime:0.003906s ]
SQL: SELECT SUM(rep_amount) AS tp_sum FROM `tp_loan_repayment` WHERE ( sap_code = '0000000193' and rep_status = 1 ) LIMIT 1   [ RunTime:0.003906s ]
SQL: SELECT SUM(rep_amount) AS tp_sum FROM `tp_loan_repayment` WHERE ( sap_code = '0000000194' and rep_status = 1 ) LIMIT 1   [ RunTime:0.021483s ]
SQL: SELECT SUM(rep_amount) AS tp_sum FROM `tp_loan_repayment` WHERE ( sap_code = '0000000009' and rep_status = 1 ) LIMIT 1   [ RunTime:0.004883s ]
SQL: SELECT SUM(rep_amount) AS tp_sum FROM `tp_loan_repayment` WHERE ( sap_code = '0000000031' and rep_status = 1 ) LIMIT 1   [ RunTime:0.004882s ]
SQL: SELECT SUM(rep_amount) AS tp_sum FROM `tp_loan_repayment` WHERE ( sap_code = '0000000036' and rep_status = 1 ) LIMIT 1   [ RunTime:0.004883s ]
SQL: SELECT SUM(rep_amount) AS tp_sum FROM `tp_loan_repayment` WHERE ( sap_code = '0000000054' and rep_status = 1 ) LIMIT 1   [ RunTime:0.004882s ]

[ 2017-10-11T15:15:04+08:00 ] 180.173.99.84 /loanpiadmin.php/Index/repayment.html
INFO: [ app_init ] --START--
INFO: Run Behavior\BuildLiteBehavior [ RunTime:0.000000s ]
INFO: [ app_init ] --END-- [ RunTime:0.000000s ]

[ 2017-10-11T15:15:05+08:00 ] 180.173.99.84 /loanpiadmin.php/Index/repayment_list?_=1507706012889
INFO: [ app_init ] --START--
INFO: Run Behavior\BuildLiteBehavior [ RunTime:0.000000s ]
INFO: [ app_init ] --END-- [ RunTime:0.000000s ]
INFO: [ app_begin ] --START--
INFO: Run Behavior\ReadHtmlCacheBehavior [ RunTime:0.000976s ]
INFO: [ app_begin ] --END-- [ RunTime:0.000976s ]
NOTIC: [8192] mysql_connect(): The mysql extension is deprecated and will be removed in the future: use mysqli or PDO instead D:\wwwroot\httpdocs20160331\httpdocs\ThinkPHP\Library\Think\Db\Driver\Mysql.class.php 第 52 行.
SQL: SHOW COLUMNS FROM `tp_loan_admin` [ RunTime:0.006836s ]
SQL: SELECT * FROM `tp_loan_admin` WHERE `id` = 1 LIMIT 1   [ RunTime:0.006836s ]
SQL: SHOW COLUMNS FROM `tp_loan_repayment` [ RunTime:0.006836s ]
SQL: SHOW COLUMNS FROM `tp_loan_repayment` [ RunTime:0.007812s ]
SQL: SELECT * FROM `tp_loan_repayment`  [ RunTime:0.008788s ]

[ 2017-10-11T15:15:14+08:00 ] 180.173.103.179 /loanpiadmin.php/Index/register.html
INFO: [ app_init ] --START--
INFO: Run Behavior\BuildLiteBehavior [ RunTime:0.000000s ]
INFO: [ app_init ] --END-- [ RunTime:0.000000s ]

[ 2017-10-11T15:15:15+08:00 ] 180.173.103.179 /loanpiadmin.php/Index/register_list?_=1507706022558
INFO: [ app_init ] --START--
INFO: Run Behavior\BuildLiteBehavior [ RunTime:0.000000s ]
INFO: [ app_init ] --END-- [ RunTime:0.000000s ]
INFO: [ app_begin ] --START--
INFO: Run Behavior\ReadHtmlCacheBehavior [ RunTime:0.000977s ]
INFO: [ app_begin ] --END-- [ RunTime:0.000977s ]
NOTIC: [8192] mysql_connect(): The mysql extension is deprecated and will be removed in the future: use mysqli or PDO instead D:\wwwroot\httpdocs20160331\httpdocs\ThinkPHP\Library\Think\Db\Driver\Mysql.class.php 第 52 行.
SQL: SHOW COLUMNS FROM `tp_loan_admin` [ RunTime:0.006835s ]
SQL: SELECT * FROM `tp_loan_admin` WHERE `id` = 1 LIMIT 1   [ RunTime:0.006835s ]
SQL: SHOW COLUMNS FROM `tp_loan_register` [ RunTime:0.007812s ]
SQL: SHOW COLUMNS FROM `tp_loan_register` [ RunTime:0.007812s ]
SQL: SELECT * FROM `tp_loan_register`  [ RunTime:0.012694s ]
SQL: SHOW COLUMNS FROM `tp_loan_repayment` [ RunTime:0.007812s ]
SQL: SHOW COLUMNS FROM `tp_loan_repayment` [ RunTime:0.007812s ]
SQL: SELECT SUM(rep_amount) AS tp_sum FROM `tp_loan_repayment` WHERE ( sap_code = '0000000133' and rep_status = 1 ) LIMIT 1   [ RunTime:0.005859s ]
SQL: SELECT SUM(rep_amount) AS tp_sum FROM `tp_loan_repayment` WHERE ( sap_code = '0000000140' and rep_status = 1 ) LIMIT 1   [ RunTime:0.005859s ]
SQL: SELECT SUM(rep_amount) AS tp_sum FROM `tp_loan_repayment` WHERE ( sap_code = '0000000142' and rep_status = 1 ) LIMIT 1   [ RunTime:0.005859s ]
SQL: SELECT SUM(rep_amount) AS tp_sum FROM `tp_loan_repayment` WHERE ( sap_code = '0000000143' and rep_status = 1 ) LIMIT 1   [ RunTime:0.008789s ]
SQL: SELECT SUM(rep_amount) AS tp_sum FROM `tp_loan_repayment` WHERE ( sap_code = '0000000144' and rep_status = 1 ) LIMIT 1   [ RunTime:0.005859s ]
SQL: SELECT SUM(rep_amount) AS tp_sum FROM `tp_loan_repayment` WHERE ( sap_code = '0000000145' and rep_status = 1 ) LIMIT 1   [ RunTime:0.005859s ]
SQL: SELECT SUM(rep_amount) AS tp_sum FROM `tp_loan_repayment` WHERE ( sap_code = '0000000146' and rep_status = 1 ) LIMIT 1   [ RunTime:0.005859s ]
SQL: SELECT SUM(rep_amount) AS tp_sum FROM `tp_loan_repayment` WHERE ( sap_code = '0000000147' and rep_status = 1 ) LIMIT 1   [ RunTime:0.012695s ]
SQL: SELECT SUM(rep_amount) AS tp_sum FROM `tp_loan_repayment` WHERE ( sap_code = '0000000151' and rep_status = 1 ) LIMIT 1   [ RunTime:0.008789s ]
SQL: SELECT SUM(rep_amount) AS tp_sum FROM `tp_loan_repayment` WHERE ( sap_code = '0000000152' and rep_status = 1 ) LIMIT 1   [ RunTime:0.005859s ]
SQL: SELECT SUM(rep_amount) AS tp_sum FROM `tp_loan_repayment` WHERE ( sap_code = '0000000153' and rep_status = 1 ) LIMIT 1   [ RunTime:0.005859s ]
SQL: SELECT SUM(rep_amount) AS tp_sum FROM `tp_loan_repayment` WHERE ( sap_code = '0000000154' and rep_status = 1 ) LIMIT 1   [ RunTime:0.004882s ]
SQL: SELECT SUM(rep_amount) AS tp_sum FROM `tp_loan_repayment` WHERE ( sap_code = '0000000155' and rep_status = 1 ) LIMIT 1   [ RunTime:0.211900s ]
SQL: SELECT SUM(rep_amount) AS tp_sum FROM `tp_loan_repayment` WHERE ( sap_code = '0000000156' and rep_status = 1 ) LIMIT 1   [ RunTime:0.005859s ]
SQL: SELECT SUM(rep_amount) AS tp_sum FROM `tp_loan_repayment` WHERE ( sap_code = '0000000157' and rep_status = 1 ) LIMIT 1   [ RunTime:0.005859s ]
SQL: SELECT SUM(rep_amount) AS tp_sum FROM `tp_loan_repayment` WHERE ( sap_code = '0000000158' and rep_status = 1 ) LIMIT 1   [ RunTime:0.005859s ]
SQL: SELECT SUM(rep_amount) AS tp_sum FROM `tp_loan_repayment` WHERE ( sap_code = '0000000159' and rep_status = 1 ) LIMIT 1   [ RunTime:0.004882s ]
SQL: SELECT SUM(rep_amount) AS tp_sum FROM `tp_loan_repayment` WHERE ( sap_code = '0000000160' and rep_status = 1 ) LIMIT 1   [ RunTime:0.007812s ]
SQL: SELECT SUM(rep_amount) AS tp_sum FROM `tp_loan_repayment` WHERE ( sap_code = '0000000161' and rep_status = 1 ) LIMIT 1   [ RunTime:0.005859s ]
SQL: SELECT SUM(rep_amount) AS tp_sum FROM `tp_loan_repayment` WHERE ( sap_code = '0000000162' and rep_status = 1 ) LIMIT 1   [ RunTime:0.005859s ]
SQL: SELECT SUM(rep_amount) AS tp_sum FROM `tp_loan_repayment` WHERE ( sap_code = '0000000163' and rep_status = 1 ) LIMIT 1   [ RunTime:0.005859s ]
SQL: SELECT SUM(rep_amount) AS tp_sum FROM `tp_loan_repayment` WHERE ( sap_code = '0000000164' and rep_status = 1 ) LIMIT 1   [ RunTime:0.005859s ]
SQL: SELECT SUM(rep_amount) AS tp_sum FROM `tp_loan_repayment` WHERE ( sap_code = '0000000165' and rep_status = 1 ) LIMIT 1   [ RunTime:0.005859s ]
SQL: SELECT SUM(rep_amount) AS tp_sum FROM `tp_loan_repayment` WHERE ( sap_code = '0000000166' and rep_status = 1 ) LIMIT 1   [ RunTime:0.007812s ]
SQL: SELECT SUM(rep_amount) AS tp_sum FROM `tp_loan_repayment` WHERE ( sap_code = '0000000167' and rep_status = 1 ) LIMIT 1   [ RunTime:0.005859s ]
SQL: SELECT SUM(rep_amount) AS tp_sum FROM `tp_loan_repayment` WHERE ( sap_code = '0000000168' and rep_status = 1 ) LIMIT 1   [ RunTime:0.005859s ]
SQL: SELECT SUM(rep_amount) AS tp_sum FROM `tp_loan_repayment` WHERE ( sap_code = '0000000169' and rep_status = 1 ) LIMIT 1   [ RunTime:0.005859s ]
SQL: SELECT SUM(rep_amount) AS tp_sum FROM `tp_loan_repayment` WHERE ( sap_code = '0000000170' and rep_status = 1 ) LIMIT 1   [ RunTime:0.005859s ]
SQL: SELECT SUM(rep_amount) AS tp_sum FROM `tp_loan_repayment` WHERE ( sap_code = '0000000171' and rep_status = 1 ) LIMIT 1   [ RunTime:0.005859s ]
SQL: SELECT SUM(rep_amount) AS tp_sum FROM `tp_loan_repayment` WHERE ( sap_code = '0000000172' and rep_status = 1 ) LIMIT 1   [ RunTime:0.005859s ]
SQL: SELECT SUM(rep_amount) AS tp_sum FROM `tp_loan_repayment` WHERE ( sap_code = '0000000173' and rep_status = 1 ) LIMIT 1   [ RunTime:0.005859s ]
SQL: SELECT SUM(rep_amount) AS tp_sum FROM `tp_loan_repayment` WHERE ( sap_code = '0000000174' and rep_status = 1 ) LIMIT 1   [ RunTime:0.005859s ]
SQL: SELECT SUM(rep_amount) AS tp_sum FROM `tp_loan_repayment` WHERE ( sap_code = '0000000175' and rep_status = 1 ) LIMIT 1   [ RunTime:0.005859s ]
SQL: SELECT SUM(rep_amount) AS tp_sum FROM `tp_loan_repayment` WHERE ( sap_code = '0000000176' and rep_status = 1 ) LIMIT 1   [ RunTime:0.005859s ]
SQL: SELECT SUM(rep_amount) AS tp_sum FROM `tp_loan_repayment` WHERE ( sap_code = '0000000177' and rep_status = 1 ) LIMIT 1   [ RunTime:0.006835s ]
SQL: SELECT SUM(rep_amount) AS tp_sum FROM `tp_loan_repayment` WHERE ( sap_code = '0000000178' and rep_status = 1 ) LIMIT 1   [ RunTime:0.011718s ]
SQL: SELECT SUM(rep_amount) AS tp_sum FROM `tp_loan_repayment` WHERE ( sap_code = '0000000179' and rep_status = 1 ) LIMIT 1   [ RunTime:0.011718s ]
SQL: SELECT SUM(rep_amount) AS tp_sum FROM `tp_loan_repayment` WHERE ( sap_code = '0000000180' and rep_status = 1 ) LIMIT 1   [ RunTime:0.013671s ]
SQL: SELECT SUM(rep_amount) AS tp_sum FROM `tp_loan_repayment` WHERE ( sap_code = '0000000181' and rep_status = 1 ) LIMIT 1   [ RunTime:0.013671s ]
SQL: SELECT SUM(rep_amount) AS tp_sum FROM `tp_loan_repayment` WHERE ( sap_code = '0000000182' and rep_status = 1 ) LIMIT 1   [ RunTime:0.014647s ]
SQL: SELECT SUM(rep_amount) AS tp_sum FROM `tp_loan_repayment` WHERE ( sap_code = '0000000183' and rep_status = 1 ) LIMIT 1   [ RunTime:0.018553s ]
SQL: SELECT SUM(rep_amount) AS tp_sum FROM `tp_loan_repayment` WHERE ( sap_code = '0000000184' and rep_status = 1 ) LIMIT 1   [ RunTime:0.017577s ]
SQL: SELECT SUM(rep_amount) AS tp_sum FROM `tp_loan_repayment` WHERE ( sap_code = '0000000185' and rep_status = 1 ) LIMIT 1   [ RunTime:0.017577s ]
SQL: SELECT SUM(rep_amount) AS tp_sum FROM `tp_loan_repayment` WHERE ( sap_code = '0000000186' and rep_status = 1 ) LIMIT 1   [ RunTime:0.005859s ]
SQL: SELECT SUM(rep_amount) AS tp_sum FROM `tp_loan_repayment` WHERE ( sap_code = '0000000187' and rep_status = 1 ) LIMIT 1   [ RunTime:0.005859s ]
SQL: SELECT SUM(rep_amount) AS tp_sum FROM `tp_loan_repayment` WHERE ( sap_code = '0000000188' and rep_status = 1 ) LIMIT 1   [ RunTime:0.006835s ]
SQL: SELECT SUM(rep_amount) AS tp_sum FROM `tp_loan_repayment` WHERE ( sap_code = '0000000189' and rep_status = 1 ) LIMIT 1   [ RunTime:0.005859s ]
SQL: SELECT SUM(rep_amount) AS tp_sum FROM `tp_loan_repayment` WHERE ( sap_code = '0000000190' and rep_status = 1 ) LIMIT 1   [ RunTime:0.005859s ]
SQL: SELECT SUM(rep_amount) AS tp_sum FROM `tp_loan_repayment` WHERE ( sap_code = '0000000191' and rep_status = 1 ) LIMIT 1   [ RunTime:0.005859s ]
SQL: SELECT SUM(rep_amount) AS tp_sum FROM `tp_loan_repayment` WHERE ( sap_code = '0000000192' and rep_status = 1 ) LIMIT 1   [ RunTime:0.005859s ]
SQL: SELECT SUM(rep_amount) AS tp_sum FROM `tp_loan_repayment` WHERE ( sap_code = '0000000193' and rep_status = 1 ) LIMIT 1   [ RunTime:0.005859s ]
SQL: SELECT SUM(rep_amount) AS tp_sum FROM `tp_loan_repayment` WHERE ( sap_code = '0000000194' and rep_status = 1 ) LIMIT 1   [ RunTime:0.005859s ]
SQL: SELECT SUM(rep_amount) AS tp_sum FROM `tp_loan_repayment` WHERE ( sap_code = '0000000009' and rep_status = 1 ) LIMIT 1   [ RunTime:0.005859s ]
SQL: SELECT SUM(rep_amount) AS tp_sum FROM `tp_loan_repayment` WHERE ( sap_code = '0000000031' and rep_status = 1 ) LIMIT 1   [ RunTime:0.005859s ]
SQL: SELECT SUM(rep_amount) AS tp_sum FROM `tp_loan_repayment` WHERE ( sap_code = '0000000036' and rep_status = 1 ) LIMIT 1   [ RunTime:0.005859s ]
SQL: SELECT SUM(rep_amount) AS tp_sum FROM `tp_loan_repayment` WHERE ( sap_code = '0000000054' and rep_status = 1 ) LIMIT 1   [ RunTime:0.005859s ]

[ 2017-10-11T15:16:00+08:00 ] 180.173.99.84 /loanpiadmin.php/Index/repayment.html
INFO: [ app_init ] --START--
INFO: Run Behavior\BuildLiteBehavior [ RunTime:0.000000s ]
INFO: [ app_init ] --END-- [ RunTime:0.000000s ]

[ 2017-10-11T15:16:01+08:00 ] 180.173.99.84 /loanpiadmin.php/Index/repayment_list?_=1507706068941
INFO: [ app_init ] --START--
INFO: Run Behavior\BuildLiteBehavior [ RunTime:0.000000s ]
INFO: [ app_init ] --END-- [ RunTime:0.000000s ]
INFO: [ app_begin ] --START--
INFO: Run Behavior\ReadHtmlCacheBehavior [ RunTime:0.000977s ]
INFO: [ app_begin ] --END-- [ RunTime:0.000977s ]
NOTIC: [8192] mysql_connect(): The mysql extension is deprecated and will be removed in the future: use mysqli or PDO instead D:\wwwroot\httpdocs20160331\httpdocs\ThinkPHP\Library\Think\Db\Driver\Mysql.class.php 第 52 行.
SQL: SHOW COLUMNS FROM `tp_loan_admin` [ RunTime:0.005859s ]
SQL: SELECT * FROM `tp_loan_admin` WHERE `id` = 1 LIMIT 1   [ RunTime:0.004882s ]
SQL: SHOW COLUMNS FROM `tp_loan_repayment` [ RunTime:0.005859s ]
SQL: SHOW COLUMNS FROM `tp_loan_repayment` [ RunTime:0.005859s ]
SQL: SELECT * FROM `tp_loan_repayment`  [ RunTime:0.005859s ]

[ 2017-10-11T15:16:01+08:00 ] 180.173.99.84 /loanpiadmin.php/Weblog/index.html
INFO: [ app_init ] --START--
INFO: Run Behavior\BuildLiteBehavior [ RunTime:0.000000s ]
INFO: [ app_init ] --END-- [ RunTime:0.000000s ]

[ 2017-10-11T15:16:02+08:00 ] 180.173.99.84 /loanpiadmin.php/Weblog/weblog_list?_=1507706069738
INFO: [ app_init ] --START--
INFO: Run Behavior\BuildLiteBehavior [ RunTime:0.000000s ]
INFO: [ app_init ] --END-- [ RunTime:0.000000s ]
INFO: [ app_begin ] --START--
INFO: Run Behavior\ReadHtmlCacheBehavior [ RunTime:0.000976s ]
INFO: [ app_begin ] --END-- [ RunTime:0.000976s ]
NOTIC: [8192] mysql_connect(): The mysql extension is deprecated and will be removed in the future: use mysqli or PDO instead D:\wwwroot\httpdocs20160331\httpdocs\ThinkPHP\Library\Think\Db\Driver\Mysql.class.php 第 52 行.
SQL: SHOW COLUMNS FROM `tp_loan_admin` [ RunTime:0.005859s ]
SQL: SELECT * FROM `tp_loan_admin` WHERE `id` = 1 LIMIT 1   [ RunTime:0.004882s ]
SQL: SHOW COLUMNS FROM `tp_loan_weblog` [ RunTime:0.005859s ]
SQL: SHOW COLUMNS FROM `tp_loan_weblog` [ RunTime:0.005859s ]
SQL: SELECT * FROM `tp_loan_weblog`  [ RunTime:0.382788s ]

[ 2017-10-11T15:16:05+08:00 ] 180.173.103.179 /loanpiadmin.php/User/index.html
INFO: [ app_init ] --START--
INFO: Run Behavior\BuildLiteBehavior [ RunTime:0.000000s ]
INFO: [ app_init ] --END-- [ RunTime:0.000000s ]

[ 2017-10-11T15:16:05+08:00 ] 180.173.103.179 /loanpiadmin.php/User/user_list?_=1507706073511
INFO: [ app_init ] --START--
INFO: Run Behavior\BuildLiteBehavior [ RunTime:0.000000s ]
INFO: [ app_init ] --END-- [ RunTime:0.000000s ]
INFO: [ app_begin ] --START--
INFO: Run Behavior\ReadHtmlCacheBehavior [ RunTime:0.001953s ]
INFO: [ app_begin ] --END-- [ RunTime:0.001953s ]
NOTIC: [8192] mysql_connect(): The mysql extension is deprecated and will be removed in the future: use mysqli or PDO instead D:\wwwroot\httpdocs20160331\httpdocs\ThinkPHP\Library\Think\Db\Driver\Mysql.class.php 第 52 行.
SQL: SHOW COLUMNS FROM `tp_loan_admin` [ RunTime:0.018553s ]
SQL: SELECT * FROM `tp_loan_admin` WHERE `id` = 1 LIMIT 1   [ RunTime:0.005859s ]
NOTIC: [2048] Declaration of Admin\Model\UserModel::add() should be compatible with Think\Model::add($data = '', $options = Array, $replace = false) D:\wwwroot\httpdocs20160331\httpdocs\Application\Loanpi\Admin\Model\UserModel.class.php 第 90 行.
SQL: SHOW COLUMNS FROM `tp_loan_admin` [ RunTime:0.007812s ]
SQL: SHOW COLUMNS FROM `tp_loan_admin` [ RunTime:0.007812s ]
SQL: SELECT * FROM `tp_loan_admin` WHERE ( user_name <> 'admin' )  [ RunTime:0.005859s ]

[ 2017-10-11T15:16:11+08:00 ] 180.173.103.179 /loanpiadmin.php/Index/register.html
INFO: [ app_init ] --START--
INFO: Run Behavior\BuildLiteBehavior [ RunTime:0.000000s ]
INFO: [ app_init ] --END-- [ RunTime:0.000000s ]

[ 2017-10-11T15:16:12+08:00 ] 180.173.103.179 /loanpiadmin.php/Index/register_list?_=1507706079756
INFO: [ app_init ] --START--
INFO: Run Behavior\BuildLiteBehavior [ RunTime:0.000000s ]
INFO: [ app_init ] --END-- [ RunTime:0.000000s ]
INFO: [ app_begin ] --START--
INFO: Run Behavior\ReadHtmlCacheBehavior [ RunTime:0.000976s ]
INFO: [ app_begin ] --END-- [ RunTime:0.000976s ]
NOTIC: [8192] mysql_connect(): The mysql extension is deprecated and will be removed in the future: use mysqli or PDO instead D:\wwwroot\httpdocs20160331\httpdocs\ThinkPHP\Library\Think\Db\Driver\Mysql.class.php 第 52 行.
SQL: SHOW COLUMNS FROM `tp_loan_admin` [ RunTime:0.019530s ]
SQL: SELECT * FROM `tp_loan_admin` WHERE `id` = 1 LIMIT 1   [ RunTime:0.018553s ]
SQL: SHOW COLUMNS FROM `tp_loan_register` [ RunTime:0.021483s ]
SQL: SHOW COLUMNS FROM `tp_loan_register` [ RunTime:0.011718s ]
SQL: SELECT * FROM `tp_loan_register`  [ RunTime:0.014647s ]
SQL: SHOW COLUMNS FROM `tp_loan_repayment` [ RunTime:0.009765s ]
SQL: SHOW COLUMNS FROM `tp_loan_repayment` [ RunTime:0.007812s ]
SQL: SELECT SUM(rep_amount) AS tp_sum FROM `tp_loan_repayment` WHERE ( sap_code = '0000000133' and rep_status = 1 ) LIMIT 1   [ RunTime:0.008788s ]
SQL: SELECT SUM(rep_amount) AS tp_sum FROM `tp_loan_repayment` WHERE ( sap_code = '0000000140' and rep_status = 1 ) LIMIT 1   [ RunTime:0.005859s ]
SQL: SELECT SUM(rep_amount) AS tp_sum FROM `tp_loan_repayment` WHERE ( sap_code = '0000000142' and rep_status = 1 ) LIMIT 1   [ RunTime:0.005859s ]
SQL: SELECT SUM(rep_amount) AS tp_sum FROM `tp_loan_repayment` WHERE ( sap_code = '0000000143' and rep_status = 1 ) LIMIT 1   [ RunTime:0.012694s ]
SQL: SELECT SUM(rep_amount) AS tp_sum FROM `tp_loan_repayment` WHERE ( sap_code = '0000000144' and rep_status = 1 ) LIMIT 1   [ RunTime:0.005859s ]
SQL: SELECT SUM(rep_amount) AS tp_sum FROM `tp_loan_repayment` WHERE ( sap_code = '0000000145' and rep_status = 1 ) LIMIT 1   [ RunTime:0.006835s ]
SQL: SELECT SUM(rep_amount) AS tp_sum FROM `tp_loan_repayment` WHERE ( sap_code = '0000000146' and rep_status = 1 ) LIMIT 1   [ RunTime:0.005859s ]
SQL: SELECT SUM(rep_amount) AS tp_sum FROM `tp_loan_repayment` WHERE ( sap_code = '0000000147' and rep_status = 1 ) LIMIT 1   [ RunTime:0.005859s ]
SQL: SELECT SUM(rep_amount) AS tp_sum FROM `tp_loan_repayment` WHERE ( sap_code = '0000000151' and rep_status = 1 ) LIMIT 1   [ RunTime:0.005859s ]
SQL: SELECT SUM(rep_amount) AS tp_sum FROM `tp_loan_repayment` WHERE ( sap_code = '0000000152' and rep_status = 1 ) LIMIT 1   [ RunTime:0.006836s ]
SQL: SELECT SUM(rep_amount) AS tp_sum FROM `tp_loan_repayment` WHERE ( sap_code = '0000000153' and rep_status = 1 ) LIMIT 1   [ RunTime:0.005859s ]
SQL: SELECT SUM(rep_amount) AS tp_sum FROM `tp_loan_repayment` WHERE ( sap_code = '0000000154' and rep_status = 1 ) LIMIT 1   [ RunTime:0.005859s ]
SQL: SELECT SUM(rep_amount) AS tp_sum FROM `tp_loan_repayment` WHERE ( sap_code = '0000000155' and rep_status = 1 ) LIMIT 1   [ RunTime:0.007812s ]
SQL: SELECT SUM(rep_amount) AS tp_sum FROM `tp_loan_repayment` WHERE ( sap_code = '0000000156' and rep_status = 1 ) LIMIT 1   [ RunTime:0.005859s ]
SQL: SELECT SUM(rep_amount) AS tp_sum FROM `tp_loan_repayment` WHERE ( sap_code = '0000000157' and rep_status = 1 ) LIMIT 1   [ RunTime:0.006836s ]
SQL: SELECT SUM(rep_amount) AS tp_sum FROM `tp_loan_repayment` WHERE ( sap_code = '0000000158' and rep_status = 1 ) LIMIT 1   [ RunTime:0.005859s ]
SQL: SELECT SUM(rep_amount) AS tp_sum FROM `tp_loan_repayment` WHERE ( sap_code = '0000000159' and rep_status = 1 ) LIMIT 1   [ RunTime:0.006836s ]
SQL: SELECT SUM(rep_amount) AS tp_sum FROM `tp_loan_repayment` WHERE ( sap_code = '0000000160' and rep_status = 1 ) LIMIT 1   [ RunTime:0.005859s ]
SQL: SELECT SUM(rep_amount) AS tp_sum FROM `tp_loan_repayment` WHERE ( sap_code = '0000000161' and rep_status = 1 ) LIMIT 1   [ RunTime:0.005859s ]
SQL: SELECT SUM(rep_amount) AS tp_sum FROM `tp_loan_repayment` WHERE ( sap_code = '0000000162' and rep_status = 1 ) LIMIT 1   [ RunTime:0.010742s ]
SQL: SELECT SUM(rep_amount) AS tp_sum FROM `tp_loan_repayment` WHERE ( sap_code = '0000000163' and rep_status = 1 ) LIMIT 1   [ RunTime:0.005859s ]
SQL: SELECT SUM(rep_amount) AS tp_sum FROM `tp_loan_repayment` WHERE ( sap_code = '0000000164' and rep_status = 1 ) LIMIT 1   [ RunTime:0.005859s ]
SQL: SELECT SUM(rep_amount) AS tp_sum FROM `tp_loan_repayment` WHERE ( sap_code = '0000000165' and rep_status = 1 ) LIMIT 1   [ RunTime:0.005859s ]
SQL: SELECT SUM(rep_amount) AS tp_sum FROM `tp_loan_repayment` WHERE ( sap_code = '0000000166' and rep_status = 1 ) LIMIT 1   [ RunTime:0.006836s ]
SQL: SELECT SUM(rep_amount) AS tp_sum FROM `tp_loan_repayment` WHERE ( sap_code = '0000000167' and rep_status = 1 ) LIMIT 1   [ RunTime:0.005859s ]
SQL: SELECT SUM(rep_amount) AS tp_sum FROM `tp_loan_repayment` WHERE ( sap_code = '0000000168' and rep_status = 1 ) LIMIT 1   [ RunTime:0.005859s ]
SQL: SELECT SUM(rep_amount) AS tp_sum FROM `tp_loan_repayment` WHERE ( sap_code = '0000000169' and rep_status = 1 ) LIMIT 1   [ RunTime:0.005859s ]
SQL: SELECT SUM(rep_amount) AS tp_sum FROM `tp_loan_repayment` WHERE ( sap_code = '0000000170' and rep_status = 1 ) LIMIT 1   [ RunTime:0.005859s ]
SQL: SELECT SUM(rep_amount) AS tp_sum FROM `tp_loan_repayment` WHERE ( sap_code = '0000000171' and rep_status = 1 ) LIMIT 1   [ RunTime:0.005859s ]
SQL: SELECT SUM(rep_amount) AS tp_sum FROM `tp_loan_repayment` WHERE ( sap_code = '0000000172' and rep_status = 1 ) LIMIT 1   [ RunTime:0.006835s ]
SQL: SELECT SUM(rep_amount) AS tp_sum FROM `tp_loan_repayment` WHERE ( sap_code = '0000000173' and rep_status = 1 ) LIMIT 1   [ RunTime:0.006836s ]
SQL: SELECT SUM(rep_amount) AS tp_sum FROM `tp_loan_repayment` WHERE ( sap_code = '0000000174' and rep_status = 1 ) LIMIT 1   [ RunTime:0.005859s ]
SQL: SELECT SUM(rep_amount) AS tp_sum FROM `tp_loan_repayment` WHERE ( sap_code = '0000000175' and rep_status = 1 ) LIMIT 1   [ RunTime:0.005859s ]
SQL: SELECT SUM(rep_amount) AS tp_sum FROM `tp_loan_repayment` WHERE ( sap_code = '0000000176' and rep_status = 1 ) LIMIT 1   [ RunTime:0.007812s ]
SQL: SELECT SUM(rep_amount) AS tp_sum FROM `tp_loan_repayment` WHERE ( sap_code = '0000000177' and rep_status = 1 ) LIMIT 1   [ RunTime:0.005859s ]
SQL: SELECT SUM(rep_amount) AS tp_sum FROM `tp_loan_repayment` WHERE ( sap_code = '0000000178' and rep_status = 1 ) LIMIT 1   [ RunTime:0.005859s ]
SQL: SELECT SUM(rep_amount) AS tp_sum FROM `tp_loan_repayment` WHERE ( sap_code = '0000000179' and rep_status = 1 ) LIMIT 1   [ RunTime:0.006835s ]
SQL: SELECT SUM(rep_amount) AS tp_sum FROM `tp_loan_repayment` WHERE ( sap_code = '0000000180' and rep_status = 1 ) LIMIT 1   [ RunTime:0.005859s ]
SQL: SELECT SUM(rep_amount) AS tp_sum FROM `tp_loan_repayment` WHERE ( sap_code = '0000000181' and rep_status = 1 ) LIMIT 1   [ RunTime:0.005859s ]
SQL: SELECT SUM(rep_amount) AS tp_sum FROM `tp_loan_repayment` WHERE ( sap_code = '0000000182' and rep_status = 1 ) LIMIT 1   [ RunTime:0.005859s ]
SQL: SELECT SUM(rep_amount) AS tp_sum FROM `tp_loan_repayment` WHERE ( sap_code = '0000000183' and rep_status = 1 ) LIMIT 1   [ RunTime:0.005859s ]
SQL: SELECT SUM(rep_amount) AS tp_sum FROM `tp_loan_repayment` WHERE ( sap_code = '0000000184' and rep_status = 1 ) LIMIT 1   [ RunTime:0.007812s ]
SQL: SELECT SUM(rep_amount) AS tp_sum FROM `tp_loan_repayment` WHERE ( sap_code = '0000000185' and rep_status = 1 ) LIMIT 1   [ RunTime:0.006836s ]
SQL: SELECT SUM(rep_amount) AS tp_sum FROM `tp_loan_repayment` WHERE ( sap_code = '0000000186' and rep_status = 1 ) LIMIT 1   [ RunTime:0.005859s ]
SQL: SELECT SUM(rep_amount) AS tp_sum FROM `tp_loan_repayment` WHERE ( sap_code = '0000000187' and rep_status = 1 ) LIMIT 1   [ RunTime:0.005859s ]
SQL: SELECT SUM(rep_amount) AS tp_sum FROM `tp_loan_repayment` WHERE ( sap_code = '0000000188' and rep_status = 1 ) LIMIT 1   [ RunTime:0.005859s ]
SQL: SELECT SUM(rep_amount) AS tp_sum FROM `tp_loan_repayment` WHERE ( sap_code = '0000000189' and rep_status = 1 ) LIMIT 1   [ RunTime:0.005859s ]
SQL: SELECT SUM(rep_amount) AS tp_sum FROM `tp_loan_repayment` WHERE ( sap_code = '0000000190' and rep_status = 1 ) LIMIT 1   [ RunTime:0.005859s ]
SQL: SELECT SUM(rep_amount) AS tp_sum FROM `tp_loan_repayment` WHERE ( sap_code = '0000000191' and rep_status = 1 ) LIMIT 1   [ RunTime:0.006836s ]
SQL: SELECT SUM(rep_amount) AS tp_sum FROM `tp_loan_repayment` WHERE ( sap_code = '0000000192' and rep_status = 1 ) LIMIT 1   [ RunTime:0.006835s ]
SQL: SELECT SUM(rep_amount) AS tp_sum FROM `tp_loan_repayment` WHERE ( sap_code = '0000000193' and rep_status = 1 ) LIMIT 1   [ RunTime:0.005859s ]
SQL: SELECT SUM(rep_amount) AS tp_sum FROM `tp_loan_repayment` WHERE ( sap_code = '0000000194' and rep_status = 1 ) LIMIT 1   [ RunTime:0.009765s ]
SQL: SELECT SUM(rep_amount) AS tp_sum FROM `tp_loan_repayment` WHERE ( sap_code = '0000000009' and rep_status = 1 ) LIMIT 1   [ RunTime:0.005859s ]
SQL: SELECT SUM(rep_amount) AS tp_sum FROM `tp_loan_repayment` WHERE ( sap_code = '0000000031' and rep_status = 1 ) LIMIT 1   [ RunTime:0.005859s ]
SQL: SELECT SUM(rep_amount) AS tp_sum FROM `tp_loan_repayment` WHERE ( sap_code = '0000000036' and rep_status = 1 ) LIMIT 1   [ RunTime:0.005859s ]
SQL: SELECT SUM(rep_amount) AS tp_sum FROM `tp_loan_repayment` WHERE ( sap_code = '0000000054' and rep_status = 1 ) LIMIT 1   [ RunTime:0.005859s ]

