[ 2018-09-05T15:39:40+08:00 ] 118.178.15.101 /loanpiadmin.php/Index/register.html
INFO: [ app_init ] --START--
INFO: Run Behavior\BuildLiteBehavior [ RunTime:0.000000s ]
INFO: [ app_init ] --END-- [ RunTime:0.000000s ]

[ 2018-09-05T15:39:41+08:00 ] 118.178.15.112 /loanpiadmin.php/Login/index.html
INFO: [ app_init ] --START--
INFO: Run Behavior\BuildLiteBehavior [ RunTime:0.000000s ]
INFO: [ app_init ] --END-- [ RunTime:0.000000s ]

[ 2018-09-05T15:40:34+08:00 ] 118.178.15.106 /loanpiadmin.php/Login/checklogin.html
INFO: [ app_init ] --START--
INFO: Run Behavior\BuildLiteBehavior [ RunTime:0.000000s ]
INFO: [ app_init ] --END-- [ RunTime:0.000000s ]
INFO: [ app_begin ] --START--
INFO: Run Behavior\ReadHtmlCacheBehavior [ RunTime:0.000000s ]
INFO: [ app_begin ] --END-- [ RunTime:0.000000s ]
NOTIC: [8] Undefined index: uname D:\wwwroot\httpdocs20160331\httpdocs\Application\Loanpi\Admin\Controller\LoginController.class.php 第 24 行.
NOTIC: [8] Undefined index: password D:\wwwroot\httpdocs20160331\httpdocs\Application\Loanpi\Admin\Controller\LoginController.class.php 第 25 行.
NOTIC: [8] Undefined index: HTTP_CDN_SRC_IP D:\wwwroot\httpdocs20160331\httpdocs\Application\Loanpi\Admin\Controller\LoginController.class.php 第 27 行.
NOTIC: [8192] mysql_connect(): The mysql extension is deprecated and will be removed in the future: use mysqli or PDO instead D:\wwwroot\httpdocs20160331\httpdocs\ThinkPHP\Library\Think\Db\Driver\Mysql.class.php 第 52 行.
SQL: SHOW COLUMNS FROM `tp_loan_admin` [ RunTime:0.046875s ]
SQL: SELECT * FROM `tp_loan_admin` WHERE `user_name` = null LIMIT 1   [ RunTime:0.000000s ]
SQL: SHOW COLUMNS FROM `tp_loan_dmin_loginlogs` [ RunTime:0.015625s ]
ERR: 1146:Table 'sm_web.tp_loan_dmin_loginlogs' doesn't exist
 [ SQL语句 ] : SHOW COLUMNS FROM `tp_loan_dmin_loginlogs`
SQL: INSERT INTO `tp_loan_dmin_loginlogs` (`user_id`,`time`,`ip`,`contents`) VALUES (null,1536133233,null,'账号不存在！') [ RunTime:0.000000s ]
ERR: 1146:Table 'sm_web.tp_loan_dmin_loginlogs' doesn't exist
 [ SQL语句 ] : INSERT INTO `tp_loan_dmin_loginlogs` (`user_id`,`time`,`ip`,`contents`) VALUES (null,1536133233,null,'账号不存在！')

[ 2018-09-05T15:41:16+08:00 ] 121.43.18.19 /loanpiadmin.php/Login/checklogin.html
INFO: [ app_init ] --START--
INFO: Run Behavior\BuildLiteBehavior [ RunTime:0.000000s ]
INFO: [ app_init ] --END-- [ RunTime:0.000000s ]
INFO: [ app_begin ] --START--
INFO: Run Behavior\ReadHtmlCacheBehavior [ RunTime:0.000000s ]
INFO: [ app_begin ] --END-- [ RunTime:0.000000s ]
NOTIC: [8] Undefined index: HTTP_CDN_SRC_IP D:\wwwroot\httpdocs20160331\httpdocs\Application\Loanpi\Admin\Controller\LoginController.class.php 第 27 行.
NOTIC: [8192] mysql_connect(): The mysql extension is deprecated and will be removed in the future: use mysqli or PDO instead D:\wwwroot\httpdocs20160331\httpdocs\ThinkPHP\Library\Think\Db\Driver\Mysql.class.php 第 52 行.
SQL: SHOW COLUMNS FROM `tp_loan_admin` [ RunTime:0.000000s ]
SQL: SELECT * FROM `tp_loan_admin` WHERE `user_name` = 'liqing' LIMIT 1   [ RunTime:0.015625s ]
SQL: SHOW COLUMNS FROM `tp_loan_dmin_loginlogs` [ RunTime:0.000000s ]
ERR: 1146:Table 'sm_web.tp_loan_dmin_loginlogs' doesn't exist
 [ SQL语句 ] : SHOW COLUMNS FROM `tp_loan_dmin_loginlogs`
SQL: INSERT INTO `tp_loan_dmin_loginlogs` (`user_id`,`time`,`ip`,`contents`) VALUES (null,1536133276,null,'账号liqing不存在！') [ RunTime:0.015625s ]
ERR: 1146:Table 'sm_web.tp_loan_dmin_loginlogs' doesn't exist
 [ SQL语句 ] : INSERT INTO `tp_loan_dmin_loginlogs` (`user_id`,`time`,`ip`,`contents`) VALUES (null,1536133276,null,'账号liqing不存在！')

[ 2018-09-05T15:41:25+08:00 ] 118.178.15.112 /loanpiadmin.php/Login/checklogin.html
INFO: [ app_init ] --START--
INFO: Run Behavior\BuildLiteBehavior [ RunTime:0.000000s ]
INFO: [ app_init ] --END-- [ RunTime:0.000000s ]
INFO: [ app_begin ] --START--
INFO: Run Behavior\ReadHtmlCacheBehavior [ RunTime:0.000000s ]
INFO: [ app_begin ] --END-- [ RunTime:0.015625s ]
NOTIC: [8] Undefined index: HTTP_CDN_SRC_IP D:\wwwroot\httpdocs20160331\httpdocs\Application\Loanpi\Admin\Controller\LoginController.class.php 第 27 行.
NOTIC: [8192] mysql_connect(): The mysql extension is deprecated and will be removed in the future: use mysqli or PDO instead D:\wwwroot\httpdocs20160331\httpdocs\ThinkPHP\Library\Think\Db\Driver\Mysql.class.php 第 52 行.
SQL: SHOW COLUMNS FROM `tp_loan_admin` [ RunTime:0.000000s ]
SQL: SELECT * FROM `tp_loan_admin` WHERE `user_name` = 'admin' LIMIT 1   [ RunTime:0.015625s ]
SQL: SHOW COLUMNS FROM `tp_loan_dmin_loginlogs` [ RunTime:0.000000s ]
ERR: 1146:Table 'sm_web.tp_loan_dmin_loginlogs' doesn't exist
 [ SQL语句 ] : SHOW COLUMNS FROM `tp_loan_dmin_loginlogs`
SQL: INSERT INTO `tp_loan_dmin_loginlogs` (`user_id`,`time`,`ip`,`contents`) VALUES ('admin',1536133285,null,'账号admin登录成功！') [ RunTime:0.015625s ]
ERR: 1146:Table 'sm_web.tp_loan_dmin_loginlogs' doesn't exist
 [ SQL语句 ] : INSERT INTO `tp_loan_dmin_loginlogs` (`user_id`,`time`,`ip`,`contents`) VALUES ('admin',1536133285,null,'账号admin登录成功！')
SQL: SHOW COLUMNS FROM `tp_admin` [ RunTime:0.000000s ]
SQL: UPDATE `tp_admin` SET `last_time`=1536133285 WHERE `user_id` = 'admin' [ RunTime:0.015625s ]

[ 2018-09-05T15:41:25+08:00 ] 118.178.15.112 /loanpiadmin.php/Index/index.html
INFO: [ app_init ] --START--
INFO: Run Behavior\BuildLiteBehavior [ RunTime:0.000000s ]
INFO: [ app_init ] --END-- [ RunTime:0.000000s ]

[ 2018-09-05T15:41:25+08:00 ] 118.178.15.112 /loanpiadmin.php/Index/register.html
INFO: [ app_init ] --START--
INFO: Run Behavior\BuildLiteBehavior [ RunTime:0.000000s ]
INFO: [ app_init ] --END-- [ RunTime:0.000000s ]

[ 2018-09-05T15:41:26+08:00 ] 118.178.15.112 /loanpiadmin.php/Index/register_list?_=1536133283872
INFO: [ app_init ] --START--
INFO: Run Behavior\BuildLiteBehavior [ RunTime:0.000000s ]
INFO: [ app_init ] --END-- [ RunTime:0.000000s ]
INFO: [ app_begin ] --START--
INFO: Run Behavior\ReadHtmlCacheBehavior [ RunTime:0.000000s ]
INFO: [ app_begin ] --END-- [ RunTime:0.000000s ]
NOTIC: [8192] mysql_connect(): The mysql extension is deprecated and will be removed in the future: use mysqli or PDO instead D:\wwwroot\httpdocs20160331\httpdocs\ThinkPHP\Library\Think\Db\Driver\Mysql.class.php 第 52 行.
SQL: SHOW COLUMNS FROM `tp_loan_admin` [ RunTime:0.000000s ]
SQL: SELECT * FROM `tp_loan_admin` WHERE `id` = 1 LIMIT 1   [ RunTime:0.000000s ]
SQL: SHOW COLUMNS FROM `tp_loan_register` [ RunTime:0.031250s ]
SQL: SHOW COLUMNS FROM `tp_loan_register` [ RunTime:0.015625s ]
SQL: SELECT * FROM `tp_loan_register`  [ RunTime:0.015625s ]
SQL: SHOW COLUMNS FROM `tp_loan_repayment` [ RunTime:0.015625s ]
SQL: SHOW COLUMNS FROM `tp_loan_repayment` [ RunTime:0.000000s ]
SQL: SELECT SUM(rep_amount) AS tp_sum FROM `tp_loan_repayment` WHERE ( sap_code = '0000000133' and rep_status = 1 ) LIMIT 1   [ RunTime:0.000000s ]
SQL: SELECT SUM(rep_amount) AS tp_sum FROM `tp_loan_repayment` WHERE ( sap_code = '0000000140' and rep_status = 1 ) LIMIT 1   [ RunTime:0.015625s ]
SQL: SELECT SUM(rep_amount) AS tp_sum FROM `tp_loan_repayment` WHERE ( sap_code = '0000000142' and rep_status = 1 ) LIMIT 1   [ RunTime:0.000000s ]
SQL: SELECT SUM(rep_amount) AS tp_sum FROM `tp_loan_repayment` WHERE ( sap_code = '0000000143' and rep_status = 1 ) LIMIT 1   [ RunTime:0.015625s ]
SQL: SELECT SUM(rep_amount) AS tp_sum FROM `tp_loan_repayment` WHERE ( sap_code = '0000000144' and rep_status = 1 ) LIMIT 1   [ RunTime:0.000000s ]
SQL: SELECT SUM(rep_amount) AS tp_sum FROM `tp_loan_repayment` WHERE ( sap_code = '0000000145' and rep_status = 1 ) LIMIT 1   [ RunTime:0.000000s ]
SQL: SELECT SUM(rep_amount) AS tp_sum FROM `tp_loan_repayment` WHERE ( sap_code = '0000000146' and rep_status = 1 ) LIMIT 1   [ RunTime:0.015625s ]
SQL: SELECT SUM(rep_amount) AS tp_sum FROM `tp_loan_repayment` WHERE ( sap_code = '0000000147' and rep_status = 1 ) LIMIT 1   [ RunTime:0.000000s ]
SQL: SELECT SUM(rep_amount) AS tp_sum FROM `tp_loan_repayment` WHERE ( sap_code = '0000000151' and rep_status = 1 ) LIMIT 1   [ RunTime:0.015625s ]
SQL: SELECT SUM(rep_amount) AS tp_sum FROM `tp_loan_repayment` WHERE ( sap_code = '0000000152' and rep_status = 1 ) LIMIT 1   [ RunTime:0.000000s ]
SQL: SELECT SUM(rep_amount) AS tp_sum FROM `tp_loan_repayment` WHERE ( sap_code = '0000000153' and rep_status = 1 ) LIMIT 1   [ RunTime:0.000000s ]
SQL: SELECT SUM(rep_amount) AS tp_sum FROM `tp_loan_repayment` WHERE ( sap_code = '0000000154' and rep_status = 1 ) LIMIT 1   [ RunTime:0.015625s ]
SQL: SELECT SUM(rep_amount) AS tp_sum FROM `tp_loan_repayment` WHERE ( sap_code = '0000000155' and rep_status = 1 ) LIMIT 1   [ RunTime:0.000000s ]
SQL: SELECT SUM(rep_amount) AS tp_sum FROM `tp_loan_repayment` WHERE ( sap_code = '0000000156' and rep_status = 1 ) LIMIT 1   [ RunTime:0.015625s ]
SQL: SELECT SUM(rep_amount) AS tp_sum FROM `tp_loan_repayment` WHERE ( sap_code = '0000000157' and rep_status = 1 ) LIMIT 1   [ RunTime:0.000000s ]
SQL: SELECT SUM(rep_amount) AS tp_sum FROM `tp_loan_repayment` WHERE ( sap_code = '0000000158' and rep_status = 1 ) LIMIT 1   [ RunTime:0.000000s ]
SQL: SELECT SUM(rep_amount) AS tp_sum FROM `tp_loan_repayment` WHERE ( sap_code = '0000000159' and rep_status = 1 ) LIMIT 1   [ RunTime:0.000000s ]
SQL: SELECT SUM(rep_amount) AS tp_sum FROM `tp_loan_repayment` WHERE ( sap_code = '0000000160' and rep_status = 1 ) LIMIT 1   [ RunTime:0.000000s ]
SQL: SELECT SUM(rep_amount) AS tp_sum FROM `tp_loan_repayment` WHERE ( sap_code = '0000000161' and rep_status = 1 ) LIMIT 1   [ RunTime:0.015625s ]
SQL: SELECT SUM(rep_amount) AS tp_sum FROM `tp_loan_repayment` WHERE ( sap_code = '0000000162' and rep_status = 1 ) LIMIT 1   [ RunTime:0.000000s ]
SQL: SELECT SUM(rep_amount) AS tp_sum FROM `tp_loan_repayment` WHERE ( sap_code = '0000000163' and rep_status = 1 ) LIMIT 1   [ RunTime:0.000000s ]
SQL: SELECT SUM(rep_amount) AS tp_sum FROM `tp_loan_repayment` WHERE ( sap_code = '0000000164' and rep_status = 1 ) LIMIT 1   [ RunTime:0.000000s ]
SQL: SELECT SUM(rep_amount) AS tp_sum FROM `tp_loan_repayment` WHERE ( sap_code = '0000000165' and rep_status = 1 ) LIMIT 1   [ RunTime:0.000000s ]
SQL: SELECT SUM(rep_amount) AS tp_sum FROM `tp_loan_repayment` WHERE ( sap_code = '0000000166' and rep_status = 1 ) LIMIT 1   [ RunTime:0.015625s ]
SQL: SELECT SUM(rep_amount) AS tp_sum FROM `tp_loan_repayment` WHERE ( sap_code = '0000000167' and rep_status = 1 ) LIMIT 1   [ RunTime:0.000000s ]
SQL: SELECT SUM(rep_amount) AS tp_sum FROM `tp_loan_repayment` WHERE ( sap_code = '0000000168' and rep_status = 1 ) LIMIT 1   [ RunTime:0.015625s ]
SQL: SELECT SUM(rep_amount) AS tp_sum FROM `tp_loan_repayment` WHERE ( sap_code = '0000000169' and rep_status = 1 ) LIMIT 1   [ RunTime:0.000000s ]
SQL: SELECT SUM(rep_amount) AS tp_sum FROM `tp_loan_repayment` WHERE ( sap_code = '0000000170' and rep_status = 1 ) LIMIT 1   [ RunTime:0.000000s ]
SQL: SELECT SUM(rep_amount) AS tp_sum FROM `tp_loan_repayment` WHERE ( sap_code = '0000000171' and rep_status = 1 ) LIMIT 1   [ RunTime:0.015625s ]
SQL: SELECT SUM(rep_amount) AS tp_sum FROM `tp_loan_repayment` WHERE ( sap_code = '0000000172' and rep_status = 1 ) LIMIT 1   [ RunTime:0.000000s ]
SQL: SELECT SUM(rep_amount) AS tp_sum FROM `tp_loan_repayment` WHERE ( sap_code = '0000000173' and rep_status = 1 ) LIMIT 1   [ RunTime:0.015625s ]
SQL: SELECT SUM(rep_amount) AS tp_sum FROM `tp_loan_repayment` WHERE ( sap_code = '0000000174' and rep_status = 1 ) LIMIT 1   [ RunTime:0.000000s ]
SQL: SELECT SUM(rep_amount) AS tp_sum FROM `tp_loan_repayment` WHERE ( sap_code = '0000000175' and rep_status = 1 ) LIMIT 1   [ RunTime:0.000000s ]
SQL: SELECT SUM(rep_amount) AS tp_sum FROM `tp_loan_repayment` WHERE ( sap_code = '0000000176' and rep_status = 1 ) LIMIT 1   [ RunTime:0.015625s ]
SQL: SELECT SUM(rep_amount) AS tp_sum FROM `tp_loan_repayment` WHERE ( sap_code = '0000000177' and rep_status = 1 ) LIMIT 1   [ RunTime:0.000000s ]
SQL: SELECT SUM(rep_amount) AS tp_sum FROM `tp_loan_repayment` WHERE ( sap_code = '0000000178' and rep_status = 1 ) LIMIT 1   [ RunTime:0.015625s ]
SQL: SELECT SUM(rep_amount) AS tp_sum FROM `tp_loan_repayment` WHERE ( sap_code = '0000000179' and rep_status = 1 ) LIMIT 1   [ RunTime:0.000000s ]
SQL: SELECT SUM(rep_amount) AS tp_sum FROM `tp_loan_repayment` WHERE ( sap_code = '0000000180' and rep_status = 1 ) LIMIT 1   [ RunTime:0.000000s ]
SQL: SELECT SUM(rep_amount) AS tp_sum FROM `tp_loan_repayment` WHERE ( sap_code = '0000000181' and rep_status = 1 ) LIMIT 1   [ RunTime:0.015625s ]
SQL: SELECT SUM(rep_amount) AS tp_sum FROM `tp_loan_repayment` WHERE ( sap_code = '0000000182' and rep_status = 1 ) LIMIT 1   [ RunTime:0.000000s ]
SQL: SELECT SUM(rep_amount) AS tp_sum FROM `tp_loan_repayment` WHERE ( sap_code = '0000000183' and rep_status = 1 ) LIMIT 1   [ RunTime:0.015625s ]
SQL: SELECT SUM(rep_amount) AS tp_sum FROM `tp_loan_repayment` WHERE ( sap_code = '0000000184' and rep_status = 1 ) LIMIT 1   [ RunTime:0.000000s ]
SQL: SELECT SUM(rep_amount) AS tp_sum FROM `tp_loan_repayment` WHERE ( sap_code = '0000000185' and rep_status = 1 ) LIMIT 1   [ RunTime:0.000000s ]
SQL: SELECT SUM(rep_amount) AS tp_sum FROM `tp_loan_repayment` WHERE ( sap_code = '0000000186' and rep_status = 1 ) LIMIT 1   [ RunTime:0.015625s ]
SQL: SELECT SUM(rep_amount) AS tp_sum FROM `tp_loan_repayment` WHERE ( sap_code = '0000000187' and rep_status = 1 ) LIMIT 1   [ RunTime:0.000000s ]
SQL: SELECT SUM(rep_amount) AS tp_sum FROM `tp_loan_repayment` WHERE ( sap_code = '0000000188' and rep_status = 1 ) LIMIT 1   [ RunTime:0.015625s ]
SQL: SELECT SUM(rep_amount) AS tp_sum FROM `tp_loan_repayment` WHERE ( sap_code = '0000000189' and rep_status = 1 ) LIMIT 1   [ RunTime:0.000000s ]
SQL: SELECT SUM(rep_amount) AS tp_sum FROM `tp_loan_repayment` WHERE ( sap_code = '0000000190' and rep_status = 1 ) LIMIT 1   [ RunTime:0.000000s ]
SQL: SELECT SUM(rep_amount) AS tp_sum FROM `tp_loan_repayment` WHERE ( sap_code = '0000000191' and rep_status = 1 ) LIMIT 1   [ RunTime:0.000000s ]
SQL: SELECT SUM(rep_amount) AS tp_sum FROM `tp_loan_repayment` WHERE ( sap_code = '0000000192' and rep_status = 1 ) LIMIT 1   [ RunTime:0.000000s ]
SQL: SELECT SUM(rep_amount) AS tp_sum FROM `tp_loan_repayment` WHERE ( sap_code = '0000000193' and rep_status = 1 ) LIMIT 1   [ RunTime:0.015625s ]
SQL: SELECT SUM(rep_amount) AS tp_sum FROM `tp_loan_repayment` WHERE ( sap_code = '0000000194' and rep_status = 1 ) LIMIT 1   [ RunTime:0.000000s ]
SQL: SELECT SUM(rep_amount) AS tp_sum FROM `tp_loan_repayment` WHERE ( sap_code = '0000000009' and rep_status = 1 ) LIMIT 1   [ RunTime:0.015625s ]
SQL: SELECT SUM(rep_amount) AS tp_sum FROM `tp_loan_repayment` WHERE ( sap_code = '0000000031' and rep_status = 1 ) LIMIT 1   [ RunTime:0.000000s ]
SQL: SELECT SUM(rep_amount) AS tp_sum FROM `tp_loan_repayment` WHERE ( sap_code = '0000000036' and rep_status = 1 ) LIMIT 1   [ RunTime:0.000000s ]
SQL: SELECT SUM(rep_amount) AS tp_sum FROM `tp_loan_repayment` WHERE ( sap_code = '0000000054' and rep_status = 1 ) LIMIT 1   [ RunTime:0.015625s ]

[ 2018-09-05T15:46:47+08:00 ] 118.178.15.105 /loanpiadmin.php/Index/repayment.html
INFO: [ app_init ] --START--
INFO: Run Behavior\BuildLiteBehavior [ RunTime:0.000000s ]
INFO: [ app_init ] --END-- [ RunTime:0.000000s ]

[ 2018-09-05T15:46:50+08:00 ] 118.178.15.105 /loanpiadmin.php/Index/repayment_list?_=1536133605554
INFO: [ app_init ] --START--
INFO: Run Behavior\BuildLiteBehavior [ RunTime:0.000000s ]
INFO: [ app_init ] --END-- [ RunTime:0.000000s ]
INFO: [ app_begin ] --START--
INFO: Run Behavior\ReadHtmlCacheBehavior [ RunTime:0.000000s ]
INFO: [ app_begin ] --END-- [ RunTime:0.000000s ]
NOTIC: [8192] mysql_connect(): The mysql extension is deprecated and will be removed in the future: use mysqli or PDO instead D:\wwwroot\httpdocs20160331\httpdocs\ThinkPHP\Library\Think\Db\Driver\Mysql.class.php 第 52 行.
SQL: SHOW COLUMNS FROM `tp_loan_admin` [ RunTime:0.000000s ]
SQL: SELECT * FROM `tp_loan_admin` WHERE `id` = 1 LIMIT 1   [ RunTime:0.015625s ]
SQL: SHOW COLUMNS FROM `tp_loan_repayment` [ RunTime:0.000000s ]
SQL: SHOW COLUMNS FROM `tp_loan_repayment` [ RunTime:0.015625s ]
SQL: SELECT * FROM `tp_loan_repayment`  [ RunTime:0.000000s ]

